ARM GAS  /tmp/ccZFllCn.s 			page 1


   1              		.cpu cortex-m7
   2              		.arch armv7e-m
   3              		.fpu fpv5-d16
   4              		.eabi_attribute 28, 1
   5              		.eabi_attribute 20, 1
   6              		.eabi_attribute 21, 1
   7              		.eabi_attribute 23, 3
   8              		.eabi_attribute 24, 1
   9              		.eabi_attribute 25, 1
  10              		.eabi_attribute 26, 1
  11              		.eabi_attribute 30, 1
  12              		.eabi_attribute 34, 1
  13              		.eabi_attribute 18, 4
  14              		.file	"list.c"
  15              		.text
  16              	.Ltext0:
  17              		.cfi_sections	.debug_frame
  18              		.file 1 "../Core/FreeRTOS-Kernel/list.c"
  19              		.section	.text.vListInitialise,"ax",%progbits
  20              		.align	1
  21              		.global	vListInitialise
  22              		.syntax unified
  23              		.thumb
  24              		.thumb_func
  26              	vListInitialise:
  27              	.LVL0:
  28              	.LFB4:
   1:../Core/FreeRTOS-Kernel/list.c **** /*
   2:../Core/FreeRTOS-Kernel/list.c ****  * FreeRTOS Kernel V11.1.0
   3:../Core/FreeRTOS-Kernel/list.c ****  * Copyright (C) 2021 Amazon.com, Inc. or its affiliates. All Rights Reserved.
   4:../Core/FreeRTOS-Kernel/list.c ****  *
   5:../Core/FreeRTOS-Kernel/list.c ****  * SPDX-License-Identifier: MIT
   6:../Core/FreeRTOS-Kernel/list.c ****  *
   7:../Core/FreeRTOS-Kernel/list.c ****  * Permission is hereby granted, free of charge, to any person obtaining a copy of
   8:../Core/FreeRTOS-Kernel/list.c ****  * this software and associated documentation files (the "Software"), to deal in
   9:../Core/FreeRTOS-Kernel/list.c ****  * the Software without restriction, including without limitation the rights to
  10:../Core/FreeRTOS-Kernel/list.c ****  * use, copy, modify, merge, publish, distribute, sublicense, and/or sell copies of
  11:../Core/FreeRTOS-Kernel/list.c ****  * the Software, and to permit persons to whom the Software is furnished to do so,
  12:../Core/FreeRTOS-Kernel/list.c ****  * subject to the following conditions:
  13:../Core/FreeRTOS-Kernel/list.c ****  *
  14:../Core/FreeRTOS-Kernel/list.c ****  * The above copyright notice and this permission notice shall be included in all
  15:../Core/FreeRTOS-Kernel/list.c ****  * copies or substantial portions of the Software.
  16:../Core/FreeRTOS-Kernel/list.c ****  *
  17:../Core/FreeRTOS-Kernel/list.c ****  * THE SOFTWARE IS PROVIDED "AS IS", WITHOUT WARRANTY OF ANY KIND, EXPRESS OR
  18:../Core/FreeRTOS-Kernel/list.c ****  * IMPLIED, INCLUDING BUT NOT LIMITED TO THE WARRANTIES OF MERCHANTABILITY, FITNESS
  19:../Core/FreeRTOS-Kernel/list.c ****  * FOR A PARTICULAR PURPOSE AND NONINFRINGEMENT. IN NO EVENT SHALL THE AUTHORS OR
  20:../Core/FreeRTOS-Kernel/list.c ****  * COPYRIGHT HOLDERS BE LIABLE FOR ANY CLAIM, DAMAGES OR OTHER LIABILITY, WHETHER
  21:../Core/FreeRTOS-Kernel/list.c ****  * IN AN ACTION OF CONTRACT, TORT OR OTHERWISE, ARISING FROM, OUT OF OR IN
  22:../Core/FreeRTOS-Kernel/list.c ****  * CONNECTION WITH THE SOFTWARE OR THE USE OR OTHER DEALINGS IN THE SOFTWARE.
  23:../Core/FreeRTOS-Kernel/list.c ****  *
  24:../Core/FreeRTOS-Kernel/list.c ****  * https://www.FreeRTOS.org
  25:../Core/FreeRTOS-Kernel/list.c ****  * https://github.com/FreeRTOS
  26:../Core/FreeRTOS-Kernel/list.c ****  *
  27:../Core/FreeRTOS-Kernel/list.c ****  */
  28:../Core/FreeRTOS-Kernel/list.c **** 
  29:../Core/FreeRTOS-Kernel/list.c **** 
  30:../Core/FreeRTOS-Kernel/list.c **** #include <stdlib.h>
ARM GAS  /tmp/ccZFllCn.s 			page 2


  31:../Core/FreeRTOS-Kernel/list.c **** 
  32:../Core/FreeRTOS-Kernel/list.c **** /* Defining MPU_WRAPPERS_INCLUDED_FROM_API_FILE prevents task.h from redefining
  33:../Core/FreeRTOS-Kernel/list.c ****  * all the API functions to use the MPU wrappers.  That should only be done when
  34:../Core/FreeRTOS-Kernel/list.c ****  * task.h is included from an application file. */
  35:../Core/FreeRTOS-Kernel/list.c **** #define MPU_WRAPPERS_INCLUDED_FROM_API_FILE
  36:../Core/FreeRTOS-Kernel/list.c **** 
  37:../Core/FreeRTOS-Kernel/list.c **** #include "FreeRTOS.h"
  38:../Core/FreeRTOS-Kernel/list.c **** #include "list.h"
  39:../Core/FreeRTOS-Kernel/list.c **** 
  40:../Core/FreeRTOS-Kernel/list.c **** /* The MPU ports require MPU_WRAPPERS_INCLUDED_FROM_API_FILE to be
  41:../Core/FreeRTOS-Kernel/list.c ****  * defined for the header files above, but not in this file, in order to
  42:../Core/FreeRTOS-Kernel/list.c ****  * generate the correct privileged Vs unprivileged linkage and placement. */
  43:../Core/FreeRTOS-Kernel/list.c **** #undef MPU_WRAPPERS_INCLUDED_FROM_API_FILE
  44:../Core/FreeRTOS-Kernel/list.c **** 
  45:../Core/FreeRTOS-Kernel/list.c **** /*-----------------------------------------------------------
  46:../Core/FreeRTOS-Kernel/list.c **** * PUBLIC LIST API documented in list.h
  47:../Core/FreeRTOS-Kernel/list.c **** *----------------------------------------------------------*/
  48:../Core/FreeRTOS-Kernel/list.c **** 
  49:../Core/FreeRTOS-Kernel/list.c **** void vListInitialise( List_t * const pxList )
  50:../Core/FreeRTOS-Kernel/list.c **** {
  29              		.loc 1 50 1 view -0
  30              		.cfi_startproc
  31              		@ args = 0, pretend = 0, frame = 0
  32              		@ frame_needed = 0, uses_anonymous_args = 0
  33              		@ link register save eliminated.
  51:../Core/FreeRTOS-Kernel/list.c ****     traceENTER_vListInitialise( pxList );
  34              		.loc 1 51 41 view .LVU1
  52:../Core/FreeRTOS-Kernel/list.c **** 
  53:../Core/FreeRTOS-Kernel/list.c ****     /* The list structure contains a list item which is used to mark the
  54:../Core/FreeRTOS-Kernel/list.c ****      * end of the list.  To initialise the list the list end is inserted
  55:../Core/FreeRTOS-Kernel/list.c ****      * as the only list entry. */
  56:../Core/FreeRTOS-Kernel/list.c ****     pxList->pxIndex = ( ListItem_t * ) &( pxList->xListEnd );
  35              		.loc 1 56 5 view .LVU2
  36              		.loc 1 56 40 is_stmt 0 view .LVU3
  37 0000 00F10803 		add	r3, r0, #8
  38              		.loc 1 56 21 view .LVU4
  39 0004 4360     		str	r3, [r0, #4]
  57:../Core/FreeRTOS-Kernel/list.c **** 
  58:../Core/FreeRTOS-Kernel/list.c ****     listSET_FIRST_LIST_ITEM_INTEGRITY_CHECK_VALUE( &( pxList->xListEnd ) );
  40              		.loc 1 58 75 is_stmt 1 view .LVU5
  59:../Core/FreeRTOS-Kernel/list.c **** 
  60:../Core/FreeRTOS-Kernel/list.c ****     /* The list end value is the highest possible value in the list to
  61:../Core/FreeRTOS-Kernel/list.c ****      * ensure it remains at the end of the list. */
  62:../Core/FreeRTOS-Kernel/list.c ****     pxList->xListEnd.xItemValue = portMAX_DELAY;
  41              		.loc 1 62 5 view .LVU6
  42              		.loc 1 62 33 is_stmt 0 view .LVU7
  43 0006 4FF0FF32 		mov	r2, #-1
  44 000a 8260     		str	r2, [r0, #8]
  63:../Core/FreeRTOS-Kernel/list.c **** 
  64:../Core/FreeRTOS-Kernel/list.c ****     /* The list end next and previous pointers point to itself so we know
  65:../Core/FreeRTOS-Kernel/list.c ****      * when the list is empty. */
  66:../Core/FreeRTOS-Kernel/list.c ****     pxList->xListEnd.pxNext = ( ListItem_t * ) &( pxList->xListEnd );
  45              		.loc 1 66 5 is_stmt 1 view .LVU8
  46              		.loc 1 66 29 is_stmt 0 view .LVU9
  47 000c C360     		str	r3, [r0, #12]
  67:../Core/FreeRTOS-Kernel/list.c ****     pxList->xListEnd.pxPrevious = ( ListItem_t * ) &( pxList->xListEnd );
  48              		.loc 1 67 5 is_stmt 1 view .LVU10
ARM GAS  /tmp/ccZFllCn.s 			page 3


  49              		.loc 1 67 33 is_stmt 0 view .LVU11
  50 000e 0361     		str	r3, [r0, #16]
  68:../Core/FreeRTOS-Kernel/list.c **** 
  69:../Core/FreeRTOS-Kernel/list.c ****     /* Initialize the remaining fields of xListEnd when it is a proper ListItem_t */
  70:../Core/FreeRTOS-Kernel/list.c ****     #if ( configUSE_MINI_LIST_ITEM == 0 )
  71:../Core/FreeRTOS-Kernel/list.c ****     {
  72:../Core/FreeRTOS-Kernel/list.c ****         pxList->xListEnd.pvOwner = NULL;
  73:../Core/FreeRTOS-Kernel/list.c ****         pxList->xListEnd.pxContainer = NULL;
  74:../Core/FreeRTOS-Kernel/list.c ****         listSET_SECOND_LIST_ITEM_INTEGRITY_CHECK_VALUE( &( pxList->xListEnd ) );
  75:../Core/FreeRTOS-Kernel/list.c ****     }
  76:../Core/FreeRTOS-Kernel/list.c ****     #endif
  77:../Core/FreeRTOS-Kernel/list.c **** 
  78:../Core/FreeRTOS-Kernel/list.c ****     pxList->uxNumberOfItems = ( UBaseType_t ) 0U;
  51              		.loc 1 78 5 is_stmt 1 view .LVU12
  52              		.loc 1 78 29 is_stmt 0 view .LVU13
  53 0010 0023     		movs	r3, #0
  54 0012 0360     		str	r3, [r0]
  79:../Core/FreeRTOS-Kernel/list.c **** 
  80:../Core/FreeRTOS-Kernel/list.c ****     /* Write known values into the list if
  81:../Core/FreeRTOS-Kernel/list.c ****      * configUSE_LIST_DATA_INTEGRITY_CHECK_BYTES is set to 1. */
  82:../Core/FreeRTOS-Kernel/list.c ****     listSET_LIST_INTEGRITY_CHECK_1_VALUE( pxList );
  55              		.loc 1 82 51 is_stmt 1 view .LVU14
  83:../Core/FreeRTOS-Kernel/list.c ****     listSET_LIST_INTEGRITY_CHECK_2_VALUE( pxList );
  56              		.loc 1 83 51 view .LVU15
  84:../Core/FreeRTOS-Kernel/list.c **** 
  85:../Core/FreeRTOS-Kernel/list.c ****     traceRETURN_vListInitialise();
  57              		.loc 1 85 34 view .LVU16
  86:../Core/FreeRTOS-Kernel/list.c **** }
  58              		.loc 1 86 1 is_stmt 0 view .LVU17
  59 0014 7047     		bx	lr
  60              		.cfi_endproc
  61              	.LFE4:
  63              		.section	.text.vListInitialiseItem,"ax",%progbits
  64              		.align	1
  65              		.global	vListInitialiseItem
  66              		.syntax unified
  67              		.thumb
  68              		.thumb_func
  70              	vListInitialiseItem:
  71              	.LVL1:
  72              	.LFB5:
  87:../Core/FreeRTOS-Kernel/list.c **** /*-----------------------------------------------------------*/
  88:../Core/FreeRTOS-Kernel/list.c **** 
  89:../Core/FreeRTOS-Kernel/list.c **** void vListInitialiseItem( ListItem_t * const pxItem )
  90:../Core/FreeRTOS-Kernel/list.c **** {
  73              		.loc 1 90 1 is_stmt 1 view -0
  74              		.cfi_startproc
  75              		@ args = 0, pretend = 0, frame = 0
  76              		@ frame_needed = 0, uses_anonymous_args = 0
  77              		@ link register save eliminated.
  91:../Core/FreeRTOS-Kernel/list.c ****     traceENTER_vListInitialiseItem( pxItem );
  78              		.loc 1 91 45 view .LVU19
  92:../Core/FreeRTOS-Kernel/list.c **** 
  93:../Core/FreeRTOS-Kernel/list.c ****     /* Make sure the list item is not recorded as being on a list. */
  94:../Core/FreeRTOS-Kernel/list.c ****     pxItem->pxContainer = NULL;
  79              		.loc 1 94 5 view .LVU20
  80              		.loc 1 94 25 is_stmt 0 view .LVU21
ARM GAS  /tmp/ccZFllCn.s 			page 4


  81 0000 0023     		movs	r3, #0
  82 0002 0361     		str	r3, [r0, #16]
  95:../Core/FreeRTOS-Kernel/list.c **** 
  96:../Core/FreeRTOS-Kernel/list.c ****     /* Write known values into the list item if
  97:../Core/FreeRTOS-Kernel/list.c ****      * configUSE_LIST_DATA_INTEGRITY_CHECK_BYTES is set to 1. */
  98:../Core/FreeRTOS-Kernel/list.c ****     listSET_FIRST_LIST_ITEM_INTEGRITY_CHECK_VALUE( pxItem );
  83              		.loc 1 98 60 is_stmt 1 view .LVU22
  99:../Core/FreeRTOS-Kernel/list.c ****     listSET_SECOND_LIST_ITEM_INTEGRITY_CHECK_VALUE( pxItem );
  84              		.loc 1 99 61 view .LVU23
 100:../Core/FreeRTOS-Kernel/list.c **** 
 101:../Core/FreeRTOS-Kernel/list.c ****     traceRETURN_vListInitialiseItem();
  85              		.loc 1 101 38 view .LVU24
 102:../Core/FreeRTOS-Kernel/list.c **** }
  86              		.loc 1 102 1 is_stmt 0 view .LVU25
  87 0004 7047     		bx	lr
  88              		.cfi_endproc
  89              	.LFE5:
  91              		.section	.text.vListInsertEnd,"ax",%progbits
  92              		.align	1
  93              		.global	vListInsertEnd
  94              		.syntax unified
  95              		.thumb
  96              		.thumb_func
  98              	vListInsertEnd:
  99              	.LVL2:
 100              	.LFB6:
 103:../Core/FreeRTOS-Kernel/list.c **** /*-----------------------------------------------------------*/
 104:../Core/FreeRTOS-Kernel/list.c **** 
 105:../Core/FreeRTOS-Kernel/list.c **** void vListInsertEnd( List_t * const pxList,
 106:../Core/FreeRTOS-Kernel/list.c ****                      ListItem_t * const pxNewListItem )
 107:../Core/FreeRTOS-Kernel/list.c **** {
 101              		.loc 1 107 1 is_stmt 1 view -0
 102              		.cfi_startproc
 103              		@ args = 0, pretend = 0, frame = 0
 104              		@ frame_needed = 0, uses_anonymous_args = 0
 105              		@ link register save eliminated.
 108:../Core/FreeRTOS-Kernel/list.c ****     ListItem_t * const pxIndex = pxList->pxIndex;
 106              		.loc 1 108 5 view .LVU27
 107              		.loc 1 108 24 is_stmt 0 view .LVU28
 108 0000 4368     		ldr	r3, [r0, #4]
 109              	.LVL3:
 109:../Core/FreeRTOS-Kernel/list.c **** 
 110:../Core/FreeRTOS-Kernel/list.c ****     traceENTER_vListInsertEnd( pxList, pxNewListItem );
 110              		.loc 1 110 55 is_stmt 1 view .LVU29
 111:../Core/FreeRTOS-Kernel/list.c **** 
 112:../Core/FreeRTOS-Kernel/list.c ****     /* Only effective when configASSERT() is also defined, these tests may catch
 113:../Core/FreeRTOS-Kernel/list.c ****      * the list data structures being overwritten in memory.  They will not catch
 114:../Core/FreeRTOS-Kernel/list.c ****      * data errors caused by incorrect configuration or use of FreeRTOS. */
 115:../Core/FreeRTOS-Kernel/list.c ****     listTEST_LIST_INTEGRITY( pxList );
 111              		.loc 1 115 38 view .LVU30
 116:../Core/FreeRTOS-Kernel/list.c ****     listTEST_LIST_ITEM_INTEGRITY( pxNewListItem );
 112              		.loc 1 116 50 view .LVU31
 117:../Core/FreeRTOS-Kernel/list.c **** 
 118:../Core/FreeRTOS-Kernel/list.c ****     /* Insert a new list item into pxList, but rather than sort the list,
 119:../Core/FreeRTOS-Kernel/list.c ****      * makes the new list item the last item to be removed by a call to
 120:../Core/FreeRTOS-Kernel/list.c ****      * listGET_OWNER_OF_NEXT_ENTRY(). */
 121:../Core/FreeRTOS-Kernel/list.c ****     pxNewListItem->pxNext = pxIndex;
ARM GAS  /tmp/ccZFllCn.s 			page 5


 113              		.loc 1 121 5 view .LVU32
 114              		.loc 1 121 27 is_stmt 0 view .LVU33
 115 0002 4B60     		str	r3, [r1, #4]
 122:../Core/FreeRTOS-Kernel/list.c ****     pxNewListItem->pxPrevious = pxIndex->pxPrevious;
 116              		.loc 1 122 5 is_stmt 1 view .LVU34
 117              		.loc 1 122 40 is_stmt 0 view .LVU35
 118 0004 9A68     		ldr	r2, [r3, #8]
 119              		.loc 1 122 31 view .LVU36
 120 0006 8A60     		str	r2, [r1, #8]
 123:../Core/FreeRTOS-Kernel/list.c **** 
 124:../Core/FreeRTOS-Kernel/list.c ****     /* Only used during decision coverage testing. */
 125:../Core/FreeRTOS-Kernel/list.c ****     mtCOVERAGE_TEST_DELAY();
 121              		.loc 1 125 28 is_stmt 1 view .LVU37
 126:../Core/FreeRTOS-Kernel/list.c **** 
 127:../Core/FreeRTOS-Kernel/list.c ****     pxIndex->pxPrevious->pxNext = pxNewListItem;
 122              		.loc 1 127 5 view .LVU38
 123              		.loc 1 127 33 is_stmt 0 view .LVU39
 124 0008 5160     		str	r1, [r2, #4]
 128:../Core/FreeRTOS-Kernel/list.c ****     pxIndex->pxPrevious = pxNewListItem;
 125              		.loc 1 128 5 is_stmt 1 view .LVU40
 126              		.loc 1 128 25 is_stmt 0 view .LVU41
 127 000a 9960     		str	r1, [r3, #8]
 129:../Core/FreeRTOS-Kernel/list.c **** 
 130:../Core/FreeRTOS-Kernel/list.c ****     /* Remember which list the item is in. */
 131:../Core/FreeRTOS-Kernel/list.c ****     pxNewListItem->pxContainer = pxList;
 128              		.loc 1 131 5 is_stmt 1 view .LVU42
 129              		.loc 1 131 32 is_stmt 0 view .LVU43
 130 000c 0861     		str	r0, [r1, #16]
 132:../Core/FreeRTOS-Kernel/list.c **** 
 133:../Core/FreeRTOS-Kernel/list.c ****     ( pxList->uxNumberOfItems ) = ( UBaseType_t ) ( pxList->uxNumberOfItems + 1U );
 131              		.loc 1 133 5 is_stmt 1 view .LVU44
 132              		.loc 1 133 59 is_stmt 0 view .LVU45
 133 000e 0368     		ldr	r3, [r0]
 134              	.LVL4:
 135              		.loc 1 133 35 view .LVU46
 136 0010 0133     		adds	r3, r3, #1
 137              		.loc 1 133 33 view .LVU47
 138 0012 0360     		str	r3, [r0]
 134:../Core/FreeRTOS-Kernel/list.c **** 
 135:../Core/FreeRTOS-Kernel/list.c ****     traceRETURN_vListInsertEnd();
 139              		.loc 1 135 33 is_stmt 1 view .LVU48
 136:../Core/FreeRTOS-Kernel/list.c **** }
 140              		.loc 1 136 1 is_stmt 0 view .LVU49
 141 0014 7047     		bx	lr
 142              		.cfi_endproc
 143              	.LFE6:
 145              		.section	.text.vListInsert,"ax",%progbits
 146              		.align	1
 147              		.global	vListInsert
 148              		.syntax unified
 149              		.thumb
 150              		.thumb_func
 152              	vListInsert:
 153              	.LVL5:
 154              	.LFB7:
 137:../Core/FreeRTOS-Kernel/list.c **** /*-----------------------------------------------------------*/
 138:../Core/FreeRTOS-Kernel/list.c **** 
ARM GAS  /tmp/ccZFllCn.s 			page 6


 139:../Core/FreeRTOS-Kernel/list.c **** void vListInsert( List_t * const pxList,
 140:../Core/FreeRTOS-Kernel/list.c ****                   ListItem_t * const pxNewListItem )
 141:../Core/FreeRTOS-Kernel/list.c **** {
 155              		.loc 1 141 1 is_stmt 1 view -0
 156              		.cfi_startproc
 157              		@ args = 0, pretend = 0, frame = 0
 158              		@ frame_needed = 0, uses_anonymous_args = 0
 159              		@ link register save eliminated.
 160              		.loc 1 141 1 is_stmt 0 view .LVU51
 161 0000 30B4     		push	{r4, r5}
 162              	.LCFI0:
 163              		.cfi_def_cfa_offset 8
 164              		.cfi_offset 4, -8
 165              		.cfi_offset 5, -4
 142:../Core/FreeRTOS-Kernel/list.c ****     ListItem_t * pxIterator;
 166              		.loc 1 142 5 is_stmt 1 view .LVU52
 143:../Core/FreeRTOS-Kernel/list.c ****     const TickType_t xValueOfInsertion = pxNewListItem->xItemValue;
 167              		.loc 1 143 5 view .LVU53
 168              		.loc 1 143 22 is_stmt 0 view .LVU54
 169 0002 0D68     		ldr	r5, [r1]
 170              	.LVL6:
 144:../Core/FreeRTOS-Kernel/list.c **** 
 145:../Core/FreeRTOS-Kernel/list.c ****     traceENTER_vListInsert( pxList, pxNewListItem );
 171              		.loc 1 145 52 is_stmt 1 view .LVU55
 146:../Core/FreeRTOS-Kernel/list.c **** 
 147:../Core/FreeRTOS-Kernel/list.c ****     /* Only effective when configASSERT() is also defined, these tests may catch
 148:../Core/FreeRTOS-Kernel/list.c ****      * the list data structures being overwritten in memory.  They will not catch
 149:../Core/FreeRTOS-Kernel/list.c ****      * data errors caused by incorrect configuration or use of FreeRTOS. */
 150:../Core/FreeRTOS-Kernel/list.c ****     listTEST_LIST_INTEGRITY( pxList );
 172              		.loc 1 150 38 view .LVU56
 151:../Core/FreeRTOS-Kernel/list.c ****     listTEST_LIST_ITEM_INTEGRITY( pxNewListItem );
 173              		.loc 1 151 50 view .LVU57
 152:../Core/FreeRTOS-Kernel/list.c **** 
 153:../Core/FreeRTOS-Kernel/list.c ****     /* Insert the new list item into the list, sorted in xItemValue order.
 154:../Core/FreeRTOS-Kernel/list.c ****      *
 155:../Core/FreeRTOS-Kernel/list.c ****      * If the list already contains a list item with the same item value then the
 156:../Core/FreeRTOS-Kernel/list.c ****      * new list item should be placed after it.  This ensures that TCBs which are
 157:../Core/FreeRTOS-Kernel/list.c ****      * stored in ready lists (all of which have the same xItemValue value) get a
 158:../Core/FreeRTOS-Kernel/list.c ****      * share of the CPU.  However, if the xItemValue is the same as the back marker
 159:../Core/FreeRTOS-Kernel/list.c ****      * the iteration loop below will not end.  Therefore the value is checked
 160:../Core/FreeRTOS-Kernel/list.c ****      * first, and the algorithm slightly modified if necessary. */
 161:../Core/FreeRTOS-Kernel/list.c ****     if( xValueOfInsertion == portMAX_DELAY )
 174              		.loc 1 161 5 view .LVU58
 175              		.loc 1 161 7 is_stmt 0 view .LVU59
 176 0004 B5F1FF3F 		cmp	r5, #-1
 177 0008 11D0     		beq	.L9
 162:../Core/FreeRTOS-Kernel/list.c ****     {
 163:../Core/FreeRTOS-Kernel/list.c ****         pxIterator = pxList->xListEnd.pxPrevious;
 164:../Core/FreeRTOS-Kernel/list.c ****     }
 165:../Core/FreeRTOS-Kernel/list.c ****     else
 166:../Core/FreeRTOS-Kernel/list.c ****     {
 167:../Core/FreeRTOS-Kernel/list.c ****         /* *** NOTE ***********************************************************
 168:../Core/FreeRTOS-Kernel/list.c ****         *  If you find your application is crashing here then likely causes are
 169:../Core/FreeRTOS-Kernel/list.c ****         *  listed below.  In addition see https://www.FreeRTOS.org/FAQHelp.html for
 170:../Core/FreeRTOS-Kernel/list.c ****         *  more tips, and ensure configASSERT() is defined!
 171:../Core/FreeRTOS-Kernel/list.c ****         *  https://www.FreeRTOS.org/a00110.html#configASSERT
 172:../Core/FreeRTOS-Kernel/list.c ****         *
ARM GAS  /tmp/ccZFllCn.s 			page 7


 173:../Core/FreeRTOS-Kernel/list.c ****         *   1) Stack overflow -
 174:../Core/FreeRTOS-Kernel/list.c ****         *      see https://www.FreeRTOS.org/Stacks-and-stack-overflow-checking.html
 175:../Core/FreeRTOS-Kernel/list.c ****         *   2) Incorrect interrupt priority assignment, especially on Cortex-M
 176:../Core/FreeRTOS-Kernel/list.c ****         *      parts where numerically high priority values denote low actual
 177:../Core/FreeRTOS-Kernel/list.c ****         *      interrupt priorities, which can seem counter intuitive.  See
 178:../Core/FreeRTOS-Kernel/list.c ****         *      https://www.FreeRTOS.org/RTOS-Cortex-M3-M4.html and the definition
 179:../Core/FreeRTOS-Kernel/list.c ****         *      of configMAX_SYSCALL_INTERRUPT_PRIORITY on
 180:../Core/FreeRTOS-Kernel/list.c ****         *      https://www.FreeRTOS.org/a00110.html
 181:../Core/FreeRTOS-Kernel/list.c ****         *   3) Calling an API function from within a critical section or when
 182:../Core/FreeRTOS-Kernel/list.c ****         *      the scheduler is suspended, or calling an API function that does
 183:../Core/FreeRTOS-Kernel/list.c ****         *      not end in "FromISR" from an interrupt.
 184:../Core/FreeRTOS-Kernel/list.c ****         *   4) Using a queue or semaphore before it has been initialised or
 185:../Core/FreeRTOS-Kernel/list.c ****         *      before the scheduler has been started (are interrupts firing
 186:../Core/FreeRTOS-Kernel/list.c ****         *      before vTaskStartScheduler() has been called?).
 187:../Core/FreeRTOS-Kernel/list.c ****         *   5) If the FreeRTOS port supports interrupt nesting then ensure that
 188:../Core/FreeRTOS-Kernel/list.c ****         *      the priority of the tick interrupt is at or below
 189:../Core/FreeRTOS-Kernel/list.c ****         *      configMAX_SYSCALL_INTERRUPT_PRIORITY.
 190:../Core/FreeRTOS-Kernel/list.c ****         **********************************************************************/
 191:../Core/FreeRTOS-Kernel/list.c **** 
 192:../Core/FreeRTOS-Kernel/list.c ****         for( pxIterator = ( ListItem_t * ) &( pxList->xListEnd ); pxIterator->pxNext->xItemValue <=
 178              		.loc 1 192 9 is_stmt 1 view .LVU60
 179              		.loc 1 192 25 is_stmt 0 view .LVU61
 180 000a 00F10803 		add	r3, r0, #8
 181              	.LVL7:
 182              	.L7:
 183              		.loc 1 192 98 is_stmt 1 discriminator 1 view .LVU62
 184 000e 1C46     		mov	r4, r3
 185              		.loc 1 192 77 is_stmt 0 discriminator 1 view .LVU63
 186 0010 5B68     		ldr	r3, [r3, #4]
 187              	.LVL8:
 188              		.loc 1 192 85 discriminator 1 view .LVU64
 189 0012 1A68     		ldr	r2, [r3]
 190              		.loc 1 192 98 discriminator 1 view .LVU65
 191 0014 AA42     		cmp	r2, r5
 192 0016 FAD9     		bls	.L7
 193              	.L6:
 193:../Core/FreeRTOS-Kernel/list.c ****         {
 194:../Core/FreeRTOS-Kernel/list.c ****             /* There is nothing to do here, just iterating to the wanted
 195:../Core/FreeRTOS-Kernel/list.c ****              * insertion position. */
 196:../Core/FreeRTOS-Kernel/list.c ****         }
 197:../Core/FreeRTOS-Kernel/list.c ****     }
 198:../Core/FreeRTOS-Kernel/list.c **** 
 199:../Core/FreeRTOS-Kernel/list.c ****     pxNewListItem->pxNext = pxIterator->pxNext;
 194              		.loc 1 199 5 is_stmt 1 view .LVU66
 195              		.loc 1 199 39 is_stmt 0 view .LVU67
 196 0018 6368     		ldr	r3, [r4, #4]
 197              		.loc 1 199 27 view .LVU68
 198 001a 4B60     		str	r3, [r1, #4]
 200:../Core/FreeRTOS-Kernel/list.c ****     pxNewListItem->pxNext->pxPrevious = pxNewListItem;
 199              		.loc 1 200 5 is_stmt 1 view .LVU69
 200              		.loc 1 200 39 is_stmt 0 view .LVU70
 201 001c 9960     		str	r1, [r3, #8]
 201:../Core/FreeRTOS-Kernel/list.c ****     pxNewListItem->pxPrevious = pxIterator;
 202              		.loc 1 201 5 is_stmt 1 view .LVU71
 203              		.loc 1 201 31 is_stmt 0 view .LVU72
 204 001e 8C60     		str	r4, [r1, #8]
 202:../Core/FreeRTOS-Kernel/list.c ****     pxIterator->pxNext = pxNewListItem;
ARM GAS  /tmp/ccZFllCn.s 			page 8


 205              		.loc 1 202 5 is_stmt 1 view .LVU73
 206              		.loc 1 202 24 is_stmt 0 view .LVU74
 207 0020 6160     		str	r1, [r4, #4]
 203:../Core/FreeRTOS-Kernel/list.c **** 
 204:../Core/FreeRTOS-Kernel/list.c ****     /* Remember which list the item is in.  This allows fast removal of the
 205:../Core/FreeRTOS-Kernel/list.c ****      * item later. */
 206:../Core/FreeRTOS-Kernel/list.c ****     pxNewListItem->pxContainer = pxList;
 208              		.loc 1 206 5 is_stmt 1 view .LVU75
 209              		.loc 1 206 32 is_stmt 0 view .LVU76
 210 0022 0861     		str	r0, [r1, #16]
 207:../Core/FreeRTOS-Kernel/list.c **** 
 208:../Core/FreeRTOS-Kernel/list.c ****     ( pxList->uxNumberOfItems ) = ( UBaseType_t ) ( pxList->uxNumberOfItems + 1U );
 211              		.loc 1 208 5 is_stmt 1 view .LVU77
 212              		.loc 1 208 59 is_stmt 0 view .LVU78
 213 0024 0368     		ldr	r3, [r0]
 214              		.loc 1 208 35 view .LVU79
 215 0026 0133     		adds	r3, r3, #1
 216              		.loc 1 208 33 view .LVU80
 217 0028 0360     		str	r3, [r0]
 209:../Core/FreeRTOS-Kernel/list.c **** 
 210:../Core/FreeRTOS-Kernel/list.c ****     traceRETURN_vListInsert();
 218              		.loc 1 210 30 is_stmt 1 view .LVU81
 211:../Core/FreeRTOS-Kernel/list.c **** }
 219              		.loc 1 211 1 is_stmt 0 view .LVU82
 220 002a 30BC     		pop	{r4, r5}
 221              	.LCFI1:
 222              		.cfi_remember_state
 223              		.cfi_restore 5
 224              		.cfi_restore 4
 225              		.cfi_def_cfa_offset 0
 226              	.LVL9:
 227              		.loc 1 211 1 view .LVU83
 228 002c 7047     		bx	lr
 229              	.LVL10:
 230              	.L9:
 231              	.LCFI2:
 232              		.cfi_restore_state
 163:../Core/FreeRTOS-Kernel/list.c ****     }
 233              		.loc 1 163 9 is_stmt 1 view .LVU84
 163:../Core/FreeRTOS-Kernel/list.c ****     }
 234              		.loc 1 163 20 is_stmt 0 view .LVU85
 235 002e 0469     		ldr	r4, [r0, #16]
 236              	.LVL11:
 163:../Core/FreeRTOS-Kernel/list.c ****     }
 237              		.loc 1 163 20 view .LVU86
 238 0030 F2E7     		b	.L6
 239              		.cfi_endproc
 240              	.LFE7:
 242              		.section	.text.uxListRemove,"ax",%progbits
 243              		.align	1
 244              		.global	uxListRemove
 245              		.syntax unified
 246              		.thumb
 247              		.thumb_func
 249              	uxListRemove:
 250              	.LVL12:
 251              	.LFB8:
ARM GAS  /tmp/ccZFllCn.s 			page 9


 212:../Core/FreeRTOS-Kernel/list.c **** /*-----------------------------------------------------------*/
 213:../Core/FreeRTOS-Kernel/list.c **** 
 214:../Core/FreeRTOS-Kernel/list.c **** 
 215:../Core/FreeRTOS-Kernel/list.c **** UBaseType_t uxListRemove( ListItem_t * const pxItemToRemove )
 216:../Core/FreeRTOS-Kernel/list.c **** {
 252              		.loc 1 216 1 is_stmt 1 view -0
 253              		.cfi_startproc
 254              		@ args = 0, pretend = 0, frame = 0
 255              		@ frame_needed = 0, uses_anonymous_args = 0
 256              		@ link register save eliminated.
 217:../Core/FreeRTOS-Kernel/list.c ****     /* The list item knows which list it is in.  Obtain the list from the list
 218:../Core/FreeRTOS-Kernel/list.c ****      * item. */
 219:../Core/FreeRTOS-Kernel/list.c ****     List_t * const pxList = pxItemToRemove->pxContainer;
 257              		.loc 1 219 5 view .LVU88
 258              		.loc 1 219 20 is_stmt 0 view .LVU89
 259 0000 0369     		ldr	r3, [r0, #16]
 260              	.LVL13:
 220:../Core/FreeRTOS-Kernel/list.c **** 
 221:../Core/FreeRTOS-Kernel/list.c ****     traceENTER_uxListRemove( pxItemToRemove );
 261              		.loc 1 221 46 is_stmt 1 view .LVU90
 222:../Core/FreeRTOS-Kernel/list.c **** 
 223:../Core/FreeRTOS-Kernel/list.c ****     pxItemToRemove->pxNext->pxPrevious = pxItemToRemove->pxPrevious;
 262              		.loc 1 223 5 view .LVU91
 263              		.loc 1 223 19 is_stmt 0 view .LVU92
 264 0002 4168     		ldr	r1, [r0, #4]
 265              		.loc 1 223 56 view .LVU93
 266 0004 8268     		ldr	r2, [r0, #8]
 267              		.loc 1 223 40 view .LVU94
 268 0006 8A60     		str	r2, [r1, #8]
 224:../Core/FreeRTOS-Kernel/list.c ****     pxItemToRemove->pxPrevious->pxNext = pxItemToRemove->pxNext;
 269              		.loc 1 224 5 is_stmt 1 view .LVU95
 270              		.loc 1 224 56 is_stmt 0 view .LVU96
 271 0008 4168     		ldr	r1, [r0, #4]
 272              		.loc 1 224 40 view .LVU97
 273 000a 5160     		str	r1, [r2, #4]
 225:../Core/FreeRTOS-Kernel/list.c **** 
 226:../Core/FreeRTOS-Kernel/list.c ****     /* Only used during decision coverage testing. */
 227:../Core/FreeRTOS-Kernel/list.c ****     mtCOVERAGE_TEST_DELAY();
 274              		.loc 1 227 28 is_stmt 1 view .LVU98
 228:../Core/FreeRTOS-Kernel/list.c **** 
 229:../Core/FreeRTOS-Kernel/list.c ****     /* Make sure the index is left pointing to a valid item. */
 230:../Core/FreeRTOS-Kernel/list.c ****     if( pxList->pxIndex == pxItemToRemove )
 275              		.loc 1 230 5 view .LVU99
 276              		.loc 1 230 15 is_stmt 0 view .LVU100
 277 000c 5A68     		ldr	r2, [r3, #4]
 278              		.loc 1 230 7 view .LVU101
 279 000e 8242     		cmp	r2, r0
 280 0010 05D0     		beq	.L12
 281              	.L11:
 231:../Core/FreeRTOS-Kernel/list.c ****     {
 232:../Core/FreeRTOS-Kernel/list.c ****         pxList->pxIndex = pxItemToRemove->pxPrevious;
 233:../Core/FreeRTOS-Kernel/list.c ****     }
 234:../Core/FreeRTOS-Kernel/list.c ****     else
 235:../Core/FreeRTOS-Kernel/list.c ****     {
 236:../Core/FreeRTOS-Kernel/list.c ****         mtCOVERAGE_TEST_MARKER();
 282              		.loc 1 236 33 is_stmt 1 view .LVU102
 237:../Core/FreeRTOS-Kernel/list.c ****     }
ARM GAS  /tmp/ccZFllCn.s 			page 10


 238:../Core/FreeRTOS-Kernel/list.c **** 
 239:../Core/FreeRTOS-Kernel/list.c ****     pxItemToRemove->pxContainer = NULL;
 283              		.loc 1 239 5 view .LVU103
 284              		.loc 1 239 33 is_stmt 0 view .LVU104
 285 0012 0022     		movs	r2, #0
 286 0014 0261     		str	r2, [r0, #16]
 240:../Core/FreeRTOS-Kernel/list.c ****     ( pxList->uxNumberOfItems ) = ( UBaseType_t ) ( pxList->uxNumberOfItems - 1U );
 287              		.loc 1 240 5 is_stmt 1 view .LVU105
 288              		.loc 1 240 59 is_stmt 0 view .LVU106
 289 0016 1868     		ldr	r0, [r3]
 290              	.LVL14:
 291              		.loc 1 240 35 view .LVU107
 292 0018 0138     		subs	r0, r0, #1
 293              		.loc 1 240 33 view .LVU108
 294 001a 1860     		str	r0, [r3]
 241:../Core/FreeRTOS-Kernel/list.c **** 
 242:../Core/FreeRTOS-Kernel/list.c ****     traceRETURN_uxListRemove( pxList->uxNumberOfItems );
 295              		.loc 1 242 56 is_stmt 1 view .LVU109
 243:../Core/FreeRTOS-Kernel/list.c **** 
 244:../Core/FreeRTOS-Kernel/list.c ****     return pxList->uxNumberOfItems;
 296              		.loc 1 244 5 view .LVU110
 245:../Core/FreeRTOS-Kernel/list.c **** }
 297              		.loc 1 245 1 is_stmt 0 view .LVU111
 298 001c 7047     		bx	lr
 299              	.LVL15:
 300              	.L12:
 232:../Core/FreeRTOS-Kernel/list.c ****     }
 301              		.loc 1 232 9 is_stmt 1 view .LVU112
 232:../Core/FreeRTOS-Kernel/list.c ****     }
 302              		.loc 1 232 41 is_stmt 0 view .LVU113
 303 001e 8268     		ldr	r2, [r0, #8]
 232:../Core/FreeRTOS-Kernel/list.c ****     }
 304              		.loc 1 232 25 view .LVU114
 305 0020 5A60     		str	r2, [r3, #4]
 306 0022 F6E7     		b	.L11
 307              		.cfi_endproc
 308              	.LFE8:
 310              		.text
 311              	.Letext0:
 312              		.file 2 "/nix/store/lcj4nx7xv8c36cif7armkfa7b5cmfh74-gcc-arm-embedded-12.3.rel1/arm-none-eabi/incl
 313              		.file 3 "/nix/store/lcj4nx7xv8c36cif7armkfa7b5cmfh74-gcc-arm-embedded-12.3.rel1/arm-none-eabi/incl
 314              		.file 4 "Core/Inc/portmacro.h"
 315              		.file 5 "../Core/FreeRTOS-Kernel/include/list.h"
ARM GAS  /tmp/ccZFllCn.s 			page 11


DEFINED SYMBOLS
                            *ABS*:00000000 list.c
     /tmp/ccZFllCn.s:20     .text.vListInitialise:00000000 $t
     /tmp/ccZFllCn.s:26     .text.vListInitialise:00000000 vListInitialise
     /tmp/ccZFllCn.s:64     .text.vListInitialiseItem:00000000 $t
     /tmp/ccZFllCn.s:70     .text.vListInitialiseItem:00000000 vListInitialiseItem
     /tmp/ccZFllCn.s:92     .text.vListInsertEnd:00000000 $t
     /tmp/ccZFllCn.s:98     .text.vListInsertEnd:00000000 vListInsertEnd
     /tmp/ccZFllCn.s:146    .text.vListInsert:00000000 $t
     /tmp/ccZFllCn.s:152    .text.vListInsert:00000000 vListInsert
     /tmp/ccZFllCn.s:243    .text.uxListRemove:00000000 $t
     /tmp/ccZFllCn.s:249    .text.uxListRemove:00000000 uxListRemove

NO UNDEFINED SYMBOLS
