ARM GAS  /tmp/ccFCHuz9.s 			page 1


   1              		.cpu cortex-m7
   2              		.arch armv7e-m
   3              		.fpu fpv5-d16
   4              		.eabi_attribute 28, 1
   5              		.eabi_attribute 20, 1
   6              		.eabi_attribute 21, 1
   7              		.eabi_attribute 23, 3
   8              		.eabi_attribute 24, 1
   9              		.eabi_attribute 25, 1
  10              		.eabi_attribute 26, 1
  11              		.eabi_attribute 30, 1
  12              		.eabi_attribute 34, 1
  13              		.eabi_attribute 18, 4
  14              		.file	"run_controls.c"
  15              		.text
  16              	.Ltext0:
  17              		.cfi_sections	.debug_frame
  18              		.file 1 "../Core/Src/run_controls.c"
  19              	.Letext0:
  20              		.file 2 "/nix/store/lcj4nx7xv8c36cif7armkfa7b5cmfh74-gcc-arm-embedded-12.3.rel1/arm-none-eabi/incl
  21              		.file 3 "/nix/store/lcj4nx7xv8c36cif7armkfa7b5cmfh74-gcc-arm-embedded-12.3.rel1/arm-none-eabi/incl
  22              		.file 4 "../Core/Include/adc.h"
  23              		.file 5 "Core/Inc/port_config.h"
ARM GAS  /tmp/ccFCHuz9.s 			page 2


DEFINED SYMBOLS
                            *ABS*:00000000 run_controls.c

NO UNDEFINED SYMBOLS
