ARM GAS  /tmp/ccJetrlW.s 			page 1


   1              		.cpu cortex-m7
   2              		.arch armv7e-m
   3              		.fpu fpv5-d16
   4              		.eabi_attribute 28, 1
   5              		.eabi_attribute 20, 1
   6              		.eabi_attribute 21, 1
   7              		.eabi_attribute 23, 3
   8              		.eabi_attribute 24, 1
   9              		.eabi_attribute 25, 1
  10              		.eabi_attribute 26, 1
  11              		.eabi_attribute 30, 1
  12              		.eabi_attribute 34, 1
  13              		.eabi_attribute 18, 4
  14              		.file	"telemetry.c"
  15              		.text
  16              	.Ltext0:
  17              		.cfi_sections	.debug_frame
  18              		.file 1 "../Core/Src/telemetry.c"
  19              		.section	.text.telemetry_send_message,"ax",%progbits
  20              		.align	1
  21              		.global	telemetry_send_message
  22              		.syntax unified
  23              		.thumb
  24              		.thumb_func
  26              	telemetry_send_message:
  27              	.LVL0:
  28              	.LFB398:
   1:../Core/Src/telemetry.c **** #include <string.h>
   2:../Core/Src/telemetry.c **** 
   3:../Core/Src/telemetry.c **** #include "telemetry.h"
   4:../Core/Src/telemetry.c **** 
   5:../Core/Src/telemetry.c **** #include "FreeRTOS.h"
   6:../Core/Src/telemetry.c **** #include "message_buffer.h"
   7:../Core/Src/telemetry.c **** #include "task.h"
   8:../Core/Src/telemetry.c **** 
   9:../Core/Src/telemetry.c **** #include "packet_encode.h"
  10:../Core/Src/telemetry.c **** #include "protocol.h"
  11:../Core/Src/telemetry.c **** 
  12:../Core/Src/telemetry.c **** #include "globals.h"
  13:../Core/Src/telemetry.c **** 
  14:../Core/Src/telemetry.c **** uint8_t packet_buffer[TELEMETRY_MAX_PACKET_SIZE];
  15:../Core/Src/telemetry.c **** 
  16:../Core/Src/telemetry.c **** /**
  17:../Core/Src/telemetry.c ****  * Transmit a telemetry packet over uart
  18:../Core/Src/telemetry.c ****  * @param payload The payload of the message
  19:../Core/Src/telemetry.c ****  * @param payload_size The size of the payload
  20:../Core/Src/telemetry.c ****  * @param message_id The message id of the message
  21:../Core/Src/telemetry.c ****  * @return 1 if the message was sent successfully, 0 otherwise
  22:../Core/Src/telemetry.c ****  */
  23:../Core/Src/telemetry.c **** int telemetry_send_message(uint8_t *payload, uint8_t payload_size, uint8_t message_id) {
  29              		.loc 1 23 88 view -0
  30              		.cfi_startproc
  31              		@ args = 0, pretend = 0, frame = 72
  32              		@ frame_needed = 0, uses_anonymous_args = 0
  33              		.loc 1 23 88 is_stmt 0 view .LVU1
  34 0000 00B5     		push	{lr}
  35              	.LCFI0:
ARM GAS  /tmp/ccJetrlW.s 			page 2


  36              		.cfi_def_cfa_offset 4
  37              		.cfi_offset 14, -4
  38 0002 93B0     		sub	sp, sp, #76
  39              	.LCFI1:
  40              		.cfi_def_cfa_offset 80
  41 0004 1346     		mov	r3, r2
  24:../Core/Src/telemetry.c ****     uint8_t packet_buf[TELEMETRY_MAX_PACKET_SIZE];
  42              		.loc 1 24 5 is_stmt 1 view .LVU2
  25:../Core/Src/telemetry.c ****     int packet_size = generate_packet(payload, payload_size, packet_buf, message_id);    
  43              		.loc 1 25 5 view .LVU3
  44              		.loc 1 25 23 is_stmt 0 view .LVU4
  45 0006 6A46     		mov	r2, sp
  46              	.LVL1:
  47              		.loc 1 25 23 view .LVU5
  48 0008 FFF7FEFF 		bl	generate_packet
  49              	.LVL2:
  26:../Core/Src/telemetry.c ****  
  27:../Core/Src/telemetry.c ****     if (HAL_UART_Transmit(&telemetry_uart, packet_buf, packet_size, HAL_MAX_DELAY) != HAL_OK) {
  50              		.loc 1 27 5 is_stmt 1 view .LVU6
  51              		.loc 1 27 9 is_stmt 0 view .LVU7
  52 000c 4FF0FF33 		mov	r3, #-1
  53 0010 82B2     		uxth	r2, r0
  54 0012 6946     		mov	r1, sp
  55 0014 0448     		ldr	r0, .L5
  56              	.LVL3:
  57              		.loc 1 27 9 view .LVU8
  58 0016 FFF7FEFF 		bl	HAL_UART_Transmit
  59              	.LVL4:
  60              		.loc 1 27 8 view .LVU9
  61 001a 18B9     		cbnz	r0, .L3
  28:../Core/Src/telemetry.c ****         return 0;
  29:../Core/Src/telemetry.c ****     }
  30:../Core/Src/telemetry.c **** 
  31:../Core/Src/telemetry.c ****     return 1;
  62              		.loc 1 31 12 view .LVU10
  63 001c 0120     		movs	r0, #1
  64              	.L1:
  32:../Core/Src/telemetry.c **** }
  65              		.loc 1 32 1 view .LVU11
  66 001e 13B0     		add	sp, sp, #76
  67              	.LCFI2:
  68              		.cfi_remember_state
  69              		.cfi_def_cfa_offset 4
  70              		@ sp needed
  71 0020 5DF804FB 		ldr	pc, [sp], #4
  72              	.L3:
  73              	.LCFI3:
  74              		.cfi_restore_state
  28:../Core/Src/telemetry.c ****         return 0;
  75              		.loc 1 28 16 view .LVU12
  76 0024 0020     		movs	r0, #0
  77 0026 FAE7     		b	.L1
  78              	.L6:
  79              		.align	2
  80              	.L5:
  81 0028 00000000 		.word	huart4
  82              		.cfi_endproc
ARM GAS  /tmp/ccJetrlW.s 			page 3


  83              	.LFE398:
  85              		.global	packet_buffer
  86              		.section	.bss.packet_buffer,"aw",%nobits
  87              		.align	2
  90              	packet_buffer:
  91 0000 00000000 		.space	69
  91      00000000 
  91      00000000 
  91      00000000 
  91      00000000 
  92              		.text
  93              	.Letext0:
  94              		.file 2 "/nix/store/lcj4nx7xv8c36cif7armkfa7b5cmfh74-gcc-arm-embedded-12.3.rel1/arm-none-eabi/incl
  95              		.file 3 "/nix/store/lcj4nx7xv8c36cif7armkfa7b5cmfh74-gcc-arm-embedded-12.3.rel1/arm-none-eabi/incl
  96              		.file 4 "Drivers/CMSIS/Device/ST/STM32H7xx/Include/stm32h725xx.h"
  97              		.file 5 "Drivers/STM32H7xx_HAL_Driver/Inc/stm32h7xx_hal_def.h"
  98              		.file 6 "Drivers/STM32H7xx_HAL_Driver/Inc/stm32h7xx_hal_dma.h"
  99              		.file 7 "Drivers/STM32H7xx_HAL_Driver/Inc/stm32h7xx_hal_uart.h"
 100              		.file 8 "../Core/Include/adc.h"
 101              		.file 9 "Core/Inc/port_config.h"
 102              		.file 10 "../Core/Include/globals.h"
 103              		.file 11 "../Core/Include/packet_encode.h"
ARM GAS  /tmp/ccJetrlW.s 			page 4


DEFINED SYMBOLS
                            *ABS*:00000000 telemetry.c
     /tmp/ccJetrlW.s:20     .text.telemetry_send_message:00000000 $t
     /tmp/ccJetrlW.s:26     .text.telemetry_send_message:00000000 telemetry_send_message
     /tmp/ccJetrlW.s:81     .text.telemetry_send_message:00000028 $d
     /tmp/ccJetrlW.s:90     .bss.packet_buffer:00000000 packet_buffer
     /tmp/ccJetrlW.s:87     .bss.packet_buffer:00000000 $d

UNDEFINED SYMBOLS
generate_packet
HAL_UART_Transmit
huart4
