ARM GAS  /tmp/ccFmOBHK.s 			page 1


   1              		.cpu cortex-m4
   2              		.eabi_attribute 27, 1
   3              		.eabi_attribute 28, 1
   4              		.eabi_attribute 20, 1
   5              		.eabi_attribute 21, 1
   6              		.eabi_attribute 23, 3
   7              		.eabi_attribute 24, 1
   8              		.eabi_attribute 25, 1
   9              		.eabi_attribute 26, 1
  10              		.eabi_attribute 30, 1
  11              		.eabi_attribute 34, 1
  12              		.eabi_attribute 18, 4
  13              		.file	"state_rx.c"
  14              		.text
  15              	.Ltext0:
  16              		.cfi_sections	.debug_frame
  17              		.section	.text.state_rx_task,"ax",%progbits
  18              		.align	1
  19              		.global	state_rx_task
  20              		.arch armv7e-m
  21              		.syntax unified
  22              		.thumb
  23              		.thumb_func
  24              		.fpu fpv4-sp-d16
  26              	state_rx_task:
  27              	.LVL0:
  28              	.LFB138:
  29              		.file 1 "../Core/Src/state_rx.c"
   1:../Core/Src/state_rx.c **** #include "state_rx.h"
   2:../Core/Src/state_rx.c **** 
   3:../Core/Src/state_rx.c **** #include "FreeRTOS.h"
   4:../Core/Src/state_rx.c **** #include "message_buffer.h"
   5:../Core/Src/state_rx.c **** #include "semphr.h"
   6:../Core/Src/state_rx.c **** 
   7:../Core/Src/state_rx.c **** #include "globals.h"
   8:../Core/Src/state_rx.c **** 
   9:../Core/Src/state_rx.c **** uint8_t _g_current_state[STATE_STRUCT_SIZE];
  10:../Core/Src/state_rx.c **** uint8_t *g_current_state = _g_current_state;
  11:../Core/Src/state_rx.c **** 
  12:../Core/Src/state_rx.c **** /**
  13:../Core/Src/state_rx.c ****  * Task to receive new states and put them into the g_current_state global variable
  14:../Core/Src/state_rx.c ****  * @param args Unused
  15:../Core/Src/state_rx.c ****  */
  16:../Core/Src/state_rx.c **** void state_rx_task(void *args) {
  30              		.loc 1 16 32 view -0
  31              		.cfi_startproc
  32              		@ args = 0, pretend = 0, frame = 16
  33              		@ frame_needed = 0, uses_anonymous_args = 0
  34              		.loc 1 16 32 is_stmt 0 view .LVU1
  35 0000 30B5     		push	{r4, r5, lr}
  36              	.LCFI0:
  37              		.cfi_def_cfa_offset 12
  38              		.cfi_offset 4, -12
  39              		.cfi_offset 5, -8
  40              		.cfi_offset 14, -4
  41 0002 85B0     		sub	sp, sp, #20
  42              	.LCFI1:
ARM GAS  /tmp/ccFmOBHK.s 			page 2


  43              		.cfi_def_cfa_offset 32
  17:../Core/Src/state_rx.c ****     uint8_t _state_rx_buff[STATE_STRUCT_SIZE];
  44              		.loc 1 17 5 is_stmt 1 view .LVU2
  18:../Core/Src/state_rx.c ****     uint8_t *state_rx_buff = _state_rx_buff;
  45              		.loc 1 18 5 view .LVU3
  46              	.LVL1:
  47              		.loc 1 18 14 is_stmt 0 view .LVU4
  48 0004 6C46     		mov	r4, sp
  49 0006 1EE0     		b	.L5
  50              	.LVL2:
  51              	.L3:
  52              	.LBB2:
  53              	.LBB3:
  19:../Core/Src/state_rx.c **** 
  20:../Core/Src/state_rx.c ****     while(1) {
  21:../Core/Src/state_rx.c ****         size_t total_read = 0;
  22:../Core/Src/state_rx.c **** 
  23:../Core/Src/state_rx.c ****         /* Loop until we've received the full next state */
  24:../Core/Src/state_rx.c ****         while (total_read < STATE_STRUCT_SIZE) {
  25:../Core/Src/state_rx.c ****             size_t read = xStreamBufferReceive(g_state_rx_sb_handle, state_rx_buff + total_read, ST
  54              		.loc 1 25 13 is_stmt 1 view .LVU5
  55              		.loc 1 25 27 is_stmt 0 view .LVU6
  56 0008 4FF0FF33 		mov	r3, #-1
  57 000c C4F11002 		rsb	r2, r4, #16
  58 0010 2919     		adds	r1, r5, r4
  59 0012 0E48     		ldr	r0, .L8
  60 0014 0068     		ldr	r0, [r0]
  61 0016 FFF7FEFF 		bl	xStreamBufferReceive
  62              	.LVL3:
  26:../Core/Src/state_rx.c ****             total_read += read;
  63              		.loc 1 26 13 is_stmt 1 view .LVU7
  64              		.loc 1 26 24 is_stmt 0 view .LVU8
  65 001a 0444     		add	r4, r4, r0
  66              	.LVL4:
  67              	.L2:
  68              		.loc 1 26 24 view .LVU9
  69              	.LBE3:
  24:../Core/Src/state_rx.c ****             size_t read = xStreamBufferReceive(g_state_rx_sb_handle, state_rx_buff + total_read, ST
  70              		.loc 1 24 15 is_stmt 1 view .LVU10
  71 001c 0F2C     		cmp	r4, #15
  72 001e F3D9     		bls	.L3
  27:../Core/Src/state_rx.c ****         }
  28:../Core/Src/state_rx.c **** 
  29:../Core/Src/state_rx.c ****         /* Swap buffers */
  30:../Core/Src/state_rx.c ****         if (xSemaphoreTake(g_state_mutex_handle, STATE_SEMAPHORE_TIMEOUT) == pdTRUE) {
  73              		.loc 1 30 9 view .LVU11
  74              		.loc 1 30 13 is_stmt 0 view .LVU12
  75 0020 0A21     		movs	r1, #10
  76 0022 0B4B     		ldr	r3, .L8+4
  77 0024 1868     		ldr	r0, [r3]
  78 0026 FFF7FEFF 		bl	xQueueSemaphoreTake
  79              	.LVL5:
  80              		.loc 1 30 12 view .LVU13
  81 002a 0128     		cmp	r0, #1
  82 002c 01D0     		beq	.L7
  83              	.LVL6:
  84              	.L4:
ARM GAS  /tmp/ccFmOBHK.s 			page 3


  85              		.loc 1 30 12 view .LVU14
  86              	.LBE2:
  20:../Core/Src/state_rx.c ****         size_t total_read = 0;
  87              		.loc 1 20 5 is_stmt 1 view .LVU15
  88              	.LBB5:
  21:../Core/Src/state_rx.c **** 
  89              		.loc 1 21 9 view .LVU16
  24:../Core/Src/state_rx.c ****             size_t read = xStreamBufferReceive(g_state_rx_sb_handle, state_rx_buff + total_read, ST
  90              		.loc 1 24 9 view .LVU17
  21:../Core/Src/state_rx.c **** 
  91              		.loc 1 21 16 is_stmt 0 view .LVU18
  92 002e 0024     		movs	r4, #0
  24:../Core/Src/state_rx.c ****             size_t read = xStreamBufferReceive(g_state_rx_sb_handle, state_rx_buff + total_read, ST
  93              		.loc 1 24 15 view .LVU19
  94 0030 F4E7     		b	.L2
  95              	.LVL7:
  96              	.L7:
  97              	.LBB4:
  31:../Core/Src/state_rx.c ****             uint8_t *temp = g_current_state;
  98              		.loc 1 31 13 is_stmt 1 view .LVU20
  99              		.loc 1 31 22 is_stmt 0 view .LVU21
 100 0032 084B     		ldr	r3, .L8+8
 101 0034 1C68     		ldr	r4, [r3]
 102              	.LVL8:
  32:../Core/Src/state_rx.c ****             g_current_state = state_rx_buff;
 103              		.loc 1 32 13 is_stmt 1 view .LVU22
 104              		.loc 1 32 29 is_stmt 0 view .LVU23
 105 0036 1D60     		str	r5, [r3]
  33:../Core/Src/state_rx.c ****             state_rx_buff = temp;
 106              		.loc 1 33 13 is_stmt 1 view .LVU24
 107              	.LVL9:
  34:../Core/Src/state_rx.c **** 
  35:../Core/Src/state_rx.c ****             xSemaphoreGive(g_state_mutex_handle);
 108              		.loc 1 35 13 view .LVU25
 109 0038 0023     		movs	r3, #0
 110 003a 1A46     		mov	r2, r3
 111 003c 1946     		mov	r1, r3
 112 003e 0448     		ldr	r0, .L8+4
 113 0040 0068     		ldr	r0, [r0]
 114 0042 FFF7FEFF 		bl	xQueueGenericSend
 115              	.LVL10:
 116              	.L5:
 117              		.loc 1 35 13 is_stmt 0 view .LVU26
 118              	.LBE4:
 119              	.LBE5:
  18:../Core/Src/state_rx.c **** 
 120              		.loc 1 18 14 view .LVU27
 121 0046 2546     		mov	r5, r4
 122 0048 F1E7     		b	.L4
 123              	.L9:
 124 004a 00BF     		.align	2
 125              	.L8:
 126 004c 00000000 		.word	g_state_rx_sb_handle
 127 0050 00000000 		.word	g_state_mutex_handle
 128 0054 00000000 		.word	.LANCHOR0
 129              		.cfi_endproc
 130              	.LFE138:
ARM GAS  /tmp/ccFmOBHK.s 			page 4


 132              		.global	g_current_state
 133              		.global	_g_current_state
 134              		.section	.bss._g_current_state,"aw",%nobits
 135              		.align	2
 138              	_g_current_state:
 139 0000 00000000 		.space	16
 139      00000000 
 139      00000000 
 139      00000000 
 140              		.section	.data.g_current_state,"aw"
 141              		.align	2
 142              		.set	.LANCHOR0,. + 0
 145              	g_current_state:
 146 0000 00000000 		.word	_g_current_state
 147              		.text
 148              	.Letext0:
 149              		.file 2 "/usr/lib/gcc/arm-none-eabi/10.3.1/include/stdint.h"
 150              		.file 3 "/usr/lib/gcc/arm-none-eabi/10.3.1/include/stddef.h"
 151              		.file 4 "Core/Inc/portmacro.h"
 152              		.file 5 "../Core/FreeRTOS-Kernel/include/stream_buffer.h"
 153              		.file 6 "../Core/FreeRTOS-Kernel/include/queue.h"
 154              		.file 7 "../Core/FreeRTOS-Kernel/include/semphr.h"
 155              		.file 8 "../Core/Include/globals.h"
ARM GAS  /tmp/ccFmOBHK.s 			page 5


DEFINED SYMBOLS
                            *ABS*:0000000000000000 state_rx.c
     /tmp/ccFmOBHK.s:18     .text.state_rx_task:0000000000000000 $t
     /tmp/ccFmOBHK.s:26     .text.state_rx_task:0000000000000000 state_rx_task
     /tmp/ccFmOBHK.s:126    .text.state_rx_task:000000000000004c $d
     /tmp/ccFmOBHK.s:145    .data.g_current_state:0000000000000000 g_current_state
     /tmp/ccFmOBHK.s:138    .bss._g_current_state:0000000000000000 _g_current_state
     /tmp/ccFmOBHK.s:135    .bss._g_current_state:0000000000000000 $d
     /tmp/ccFmOBHK.s:141    .data.g_current_state:0000000000000000 $d

UNDEFINED SYMBOLS
xStreamBufferReceive
xQueueSemaphoreTake
xQueueGenericSend
g_state_rx_sb_handle
g_state_mutex_handle
