ARM GAS  /tmp/ccvkEoJW.s 			page 1


   1              		.cpu cortex-m4
   2              		.eabi_attribute 27, 1
   3              		.eabi_attribute 28, 1
   4              		.eabi_attribute 20, 1
   5              		.eabi_attribute 21, 1
   6              		.eabi_attribute 23, 3
   7              		.eabi_attribute 24, 1
   8              		.eabi_attribute 25, 1
   9              		.eabi_attribute 26, 1
  10              		.eabi_attribute 30, 1
  11              		.eabi_attribute 34, 1
  12              		.eabi_attribute 18, 4
  13              		.file	"telemetry.c"
  14              		.text
  15              	.Ltext0:
  16              		.cfi_sections	.debug_frame
  17              		.section	.text.send_message,"ax",%progbits
  18              		.align	1
  19              		.global	send_message
  20              		.arch armv7e-m
  21              		.syntax unified
  22              		.thumb
  23              		.thumb_func
  24              		.fpu fpv4-sp-d16
  26              	send_message:
  27              	.LVL0:
  28              	.LFB139:
  29              		.file 1 "../Core/Src/telemetry.c"
   1:../Core/Src/telemetry.c **** #include "telemetry.h"
   2:../Core/Src/telemetry.c **** 
   3:../Core/Src/telemetry.c **** #include "FreeRTOS.h"
   4:../Core/Src/telemetry.c **** #include "message_buffer.h"
   5:../Core/Src/telemetry.c **** #include "task.h"
   6:../Core/Src/telemetry.c **** 
   7:../Core/Src/telemetry.c **** #include "packet_encode.h"
   8:../Core/Src/telemetry.c **** #include "protocol.h"
   9:../Core/Src/telemetry.c **** 
  10:../Core/Src/telemetry.c **** #include "globals.h"
  11:../Core/Src/telemetry.c **** 
  12:../Core/Src/telemetry.c **** void rx_process_byte(uint8_t byte, uint8_t *packet_buffer, uint8_t *packet_buffer_size, uint8_t *ex
  13:../Core/Src/telemetry.c **** int uart_transmit_message(Message *message, uint8_t *packet_buf);
  14:../Core/Src/telemetry.c **** 
  15:../Core/Src/telemetry.c **** void telemetry_tx_task(void *args) {
  16:../Core/Src/telemetry.c ****     /* Buffer to store the generated packet */
  17:../Core/Src/telemetry.c ****     uint8_t tx_packet_buffer[TX_PACKET_BUFFER_SIZE];
  18:../Core/Src/telemetry.c ****     /* Temporary buffer to store what is received from the tx queue message buffer */
  19:../Core/Src/telemetry.c ****     uint8_t tx_temp_message_buffer[TX_PACKET_BUFFER_SIZE];
  20:../Core/Src/telemetry.c ****     
  21:../Core/Src/telemetry.c ****     while (1) {
  22:../Core/Src/telemetry.c ****         xMessageBufferReceive(g_telemetry_tx_mb_handle, tx_temp_message_buffer, TX_PACKET_BUFFER_SI
  23:../Core/Src/telemetry.c **** 
  24:../Core/Src/telemetry.c ****         Message *message = (Message *) tx_temp_message_buffer;
  25:../Core/Src/telemetry.c ****         uart_transmit_message(message, tx_packet_buffer);
  26:../Core/Src/telemetry.c ****     }
  27:../Core/Src/telemetry.c **** }
  28:../Core/Src/telemetry.c **** 
  29:../Core/Src/telemetry.c **** /**
ARM GAS  /tmp/ccvkEoJW.s 			page 2


  30:../Core/Src/telemetry.c ****  * Queue a message to be sent
  31:../Core/Src/telemetry.c ****  * @param payload The payload of the message
  32:../Core/Src/telemetry.c ****  * @param payload_size The size of the payload
  33:../Core/Src/telemetry.c ****  * @param message_id The message id
  34:../Core/Src/telemetry.c ****  * @return 1 if the message was queued successfully, 0 otherwise
  35:../Core/Src/telemetry.c ****  */
  36:../Core/Src/telemetry.c **** int send_message(uint8_t *payload, uint8_t payload_size, uint8_t message_id) { 
  30              		.loc 1 36 78 view -0
  31              		.cfi_startproc
  32              		@ args = 0, pretend = 0, frame = 8
  33              		@ frame_needed = 0, uses_anonymous_args = 0
  34              		.loc 1 36 78 is_stmt 0 view .LVU1
  35 0000 00B5     		push	{lr}
  36              	.LCFI0:
  37              		.cfi_def_cfa_offset 4
  38              		.cfi_offset 14, -4
  39 0002 83B0     		sub	sp, sp, #12
  40              	.LCFI1:
  41              		.cfi_def_cfa_offset 16
  37:../Core/Src/telemetry.c ****     Message message = {
  42              		.loc 1 37 5 is_stmt 1 view .LVU2
  43              		.loc 1 37 13 is_stmt 0 view .LVU3
  44 0004 8DF80020 		strb	r2, [sp]
  45 0008 8DF80110 		strb	r1, [sp, #1]
  46 000c 0190     		str	r0, [sp, #4]
  38:../Core/Src/telemetry.c ****         .message_id = message_id,
  39:../Core/Src/telemetry.c ****         .payload_size = payload_size,
  40:../Core/Src/telemetry.c ****         .payload = payload
  41:../Core/Src/telemetry.c ****     };
  42:../Core/Src/telemetry.c **** 
  43:../Core/Src/telemetry.c ****     size_t bytes_sent = xMessageBufferSend(g_telemetry_tx_mb_handle, &message, sizeof(Message), por
  47              		.loc 1 43 5 is_stmt 1 view .LVU4
  48              		.loc 1 43 25 is_stmt 0 view .LVU5
  49 000e 4FF0FF33 		mov	r3, #-1
  50 0012 0822     		movs	r2, #8
  51              	.LVL1:
  52              		.loc 1 43 25 view .LVU6
  53 0014 6946     		mov	r1, sp
  54              	.LVL2:
  55              		.loc 1 43 25 view .LVU7
  56 0016 0648     		ldr	r0, .L5
  57              	.LVL3:
  58              		.loc 1 43 25 view .LVU8
  59 0018 0068     		ldr	r0, [r0]
  60 001a FFF7FEFF 		bl	xStreamBufferSend
  61              	.LVL4:
  44:../Core/Src/telemetry.c ****     
  45:../Core/Src/telemetry.c ****     if (bytes_sent != sizeof(Message)) {
  62              		.loc 1 45 5 is_stmt 1 view .LVU9
  63              		.loc 1 45 8 is_stmt 0 view .LVU10
  64 001e 0828     		cmp	r0, #8
  65 0020 03D1     		bne	.L3
  46:../Core/Src/telemetry.c ****         return 0;
  47:../Core/Src/telemetry.c ****     }
  48:../Core/Src/telemetry.c **** 
  49:../Core/Src/telemetry.c ****     return 1;
  66              		.loc 1 49 12 view .LVU11
ARM GAS  /tmp/ccvkEoJW.s 			page 3


  67 0022 0120     		movs	r0, #1
  68              	.LVL5:
  69              	.L1:
  50:../Core/Src/telemetry.c **** }
  70              		.loc 1 50 1 view .LVU12
  71 0024 03B0     		add	sp, sp, #12
  72              	.LCFI2:
  73              		.cfi_remember_state
  74              		.cfi_def_cfa_offset 4
  75              		@ sp needed
  76 0026 5DF804FB 		ldr	pc, [sp], #4
  77              	.LVL6:
  78              	.L3:
  79              	.LCFI3:
  80              		.cfi_restore_state
  46:../Core/Src/telemetry.c ****         return 0;
  81              		.loc 1 46 16 view .LVU13
  82 002a 0020     		movs	r0, #0
  83              	.LVL7:
  46:../Core/Src/telemetry.c ****         return 0;
  84              		.loc 1 46 16 view .LVU14
  85 002c FAE7     		b	.L1
  86              	.L6:
  87 002e 00BF     		.align	2
  88              	.L5:
  89 0030 00000000 		.word	g_telemetry_tx_mb_handle
  90              		.cfi_endproc
  91              	.LFE139:
  93              		.section	.text.uart_transmit_message,"ax",%progbits
  94              		.align	1
  95              		.global	uart_transmit_message
  96              		.syntax unified
  97              		.thumb
  98              		.thumb_func
  99              		.fpu fpv4-sp-d16
 101              	uart_transmit_message:
 102              	.LVL8:
 103              	.LFB140:
  51:../Core/Src/telemetry.c **** 
  52:../Core/Src/telemetry.c **** /**
  53:../Core/Src/telemetry.c ****  * Actually transmit a telemetry packet over uart
  54:../Core/Src/telemetry.c ****  * @param header The header of the message containing the message id and payload size
  55:../Core/Src/telemetry.c ****  * @param payload The payload of the message
  56:../Core/Src/telemetry.c ****  * @param packet_buf The buffer to hold the packet
  57:../Core/Src/telemetry.c ****  * @return 1 if the message was sent successfully, 0 otherwise
  58:../Core/Src/telemetry.c ****  */
  59:../Core/Src/telemetry.c **** int uart_transmit_message(Message *message, uint8_t *packet_buf) {
 104              		.loc 1 59 66 is_stmt 1 view -0
 105              		.cfi_startproc
 106              		@ args = 0, pretend = 0, frame = 0
 107              		@ frame_needed = 0, uses_anonymous_args = 0
 108              		.loc 1 59 66 is_stmt 0 view .LVU16
 109 0000 10B5     		push	{r4, lr}
 110              	.LCFI4:
 111              		.cfi_def_cfa_offset 8
 112              		.cfi_offset 4, -8
 113              		.cfi_offset 14, -4
ARM GAS  /tmp/ccvkEoJW.s 			page 4


 114 0002 0C46     		mov	r4, r1
  60:../Core/Src/telemetry.c ****     int packet_size = generate_packet(message->payload, message->payload_size, packet_buf, message-
 115              		.loc 1 60 5 is_stmt 1 view .LVU17
 116              		.loc 1 60 23 is_stmt 0 view .LVU18
 117 0004 0378     		ldrb	r3, [r0]	@ zero_extendqisi2
 118 0006 0A46     		mov	r2, r1
 119 0008 4178     		ldrb	r1, [r0, #1]	@ zero_extendqisi2
 120              	.LVL9:
 121              		.loc 1 60 23 view .LVU19
 122 000a 4068     		ldr	r0, [r0, #4]
 123              	.LVL10:
 124              		.loc 1 60 23 view .LVU20
 125 000c FFF7FEFF 		bl	generate_packet
 126              	.LVL11:
  61:../Core/Src/telemetry.c **** 
  62:../Core/Src/telemetry.c ****     if (HAL_UART_Transmit_DMA(&telemetry_uart, packet_buf, packet_size) != HAL_OK) {
 127              		.loc 1 62 5 is_stmt 1 view .LVU21
 128              		.loc 1 62 9 is_stmt 0 view .LVU22
 129 0010 82B2     		uxth	r2, r0
 130 0012 2146     		mov	r1, r4
 131 0014 0348     		ldr	r0, .L11
 132              	.LVL12:
 133              		.loc 1 62 9 view .LVU23
 134 0016 FFF7FEFF 		bl	HAL_UART_Transmit_DMA
 135              	.LVL13:
 136              		.loc 1 62 8 view .LVU24
 137 001a 08B9     		cbnz	r0, .L9
  63:../Core/Src/telemetry.c ****         return 0;
  64:../Core/Src/telemetry.c ****     }
  65:../Core/Src/telemetry.c **** 
  66:../Core/Src/telemetry.c ****     return 1;
 138              		.loc 1 66 12 view .LVU25
 139 001c 0120     		movs	r0, #1
 140              	.L7:
  67:../Core/Src/telemetry.c **** }
 141              		.loc 1 67 1 view .LVU26
 142 001e 10BD     		pop	{r4, pc}
 143              	.LVL14:
 144              	.L9:
  63:../Core/Src/telemetry.c ****         return 0;
 145              		.loc 1 63 16 view .LVU27
 146 0020 0020     		movs	r0, #0
 147 0022 FCE7     		b	.L7
 148              	.L12:
 149              		.align	2
 150              	.L11:
 151 0024 00000000 		.word	huart2
 152              		.cfi_endproc
 153              	.LFE140:
 155              		.section	.text.telemetry_tx_task,"ax",%progbits
 156              		.align	1
 157              		.global	telemetry_tx_task
 158              		.syntax unified
 159              		.thumb
 160              		.thumb_func
 161              		.fpu fpv4-sp-d16
 163              	telemetry_tx_task:
ARM GAS  /tmp/ccvkEoJW.s 			page 5


 164              	.LFB138:
  15:../Core/Src/telemetry.c ****     /* Buffer to store the generated packet */
 165              		.loc 1 15 36 is_stmt 1 view -0
 166              		.cfi_startproc
 167              		@ args = 0, pretend = 0, frame = 520
 168              		@ frame_needed = 0, uses_anonymous_args = 0
 169              	.LVL15:
  15:../Core/Src/telemetry.c ****     /* Buffer to store the generated packet */
 170              		.loc 1 15 36 is_stmt 0 view .LVU29
 171 0000 00B5     		push	{lr}
 172              	.LCFI5:
 173              		.cfi_def_cfa_offset 4
 174              		.cfi_offset 14, -4
 175 0002 ADF5037D 		sub	sp, sp, #524
 176              	.LCFI6:
 177              		.cfi_def_cfa_offset 528
 178              	.LVL16:
 179              	.L14:
  17:../Core/Src/telemetry.c ****     /* Temporary buffer to store what is received from the tx queue message buffer */
 180              		.loc 1 17 5 is_stmt 1 discriminator 1 view .LVU30
  19:../Core/Src/telemetry.c ****     
 181              		.loc 1 19 5 discriminator 1 view .LVU31
  21:../Core/Src/telemetry.c ****         xMessageBufferReceive(g_telemetry_tx_mb_handle, tx_temp_message_buffer, TX_PACKET_BUFFER_SI
 182              		.loc 1 21 5 discriminator 1 view .LVU32
 183              	.LBB2:
  22:../Core/Src/telemetry.c **** 
 184              		.loc 1 22 9 discriminator 1 view .LVU33
 185 0006 4FF0FF33 		mov	r3, #-1
 186 000a 4FF48172 		mov	r2, #258
 187 000e 6946     		mov	r1, sp
 188 0010 0448     		ldr	r0, .L16
 189 0012 0068     		ldr	r0, [r0]
 190 0014 FFF7FEFF 		bl	xStreamBufferReceive
 191              	.LVL17:
  24:../Core/Src/telemetry.c ****         uart_transmit_message(message, tx_packet_buffer);
 192              		.loc 1 24 9 discriminator 1 view .LVU34
  25:../Core/Src/telemetry.c ****     }
 193              		.loc 1 25 9 discriminator 1 view .LVU35
 194 0018 41A9     		add	r1, sp, #260
 195 001a 6846     		mov	r0, sp
 196 001c FFF7FEFF 		bl	uart_transmit_message
 197              	.LVL18:
 198              	.LBE2:
  21:../Core/Src/telemetry.c ****         xMessageBufferReceive(g_telemetry_tx_mb_handle, tx_temp_message_buffer, TX_PACKET_BUFFER_SI
 199              		.loc 1 21 11 discriminator 1 view .LVU36
 200 0020 F1E7     		b	.L14
 201              	.L17:
 202 0022 00BF     		.align	2
 203              	.L16:
 204 0024 00000000 		.word	g_telemetry_tx_mb_handle
 205              		.cfi_endproc
 206              	.LFE138:
 208              		.section	.text.rx_process_byte,"ax",%progbits
 209              		.align	1
 210              		.global	rx_process_byte
 211              		.syntax unified
 212              		.thumb
ARM GAS  /tmp/ccvkEoJW.s 			page 6


 213              		.thumb_func
 214              		.fpu fpv4-sp-d16
 216              	rx_process_byte:
 217              	.LVL19:
 218              	.LFB142:
  68:../Core/Src/telemetry.c **** 
  69:../Core/Src/telemetry.c **** /**
  70:../Core/Src/telemetry.c ****  * Task to handle incoming telemetry data
  71:../Core/Src/telemetry.c ****  * @param args Unused
  72:../Core/Src/telemetry.c ****  */
  73:../Core/Src/telemetry.c **** void telemetry_rx_task(void *args) {
  74:../Core/Src/telemetry.c ****     /* Buffer to hold received bytes before they are processed */
  75:../Core/Src/telemetry.c ****     uint8_t bytes_to_process[16];
  76:../Core/Src/telemetry.c **** 
  77:../Core/Src/telemetry.c ****     /* Buffer to hold the extracted packet */
  78:../Core/Src/telemetry.c ****     uint8_t extracted_buffer[9];
  79:../Core/Src/telemetry.c **** 
  80:../Core/Src/telemetry.c ****     /* Buffer to hold the incoming packet before it is extracted */
  81:../Core/Src/telemetry.c ****     uint8_t packet_buffer[9];
  82:../Core/Src/telemetry.c **** 
  83:../Core/Src/telemetry.c ****     /* Current size of incoming packet buffer */
  84:../Core/Src/telemetry.c ****     uint8_t packet_buffer_size = 0;
  85:../Core/Src/telemetry.c **** 
  86:../Core/Src/telemetry.c ****     while (1) {
  87:../Core/Src/telemetry.c ****         /* Wait for new bytes to read */
  88:../Core/Src/telemetry.c ****         int bytes_read = xStreamBufferReceive(g_telemetry_rx_sb_handle, bytes_to_process, 128, port
  89:../Core/Src/telemetry.c ****         
  90:../Core/Src/telemetry.c ****         /* Process them */
  91:../Core/Src/telemetry.c ****         for (int i = 0; i < bytes_read; i ++) {
  92:../Core/Src/telemetry.c ****             rx_process_byte(bytes_to_process[i], packet_buffer, &packet_buffer_size, extracted_buff
  93:../Core/Src/telemetry.c ****         }
  94:../Core/Src/telemetry.c ****     }
  95:../Core/Src/telemetry.c **** }
  96:../Core/Src/telemetry.c **** 
  97:../Core/Src/telemetry.c **** /**
  98:../Core/Src/telemetry.c ****  * Process a single byte of incoming data
  99:../Core/Src/telemetry.c ****  * @param byte The byte to process
 100:../Core/Src/telemetry.c ****  * @param packet_buffer The buffer to hold the incoming packet
 101:../Core/Src/telemetry.c ****  * @param packet_buffer_size The current size of the incoming packet buffer
 102:../Core/Src/telemetry.c ****  * @param extracted_buffer The buffer to hold the extracted packet
 103:../Core/Src/telemetry.c ****  */
 104:../Core/Src/telemetry.c **** void rx_process_byte(uint8_t byte, uint8_t *packet_buffer, uint8_t *packet_buffer_size, uint8_t *ex
 219              		.loc 1 104 116 view -0
 220              		.cfi_startproc
 221              		@ args = 0, pretend = 0, frame = 0
 222              		@ frame_needed = 0, uses_anonymous_args = 0
 223              		.loc 1 104 116 is_stmt 0 view .LVU38
 224 0000 70B5     		push	{r4, r5, r6, lr}
 225              	.LCFI7:
 226              		.cfi_def_cfa_offset 16
 227              		.cfi_offset 4, -16
 228              		.cfi_offset 5, -12
 229              		.cfi_offset 6, -8
 230              		.cfi_offset 14, -4
 231 0002 0E46     		mov	r6, r1
 232 0004 1446     		mov	r4, r2
 233 0006 1D46     		mov	r5, r3
ARM GAS  /tmp/ccvkEoJW.s 			page 7


 105:../Core/Src/telemetry.c ****     int next_packet_buffer_size = process_incoming_byte(byte, packet_buffer, *packet_buffer_size);
 234              		.loc 1 105 5 is_stmt 1 view .LVU39
 235              		.loc 1 105 35 is_stmt 0 view .LVU40
 236 0008 1278     		ldrb	r2, [r2]	@ zero_extendqisi2
 237              	.LVL20:
 238              		.loc 1 105 35 view .LVU41
 239 000a FFF7FEFF 		bl	process_incoming_byte
 240              	.LVL21:
 106:../Core/Src/telemetry.c **** 
 107:../Core/Src/telemetry.c ****     if (next_packet_buffer_size < 0) {
 241              		.loc 1 107 5 is_stmt 1 view .LVU42
 242              		.loc 1 107 8 is_stmt 0 view .LVU43
 243 000e 0028     		cmp	r0, #0
 244              		.loc 1 107 8 view .LVU44
 245 0010 01DB     		blt	.L22
 108:../Core/Src/telemetry.c ****         next_packet_buffer_size = -next_packet_buffer_size;
 109:../Core/Src/telemetry.c **** 
 110:../Core/Src/telemetry.c ****         if (verify_packet(packet_buffer, next_packet_buffer_size)) {
 111:../Core/Src/telemetry.c ****             int extracted_buffer_size = next_packet_buffer_size - 5;
 112:../Core/Src/telemetry.c ****             int message_id = extract_packet(packet_buffer, next_packet_buffer_size, extracted_buffe
 113:../Core/Src/telemetry.c **** 
 114:../Core/Src/telemetry.c ****             if (message_id != 1) return;
 115:../Core/Src/telemetry.c ****         }
 116:../Core/Src/telemetry.c ****     } else {
 117:../Core/Src/telemetry.c ****         *packet_buffer_size = next_packet_buffer_size;
 246              		.loc 1 117 9 is_stmt 1 view .LVU45
 247              		.loc 1 117 29 is_stmt 0 view .LVU46
 248 0012 2070     		strb	r0, [r4]
 249              	.LVL22:
 250              	.L18:
 118:../Core/Src/telemetry.c ****     }
 119:../Core/Src/telemetry.c **** }...
 251              		.loc 1 119 1 view .LVU47
 252 0014 70BD     		pop	{r4, r5, r6, pc}
 253              	.LVL23:
 254              	.L22:
 108:../Core/Src/telemetry.c ****         next_packet_buffer_size = -next_packet_buffer_size;
 255              		.loc 1 108 9 is_stmt 1 view .LVU48
 108:../Core/Src/telemetry.c ****         next_packet_buffer_size = -next_packet_buffer_size;
 256              		.loc 1 108 33 is_stmt 0 view .LVU49
 257 0016 4442     		rsbs	r4, r0, #0
 258              	.LVL24:
 110:../Core/Src/telemetry.c ****         if (verify_packet(packet_buffer, next_packet_buffer_size)) {
 259              		.loc 1 110 9 is_stmt 1 view .LVU50
 110:../Core/Src/telemetry.c ****         if (verify_packet(packet_buffer, next_packet_buffer_size)) {
 260              		.loc 1 110 13 is_stmt 0 view .LVU51
 261 0018 2146     		mov	r1, r4
 262 001a 3046     		mov	r0, r6
 263 001c FFF7FEFF 		bl	verify_packet
 264              	.LVL25:
 110:../Core/Src/telemetry.c ****         if (verify_packet(packet_buffer, next_packet_buffer_size)) {
 265              		.loc 1 110 12 view .LVU52
 266 0020 0028     		cmp	r0, #0
 267 0022 F7D0     		beq	.L18
 268              	.LBB3:
 111:../Core/Src/telemetry.c ****             int extracted_buffer_size = next_packet_buffer_size - 5;
 269              		.loc 1 111 13 is_stmt 1 view .LVU53
ARM GAS  /tmp/ccvkEoJW.s 			page 8


 270              	.LVL26:
 112:../Core/Src/telemetry.c ****             int message_id = extract_packet(packet_buffer, next_packet_buffer_size, extracted_buffe
 271              		.loc 1 112 13 view .LVU54
 112:../Core/Src/telemetry.c ****             int message_id = extract_packet(packet_buffer, next_packet_buffer_size, extracted_buffe
 272              		.loc 1 112 30 is_stmt 0 view .LVU55
 273 0024 2A46     		mov	r2, r5
 274 0026 2146     		mov	r1, r4
 275 0028 3046     		mov	r0, r6
 276 002a FFF7FEFF 		bl	extract_packet
 277              	.LVL27:
 114:../Core/Src/telemetry.c ****             if (message_id != 1) return;
 278              		.loc 1 114 13 is_stmt 1 view .LVU56
 279 002e F1E7     		b	.L18
 280              	.LBE3:
 281              		.cfi_endproc
 282              	.LFE142:
 284              		.section	.text.telemetry_rx_task,"ax",%progbits
 285              		.align	1
 286              		.global	telemetry_rx_task
 287              		.syntax unified
 288              		.thumb
 289              		.thumb_func
 290              		.fpu fpv4-sp-d16
 292              	telemetry_rx_task:
 293              	.LVL28:
 294              	.LFB141:
  73:../Core/Src/telemetry.c **** void telemetry_rx_task(void *args) {
 295              		.loc 1 73 36 view -0
 296              		.cfi_startproc
 297              		@ args = 0, pretend = 0, frame = 48
 298              		@ frame_needed = 0, uses_anonymous_args = 0
  73:../Core/Src/telemetry.c **** void telemetry_rx_task(void *args) {
 299              		.loc 1 73 36 is_stmt 0 view .LVU58
 300 0000 30B5     		push	{r4, r5, lr}
 301              	.LCFI8:
 302              		.cfi_def_cfa_offset 12
 303              		.cfi_offset 4, -12
 304              		.cfi_offset 5, -8
 305              		.cfi_offset 14, -4
 306 0002 8DB0     		sub	sp, sp, #52
 307              	.LCFI9:
 308              		.cfi_def_cfa_offset 64
  75:../Core/Src/telemetry.c ****     uint8_t bytes_to_process[16];
 309              		.loc 1 75 5 is_stmt 1 view .LVU59
  78:../Core/Src/telemetry.c ****     uint8_t extracted_buffer[9];
 310              		.loc 1 78 5 view .LVU60
  81:../Core/Src/telemetry.c ****     uint8_t packet_buffer[9];
 311              		.loc 1 81 5 view .LVU61
  84:../Core/Src/telemetry.c ****     uint8_t packet_buffer_size = 0;
 312              		.loc 1 84 5 view .LVU62
  84:../Core/Src/telemetry.c ****     uint8_t packet_buffer_size = 0;
 313              		.loc 1 84 13 is_stmt 0 view .LVU63
 314 0004 0023     		movs	r3, #0
 315 0006 8DF80730 		strb	r3, [sp, #7]
 316              	.LVL29:
 317              	.L26:
  86:../Core/Src/telemetry.c ****     while (1) {
ARM GAS  /tmp/ccvkEoJW.s 			page 9


 318              		.loc 1 86 5 is_stmt 1 view .LVU64
 319              	.LBB4:
  88:../Core/Src/telemetry.c ****         int bytes_read = xStreamBufferReceive(g_telemetry_rx_sb_handle, bytes_to_process, 128, port
 320              		.loc 1 88 9 view .LVU65
  88:../Core/Src/telemetry.c ****         int bytes_read = xStreamBufferReceive(g_telemetry_rx_sb_handle, bytes_to_process, 128, port
 321              		.loc 1 88 26 is_stmt 0 view .LVU66
 322 000a 4FF0FF33 		mov	r3, #-1
 323 000e 8022     		movs	r2, #128
 324 0010 08A9     		add	r1, sp, #32
 325 0012 0B48     		ldr	r0, .L28
 326 0014 0068     		ldr	r0, [r0]
 327 0016 FFF7FEFF 		bl	xStreamBufferReceive
 328              	.LVL30:
 329 001a 0446     		mov	r4, r0
 330              	.LVL31:
  91:../Core/Src/telemetry.c ****         for (int i = 0; i < bytes_read; i ++) {
 331              		.loc 1 91 9 is_stmt 1 view .LVU67
 332              	.LBB5:
  91:../Core/Src/telemetry.c ****         for (int i = 0; i < bytes_read; i ++) {
 333              		.loc 1 91 14 view .LVU68
  91:../Core/Src/telemetry.c ****         for (int i = 0; i < bytes_read; i ++) {
 334              		.loc 1 91 18 is_stmt 0 view .LVU69
 335 001c 0025     		movs	r5, #0
 336              	.LVL32:
 337              	.L24:
  91:../Core/Src/telemetry.c ****         for (int i = 0; i < bytes_read; i ++) {
 338              		.loc 1 91 25 is_stmt 1 discriminator 1 view .LVU70
  91:../Core/Src/telemetry.c ****         for (int i = 0; i < bytes_read; i ++) {
 339              		.loc 1 91 9 is_stmt 0 discriminator 1 view .LVU71
 340 001e A542     		cmp	r5, r4
 341 0020 F3DA     		bge	.L26
  92:../Core/Src/telemetry.c ****             rx_process_byte(bytes_to_process[i], packet_buffer, &packet_buffer_size, extracted_buff
 342              		.loc 1 92 13 is_stmt 1 discriminator 3 view .LVU72
 343 0022 05F13003 		add	r3, r5, #48
 344 0026 0DEB0300 		add	r0, sp, r3
 345 002a 05AB     		add	r3, sp, #20
 346 002c 0DF10702 		add	r2, sp, #7
 347 0030 02A9     		add	r1, sp, #8
 348 0032 10F8100C 		ldrb	r0, [r0, #-16]	@ zero_extendqisi2
 349 0036 FFF7FEFF 		bl	rx_process_byte
 350              	.LVL33:
  91:../Core/Src/telemetry.c ****         for (int i = 0; i < bytes_read; i ++) {
 351              		.loc 1 91 41 discriminator 3 view .LVU73
  91:../Core/Src/telemetry.c ****         for (int i = 0; i < bytes_read; i ++) {
 352              		.loc 1 91 43 is_stmt 0 discriminator 3 view .LVU74
 353 003a 0135     		adds	r5, r5, #1
 354              	.LVL34:
  91:../Core/Src/telemetry.c ****         for (int i = 0; i < bytes_read; i ++) {
 355              		.loc 1 91 43 discriminator 3 view .LVU75
 356 003c EFE7     		b	.L24
 357              	.L29:
 358 003e 00BF     		.align	2
 359              	.L28:
 360 0040 00000000 		.word	g_telemetry_rx_sb_handle
 361              	.LBE5:
 362              	.LBE4:
 363              		.cfi_endproc
ARM GAS  /tmp/ccvkEoJW.s 			page 10


 364              	.LFE141:
 366              		.text
 367              	.Letext0:
 368              		.file 2 "/usr/lib/gcc/arm-none-eabi/10.3.1/include/stdint.h"
 369              		.file 3 "../Core/Include/telemetry.h"
 370              		.file 4 "/usr/lib/gcc/arm-none-eabi/10.3.1/include/stddef.h"
 371              		.file 5 "Core/Inc/portmacro.h"
 372              		.file 6 "../Core/FreeRTOS-Kernel/include/stream_buffer.h"
 373              		.file 7 "../Core/FreeRTOS-Kernel/include/message_buffer.h"
 374              		.file 8 "Drivers/CMSIS/Device/ST/STM32F4xx/Include/stm32f429xx.h"
 375              		.file 9 "Drivers/STM32F4xx_HAL_Driver/Inc/stm32f4xx_hal_def.h"
 376              		.file 10 "Drivers/STM32F4xx_HAL_Driver/Inc/stm32f4xx_hal_dma.h"
 377              		.file 11 "Drivers/STM32F4xx_HAL_Driver/Inc/stm32f4xx_hal_uart.h"
 378              		.file 12 "../Core/Include/globals.h"
 379              		.file 13 "../Core/Include/packet_encode.h"
ARM GAS  /tmp/ccvkEoJW.s 			page 11


DEFINED SYMBOLS
                            *ABS*:0000000000000000 telemetry.c
     /tmp/ccvkEoJW.s:18     .text.send_message:0000000000000000 $t
     /tmp/ccvkEoJW.s:26     .text.send_message:0000000000000000 send_message
     /tmp/ccvkEoJW.s:89     .text.send_message:0000000000000030 $d
     /tmp/ccvkEoJW.s:94     .text.uart_transmit_message:0000000000000000 $t
     /tmp/ccvkEoJW.s:101    .text.uart_transmit_message:0000000000000000 uart_transmit_message
     /tmp/ccvkEoJW.s:151    .text.uart_transmit_message:0000000000000024 $d
     /tmp/ccvkEoJW.s:156    .text.telemetry_tx_task:0000000000000000 $t
     /tmp/ccvkEoJW.s:163    .text.telemetry_tx_task:0000000000000000 telemetry_tx_task
     /tmp/ccvkEoJW.s:204    .text.telemetry_tx_task:0000000000000024 $d
     /tmp/ccvkEoJW.s:209    .text.rx_process_byte:0000000000000000 $t
     /tmp/ccvkEoJW.s:216    .text.rx_process_byte:0000000000000000 rx_process_byte
     /tmp/ccvkEoJW.s:285    .text.telemetry_rx_task:0000000000000000 $t
     /tmp/ccvkEoJW.s:292    .text.telemetry_rx_task:0000000000000000 telemetry_rx_task
     /tmp/ccvkEoJW.s:360    .text.telemetry_rx_task:0000000000000040 $d

UNDEFINED SYMBOLS
xStreamBufferSend
g_telemetry_tx_mb_handle
generate_packet
HAL_UART_Transmit_DMA
huart2
xStreamBufferReceive
process_incoming_byte
verify_packet
extract_packet
g_telemetry_rx_sb_handle
