ARM GAS  /tmp/ccUG8N8i.s 			page 1


   1              		.cpu cortex-m4
   2              		.eabi_attribute 27, 1
   3              		.eabi_attribute 28, 1
   4              		.eabi_attribute 20, 1
   5              		.eabi_attribute 21, 1
   6              		.eabi_attribute 23, 3
   7              		.eabi_attribute 24, 1
   8              		.eabi_attribute 25, 1
   9              		.eabi_attribute 26, 1
  10              		.eabi_attribute 30, 1
  11              		.eabi_attribute 34, 1
  12              		.eabi_attribute 18, 4
  13              		.file	"transmission_manager.c"
  14              		.text
  15              	.Ltext0:
  16              		.cfi_sections	.debug_frame
  17              		.section	.text.sendBurstData,"ax",%progbits
  18              		.align	1
  19              		.global	sendBurstData
  20              		.arch armv7e-m
  21              		.syntax unified
  22              		.thumb
  23              		.thumb_func
  24              		.fpu fpv4-sp-d16
  26              	sendBurstData:
  27              	.LVL0:
  28              	.LFB3:
  29              		.file 1 "../Core/Src/transmission_manager.c"
   1:../Core/Src/transmission_manager.c **** #include "transmission_manager.h"
   2:../Core/Src/transmission_manager.c **** 
   3:../Core/Src/transmission_manager.c **** // BROKEN
   4:../Core/Src/transmission_manager.c **** void sendBurstData(struct TransmissionState* state) {
  30              		.loc 1 4 53 view -0
  31              		.cfi_startproc
  32              		@ args = 0, pretend = 0, frame = 0
  33              		@ frame_needed = 0, uses_anonymous_args = 0
  34              		@ link register save eliminated.
   5:../Core/Src/transmission_manager.c ****     int sent_bytes = 0;
  35              		.loc 1 5 5 view .LVU1
   6:../Core/Src/transmission_manager.c **** 
   7:../Core/Src/transmission_manager.c ****     // Check array bounds for safety
   8:../Core/Src/transmission_manager.c ****     if (state->nextInQueue < 0 || state->nextInQueue >= NUMBER_TELEMETRY_PACKETS) {
  36              		.loc 1 8 5 view .LVU2
  37              		.loc 1 8 14 is_stmt 0 view .LVU3
  38 0000 0368     		ldr	r3, [r0]
  39              		.loc 1 8 8 view .LVU4
  40 0002 0BB1     		cbz	r3, .L2
   9:../Core/Src/transmission_manager.c ****         state->nextInQueue = 0;
  41              		.loc 1 9 9 is_stmt 1 view .LVU5
  42              		.loc 1 9 28 is_stmt 0 view .LVU6
  43 0004 0023     		movs	r3, #0
  44 0006 0360     		str	r3, [r0]
  45              	.L2:
   4:../Core/Src/transmission_manager.c ****     int sent_bytes = 0;
  46              		.loc 1 4 53 discriminator 1 view .LVU7
  47 0008 0023     		movs	r3, #0
  48 000a 07E0     		b	.L4
ARM GAS  /tmp/ccUG8N8i.s 			page 2


  49              	.LVL1:
  50              	.L5:
  51              	.LBB2:
  10:../Core/Src/transmission_manager.c ****     }
  11:../Core/Src/transmission_manager.c **** 
  12:../Core/Src/transmission_manager.c ****     for (int number_checked_packets = 0; number_checked_packets < NUMBER_TELEMETRY_PACKETS; number_
  13:../Core/Src/transmission_manager.c ****         //if (!shouldSend(state, state->nextInQueue)) {
  14:../Core/Src/transmission_manager.c ****         //    continue;
  15:../Core/Src/transmission_manager.c ****         //}
  16:../Core/Src/transmission_manager.c **** 
  17:../Core/Src/transmission_manager.c ****         // TODO: Send this message and increment sent_bytes
  18:../Core/Src/transmission_manager.c **** 
  19:../Core/Src/transmission_manager.c ****         state->nextInQueue++;
  52              		.loc 1 19 9 is_stmt 1 view .LVU8
  53              		.loc 1 19 14 is_stmt 0 view .LVU9
  54 000c 0268     		ldr	r2, [r0]
  55              		.loc 1 19 27 view .LVU10
  56 000e 0132     		adds	r2, r2, #1
  57 0010 0260     		str	r2, [r0]
  20:../Core/Src/transmission_manager.c ****         if (state->nextInQueue >= NUMBER_TELEMETRY_PACKETS) {
  58              		.loc 1 20 9 is_stmt 1 view .LVU11
  59              		.loc 1 20 12 is_stmt 0 view .LVU12
  60 0012 002A     		cmp	r2, #0
  61 0014 01DD     		ble	.L3
  21:../Core/Src/transmission_manager.c ****             state->nextInQueue = 0;
  62              		.loc 1 21 13 is_stmt 1 view .LVU13
  63              		.loc 1 21 32 is_stmt 0 view .LVU14
  64 0016 0022     		movs	r2, #0
  65 0018 0260     		str	r2, [r0]
  66              	.L3:
  22:../Core/Src/transmission_manager.c ****         }
  23:../Core/Src/transmission_manager.c **** 
  24:../Core/Src/transmission_manager.c ****         // Reached max burst send capacity
  25:../Core/Src/transmission_manager.c ****         if (sent_bytes >= MAX_BURST_SIZE_BYTES) {
  67              		.loc 1 25 9 is_stmt 1 view .LVU15
  12:../Core/Src/transmission_manager.c ****         //if (!shouldSend(state, state->nextInQueue)) {
  68              		.loc 1 12 93 view .LVU16
  12:../Core/Src/transmission_manager.c ****         //if (!shouldSend(state, state->nextInQueue)) {
  69              		.loc 1 12 115 is_stmt 0 view .LVU17
  70 001a 0133     		adds	r3, r3, #1
  71              	.LVL2:
  72              	.L4:
  12:../Core/Src/transmission_manager.c ****         //if (!shouldSend(state, state->nextInQueue)) {
  73              		.loc 1 12 42 is_stmt 1 discriminator 1 view .LVU18
  12:../Core/Src/transmission_manager.c ****         //if (!shouldSend(state, state->nextInQueue)) {
  74              		.loc 1 12 5 is_stmt 0 discriminator 1 view .LVU19
  75 001c 002B     		cmp	r3, #0
  76 001e F5DD     		ble	.L5
  77              	.LBE2:
  26:../Core/Src/transmission_manager.c ****             return;
  27:../Core/Src/transmission_manager.c ****         }
  28:../Core/Src/transmission_manager.c ****     }
  29:../Core/Src/transmission_manager.c **** }...
  78              		.loc 1 29 1 view .LVU20
  79 0020 7047     		bx	lr
  80              		.cfi_endproc
  81              	.LFE3:
ARM GAS  /tmp/ccUG8N8i.s 			page 3


  83              		.text
  84              	.Letext0:
  85              		.file 2 "../Core/Include/transmission_manager.h"
ARM GAS  /tmp/ccUG8N8i.s 			page 4


DEFINED SYMBOLS
                            *ABS*:0000000000000000 transmission_manager.c
     /tmp/ccUG8N8i.s:18     .text.sendBurstData:0000000000000000 $t
     /tmp/ccUG8N8i.s:26     .text.sendBurstData:0000000000000000 sendBurstData

NO UNDEFINED SYMBOLS
