ARM GAS  /tmp/ccSFoL4S.s 			page 1


   1              		.cpu cortex-m7
   2              		.eabi_attribute 28, 1
   3              		.eabi_attribute 20, 1
   4              		.eabi_attribute 21, 1
   5              		.eabi_attribute 23, 3
   6              		.eabi_attribute 24, 1
   7              		.eabi_attribute 25, 1
   8              		.eabi_attribute 26, 1
   9              		.eabi_attribute 30, 1
  10              		.eabi_attribute 34, 1
  11              		.eabi_attribute 18, 4
  12              		.file	"blink.c"
  13              		.text
  14              	.Ltext0:
  15              		.cfi_sections	.debug_frame
  16              		.section	.text.blink_task,"ax",%progbits
  17              		.align	1
  18              		.global	blink_task
  19              		.arch armv7e-m
  20              		.syntax unified
  21              		.thumb
  22              		.thumb_func
  23              		.fpu fpv5-d16
  25              	blink_task:
  26              	.LFB148:
  27              		.file 1 "../Core/Tests/Src/blink.c"
   1:../Core/Tests/Src/blink.c **** #include "blink.h"
   2:../Core/Tests/Src/blink.c **** 
   3:../Core/Tests/Src/blink.c **** #include "FreeRTOS.h"
   4:../Core/Tests/Src/blink.c **** #include "task.h"
   5:../Core/Tests/Src/blink.c **** 
   6:../Core/Tests/Src/blink.c **** #include "port_config.h"
   7:../Core/Tests/Src/blink.c **** 
   8:../Core/Tests/Src/blink.c **** void blink_task(void *args) {
  28              		.loc 1 8 29 view -0
  29              		.cfi_startproc
  30              		@ Volatile: function does not return.
  31              		@ args = 0, pretend = 0, frame = 0
  32              		@ frame_needed = 0, uses_anonymous_args = 0
  33              	.LVL0:
  34              		.loc 1 8 29 is_stmt 0 view .LVU1
  35 0000 08B5     		push	{r3, lr}
  36              	.LCFI0:
  37              		.cfi_def_cfa_offset 8
  38              		.cfi_offset 3, -8
  39              		.cfi_offset 14, -4
  40              	.LVL1:
  41              	.L2:
   9:../Core/Tests/Src/blink.c ****     while (1) {
  42              		.loc 1 9 5 is_stmt 1 discriminator 1 view .LVU2
  10:../Core/Tests/Src/blink.c ****         HAL_GPIO_TogglePin(GPIOB, GPIO_PIN_0);
  43              		.loc 1 10 9 discriminator 1 view .LVU3
  44 0002 0121     		movs	r1, #1
  45 0004 0348     		ldr	r0, .L4
  46 0006 FFF7FEFF 		bl	HAL_GPIO_TogglePin
  47              	.LVL2:
  11:../Core/Tests/Src/blink.c ****         vTaskDelay(1000);
ARM GAS  /tmp/ccSFoL4S.s 			page 2


  48              		.loc 1 11 9 discriminator 1 view .LVU4
  49 000a 4FF47A70 		mov	r0, #1000
  50 000e FFF7FEFF 		bl	vTaskDelay
  51              	.LVL3:
   9:../Core/Tests/Src/blink.c ****     while (1) {
  52              		.loc 1 9 11 discriminator 1 view .LVU5
  53 0012 F6E7     		b	.L2
  54              	.L5:
  55              		.align	2
  56              	.L4:
  57 0014 00040258 		.word	1476527104
  58              		.cfi_endproc
  59              	.LFE148:
  61              		.text
  62              	.Letext0:
  63              		.file 2 "/usr/lib/gcc/arm-none-eabi/10.3.1/include/stdint.h"
  64              		.file 3 "Drivers/CMSIS/Device/ST/STM32H7xx/Include/stm32h723xx.h"
  65              		.file 4 "Drivers/STM32H7xx_HAL_Driver/Inc/stm32h7xx_hal_gpio.h"
  66              		.file 5 "../Core/FreeRTOS-Kernel/include/task.h"
ARM GAS  /tmp/ccSFoL4S.s 			page 3


DEFINED SYMBOLS
                            *ABS*:0000000000000000 blink.c
     /tmp/ccSFoL4S.s:17     .text.blink_task:0000000000000000 $t
     /tmp/ccSFoL4S.s:25     .text.blink_task:0000000000000000 blink_task
     /tmp/ccSFoL4S.s:57     .text.blink_task:0000000000000014 $d

UNDEFINED SYMBOLS
HAL_GPIO_TogglePin
vTaskDelay
