ARM GAS  /var/folders/cy/8kgpsxf90rz6cg1g85ws44fm0000gn/T//ccp5G46g.s 			page 1


   1              		.cpu cortex-m7
   2              		.arch armv7e-m
   3              		.fpu fpv5-d16
   4              		.eabi_attribute 28, 1
   5              		.eabi_attribute 20, 1
   6              		.eabi_attribute 21, 1
   7              		.eabi_attribute 23, 3
   8              		.eabi_attribute 24, 1
   9              		.eabi_attribute 25, 1
  10              		.eabi_attribute 26, 1
  11              		.eabi_attribute 30, 1
  12              		.eabi_attribute 34, 1
  13              		.eabi_attribute 18, 4
  14              		.file	"ff_gen_drv.c"
  15              		.text
  16              	.Ltext0:
  17              		.cfi_sections	.debug_frame
  18              		.file 1 "../../Extensions/fatfs//src/ff_gen_drv.c"
  19              		.section	.text.FATFS_LinkDriverEx,"ax",%progbits
  20              		.align	1
  21              		.global	FATFS_LinkDriverEx
  22              		.syntax unified
  23              		.thumb
  24              		.thumb_func
  26              	FATFS_LinkDriverEx:
  27              	.LVL0:
  28              	.LFB350:
   1:../../Extensions/fatfs//src/ff_gen_drv.c **** /**
   2:../../Extensions/fatfs//src/ff_gen_drv.c ****   ******************************************************************************
   3:../../Extensions/fatfs//src/ff_gen_drv.c ****   * @file    ff_gen_drv.c
   4:../../Extensions/fatfs//src/ff_gen_drv.c ****   * @author  MCD Application Team
   5:../../Extensions/fatfs//src/ff_gen_drv.c ****   * @brief   FatFs generic low level driver.
   6:../../Extensions/fatfs//src/ff_gen_drv.c ****   *****************************************************************************
   7:../../Extensions/fatfs//src/ff_gen_drv.c ****   * @attention
   8:../../Extensions/fatfs//src/ff_gen_drv.c ****   *
   9:../../Extensions/fatfs//src/ff_gen_drv.c ****   * Copyright (c) 2017 STMicroelectronics. All rights reserved.
  10:../../Extensions/fatfs//src/ff_gen_drv.c ****   *
  11:../../Extensions/fatfs//src/ff_gen_drv.c ****   * This software component is licensed by ST under BSD 3-Clause license,
  12:../../Extensions/fatfs//src/ff_gen_drv.c ****   * the "License"; You may not use this file except in compliance with the
  13:../../Extensions/fatfs//src/ff_gen_drv.c ****   * License. You may obtain a copy of the License at:
  14:../../Extensions/fatfs//src/ff_gen_drv.c ****   *                       opensource.org/licenses/BSD-3-Clause
  15:../../Extensions/fatfs//src/ff_gen_drv.c ****   *
  16:../../Extensions/fatfs//src/ff_gen_drv.c ****   ******************************************************************************
  17:../../Extensions/fatfs//src/ff_gen_drv.c **** **/
  18:../../Extensions/fatfs//src/ff_gen_drv.c **** /* Includes ------------------------------------------------------------------*/
  19:../../Extensions/fatfs//src/ff_gen_drv.c **** #include "ff_gen_drv.h"
  20:../../Extensions/fatfs//src/ff_gen_drv.c **** 
  21:../../Extensions/fatfs//src/ff_gen_drv.c **** /* Private typedef -----------------------------------------------------------*/
  22:../../Extensions/fatfs//src/ff_gen_drv.c **** /* Private define ------------------------------------------------------------*/
  23:../../Extensions/fatfs//src/ff_gen_drv.c **** /* Private variables ---------------------------------------------------------*/
  24:../../Extensions/fatfs//src/ff_gen_drv.c **** Disk_drvTypeDef disk = {{0},{0},{0},0};
  25:../../Extensions/fatfs//src/ff_gen_drv.c **** 
  26:../../Extensions/fatfs//src/ff_gen_drv.c **** /* Private function prototypes -----------------------------------------------*/
  27:../../Extensions/fatfs//src/ff_gen_drv.c **** /* Private functions ---------------------------------------------------------*/
  28:../../Extensions/fatfs//src/ff_gen_drv.c **** 
  29:../../Extensions/fatfs//src/ff_gen_drv.c **** /**
  30:../../Extensions/fatfs//src/ff_gen_drv.c ****   * @brief  Links a compatible diskio driver/lun id and increments the number of active
ARM GAS  /var/folders/cy/8kgpsxf90rz6cg1g85ws44fm0000gn/T//ccp5G46g.s 			page 2


  31:../../Extensions/fatfs//src/ff_gen_drv.c ****   *         linked drivers.
  32:../../Extensions/fatfs//src/ff_gen_drv.c ****   * @note   The number of linked drivers (volumes) is up to 10 due to FatFs limits.
  33:../../Extensions/fatfs//src/ff_gen_drv.c ****   * @param  drv: pointer to the disk IO Driver structure
  34:../../Extensions/fatfs//src/ff_gen_drv.c ****   * @param  path: pointer to the logical drive path
  35:../../Extensions/fatfs//src/ff_gen_drv.c ****   * @param  lun : only used for USB Key Disk to add multi-lun management
  36:../../Extensions/fatfs//src/ff_gen_drv.c ****             else the parameter must be equal to 0
  37:../../Extensions/fatfs//src/ff_gen_drv.c ****   * @retval Returns 0 in case of success, otherwise 1.
  38:../../Extensions/fatfs//src/ff_gen_drv.c ****   */
  39:../../Extensions/fatfs//src/ff_gen_drv.c **** uint8_t FATFS_LinkDriverEx(const Diskio_drvTypeDef *drv, char *path, uint8_t lun)
  40:../../Extensions/fatfs//src/ff_gen_drv.c **** {
  29              		.loc 1 40 1 view -0
  30              		.cfi_startproc
  31              		@ args = 0, pretend = 0, frame = 0
  32              		@ frame_needed = 0, uses_anonymous_args = 0
  41:../../Extensions/fatfs//src/ff_gen_drv.c ****   uint8_t ret = 1;
  33              		.loc 1 41 3 view .LVU1
  42:../../Extensions/fatfs//src/ff_gen_drv.c ****   uint8_t DiskNum = 0;
  34              		.loc 1 42 3 view .LVU2
  43:../../Extensions/fatfs//src/ff_gen_drv.c **** 
  44:../../Extensions/fatfs//src/ff_gen_drv.c ****   if(disk.nbr < _VOLUMES)
  35              		.loc 1 44 3 view .LVU3
  36              		.loc 1 44 10 is_stmt 0 view .LVU4
  37 0000 134B     		ldr	r3, .L8
  38 0002 5B7A     		ldrb	r3, [r3, #9]	@ zero_extendqisi2
  39              		.loc 1 44 5 view .LVU5
  40 0004 13BB     		cbnz	r3, .L3
  40:../../Extensions/fatfs//src/ff_gen_drv.c ****   uint8_t ret = 1;
  41              		.loc 1 40 1 view .LVU6
  42 0006 10B5     		push	{r4, lr}
  43              	.LCFI0:
  44              		.cfi_def_cfa_offset 8
  45              		.cfi_offset 4, -8
  46              		.cfi_offset 14, -4
  47 0008 0446     		mov	r4, r0
  48 000a 03F0FF00 		and	r0, r3, #255
  49              	.LVL1:
  45:../../Extensions/fatfs//src/ff_gen_drv.c ****   {
  46:../../Extensions/fatfs//src/ff_gen_drv.c ****     disk.is_initialized[disk.nbr] = 0;
  50              		.loc 1 46 5 is_stmt 1 view .LVU7
  51              		.loc 1 46 29 is_stmt 0 view .LVU8
  52 000e 104B     		ldr	r3, .L8
  53 0010 93F809C0 		ldrb	ip, [r3, #9]	@ zero_extendqisi2
  54 0014 5FFA8CFC 		uxtb	ip, ip
  55              		.loc 1 46 35 view .LVU9
  56 0018 4FF0000E 		mov	lr, #0
  57 001c 03F80CE0 		strb	lr, [r3, ip]
  47:../../Extensions/fatfs//src/ff_gen_drv.c ****     disk.drv[disk.nbr] = drv;
  58              		.loc 1 47 5 is_stmt 1 view .LVU10
  59              		.loc 1 47 18 is_stmt 0 view .LVU11
  60 0020 93F809C0 		ldrb	ip, [r3, #9]	@ zero_extendqisi2
  61              		.loc 1 47 24 view .LVU12
  62 0024 03EB8C0C 		add	ip, r3, ip, lsl #2
  63 0028 CCF80440 		str	r4, [ip, #4]
  48:../../Extensions/fatfs//src/ff_gen_drv.c ****     disk.lun[disk.nbr] = lun;
  64              		.loc 1 48 5 is_stmt 1 view .LVU13
  65              		.loc 1 48 18 is_stmt 0 view .LVU14
  66 002c 5C7A     		ldrb	r4, [r3, #9]	@ zero_extendqisi2
ARM GAS  /var/folders/cy/8kgpsxf90rz6cg1g85ws44fm0000gn/T//ccp5G46g.s 			page 3


  67              	.LVL2:
  68              		.loc 1 48 24 view .LVU15
  69 002e 1C44     		add	r4, r4, r3
  70 0030 2272     		strb	r2, [r4, #8]
  49:../../Extensions/fatfs//src/ff_gen_drv.c ****     DiskNum = disk.nbr++;
  71              		.loc 1 49 5 is_stmt 1 view .LVU16
  72              		.loc 1 49 19 is_stmt 0 view .LVU17
  73 0032 5A7A     		ldrb	r2, [r3, #9]	@ zero_extendqisi2
  74              	.LVL3:
  75              		.loc 1 49 23 view .LVU18
  76 0034 541C     		adds	r4, r2, #1
  77              	.LVL4:
  78              		.loc 1 49 23 view .LVU19
  79 0036 E4B2     		uxtb	r4, r4
  80 0038 5C72     		strb	r4, [r3, #9]
  81              	.LVL5:
  50:../../Extensions/fatfs//src/ff_gen_drv.c ****     path[0] = DiskNum + '0';
  82              		.loc 1 50 5 is_stmt 1 view .LVU20
  83              		.loc 1 50 23 is_stmt 0 view .LVU21
  84 003a 3032     		adds	r2, r2, #48
  85              	.LVL6:
  86              		.loc 1 50 13 view .LVU22
  87 003c 0A70     		strb	r2, [r1]
  88              	.LVL7:
  51:../../Extensions/fatfs//src/ff_gen_drv.c ****     path[1] = ':';
  89              		.loc 1 51 5 is_stmt 1 view .LVU23
  90              		.loc 1 51 13 is_stmt 0 view .LVU24
  91 003e 3A23     		movs	r3, #58
  92 0040 4B70     		strb	r3, [r1, #1]
  52:../../Extensions/fatfs//src/ff_gen_drv.c ****     path[2] = '/';
  93              		.loc 1 52 5 is_stmt 1 view .LVU25
  94              		.loc 1 52 13 is_stmt 0 view .LVU26
  95 0042 2F23     		movs	r3, #47
  96 0044 8B70     		strb	r3, [r1, #2]
  53:../../Extensions/fatfs//src/ff_gen_drv.c ****     path[3] = 0;
  97              		.loc 1 53 5 is_stmt 1 view .LVU27
  98              		.loc 1 53 13 is_stmt 0 view .LVU28
  99 0046 81F803E0 		strb	lr, [r1, #3]
  54:../../Extensions/fatfs//src/ff_gen_drv.c ****     ret = 0;
 100              		.loc 1 54 5 is_stmt 1 view .LVU29
 101              	.LVL8:
  55:../../Extensions/fatfs//src/ff_gen_drv.c ****   }
  56:../../Extensions/fatfs//src/ff_gen_drv.c **** 
  57:../../Extensions/fatfs//src/ff_gen_drv.c ****   return ret;
 102              		.loc 1 57 3 view .LVU30
  58:../../Extensions/fatfs//src/ff_gen_drv.c **** }
 103              		.loc 1 58 1 is_stmt 0 view .LVU31
 104 004a 10BD     		pop	{r4, pc}
 105              	.LVL9:
 106              	.L3:
 107              	.LCFI1:
 108              		.cfi_def_cfa_offset 0
 109              		.cfi_restore 4
 110              		.cfi_restore 14
  41:../../Extensions/fatfs//src/ff_gen_drv.c ****   uint8_t DiskNum = 0;
 111              		.loc 1 41 11 view .LVU32
 112 004c 0120     		movs	r0, #1
ARM GAS  /var/folders/cy/8kgpsxf90rz6cg1g85ws44fm0000gn/T//ccp5G46g.s 			page 4


 113              	.LVL10:
  57:../../Extensions/fatfs//src/ff_gen_drv.c **** }
 114              		.loc 1 57 3 is_stmt 1 view .LVU33
 115              		.loc 1 58 1 is_stmt 0 view .LVU34
 116 004e 7047     		bx	lr
 117              	.L9:
 118              		.align	2
 119              	.L8:
 120 0050 00000000 		.word	disk
 121              		.cfi_endproc
 122              	.LFE350:
 124              		.section	.text.FATFS_LinkDriver,"ax",%progbits
 125              		.align	1
 126              		.global	FATFS_LinkDriver
 127              		.syntax unified
 128              		.thumb
 129              		.thumb_func
 131              	FATFS_LinkDriver:
 132              	.LVL11:
 133              	.LFB351:
  59:../../Extensions/fatfs//src/ff_gen_drv.c **** 
  60:../../Extensions/fatfs//src/ff_gen_drv.c **** /**
  61:../../Extensions/fatfs//src/ff_gen_drv.c ****   * @brief  Links a compatible diskio driver and increments the number of active
  62:../../Extensions/fatfs//src/ff_gen_drv.c ****   *         linked drivers.
  63:../../Extensions/fatfs//src/ff_gen_drv.c ****   * @note   The number of linked drivers (volumes) is up to 10 due to FatFs limits
  64:../../Extensions/fatfs//src/ff_gen_drv.c ****   * @param  drv: pointer to the disk IO Driver structure
  65:../../Extensions/fatfs//src/ff_gen_drv.c ****   * @param  path: pointer to the logical drive path
  66:../../Extensions/fatfs//src/ff_gen_drv.c ****   * @retval Returns 0 in case of success, otherwise 1.
  67:../../Extensions/fatfs//src/ff_gen_drv.c ****   */
  68:../../Extensions/fatfs//src/ff_gen_drv.c **** uint8_t FATFS_LinkDriver(const Diskio_drvTypeDef *drv, char *path)
  69:../../Extensions/fatfs//src/ff_gen_drv.c **** {
 134              		.loc 1 69 1 is_stmt 1 view -0
 135              		.cfi_startproc
 136              		@ args = 0, pretend = 0, frame = 0
 137              		@ frame_needed = 0, uses_anonymous_args = 0
 138              		.loc 1 69 1 is_stmt 0 view .LVU36
 139 0000 08B5     		push	{r3, lr}
 140              	.LCFI2:
 141              		.cfi_def_cfa_offset 8
 142              		.cfi_offset 3, -8
 143              		.cfi_offset 14, -4
  70:../../Extensions/fatfs//src/ff_gen_drv.c ****   return FATFS_LinkDriverEx(drv, path, 0);
 144              		.loc 1 70 3 is_stmt 1 view .LVU37
 145              		.loc 1 70 10 is_stmt 0 view .LVU38
 146 0002 0022     		movs	r2, #0
 147 0004 FFF7FEFF 		bl	FATFS_LinkDriverEx
 148              	.LVL12:
  71:../../Extensions/fatfs//src/ff_gen_drv.c **** }
 149              		.loc 1 71 1 view .LVU39
 150 0008 08BD     		pop	{r3, pc}
 151              		.cfi_endproc
 152              	.LFE351:
 154              		.section	.text.FATFS_UnLinkDriverEx,"ax",%progbits
 155              		.align	1
 156              		.global	FATFS_UnLinkDriverEx
 157              		.syntax unified
 158              		.thumb
ARM GAS  /var/folders/cy/8kgpsxf90rz6cg1g85ws44fm0000gn/T//ccp5G46g.s 			page 5


 159              		.thumb_func
 161              	FATFS_UnLinkDriverEx:
 162              	.LVL13:
 163              	.LFB352:
  72:../../Extensions/fatfs//src/ff_gen_drv.c **** 
  73:../../Extensions/fatfs//src/ff_gen_drv.c **** /**
  74:../../Extensions/fatfs//src/ff_gen_drv.c ****   * @brief  Unlinks a diskio driver and decrements the number of active linked
  75:../../Extensions/fatfs//src/ff_gen_drv.c ****   *         drivers.
  76:../../Extensions/fatfs//src/ff_gen_drv.c ****   * @param  path: pointer to the logical drive path
  77:../../Extensions/fatfs//src/ff_gen_drv.c ****   * @param  lun : not used
  78:../../Extensions/fatfs//src/ff_gen_drv.c ****   * @retval Returns 0 in case of success, otherwise 1.
  79:../../Extensions/fatfs//src/ff_gen_drv.c ****   */
  80:../../Extensions/fatfs//src/ff_gen_drv.c **** uint8_t FATFS_UnLinkDriverEx(char *path, uint8_t lun)
  81:../../Extensions/fatfs//src/ff_gen_drv.c **** {
 164              		.loc 1 81 1 is_stmt 1 view -0
 165              		.cfi_startproc
 166              		@ args = 0, pretend = 0, frame = 0
 167              		@ frame_needed = 0, uses_anonymous_args = 0
 168              		@ link register save eliminated.
  82:../../Extensions/fatfs//src/ff_gen_drv.c ****   UNUSED(lun);
 169              		.loc 1 82 3 view .LVU41
  83:../../Extensions/fatfs//src/ff_gen_drv.c ****   uint8_t DiskNum = 0;
 170              		.loc 1 83 3 view .LVU42
  84:../../Extensions/fatfs//src/ff_gen_drv.c ****   uint8_t ret = 1;
 171              		.loc 1 84 3 view .LVU43
  85:../../Extensions/fatfs//src/ff_gen_drv.c **** 
  86:../../Extensions/fatfs//src/ff_gen_drv.c ****   if(disk.nbr >= 1)
 172              		.loc 1 86 3 view .LVU44
 173              		.loc 1 86 10 is_stmt 0 view .LVU45
 174 0000 0D4B     		ldr	r3, .L16
 175 0002 5B7A     		ldrb	r3, [r3, #9]	@ zero_extendqisi2
 176              		.loc 1 86 5 view .LVU46
 177 0004 9BB1     		cbz	r3, .L14
  87:../../Extensions/fatfs//src/ff_gen_drv.c ****   {
  88:../../Extensions/fatfs//src/ff_gen_drv.c ****     DiskNum = path[0] - '0';
 178              		.loc 1 88 5 is_stmt 1 view .LVU47
 179              		.loc 1 88 19 is_stmt 0 view .LVU48
 180 0006 0378     		ldrb	r3, [r0]	@ zero_extendqisi2
 181              		.loc 1 88 13 view .LVU49
 182 0008 303B     		subs	r3, r3, #48
 183 000a DBB2     		uxtb	r3, r3
 184              	.LVL14:
  89:../../Extensions/fatfs//src/ff_gen_drv.c ****     if(disk.drv[DiskNum] != 0)
 185              		.loc 1 89 5 is_stmt 1 view .LVU50
 186              		.loc 1 89 16 is_stmt 0 view .LVU51
 187 000c 0A4A     		ldr	r2, .L16
 188 000e 02EB8302 		add	r2, r2, r3, lsl #2
 189 0012 5268     		ldr	r2, [r2, #4]
 190              		.loc 1 89 7 view .LVU52
 191 0014 6AB1     		cbz	r2, .L15
  90:../../Extensions/fatfs//src/ff_gen_drv.c ****     {
  91:../../Extensions/fatfs//src/ff_gen_drv.c ****       disk.drv[DiskNum] = 0;
 192              		.loc 1 91 7 is_stmt 1 view .LVU53
 193              		.loc 1 91 25 is_stmt 0 view .LVU54
 194 0016 084A     		ldr	r2, .L16
 195 0018 02EB8301 		add	r1, r2, r3, lsl #2
 196              	.LVL15:
ARM GAS  /var/folders/cy/8kgpsxf90rz6cg1g85ws44fm0000gn/T//ccp5G46g.s 			page 6


 197              		.loc 1 91 25 view .LVU55
 198 001c 0020     		movs	r0, #0
 199              	.LVL16:
 200              		.loc 1 91 25 view .LVU56
 201 001e 4860     		str	r0, [r1, #4]
  92:../../Extensions/fatfs//src/ff_gen_drv.c ****       disk.lun[DiskNum] = 0;
 202              		.loc 1 92 7 is_stmt 1 view .LVU57
 203              		.loc 1 92 25 is_stmt 0 view .LVU58
 204 0020 1344     		add	r3, r3, r2
 205              	.LVL17:
 206              		.loc 1 92 25 view .LVU59
 207 0022 1872     		strb	r0, [r3, #8]
  93:../../Extensions/fatfs//src/ff_gen_drv.c ****       disk.nbr--;
 208              		.loc 1 93 7 is_stmt 1 view .LVU60
 209              		.loc 1 93 11 is_stmt 0 view .LVU61
 210 0024 537A     		ldrb	r3, [r2, #9]	@ zero_extendqisi2
 211              	.LVL18:
 212              		.loc 1 93 15 view .LVU62
 213 0026 013B     		subs	r3, r3, #1
 214 0028 DBB2     		uxtb	r3, r3
 215 002a 5372     		strb	r3, [r2, #9]
  94:../../Extensions/fatfs//src/ff_gen_drv.c ****       ret = 0;
 216              		.loc 1 94 7 is_stmt 1 view .LVU63
 217              	.LVL19:
 218              		.loc 1 94 7 is_stmt 0 view .LVU64
 219 002c 7047     		bx	lr
 220              	.LVL20:
 221              	.L14:
  84:../../Extensions/fatfs//src/ff_gen_drv.c **** 
 222              		.loc 1 84 11 view .LVU65
 223 002e 0120     		movs	r0, #1
 224              	.LVL21:
  84:../../Extensions/fatfs//src/ff_gen_drv.c **** 
 225              		.loc 1 84 11 view .LVU66
 226 0030 7047     		bx	lr
 227              	.LVL22:
 228              	.L15:
  84:../../Extensions/fatfs//src/ff_gen_drv.c **** 
 229              		.loc 1 84 11 view .LVU67
 230 0032 0120     		movs	r0, #1
 231              	.LVL23:
  95:../../Extensions/fatfs//src/ff_gen_drv.c ****     }
  96:../../Extensions/fatfs//src/ff_gen_drv.c ****   }
  97:../../Extensions/fatfs//src/ff_gen_drv.c **** 
  98:../../Extensions/fatfs//src/ff_gen_drv.c ****   return ret;
 232              		.loc 1 98 3 is_stmt 1 view .LVU68
  99:../../Extensions/fatfs//src/ff_gen_drv.c **** }
 233              		.loc 1 99 1 is_stmt 0 view .LVU69
 234 0034 7047     		bx	lr
 235              	.L17:
 236 0036 00BF     		.align	2
 237              	.L16:
 238 0038 00000000 		.word	disk
 239              		.cfi_endproc
 240              	.LFE352:
 242              		.section	.text.FATFS_UnLinkDriver,"ax",%progbits
 243              		.align	1
ARM GAS  /var/folders/cy/8kgpsxf90rz6cg1g85ws44fm0000gn/T//ccp5G46g.s 			page 7


 244              		.global	FATFS_UnLinkDriver
 245              		.syntax unified
 246              		.thumb
 247              		.thumb_func
 249              	FATFS_UnLinkDriver:
 250              	.LVL24:
 251              	.LFB353:
 100:../../Extensions/fatfs//src/ff_gen_drv.c **** 
 101:../../Extensions/fatfs//src/ff_gen_drv.c **** /**
 102:../../Extensions/fatfs//src/ff_gen_drv.c ****   * @brief  Unlinks a diskio driver and decrements the number of active linked
 103:../../Extensions/fatfs//src/ff_gen_drv.c ****   *         drivers.
 104:../../Extensions/fatfs//src/ff_gen_drv.c ****   * @param  path: pointer to the logical drive path
 105:../../Extensions/fatfs//src/ff_gen_drv.c ****   * @retval Returns 0 in case of success, otherwise 1.
 106:../../Extensions/fatfs//src/ff_gen_drv.c ****   */
 107:../../Extensions/fatfs//src/ff_gen_drv.c **** uint8_t FATFS_UnLinkDriver(char *path)
 108:../../Extensions/fatfs//src/ff_gen_drv.c **** {
 252              		.loc 1 108 1 is_stmt 1 view -0
 253              		.cfi_startproc
 254              		@ args = 0, pretend = 0, frame = 0
 255              		@ frame_needed = 0, uses_anonymous_args = 0
 256              		.loc 1 108 1 is_stmt 0 view .LVU71
 257 0000 08B5     		push	{r3, lr}
 258              	.LCFI3:
 259              		.cfi_def_cfa_offset 8
 260              		.cfi_offset 3, -8
 261              		.cfi_offset 14, -4
 109:../../Extensions/fatfs//src/ff_gen_drv.c ****   return FATFS_UnLinkDriverEx(path, 0);
 262              		.loc 1 109 3 is_stmt 1 view .LVU72
 263              		.loc 1 109 10 is_stmt 0 view .LVU73
 264 0002 0021     		movs	r1, #0
 265 0004 FFF7FEFF 		bl	FATFS_UnLinkDriverEx
 266              	.LVL25:
 110:../../Extensions/fatfs//src/ff_gen_drv.c **** }
 267              		.loc 1 110 1 view .LVU74
 268 0008 08BD     		pop	{r3, pc}
 269              		.cfi_endproc
 270              	.LFE353:
 272              		.section	.text.FATFS_GetAttachedDriversNbr,"ax",%progbits
 273              		.align	1
 274              		.global	FATFS_GetAttachedDriversNbr
 275              		.syntax unified
 276              		.thumb
 277              		.thumb_func
 279              	FATFS_GetAttachedDriversNbr:
 280              	.LFB354:
 111:../../Extensions/fatfs//src/ff_gen_drv.c **** 
 112:../../Extensions/fatfs//src/ff_gen_drv.c **** /**
 113:../../Extensions/fatfs//src/ff_gen_drv.c ****   * @brief  Gets number of linked drivers to the FatFs module.
 114:../../Extensions/fatfs//src/ff_gen_drv.c ****   * @param  None
 115:../../Extensions/fatfs//src/ff_gen_drv.c ****   * @retval Number of attached drivers.
 116:../../Extensions/fatfs//src/ff_gen_drv.c ****   */
 117:../../Extensions/fatfs//src/ff_gen_drv.c **** uint8_t FATFS_GetAttachedDriversNbr(void)
 118:../../Extensions/fatfs//src/ff_gen_drv.c **** {
 281              		.loc 1 118 1 is_stmt 1 view -0
 282              		.cfi_startproc
 283              		@ args = 0, pretend = 0, frame = 0
 284              		@ frame_needed = 0, uses_anonymous_args = 0
ARM GAS  /var/folders/cy/8kgpsxf90rz6cg1g85ws44fm0000gn/T//ccp5G46g.s 			page 8


 285              		@ link register save eliminated.
 119:../../Extensions/fatfs//src/ff_gen_drv.c ****   return disk.nbr;
 286              		.loc 1 119 3 view .LVU76
 287              		.loc 1 119 14 is_stmt 0 view .LVU77
 288 0000 014B     		ldr	r3, .L21
 289 0002 587A     		ldrb	r0, [r3, #9]	@ zero_extendqisi2
 120:../../Extensions/fatfs//src/ff_gen_drv.c **** }
 290              		.loc 1 120 1 view .LVU78
 291 0004 7047     		bx	lr
 292              	.L22:
 293 0006 00BF     		.align	2
 294              	.L21:
 295 0008 00000000 		.word	disk
 296              		.cfi_endproc
 297              	.LFE354:
 299              		.global	disk
 300              		.section	.bss.disk,"aw",%nobits
 301              		.align	2
 304              	disk:
 305 0000 00000000 		.space	12
 305      00000000 
 305      00000000 
 306              		.text
 307              	.Letext0:
 308              		.file 2 "../../Extensions/fatfs//src/integer.h"
 309              		.file 3 "../../Extensions/fatfs//src/diskio.h"
 310              		.file 4 "/Applications/ArmGNUToolchain/14.3.rel1/arm-none-eabi/arm-none-eabi/include/machine/_defa
 311              		.file 5 "/Applications/ArmGNUToolchain/14.3.rel1/arm-none-eabi/arm-none-eabi/include/sys/_stdint.h
 312              		.file 6 "../../Extensions/fatfs//src/ff_gen_drv.h"
ARM GAS  /var/folders/cy/8kgpsxf90rz6cg1g85ws44fm0000gn/T//ccp5G46g.s 			page 9


DEFINED SYMBOLS
                            *ABS*:00000000 ff_gen_drv.c
/var/folders/cy/8kgpsxf90rz6cg1g85ws44fm0000gn/T//ccp5G46g.s:20     .text.FATFS_LinkDriverEx:00000000 $t
/var/folders/cy/8kgpsxf90rz6cg1g85ws44fm0000gn/T//ccp5G46g.s:26     .text.FATFS_LinkDriverEx:00000000 FATFS_LinkDriverEx
/var/folders/cy/8kgpsxf90rz6cg1g85ws44fm0000gn/T//ccp5G46g.s:120    .text.FATFS_LinkDriverEx:00000050 $d
/var/folders/cy/8kgpsxf90rz6cg1g85ws44fm0000gn/T//ccp5G46g.s:304    .bss.disk:00000000 disk
/var/folders/cy/8kgpsxf90rz6cg1g85ws44fm0000gn/T//ccp5G46g.s:125    .text.FATFS_LinkDriver:00000000 $t
/var/folders/cy/8kgpsxf90rz6cg1g85ws44fm0000gn/T//ccp5G46g.s:131    .text.FATFS_LinkDriver:00000000 FATFS_LinkDriver
/var/folders/cy/8kgpsxf90rz6cg1g85ws44fm0000gn/T//ccp5G46g.s:155    .text.FATFS_UnLinkDriverEx:00000000 $t
/var/folders/cy/8kgpsxf90rz6cg1g85ws44fm0000gn/T//ccp5G46g.s:161    .text.FATFS_UnLinkDriverEx:00000000 FATFS_UnLinkDriverEx
/var/folders/cy/8kgpsxf90rz6cg1g85ws44fm0000gn/T//ccp5G46g.s:238    .text.FATFS_UnLinkDriverEx:00000038 $d
/var/folders/cy/8kgpsxf90rz6cg1g85ws44fm0000gn/T//ccp5G46g.s:243    .text.FATFS_UnLinkDriver:00000000 $t
/var/folders/cy/8kgpsxf90rz6cg1g85ws44fm0000gn/T//ccp5G46g.s:249    .text.FATFS_UnLinkDriver:00000000 FATFS_UnLinkDriver
/var/folders/cy/8kgpsxf90rz6cg1g85ws44fm0000gn/T//ccp5G46g.s:273    .text.FATFS_GetAttachedDriversNbr:00000000 $t
/var/folders/cy/8kgpsxf90rz6cg1g85ws44fm0000gn/T//ccp5G46g.s:279    .text.FATFS_GetAttachedDriversNbr:00000000 FATFS_GetAttachedDriversNbr
/var/folders/cy/8kgpsxf90rz6cg1g85ws44fm0000gn/T//ccp5G46g.s:295    .text.FATFS_GetAttachedDriversNbr:00000008 $d
/var/folders/cy/8kgpsxf90rz6cg1g85ws44fm0000gn/T//ccp5G46g.s:301    .bss.disk:00000000 $d

NO UNDEFINED SYMBOLS
