ARM GAS  /tmp/ccdLSJkI.s 			page 1


   1              		.cpu cortex-m7
   2              		.eabi_attribute 27, 1
   3              		.eabi_attribute 28, 1
   4              		.eabi_attribute 20, 1
   5              		.eabi_attribute 21, 1
   6              		.eabi_attribute 23, 3
   7              		.eabi_attribute 24, 1
   8              		.eabi_attribute 25, 1
   9              		.eabi_attribute 26, 1
  10              		.eabi_attribute 30, 1
  11              		.eabi_attribute 34, 1
  12              		.eabi_attribute 18, 4
  13              		.file	"telemetry.c"
  14              		.text
  15              	.Ltext0:
  16              		.cfi_sections	.debug_frame
  17              		.section	.text.task_telemetry,"ax",%progbits
  18              		.align	1
  19              		.global	task_telemetry
  20              		.arch armv7e-m
  21              		.syntax unified
  22              		.thumb
  23              		.thumb_func
  24              		.fpu fpv4-sp-d16
  26              	task_telemetry:
  27              	.LFB0:
  28              		.file 1 "../../CM4/Core/Src/telemetry.c"
   1:../../CM4/Core/Src/telemetry.c **** #include "telemetry.h"
   2:../../CM4/Core/Src/telemetry.c **** 
   3:../../CM4/Core/Src/telemetry.c **** void task_telemetry(void *parameters) {
  29              		.loc 1 3 39 view -0
  30              		.cfi_startproc
  31              		@ Volatile: function does not return.
  32              		@ args = 0, pretend = 0, frame = 0
  33              		@ frame_needed = 0, uses_anonymous_args = 0
  34              		@ link register save eliminated.
  35              	.LVL0:
  36              	.L2:
   4:../../CM4/Core/Src/telemetry.c ****     for (;;) {
  37              		.loc 1 4 5 discriminator 1 view .LVU1
   5:../../CM4/Core/Src/telemetry.c ****         // Do something
   6:../../CM4/Core/Src/telemetry.c ****     }
  38              		.loc 1 6 5 discriminator 1 view .LVU2
   4:../../CM4/Core/Src/telemetry.c ****     for (;;) {
  39              		.loc 1 4 11 discriminator 1 view .LVU3
  40 0000 FEE7     		b	.L2
  41              		.cfi_endproc
  42              	.LFE0:
  44              		.text
  45              	.Letext0:
ARM GAS  /tmp/ccdLSJkI.s 			page 2


DEFINED SYMBOLS
                            *ABS*:0000000000000000 telemetry.c
     /tmp/ccdLSJkI.s:18     .text.task_telemetry:0000000000000000 $t
     /tmp/ccdLSJkI.s:26     .text.task_telemetry:0000000000000000 task_telemetry

NO UNDEFINED SYMBOLS
