ARM GAS  /tmp/ccSmNdEd.s 			page 1


   1              		.cpu cortex-m4
   2              		.eabi_attribute 27, 1
   3              		.eabi_attribute 28, 1
   4              		.eabi_attribute 20, 1
   5              		.eabi_attribute 21, 1
   6              		.eabi_attribute 23, 3
   7              		.eabi_attribute 24, 1
   8              		.eabi_attribute 25, 1
   9              		.eabi_attribute 26, 1
  10              		.eabi_attribute 30, 1
  11              		.eabi_attribute 34, 1
  12              		.eabi_attribute 18, 4
  13              		.file	"crc_hash.c"
  14              		.text
  15              	.Ltext0:
  16              		.cfi_sections	.debug_frame
  17              		.section	.text.calculate_crc8_hash,"ax",%progbits
  18              		.align	1
  19              		.global	calculate_crc8_hash
  20              		.arch armv7e-m
  21              		.syntax unified
  22              		.thumb
  23              		.thumb_func
  24              		.fpu fpv4-sp-d16
  26              	calculate_crc8_hash:
  27              	.LVL0:
  28              	.LFB3:
  29              		.file 1 "../Core/Src/crc_hash.c"
   1:../Core/Src/crc_hash.c **** #include <stdint.h>
   2:../Core/Src/crc_hash.c **** #include <stdio.h>
   3:../Core/Src/crc_hash.c **** #include <stdbool.h>
   4:../Core/Src/crc_hash.c **** #include <stddef.h>
   5:../Core/Src/crc_hash.c **** 
   6:../Core/Src/crc_hash.c **** 
   7:../Core/Src/crc_hash.c **** // Precompute all hashes for 0xe7
   8:../Core/Src/crc_hash.c **** uint8_t crctable[256] = {0, 231, 41, 206, 82, 181, 123, 156, 164, 67, 141, 106, 246, 17,
   9:../Core/Src/crc_hash.c ****  223, 56, 175, 72, 134, 97, 253, 26, 212, 51, 11, 236, 34, 197, 89, 190, 112, 151, 185, 94, 
  10:../Core/Src/crc_hash.c ****  144, 119, 235, 12, 194, 37, 29, 250, 52, 211, 79, 168, 102, 129, 22, 241, 63, 216, 68, 163, 
  11:../Core/Src/crc_hash.c ****  109, 138, 178, 85, 155, 124, 224, 7, 201, 46, 149, 114, 188, 91, 199, 32, 238, 9, 49, 214, 24, 
  12:../Core/Src/crc_hash.c ****  255, 99, 132, 74, 173, 58, 221, 19, 244, 104, 143, 65, 166, 158, 121, 183, 80, 204, 43, 229, 2, 
  13:../Core/Src/crc_hash.c ****  44, 203, 5, 226, 126, 153, 87, 176, 136, 111, 161, 70, 218, 61, 243, 20, 131, 100, 170, 77, 209, 
  14:../Core/Src/crc_hash.c ****  54, 248, 31, 39, 192, 14, 233, 117, 146, 92, 187, 205, 42, 228, 3, 159, 120, 182, 81, 105, 142, 64
  15:../Core/Src/crc_hash.c ****  167, 59, 220, 18, 245, 98, 133, 75, 172, 48, 215, 25, 254, 198, 33, 239, 8, 148, 115, 189, 90, 116
  16:../Core/Src/crc_hash.c ****  147, 93, 186, 38, 193, 15, 232, 208, 55, 249, 30, 130, 101, 171, 76, 219, 60, 242, 21, 137, 110, 1
  17:../Core/Src/crc_hash.c ****  127, 152, 86, 177, 45, 202, 4, 227, 88, 191, 113, 150, 10, 237, 35, 196, 252, 27, 213, 50, 174, 73
  18:../Core/Src/crc_hash.c ****  247, 16, 222, 57, 165, 66, 140, 107, 83, 180, 122, 157, 1, 230, 40, 207, 225, 6, 200, 47, 179, 84,
  19:../Core/Src/crc_hash.c ****  162, 108, 139, 23, 240, 62, 217, 78, 169, 103, 128, 28, 251, 53, 210, 234, 13, 195, 36, 184, 95, 1
  20:../Core/Src/crc_hash.c **** };
  21:../Core/Src/crc_hash.c **** 
  22:../Core/Src/crc_hash.c **** /** 
  23:../Core/Src/crc_hash.c ****  * Returns the 8-bit CRC hash of this data
  24:../Core/Src/crc_hash.c ****  * 
  25:../Core/Src/crc_hash.c ****  * @param rawData   pointer to the data that the hash should be calculated for
  26:../Core/Src/crc_hash.c ****  * @param dataSize  size of the data in bytes
  27:../Core/Src/crc_hash.c ****  * 
  28:../Core/Src/crc_hash.c ****  * @return the CRC8 hash of the data
  29:../Core/Src/crc_hash.c ****  */
ARM GAS  /tmp/ccSmNdEd.s 			page 2


  30:../Core/Src/crc_hash.c **** uint8_t calculate_crc8_hash(const uint8_t *raw_data, const size_t data_size) {
  30              		.loc 1 30 78 view -0
  31              		.cfi_startproc
  32              		@ args = 0, pretend = 0, frame = 0
  33              		@ frame_needed = 0, uses_anonymous_args = 0
  34              		@ link register save eliminated.
  35              		.loc 1 30 78 is_stmt 0 view .LVU1
  36 0000 8446     		mov	ip, r0
  31:../Core/Src/crc_hash.c ****     uint8_t crc = 0;
  37              		.loc 1 31 5 is_stmt 1 view .LVU2
  38              	.LVL1:
  32:../Core/Src/crc_hash.c ****     for (int i = 0; i < data_size; i++)
  39              		.loc 1 32 5 view .LVU3
  40              	.LBB2:
  41              		.loc 1 32 10 view .LVU4
  42              		.loc 1 32 14 is_stmt 0 view .LVU5
  43 0002 0023     		movs	r3, #0
  44              	.LBE2:
  31:../Core/Src/crc_hash.c ****     uint8_t crc = 0;
  45              		.loc 1 31 13 view .LVU6
  46 0004 1846     		mov	r0, r3
  47              	.LVL2:
  48              	.LBB3:
  49              		.loc 1 32 21 is_stmt 1 view .LVU7
  50              		.loc 1 32 5 is_stmt 0 view .LVU8
  51 0006 8B42     		cmp	r3, r1
  52 0008 0BD2     		bcs	.L8
  53              	.LBE3:
  30:../Core/Src/crc_hash.c ****     uint8_t crc = 0;
  54              		.loc 1 30 78 view .LVU9
  55 000a 10B4     		push	{r4}
  56              	.LCFI0:
  57              		.cfi_def_cfa_offset 4
  58              		.cfi_offset 4, -4
  59              	.LVL3:
  60              	.L3:
  61              	.LBB4:
  33:../Core/Src/crc_hash.c ****     {
  34:../Core/Src/crc_hash.c ****         // XOR-in next input byte and get current CRC value = remainder 
  35:../Core/Src/crc_hash.c ****         crc = crctable[raw_data[i] ^ crc];
  62              		.loc 1 35 9 is_stmt 1 discriminator 3 view .LVU10
  63              		.loc 1 35 32 is_stmt 0 discriminator 3 view .LVU11
  64 000c 1CF80320 		ldrb	r2, [ip, r3]	@ zero_extendqisi2
  65              		.loc 1 35 36 discriminator 3 view .LVU12
  66 0010 4240     		eors	r2, r2, r0
  67              		.loc 1 35 13 discriminator 3 view .LVU13
  68 0012 044C     		ldr	r4, .L9
  69 0014 A05C     		ldrb	r0, [r4, r2]	@ zero_extendqisi2
  70              	.LVL4:
  32:../Core/Src/crc_hash.c ****     {
  71              		.loc 1 32 36 is_stmt 1 discriminator 3 view .LVU14
  32:../Core/Src/crc_hash.c ****     {
  72              		.loc 1 32 37 is_stmt 0 discriminator 3 view .LVU15
  73 0016 0133     		adds	r3, r3, #1
  74              	.LVL5:
  32:../Core/Src/crc_hash.c ****     {
  75              		.loc 1 32 21 is_stmt 1 discriminator 3 view .LVU16
ARM GAS  /tmp/ccSmNdEd.s 			page 3


  32:../Core/Src/crc_hash.c ****     {
  76              		.loc 1 32 5 is_stmt 0 discriminator 3 view .LVU17
  77 0018 8B42     		cmp	r3, r1
  78 001a F7D3     		bcc	.L3
  79              	.LBE4:
  36:../Core/Src/crc_hash.c ****     }
  37:../Core/Src/crc_hash.c **** 
  38:../Core/Src/crc_hash.c ****     return crc;
  80              		.loc 1 38 5 is_stmt 1 view .LVU18
  39:../Core/Src/crc_hash.c **** }
  81              		.loc 1 39 1 is_stmt 0 view .LVU19
  82 001c 5DF8044B 		ldr	r4, [sp], #4
  83              	.LCFI1:
  84              		.cfi_restore 4
  85              		.cfi_def_cfa_offset 0
  86 0020 7047     		bx	lr
  87              	.LVL6:
  88              	.L8:
  89              		.loc 1 39 1 view .LVU20
  90 0022 7047     		bx	lr
  91              	.L10:
  92              		.align	2
  93              	.L9:
  94 0024 00000000 		.word	.LANCHOR0
  95              		.cfi_endproc
  96              	.LFE3:
  98              		.section	.text.verify_crc8_hash,"ax",%progbits
  99              		.align	1
 100              		.global	verify_crc8_hash
 101              		.syntax unified
 102              		.thumb
 103              		.thumb_func
 104              		.fpu fpv4-sp-d16
 106              	verify_crc8_hash:
 107              	.LVL7:
 108              	.LFB4:
  40:../Core/Src/crc_hash.c **** 
  41:../Core/Src/crc_hash.c **** /**
  42:../Core/Src/crc_hash.c ****  * Returns true if the crc8 hash is valid for this data. It assumes that the 8-bit crc hash immedia
  43:../Core/Src/crc_hash.c ****  * 
  44:../Core/Src/crc_hash.c ****  * @param rawData   pointer to the data that the hash should be verified for (last byte should be t
  45:../Core/Src/crc_hash.c ****  * @param dataSize  size of the data in bytes (including the hash byte)
  46:../Core/Src/crc_hash.c ****  * 
  47:../Core/Src/crc_hash.c ****  * Note that size includes the hash byte. In other words, if you want to verify the hash of n bytes
  48:../Core/Src/crc_hash.c ****  * an n+1 byte array where the first n bytes are the data and the n+1-th byte is the hash. 
  49:../Core/Src/crc_hash.c ****  * data_size should also equal n+1.
  50:../Core/Src/crc_hash.c ****  * 
  51:../Core/Src/crc_hash.c ****  * @return true if the hash was valid, and false otherwise
  52:../Core/Src/crc_hash.c ****  */
  53:../Core/Src/crc_hash.c **** bool verify_crc8_hash(const uint8_t *data, const size_t data_size) {
 109              		.loc 1 53 68 is_stmt 1 view -0
 110              		.cfi_startproc
 111              		@ args = 0, pretend = 0, frame = 0
 112              		@ frame_needed = 0, uses_anonymous_args = 0
 113              		.loc 1 53 68 is_stmt 0 view .LVU22
 114 0000 08B5     		push	{r3, lr}
 115              	.LCFI2:
ARM GAS  /tmp/ccSmNdEd.s 			page 4


 116              		.cfi_def_cfa_offset 8
 117              		.cfi_offset 3, -8
 118              		.cfi_offset 14, -4
  54:../Core/Src/crc_hash.c ****     return 0 == calculate_crc8_hash(data, data_size);
 119              		.loc 1 54 5 is_stmt 1 view .LVU23
 120              		.loc 1 54 17 is_stmt 0 view .LVU24
 121 0002 FFF7FEFF 		bl	calculate_crc8_hash
 122              	.LVL8:
  55:../Core/Src/crc_hash.c **** }...
 123              		.loc 1 55 1 view .LVU25
 124 0006 B0FA80F0 		clz	r0, r0
 125 000a 4009     		lsrs	r0, r0, #5
 126 000c 08BD     		pop	{r3, pc}
 127              		.cfi_endproc
 128              	.LFE4:
 130              		.global	crctable
 131              		.section	.data.crctable,"aw"
 132              		.align	2
 133              		.set	.LANCHOR0,. + 0
 136              	crctable:
 137 0000 00E729CE 		.ascii	"\000\347)\316R\265{\234\244C\215j\366\021\3378\257H"
 137      52B57B9C 
 137      A4438D6A 
 137      F611DF38 
 137      AF48
 138 0012 8661FD1A 		.ascii	"\206a\375\032\3243\013\354\"\305Y\276p\227\271^\220"
 138      D4330BEC 
 138      22C559BE 
 138      7097B95E 
 138      90
 139 0023 77EB0CC2 		.ascii	"w\353\014\302%\035\3724\323O\250f\201\026\361?\330D"
 139      251DFA34 
 139      D34FA866 
 139      8116F13F 
 139      D844
 140 0035 A36D8AB2 		.ascii	"\243m\212\262U\233|\340\007\311.\225r\274[\307 \356"
 140      559B7CE0 
 140      07C92E95 
 140      72BC5BC7 
 140      20EE
 141 0047 0931D618 		.ascii	"\0111\326\030\377c\204J\255:\335\023\364h\217A\246\236"
 141      FF63844A 
 141      AD3ADD13 
 141      F4688F41 
 141      A69E
 142 0059 79B750CC 		.ascii	"y\267P\314+\345\002,\313\005\342~\231W\260\210o\241"
 142      2BE5022C 
 142      CB05E27E 
 142      9957B088 
 142      6FA1
 143 006b 46DA3DF3 		.ascii	"F\332=\363\024\203d\252M\3216\370\037'\300\016\351u"
 143      148364AA 
 143      4DD136F8 
 143      1F27C00E 
 143      E975
 144 007d 925CBBCD 		.ascii	"\222\\\273\315*\344\003\237x\266Qi\216@\247;\334\022"
 144      2AE4039F 
ARM GAS  /tmp/ccSmNdEd.s 			page 5


 144      78B65169 
 144      8E40A73B 
 144      DC12
 145 008f F562854B 		.ascii	"\365b\205K\2540\327\031\376\306!\357\010\224s\275Zt"
 145      AC30D719 
 145      FEC621EF 
 145      089473BD 
 145      5A74
 146 00a1 935DBA26 		.ascii	"\223]\272&\301\017\350\3207\371\036\202e\253L\333<\362"
 146      C10FE8D0 
 146      37F91E82 
 146      65AB4CDB 
 146      3CF2
 147 00b3 15896EA0 		.ascii	"\025\211n\240G\177\230V\261-\312\004\343X\277q\226\012"
 147      477F9856 
 147      B12DCA04 
 147      E358BF71 
 147      960A
 148 00c5 ED23C4FC 		.ascii	"\355#\304\374\033\3252\256I\207`\367\020\3369\245B\214"
 148      1BD532AE 
 148      498760F7 
 148      10DE39A5 
 148      428C
 149 00d7 6B53B47A 		.ascii	"kS\264z\235\001\346(\317\341\006\310/\263T\232}E\242"
 149      9D01E628 
 149      CFE106C8 
 149      2FB3549A 
 149      7D45A2
 150 00ea 6C8B17F0 		.ascii	"l\213\027\360>\331N\251g\200\034\3735\322\352\015\303"
 150      3ED94EA9 
 150      67801CFB 
 150      35D2EA0D 
 150      C3
 151 00fb 24B85F91 		.ascii	"$\270_\221v"
 151      76
 152              		.text
 153              	.Letext0:
 154              		.file 2 "/usr/lib/gcc/arm-none-eabi/10.3.1/include/stdint.h"
 155              		.file 3 "/usr/lib/gcc/arm-none-eabi/10.3.1/include/stddef.h"
ARM GAS  /tmp/ccSmNdEd.s 			page 6


DEFINED SYMBOLS
                            *ABS*:0000000000000000 crc_hash.c
     /tmp/ccSmNdEd.s:18     .text.calculate_crc8_hash:0000000000000000 $t
     /tmp/ccSmNdEd.s:26     .text.calculate_crc8_hash:0000000000000000 calculate_crc8_hash
     /tmp/ccSmNdEd.s:94     .text.calculate_crc8_hash:0000000000000024 $d
     /tmp/ccSmNdEd.s:99     .text.verify_crc8_hash:0000000000000000 $t
     /tmp/ccSmNdEd.s:106    .text.verify_crc8_hash:0000000000000000 verify_crc8_hash
     /tmp/ccSmNdEd.s:136    .data.crctable:0000000000000000 crctable
     /tmp/ccSmNdEd.s:132    .data.crctable:0000000000000000 $d

NO UNDEFINED SYMBOLS
