ARM GAS  /tmp/ccuxmdDF.s 			page 1


   1              		.cpu cortex-m4
   2              		.eabi_attribute 27, 1
   3              		.eabi_attribute 28, 1
   4              		.eabi_attribute 20, 1
   5              		.eabi_attribute 21, 1
   6              		.eabi_attribute 23, 3
   7              		.eabi_attribute 24, 1
   8              		.eabi_attribute 25, 1
   9              		.eabi_attribute 26, 1
  10              		.eabi_attribute 30, 1
  11              		.eabi_attribute 34, 1
  12              		.eabi_attribute 18, 4
  13              		.file	"list.c"
  14              		.text
  15              	.Ltext0:
  16              		.cfi_sections	.debug_frame
  17              		.section	.text.vListInitialise,"ax",%progbits
  18              		.align	1
  19              		.global	vListInitialise
  20              		.arch armv7e-m
  21              		.syntax unified
  22              		.thumb
  23              		.thumb_func
  24              		.fpu fpv4-sp-d16
  26              	vListInitialise:
  27              	.LVL0:
  28              	.LFB4:
  29              		.file 1 "../Core/FreeRTOS-Kernel/list.c"
   1:../Core/FreeRTOS-Kernel/list.c **** /*
   2:../Core/FreeRTOS-Kernel/list.c ****  * FreeRTOS Kernel V11.1.0
   3:../Core/FreeRTOS-Kernel/list.c ****  * Copyright (C) 2021 Amazon.com, Inc. or its affiliates. All Rights Reserved.
   4:../Core/FreeRTOS-Kernel/list.c ****  *
   5:../Core/FreeRTOS-Kernel/list.c ****  * SPDX-License-Identifier: MIT
   6:../Core/FreeRTOS-Kernel/list.c ****  *
   7:../Core/FreeRTOS-Kernel/list.c ****  * Permission is hereby granted, free of charge, to any person obtaining a copy of
   8:../Core/FreeRTOS-Kernel/list.c ****  * this software and associated documentation files (the "Software"), to deal in
   9:../Core/FreeRTOS-Kernel/list.c ****  * the Software without restriction, including without limitation the rights to
  10:../Core/FreeRTOS-Kernel/list.c ****  * use, copy, modify, merge, publish, distribute, sublicense, and/or sell copies of
  11:../Core/FreeRTOS-Kernel/list.c ****  * the Software, and to permit persons to whom the Software is furnished to do so,
  12:../Core/FreeRTOS-Kernel/list.c ****  * subject to the following conditions:
  13:../Core/FreeRTOS-Kernel/list.c ****  *
  14:../Core/FreeRTOS-Kernel/list.c ****  * The above copyright notice and this permission notice shall be included in all
  15:../Core/FreeRTOS-Kernel/list.c ****  * copies or substantial portions of the Software.
  16:../Core/FreeRTOS-Kernel/list.c ****  *
  17:../Core/FreeRTOS-Kernel/list.c ****  * THE SOFTWARE IS PROVIDED "AS IS", WITHOUT WARRANTY OF ANY KIND, EXPRESS OR
  18:../Core/FreeRTOS-Kernel/list.c ****  * IMPLIED, INCLUDING BUT NOT LIMITED TO THE WARRANTIES OF MERCHANTABILITY, FITNESS
  19:../Core/FreeRTOS-Kernel/list.c ****  * FOR A PARTICULAR PURPOSE AND NONINFRINGEMENT. IN NO EVENT SHALL THE AUTHORS OR
  20:../Core/FreeRTOS-Kernel/list.c ****  * COPYRIGHT HOLDERS BE LIABLE FOR ANY CLAIM, DAMAGES OR OTHER LIABILITY, WHETHER
  21:../Core/FreeRTOS-Kernel/list.c ****  * IN AN ACTION OF CONTRACT, TORT OR OTHERWISE, ARISING FROM, OUT OF OR IN
  22:../Core/FreeRTOS-Kernel/list.c ****  * CONNECTION WITH THE SOFTWARE OR THE USE OR OTHER DEALINGS IN THE SOFTWARE.
  23:../Core/FreeRTOS-Kernel/list.c ****  *
  24:../Core/FreeRTOS-Kernel/list.c ****  * https://www.FreeRTOS.org
  25:../Core/FreeRTOS-Kernel/list.c ****  * https://github.com/FreeRTOS
  26:../Core/FreeRTOS-Kernel/list.c ****  *
  27:../Core/FreeRTOS-Kernel/list.c ****  */
  28:../Core/FreeRTOS-Kernel/list.c **** 
  29:../Core/FreeRTOS-Kernel/list.c **** 
ARM GAS  /tmp/ccuxmdDF.s 			page 2


  30:../Core/FreeRTOS-Kernel/list.c **** #include <stdlib.h>
  31:../Core/FreeRTOS-Kernel/list.c **** 
  32:../Core/FreeRTOS-Kernel/list.c **** /* Defining MPU_WRAPPERS_INCLUDED_FROM_API_FILE prevents task.h from redefining
  33:../Core/FreeRTOS-Kernel/list.c ****  * all the API functions to use the MPU wrappers.  That should only be done when
  34:../Core/FreeRTOS-Kernel/list.c ****  * task.h is included from an application file. */
  35:../Core/FreeRTOS-Kernel/list.c **** #define MPU_WRAPPERS_INCLUDED_FROM_API_FILE
  36:../Core/FreeRTOS-Kernel/list.c **** 
  37:../Core/FreeRTOS-Kernel/list.c **** #include "FreeRTOS.h"
  38:../Core/FreeRTOS-Kernel/list.c **** #include "list.h"
  39:../Core/FreeRTOS-Kernel/list.c **** 
  40:../Core/FreeRTOS-Kernel/list.c **** /* The MPU ports require MPU_WRAPPERS_INCLUDED_FROM_API_FILE to be
  41:../Core/FreeRTOS-Kernel/list.c ****  * defined for the header files above, but not in this file, in order to
  42:../Core/FreeRTOS-Kernel/list.c ****  * generate the correct privileged Vs unprivileged linkage and placement. */
  43:../Core/FreeRTOS-Kernel/list.c **** #undef MPU_WRAPPERS_INCLUDED_FROM_API_FILE
  44:../Core/FreeRTOS-Kernel/list.c **** 
  45:../Core/FreeRTOS-Kernel/list.c **** /*-----------------------------------------------------------
  46:../Core/FreeRTOS-Kernel/list.c **** * PUBLIC LIST API documented in list.h
  47:../Core/FreeRTOS-Kernel/list.c **** *----------------------------------------------------------*/
  48:../Core/FreeRTOS-Kernel/list.c **** 
  49:../Core/FreeRTOS-Kernel/list.c **** void vListInitialise( List_t * const pxList )
  50:../Core/FreeRTOS-Kernel/list.c **** {
  30              		.loc 1 50 1 view -0
  31              		.cfi_startproc
  32              		@ args = 0, pretend = 0, frame = 0
  33              		@ frame_needed = 0, uses_anonymous_args = 0
  34              		@ link register save eliminated.
  51:../Core/FreeRTOS-Kernel/list.c ****     traceENTER_vListInitialise( pxList );
  35              		.loc 1 51 41 view .LVU1
  52:../Core/FreeRTOS-Kernel/list.c **** 
  53:../Core/FreeRTOS-Kernel/list.c ****     /* The list structure contains a list item which is used to mark the
  54:../Core/FreeRTOS-Kernel/list.c ****      * end of the list.  To initialise the list the list end is inserted
  55:../Core/FreeRTOS-Kernel/list.c ****      * as the only list entry. */
  56:../Core/FreeRTOS-Kernel/list.c ****     pxList->pxIndex = ( ListItem_t * ) &( pxList->xListEnd );
  36              		.loc 1 56 5 view .LVU2
  37              		.loc 1 56 40 is_stmt 0 view .LVU3
  38 0000 00F10803 		add	r3, r0, #8
  39              		.loc 1 56 21 view .LVU4
  40 0004 4360     		str	r3, [r0, #4]
  57:../Core/FreeRTOS-Kernel/list.c **** 
  58:../Core/FreeRTOS-Kernel/list.c ****     listSET_FIRST_LIST_ITEM_INTEGRITY_CHECK_VALUE( &( pxList->xListEnd ) );
  41              		.loc 1 58 75 is_stmt 1 view .LVU5
  59:../Core/FreeRTOS-Kernel/list.c **** 
  60:../Core/FreeRTOS-Kernel/list.c ****     /* The list end value is the highest possible value in the list to
  61:../Core/FreeRTOS-Kernel/list.c ****      * ensure it remains at the end of the list. */
  62:../Core/FreeRTOS-Kernel/list.c ****     pxList->xListEnd.xItemValue = portMAX_DELAY;
  42              		.loc 1 62 5 view .LVU6
  43              		.loc 1 62 33 is_stmt 0 view .LVU7
  44 0006 4FF0FF32 		mov	r2, #-1
  45 000a 8260     		str	r2, [r0, #8]
  63:../Core/FreeRTOS-Kernel/list.c **** 
  64:../Core/FreeRTOS-Kernel/list.c ****     /* The list end next and previous pointers point to itself so we know
  65:../Core/FreeRTOS-Kernel/list.c ****      * when the list is empty. */
  66:../Core/FreeRTOS-Kernel/list.c ****     pxList->xListEnd.pxNext = ( ListItem_t * ) &( pxList->xListEnd );
  46              		.loc 1 66 5 is_stmt 1 view .LVU8
  47              		.loc 1 66 29 is_stmt 0 view .LVU9
  48 000c C360     		str	r3, [r0, #12]
  67:../Core/FreeRTOS-Kernel/list.c ****     pxList->xListEnd.pxPrevious = ( ListItem_t * ) &( pxList->xListEnd );
ARM GAS  /tmp/ccuxmdDF.s 			page 3


  49              		.loc 1 67 5 is_stmt 1 view .LVU10
  50              		.loc 1 67 33 is_stmt 0 view .LVU11
  51 000e 0361     		str	r3, [r0, #16]
  68:../Core/FreeRTOS-Kernel/list.c **** 
  69:../Core/FreeRTOS-Kernel/list.c ****     /* Initialize the remaining fields of xListEnd when it is a proper ListItem_t */
  70:../Core/FreeRTOS-Kernel/list.c ****     #if ( configUSE_MINI_LIST_ITEM == 0 )
  71:../Core/FreeRTOS-Kernel/list.c ****     {
  72:../Core/FreeRTOS-Kernel/list.c ****         pxList->xListEnd.pvOwner = NULL;
  73:../Core/FreeRTOS-Kernel/list.c ****         pxList->xListEnd.pxContainer = NULL;
  74:../Core/FreeRTOS-Kernel/list.c ****         listSET_SECOND_LIST_ITEM_INTEGRITY_CHECK_VALUE( &( pxList->xListEnd ) );
  75:../Core/FreeRTOS-Kernel/list.c ****     }
  76:../Core/FreeRTOS-Kernel/list.c ****     #endif
  77:../Core/FreeRTOS-Kernel/list.c **** 
  78:../Core/FreeRTOS-Kernel/list.c ****     pxList->uxNumberOfItems = ( UBaseType_t ) 0U;
  52              		.loc 1 78 5 is_stmt 1 view .LVU12
  53              		.loc 1 78 29 is_stmt 0 view .LVU13
  54 0010 0023     		movs	r3, #0
  55 0012 0360     		str	r3, [r0]
  79:../Core/FreeRTOS-Kernel/list.c **** 
  80:../Core/FreeRTOS-Kernel/list.c ****     /* Write known values into the list if
  81:../Core/FreeRTOS-Kernel/list.c ****      * configUSE_LIST_DATA_INTEGRITY_CHECK_BYTES is set to 1. */
  82:../Core/FreeRTOS-Kernel/list.c ****     listSET_LIST_INTEGRITY_CHECK_1_VALUE( pxList );
  56              		.loc 1 82 51 is_stmt 1 view .LVU14
  83:../Core/FreeRTOS-Kernel/list.c ****     listSET_LIST_INTEGRITY_CHECK_2_VALUE( pxList );
  57              		.loc 1 83 51 view .LVU15
  84:../Core/FreeRTOS-Kernel/list.c **** 
  85:../Core/FreeRTOS-Kernel/list.c ****     traceRETURN_vListInitialise();
  58              		.loc 1 85 34 view .LVU16
  86:../Core/FreeRTOS-Kernel/list.c **** }
  59              		.loc 1 86 1 is_stmt 0 view .LVU17
  60 0014 7047     		bx	lr
  61              		.cfi_endproc
  62              	.LFE4:
  64              		.section	.text.vListInitialiseItem,"ax",%progbits
  65              		.align	1
  66              		.global	vListInitialiseItem
  67              		.syntax unified
  68              		.thumb
  69              		.thumb_func
  70              		.fpu fpv4-sp-d16
  72              	vListInitialiseItem:
  73              	.LVL1:
  74              	.LFB5:
  87:../Core/FreeRTOS-Kernel/list.c **** /*-----------------------------------------------------------*/
  88:../Core/FreeRTOS-Kernel/list.c **** 
  89:../Core/FreeRTOS-Kernel/list.c **** void vListInitialiseItem( ListItem_t * const pxItem )
  90:../Core/FreeRTOS-Kernel/list.c **** {
  75              		.loc 1 90 1 is_stmt 1 view -0
  76              		.cfi_startproc
  77              		@ args = 0, pretend = 0, frame = 0
  78              		@ frame_needed = 0, uses_anonymous_args = 0
  79              		@ link register save eliminated.
  91:../Core/FreeRTOS-Kernel/list.c ****     traceENTER_vListInitialiseItem( pxItem );
  80              		.loc 1 91 45 view .LVU19
  92:../Core/FreeRTOS-Kernel/list.c **** 
  93:../Core/FreeRTOS-Kernel/list.c ****     /* Make sure the list item is not recorded as being on a list. */
  94:../Core/FreeRTOS-Kernel/list.c ****     pxItem->pxContainer = NULL;
ARM GAS  /tmp/ccuxmdDF.s 			page 4


  81              		.loc 1 94 5 view .LVU20
  82              		.loc 1 94 25 is_stmt 0 view .LVU21
  83 0000 0023     		movs	r3, #0
  84 0002 0361     		str	r3, [r0, #16]
  95:../Core/FreeRTOS-Kernel/list.c **** 
  96:../Core/FreeRTOS-Kernel/list.c ****     /* Write known values into the list item if
  97:../Core/FreeRTOS-Kernel/list.c ****      * configUSE_LIST_DATA_INTEGRITY_CHECK_BYTES is set to 1. */
  98:../Core/FreeRTOS-Kernel/list.c ****     listSET_FIRST_LIST_ITEM_INTEGRITY_CHECK_VALUE( pxItem );
  85              		.loc 1 98 60 is_stmt 1 view .LVU22
  99:../Core/FreeRTOS-Kernel/list.c ****     listSET_SECOND_LIST_ITEM_INTEGRITY_CHECK_VALUE( pxItem );
  86              		.loc 1 99 61 view .LVU23
 100:../Core/FreeRTOS-Kernel/list.c **** 
 101:../Core/FreeRTOS-Kernel/list.c ****     traceRETURN_vListInitialiseItem();
  87              		.loc 1 101 38 view .LVU24
 102:../Core/FreeRTOS-Kernel/list.c **** }
  88              		.loc 1 102 1 is_stmt 0 view .LVU25
  89 0004 7047     		bx	lr
  90              		.cfi_endproc
  91              	.LFE5:
  93              		.section	.text.vListInsertEnd,"ax",%progbits
  94              		.align	1
  95              		.global	vListInsertEnd
  96              		.syntax unified
  97              		.thumb
  98              		.thumb_func
  99              		.fpu fpv4-sp-d16
 101              	vListInsertEnd:
 102              	.LVL2:
 103              	.LFB6:
 103:../Core/FreeRTOS-Kernel/list.c **** /*-----------------------------------------------------------*/
 104:../Core/FreeRTOS-Kernel/list.c **** 
 105:../Core/FreeRTOS-Kernel/list.c **** void vListInsertEnd( List_t * const pxList,
 106:../Core/FreeRTOS-Kernel/list.c ****                      ListItem_t * const pxNewListItem )
 107:../Core/FreeRTOS-Kernel/list.c **** {
 104              		.loc 1 107 1 is_stmt 1 view -0
 105              		.cfi_startproc
 106              		@ args = 0, pretend = 0, frame = 0
 107              		@ frame_needed = 0, uses_anonymous_args = 0
 108              		@ link register save eliminated.
 108:../Core/FreeRTOS-Kernel/list.c ****     ListItem_t * const pxIndex = pxList->pxIndex;
 109              		.loc 1 108 5 view .LVU27
 110              		.loc 1 108 24 is_stmt 0 view .LVU28
 111 0000 4368     		ldr	r3, [r0, #4]
 112              	.LVL3:
 109:../Core/FreeRTOS-Kernel/list.c **** 
 110:../Core/FreeRTOS-Kernel/list.c ****     traceENTER_vListInsertEnd( pxList, pxNewListItem );
 113              		.loc 1 110 55 is_stmt 1 view .LVU29
 111:../Core/FreeRTOS-Kernel/list.c **** 
 112:../Core/FreeRTOS-Kernel/list.c ****     /* Only effective when configASSERT() is also defined, these tests may catch
 113:../Core/FreeRTOS-Kernel/list.c ****      * the list data structures being overwritten in memory.  They will not catch
 114:../Core/FreeRTOS-Kernel/list.c ****      * data errors caused by incorrect configuration or use of FreeRTOS. */
 115:../Core/FreeRTOS-Kernel/list.c ****     listTEST_LIST_INTEGRITY( pxList );
 114              		.loc 1 115 38 view .LVU30
 116:../Core/FreeRTOS-Kernel/list.c ****     listTEST_LIST_ITEM_INTEGRITY( pxNewListItem );
 115              		.loc 1 116 50 view .LVU31
 117:../Core/FreeRTOS-Kernel/list.c **** 
 118:../Core/FreeRTOS-Kernel/list.c ****     /* Insert a new list item into pxList, but rather than sort the list,
ARM GAS  /tmp/ccuxmdDF.s 			page 5


 119:../Core/FreeRTOS-Kernel/list.c ****      * makes the new list item the last item to be removed by a call to
 120:../Core/FreeRTOS-Kernel/list.c ****      * listGET_OWNER_OF_NEXT_ENTRY(). */
 121:../Core/FreeRTOS-Kernel/list.c ****     pxNewListItem->pxNext = pxIndex;
 116              		.loc 1 121 5 view .LVU32
 117              		.loc 1 121 27 is_stmt 0 view .LVU33
 118 0002 4B60     		str	r3, [r1, #4]
 122:../Core/FreeRTOS-Kernel/list.c ****     pxNewListItem->pxPrevious = pxIndex->pxPrevious;
 119              		.loc 1 122 5 is_stmt 1 view .LVU34
 120              		.loc 1 122 40 is_stmt 0 view .LVU35
 121 0004 9A68     		ldr	r2, [r3, #8]
 122              		.loc 1 122 31 view .LVU36
 123 0006 8A60     		str	r2, [r1, #8]
 123:../Core/FreeRTOS-Kernel/list.c **** 
 124:../Core/FreeRTOS-Kernel/list.c ****     /* Only used during decision coverage testing. */
 125:../Core/FreeRTOS-Kernel/list.c ****     mtCOVERAGE_TEST_DELAY();
 124              		.loc 1 125 28 is_stmt 1 view .LVU37
 126:../Core/FreeRTOS-Kernel/list.c **** 
 127:../Core/FreeRTOS-Kernel/list.c ****     pxIndex->pxPrevious->pxNext = pxNewListItem;
 125              		.loc 1 127 5 view .LVU38
 126              		.loc 1 127 33 is_stmt 0 view .LVU39
 127 0008 5160     		str	r1, [r2, #4]
 128:../Core/FreeRTOS-Kernel/list.c ****     pxIndex->pxPrevious = pxNewListItem;
 128              		.loc 1 128 5 is_stmt 1 view .LVU40
 129              		.loc 1 128 25 is_stmt 0 view .LVU41
 130 000a 9960     		str	r1, [r3, #8]
 129:../Core/FreeRTOS-Kernel/list.c **** 
 130:../Core/FreeRTOS-Kernel/list.c ****     /* Remember which list the item is in. */
 131:../Core/FreeRTOS-Kernel/list.c ****     pxNewListItem->pxContainer = pxList;
 131              		.loc 1 131 5 is_stmt 1 view .LVU42
 132              		.loc 1 131 32 is_stmt 0 view .LVU43
 133 000c 0861     		str	r0, [r1, #16]
 132:../Core/FreeRTOS-Kernel/list.c **** 
 133:../Core/FreeRTOS-Kernel/list.c ****     ( pxList->uxNumberOfItems ) = ( UBaseType_t ) ( pxList->uxNumberOfItems + 1U );
 134              		.loc 1 133 5 is_stmt 1 view .LVU44
 135              		.loc 1 133 59 is_stmt 0 view .LVU45
 136 000e 0368     		ldr	r3, [r0]
 137              	.LVL4:
 138              		.loc 1 133 35 view .LVU46
 139 0010 0133     		adds	r3, r3, #1
 140              		.loc 1 133 33 view .LVU47
 141 0012 0360     		str	r3, [r0]
 134:../Core/FreeRTOS-Kernel/list.c **** 
 135:../Core/FreeRTOS-Kernel/list.c ****     traceRETURN_vListInsertEnd();
 142              		.loc 1 135 33 is_stmt 1 view .LVU48
 136:../Core/FreeRTOS-Kernel/list.c **** }
 143              		.loc 1 136 1 is_stmt 0 view .LVU49
 144 0014 7047     		bx	lr
 145              		.cfi_endproc
 146              	.LFE6:
 148              		.section	.text.vListInsert,"ax",%progbits
 149              		.align	1
 150              		.global	vListInsert
 151              		.syntax unified
 152              		.thumb
 153              		.thumb_func
 154              		.fpu fpv4-sp-d16
 156              	vListInsert:
ARM GAS  /tmp/ccuxmdDF.s 			page 6


 157              	.LVL5:
 158              	.LFB7:
 137:../Core/FreeRTOS-Kernel/list.c **** /*-----------------------------------------------------------*/
 138:../Core/FreeRTOS-Kernel/list.c **** 
 139:../Core/FreeRTOS-Kernel/list.c **** void vListInsert( List_t * const pxList,
 140:../Core/FreeRTOS-Kernel/list.c ****                   ListItem_t * const pxNewListItem )
 141:../Core/FreeRTOS-Kernel/list.c **** {
 159              		.loc 1 141 1 is_stmt 1 view -0
 160              		.cfi_startproc
 161              		@ args = 0, pretend = 0, frame = 0
 162              		@ frame_needed = 0, uses_anonymous_args = 0
 163              		@ link register save eliminated.
 164              		.loc 1 141 1 is_stmt 0 view .LVU51
 165 0000 30B4     		push	{r4, r5}
 166              	.LCFI0:
 167              		.cfi_def_cfa_offset 8
 168              		.cfi_offset 4, -8
 169              		.cfi_offset 5, -4
 142:../Core/FreeRTOS-Kernel/list.c ****     ListItem_t * pxIterator;
 170              		.loc 1 142 5 is_stmt 1 view .LVU52
 143:../Core/FreeRTOS-Kernel/list.c ****     const TickType_t xValueOfInsertion = pxNewListItem->xItemValue;
 171              		.loc 1 143 5 view .LVU53
 172              		.loc 1 143 22 is_stmt 0 view .LVU54
 173 0002 0D68     		ldr	r5, [r1]
 174              	.LVL6:
 144:../Core/FreeRTOS-Kernel/list.c **** 
 145:../Core/FreeRTOS-Kernel/list.c ****     traceENTER_vListInsert( pxList, pxNewListItem );
 175              		.loc 1 145 52 is_stmt 1 view .LVU55
 146:../Core/FreeRTOS-Kernel/list.c **** 
 147:../Core/FreeRTOS-Kernel/list.c ****     /* Only effective when configASSERT() is also defined, these tests may catch
 148:../Core/FreeRTOS-Kernel/list.c ****      * the list data structures being overwritten in memory.  They will not catch
 149:../Core/FreeRTOS-Kernel/list.c ****      * data errors caused by incorrect configuration or use of FreeRTOS. */
 150:../Core/FreeRTOS-Kernel/list.c ****     listTEST_LIST_INTEGRITY( pxList );
 176              		.loc 1 150 38 view .LVU56
 151:../Core/FreeRTOS-Kernel/list.c ****     listTEST_LIST_ITEM_INTEGRITY( pxNewListItem );
 177              		.loc 1 151 50 view .LVU57
 152:../Core/FreeRTOS-Kernel/list.c **** 
 153:../Core/FreeRTOS-Kernel/list.c ****     /* Insert the new list item into the list, sorted in xItemValue order.
 154:../Core/FreeRTOS-Kernel/list.c ****      *
 155:../Core/FreeRTOS-Kernel/list.c ****      * If the list already contains a list item with the same item value then the
 156:../Core/FreeRTOS-Kernel/list.c ****      * new list item should be placed after it.  This ensures that TCBs which are
 157:../Core/FreeRTOS-Kernel/list.c ****      * stored in ready lists (all of which have the same xItemValue value) get a
 158:../Core/FreeRTOS-Kernel/list.c ****      * share of the CPU.  However, if the xItemValue is the same as the back marker
 159:../Core/FreeRTOS-Kernel/list.c ****      * the iteration loop below will not end.  Therefore the value is checked
 160:../Core/FreeRTOS-Kernel/list.c ****      * first, and the algorithm slightly modified if necessary. */
 161:../Core/FreeRTOS-Kernel/list.c ****     if( xValueOfInsertion == portMAX_DELAY )
 178              		.loc 1 161 5 view .LVU58
 179              		.loc 1 161 7 is_stmt 0 view .LVU59
 180 0004 B5F1FF3F 		cmp	r5, #-1
 181 0008 11D0     		beq	.L9
 162:../Core/FreeRTOS-Kernel/list.c ****     {
 163:../Core/FreeRTOS-Kernel/list.c ****         pxIterator = pxList->xListEnd.pxPrevious;
 164:../Core/FreeRTOS-Kernel/list.c ****     }
 165:../Core/FreeRTOS-Kernel/list.c ****     else
 166:../Core/FreeRTOS-Kernel/list.c ****     {
 167:../Core/FreeRTOS-Kernel/list.c ****         /* *** NOTE ***********************************************************
 168:../Core/FreeRTOS-Kernel/list.c ****         *  If you find your application is crashing here then likely causes are
ARM GAS  /tmp/ccuxmdDF.s 			page 7


 169:../Core/FreeRTOS-Kernel/list.c ****         *  listed below.  In addition see https://www.FreeRTOS.org/FAQHelp.html for
 170:../Core/FreeRTOS-Kernel/list.c ****         *  more tips, and ensure configASSERT() is defined!
 171:../Core/FreeRTOS-Kernel/list.c ****         *  https://www.FreeRTOS.org/a00110.html#configASSERT
 172:../Core/FreeRTOS-Kernel/list.c ****         *
 173:../Core/FreeRTOS-Kernel/list.c ****         *   1) Stack overflow -
 174:../Core/FreeRTOS-Kernel/list.c ****         *      see https://www.FreeRTOS.org/Stacks-and-stack-overflow-checking.html
 175:../Core/FreeRTOS-Kernel/list.c ****         *   2) Incorrect interrupt priority assignment, especially on Cortex-M
 176:../Core/FreeRTOS-Kernel/list.c ****         *      parts where numerically high priority values denote low actual
 177:../Core/FreeRTOS-Kernel/list.c ****         *      interrupt priorities, which can seem counter intuitive.  See
 178:../Core/FreeRTOS-Kernel/list.c ****         *      https://www.FreeRTOS.org/RTOS-Cortex-M3-M4.html and the definition
 179:../Core/FreeRTOS-Kernel/list.c ****         *      of configMAX_SYSCALL_INTERRUPT_PRIORITY on
 180:../Core/FreeRTOS-Kernel/list.c ****         *      https://www.FreeRTOS.org/a00110.html
 181:../Core/FreeRTOS-Kernel/list.c ****         *   3) Calling an API function from within a critical section or when
 182:../Core/FreeRTOS-Kernel/list.c ****         *      the scheduler is suspended, or calling an API function that does
 183:../Core/FreeRTOS-Kernel/list.c ****         *      not end in "FromISR" from an interrupt.
 184:../Core/FreeRTOS-Kernel/list.c ****         *   4) Using a queue or semaphore before it has been initialised or
 185:../Core/FreeRTOS-Kernel/list.c ****         *      before the scheduler has been started (are interrupts firing
 186:../Core/FreeRTOS-Kernel/list.c ****         *      before vTaskStartScheduler() has been called?).
 187:../Core/FreeRTOS-Kernel/list.c ****         *   5) If the FreeRTOS port supports interrupt nesting then ensure that
 188:../Core/FreeRTOS-Kernel/list.c ****         *      the priority of the tick interrupt is at or below
 189:../Core/FreeRTOS-Kernel/list.c ****         *      configMAX_SYSCALL_INTERRUPT_PRIORITY.
 190:../Core/FreeRTOS-Kernel/list.c ****         **********************************************************************/
 191:../Core/FreeRTOS-Kernel/list.c **** 
 192:../Core/FreeRTOS-Kernel/list.c ****         for( pxIterator = ( ListItem_t * ) &( pxList->xListEnd ); pxIterator->pxNext->xItemValue <=
 182              		.loc 1 192 9 is_stmt 1 view .LVU60
 183              		.loc 1 192 25 is_stmt 0 view .LVU61
 184 000a 00F10803 		add	r3, r0, #8
 185              	.LVL7:
 186              	.L7:
 187              		.loc 1 192 67 is_stmt 1 discriminator 1 view .LVU62
 188 000e 1C46     		mov	r4, r3
 189              		.loc 1 192 77 is_stmt 0 discriminator 1 view .LVU63
 190 0010 5B68     		ldr	r3, [r3, #4]
 191              	.LVL8:
 192              		.loc 1 192 85 discriminator 1 view .LVU64
 193 0012 1A68     		ldr	r2, [r3]
 194              		.loc 1 192 9 discriminator 1 view .LVU65
 195 0014 AA42     		cmp	r2, r5
 196 0016 FAD9     		bls	.L7
 197              	.L6:
 193:../Core/FreeRTOS-Kernel/list.c ****         {
 194:../Core/FreeRTOS-Kernel/list.c ****             /* There is nothing to do here, just iterating to the wanted
 195:../Core/FreeRTOS-Kernel/list.c ****              * insertion position. */
 196:../Core/FreeRTOS-Kernel/list.c ****         }
 197:../Core/FreeRTOS-Kernel/list.c ****     }
 198:../Core/FreeRTOS-Kernel/list.c **** 
 199:../Core/FreeRTOS-Kernel/list.c ****     pxNewListItem->pxNext = pxIterator->pxNext;
 198              		.loc 1 199 5 is_stmt 1 view .LVU66
 199              		.loc 1 199 39 is_stmt 0 view .LVU67
 200 0018 6368     		ldr	r3, [r4, #4]
 201              		.loc 1 199 27 view .LVU68
 202 001a 4B60     		str	r3, [r1, #4]
 200:../Core/FreeRTOS-Kernel/list.c ****     pxNewListItem->pxNext->pxPrevious = pxNewListItem;
 203              		.loc 1 200 5 is_stmt 1 view .LVU69
 204              		.loc 1 200 39 is_stmt 0 view .LVU70
 205 001c 9960     		str	r1, [r3, #8]
 201:../Core/FreeRTOS-Kernel/list.c ****     pxNewListItem->pxPrevious = pxIterator;
ARM GAS  /tmp/ccuxmdDF.s 			page 8


 206              		.loc 1 201 5 is_stmt 1 view .LVU71
 207              		.loc 1 201 31 is_stmt 0 view .LVU72
 208 001e 8C60     		str	r4, [r1, #8]
 202:../Core/FreeRTOS-Kernel/list.c ****     pxIterator->pxNext = pxNewListItem;
 209              		.loc 1 202 5 is_stmt 1 view .LVU73
 210              		.loc 1 202 24 is_stmt 0 view .LVU74
 211 0020 6160     		str	r1, [r4, #4]
 203:../Core/FreeRTOS-Kernel/list.c **** 
 204:../Core/FreeRTOS-Kernel/list.c ****     /* Remember which list the item is in.  This allows fast removal of the
 205:../Core/FreeRTOS-Kernel/list.c ****      * item later. */
 206:../Core/FreeRTOS-Kernel/list.c ****     pxNewListItem->pxContainer = pxList;
 212              		.loc 1 206 5 is_stmt 1 view .LVU75
 213              		.loc 1 206 32 is_stmt 0 view .LVU76
 214 0022 0861     		str	r0, [r1, #16]
 207:../Core/FreeRTOS-Kernel/list.c **** 
 208:../Core/FreeRTOS-Kernel/list.c ****     ( pxList->uxNumberOfItems ) = ( UBaseType_t ) ( pxList->uxNumberOfItems + 1U );
 215              		.loc 1 208 5 is_stmt 1 view .LVU77
 216              		.loc 1 208 59 is_stmt 0 view .LVU78
 217 0024 0368     		ldr	r3, [r0]
 218              		.loc 1 208 35 view .LVU79
 219 0026 0133     		adds	r3, r3, #1
 220              		.loc 1 208 33 view .LVU80
 221 0028 0360     		str	r3, [r0]
 209:../Core/FreeRTOS-Kernel/list.c **** 
 210:../Core/FreeRTOS-Kernel/list.c ****     traceRETURN_vListInsert();
 222              		.loc 1 210 30 is_stmt 1 view .LVU81
 211:../Core/FreeRTOS-Kernel/list.c **** }
 223              		.loc 1 211 1 is_stmt 0 view .LVU82
 224 002a 30BC     		pop	{r4, r5}
 225              	.LCFI1:
 226              		.cfi_remember_state
 227              		.cfi_restore 5
 228              		.cfi_restore 4
 229              		.cfi_def_cfa_offset 0
 230              	.LVL9:
 231              		.loc 1 211 1 view .LVU83
 232 002c 7047     		bx	lr
 233              	.LVL10:
 234              	.L9:
 235              	.LCFI2:
 236              		.cfi_restore_state
 163:../Core/FreeRTOS-Kernel/list.c ****     }
 237              		.loc 1 163 9 is_stmt 1 view .LVU84
 163:../Core/FreeRTOS-Kernel/list.c ****     }
 238              		.loc 1 163 20 is_stmt 0 view .LVU85
 239 002e 0469     		ldr	r4, [r0, #16]
 240              	.LVL11:
 163:../Core/FreeRTOS-Kernel/list.c ****     }
 241              		.loc 1 163 20 view .LVU86
 242 0030 F2E7     		b	.L6
 243              		.cfi_endproc
 244              	.LFE7:
 246              		.section	.text.uxListRemove,"ax",%progbits
 247              		.align	1
 248              		.global	uxListRemove
 249              		.syntax unified
 250              		.thumb
ARM GAS  /tmp/ccuxmdDF.s 			page 9


 251              		.thumb_func
 252              		.fpu fpv4-sp-d16
 254              	uxListRemove:
 255              	.LVL12:
 256              	.LFB8:
 212:../Core/FreeRTOS-Kernel/list.c **** /*-----------------------------------------------------------*/
 213:../Core/FreeRTOS-Kernel/list.c **** 
 214:../Core/FreeRTOS-Kernel/list.c **** 
 215:../Core/FreeRTOS-Kernel/list.c **** UBaseType_t uxListRemove( ListItem_t * const pxItemToRemove )
 216:../Core/FreeRTOS-Kernel/list.c **** {
 257              		.loc 1 216 1 is_stmt 1 view -0
 258              		.cfi_startproc
 259              		@ args = 0, pretend = 0, frame = 0
 260              		@ frame_needed = 0, uses_anonymous_args = 0
 261              		@ link register save eliminated.
 217:../Core/FreeRTOS-Kernel/list.c ****     /* The list item knows which list it is in.  Obtain the list from the list
 218:../Core/FreeRTOS-Kernel/list.c ****      * item. */
 219:../Core/FreeRTOS-Kernel/list.c ****     List_t * const pxList = pxItemToRemove->pxContainer;
 262              		.loc 1 219 5 view .LVU88
 263              		.loc 1 219 20 is_stmt 0 view .LVU89
 264 0000 0369     		ldr	r3, [r0, #16]
 265              	.LVL13:
 220:../Core/FreeRTOS-Kernel/list.c **** 
 221:../Core/FreeRTOS-Kernel/list.c ****     traceENTER_uxListRemove( pxItemToRemove );
 266              		.loc 1 221 46 is_stmt 1 view .LVU90
 222:../Core/FreeRTOS-Kernel/list.c **** 
 223:../Core/FreeRTOS-Kernel/list.c ****     pxItemToRemove->pxNext->pxPrevious = pxItemToRemove->pxPrevious;
 267              		.loc 1 223 5 view .LVU91
 268              		.loc 1 223 19 is_stmt 0 view .LVU92
 269 0002 4168     		ldr	r1, [r0, #4]
 270              		.loc 1 223 56 view .LVU93
 271 0004 8268     		ldr	r2, [r0, #8]
 272              		.loc 1 223 40 view .LVU94
 273 0006 8A60     		str	r2, [r1, #8]
 224:../Core/FreeRTOS-Kernel/list.c ****     pxItemToRemove->pxPrevious->pxNext = pxItemToRemove->pxNext;
 274              		.loc 1 224 5 is_stmt 1 view .LVU95
 275              		.loc 1 224 56 is_stmt 0 view .LVU96
 276 0008 4168     		ldr	r1, [r0, #4]
 277              		.loc 1 224 40 view .LVU97
 278 000a 5160     		str	r1, [r2, #4]
 225:../Core/FreeRTOS-Kernel/list.c **** 
 226:../Core/FreeRTOS-Kernel/list.c ****     /* Only used during decision coverage testing. */
 227:../Core/FreeRTOS-Kernel/list.c ****     mtCOVERAGE_TEST_DELAY();
 279              		.loc 1 227 28 is_stmt 1 view .LVU98
 228:../Core/FreeRTOS-Kernel/list.c **** 
 229:../Core/FreeRTOS-Kernel/list.c ****     /* Make sure the index is left pointing to a valid item. */
 230:../Core/FreeRTOS-Kernel/list.c ****     if( pxList->pxIndex == pxItemToRemove )
 280              		.loc 1 230 5 view .LVU99
 281              		.loc 1 230 15 is_stmt 0 view .LVU100
 282 000c 5A68     		ldr	r2, [r3, #4]
 283              		.loc 1 230 7 view .LVU101
 284 000e 8242     		cmp	r2, r0
 285 0010 05D0     		beq	.L12
 286              	.L11:
 231:../Core/FreeRTOS-Kernel/list.c ****     {
 232:../Core/FreeRTOS-Kernel/list.c ****         pxList->pxIndex = pxItemToRemove->pxPrevious;
 233:../Core/FreeRTOS-Kernel/list.c ****     }
ARM GAS  /tmp/ccuxmdDF.s 			page 10


 234:../Core/FreeRTOS-Kernel/list.c ****     else
 235:../Core/FreeRTOS-Kernel/list.c ****     {
 236:../Core/FreeRTOS-Kernel/list.c ****         mtCOVERAGE_TEST_MARKER();
 287              		.loc 1 236 33 is_stmt 1 view .LVU102
 237:../Core/FreeRTOS-Kernel/list.c ****     }
 238:../Core/FreeRTOS-Kernel/list.c **** 
 239:../Core/FreeRTOS-Kernel/list.c ****     pxItemToRemove->pxContainer = NULL;
 288              		.loc 1 239 5 view .LVU103
 289              		.loc 1 239 33 is_stmt 0 view .LVU104
 290 0012 0022     		movs	r2, #0
 291 0014 0261     		str	r2, [r0, #16]
 240:../Core/FreeRTOS-Kernel/list.c ****     ( pxList->uxNumberOfItems ) = ( UBaseType_t ) ( pxList->uxNumberOfItems - 1U );
 292              		.loc 1 240 5 is_stmt 1 view .LVU105
 293              		.loc 1 240 59 is_stmt 0 view .LVU106
 294 0016 1868     		ldr	r0, [r3]
 295              	.LVL14:
 296              		.loc 1 240 35 view .LVU107
 297 0018 0138     		subs	r0, r0, #1
 298              		.loc 1 240 33 view .LVU108
 299 001a 1860     		str	r0, [r3]
 241:../Core/FreeRTOS-Kernel/list.c **** 
 242:../Core/FreeRTOS-Kernel/list.c ****     traceRETURN_uxListRemove( pxList->uxNumberOfItems );
 300              		.loc 1 242 56 is_stmt 1 view .LVU109
 243:../Core/FreeRTOS-Kernel/list.c **** 
 244:../Core/FreeRTOS-Kernel/list.c ****     return pxList->uxNumberOfItems;
 301              		.loc 1 244 5 view .LVU110
 245:../Core/FreeRTOS-Kernel/list.c **** }
 302              		.loc 1 245 1 is_stmt 0 view .LVU111
 303 001c 7047     		bx	lr
 304              	.LVL15:
 305              	.L12:
 232:../Core/FreeRTOS-Kernel/list.c ****     }
 306              		.loc 1 232 9 is_stmt 1 view .LVU112
 232:../Core/FreeRTOS-Kernel/list.c ****     }
 307              		.loc 1 232 41 is_stmt 0 view .LVU113
 308 001e 8268     		ldr	r2, [r0, #8]
 232:../Core/FreeRTOS-Kernel/list.c ****     }
 309              		.loc 1 232 25 view .LVU114
 310 0020 5A60     		str	r2, [r3, #4]
 311 0022 F6E7     		b	.L11
 312              		.cfi_endproc
 313              	.LFE8:
 315              		.text
 316              	.Letext0:
 317              		.file 2 "/usr/lib/gcc/arm-none-eabi/10.3.1/include/stdint.h"
 318              		.file 3 "Core/Inc/portmacro.h"
 319              		.file 4 "../Core/FreeRTOS-Kernel/include/list.h"
ARM GAS  /tmp/ccuxmdDF.s 			page 11


DEFINED SYMBOLS
                            *ABS*:0000000000000000 list.c
     /tmp/ccuxmdDF.s:18     .text.vListInitialise:0000000000000000 $t
     /tmp/ccuxmdDF.s:26     .text.vListInitialise:0000000000000000 vListInitialise
     /tmp/ccuxmdDF.s:65     .text.vListInitialiseItem:0000000000000000 $t
     /tmp/ccuxmdDF.s:72     .text.vListInitialiseItem:0000000000000000 vListInitialiseItem
     /tmp/ccuxmdDF.s:94     .text.vListInsertEnd:0000000000000000 $t
     /tmp/ccuxmdDF.s:101    .text.vListInsertEnd:0000000000000000 vListInsertEnd
     /tmp/ccuxmdDF.s:149    .text.vListInsert:0000000000000000 $t
     /tmp/ccuxmdDF.s:156    .text.vListInsert:0000000000000000 vListInsert
     /tmp/ccuxmdDF.s:247    .text.uxListRemove:0000000000000000 $t
     /tmp/ccuxmdDF.s:254    .text.uxListRemove:0000000000000000 uxListRemove

NO UNDEFINED SYMBOLS
