ARM GAS  /tmp/ccS6wyEa.s 			page 1


   1              		.cpu cortex-m4
   2              		.eabi_attribute 27, 1
   3              		.eabi_attribute 28, 1
   4              		.eabi_attribute 20, 1
   5              		.eabi_attribute 21, 1
   6              		.eabi_attribute 23, 3
   7              		.eabi_attribute 24, 1
   8              		.eabi_attribute 25, 1
   9              		.eabi_attribute 26, 1
  10              		.eabi_attribute 30, 1
  11              		.eabi_attribute 34, 1
  12              		.eabi_attribute 18, 4
  13              		.file	"protocol.c"
  14              		.text
  15              	.Ltext0:
  16              		.cfi_sections	.debug_frame
  17              		.section	.text.is_command_packet,"ax",%progbits
  18              		.align	1
  19              		.global	is_command_packet
  20              		.arch armv7e-m
  21              		.syntax unified
  22              		.thumb
  23              		.thumb_func
  24              		.fpu fpv4-sp-d16
  26              	is_command_packet:
  27              	.LVL0:
  28              	.LFB3:
  29              		.file 1 "../Core/Src/protocol.c"
   1:../Core/Src/protocol.c **** #include "packet_encode.h"
   2:../Core/Src/protocol.c **** #include "protocol.h"
   3:../Core/Src/protocol.c **** #include <time.h>
   4:../Core/Src/protocol.c **** #include <stdbool.h>
   5:../Core/Src/protocol.c **** #include <stdint.h>
   6:../Core/Src/protocol.c **** #include <stdio.h>
   7:../Core/Src/protocol.c **** #include <string.h>
   8:../Core/Src/protocol.c **** 
   9:../Core/Src/protocol.c **** //*************************************************************************************************
  10:../Core/Src/protocol.c **** //*************************************************************************************************
  11:../Core/Src/protocol.c **** //*************************************************************************************************
  12:../Core/Src/protocol.c **** // DISCLAIMER: THIS FILE WAS AUTO-GENERATED BY template_generator.py
  13:../Core/Src/protocol.c **** // DO NOT MODIFY THIS FILE DIRECTLY!
  14:../Core/Src/protocol.c **** // TO MODIFY THE PROTOCOL, EDIT protocol.json AND RE-RUN template_generator.py
  15:../Core/Src/protocol.c **** //*************************************************************************************************
  16:../Core/Src/protocol.c **** //*************************************************************************************************
  17:../Core/Src/protocol.c **** //*************************************************************************************************
  18:../Core/Src/protocol.c **** 
  19:../Core/Src/protocol.c **** int is_command_packet(uint8_t* packet, size_t packet_size) {
  30              		.loc 1 19 60 view -0
  31              		.cfi_startproc
  32              		@ args = 0, pretend = 0, frame = 0
  33              		@ frame_needed = 0, uses_anonymous_args = 0
  34              		@ link register save eliminated.
  20:../Core/Src/protocol.c **** 	if (packet_size != 7) return -1; // Incorrect size
  35              		.loc 1 20 2 view .LVU1
  36              		.loc 1 20 5 is_stmt 0 view .LVU2
  37 0000 0729     		cmp	r1, #7
  38 0002 04D1     		bne	.L3
ARM GAS  /tmp/ccS6wyEa.s 			page 2


  21:../Core/Src/protocol.c **** 	if (packet[1] != COMMAND_MSG_ID) return -1; // Incorrect command id
  39              		.loc 1 21 2 is_stmt 1 view .LVU3
  40              		.loc 1 21 12 is_stmt 0 view .LVU4
  41 0004 4378     		ldrb	r3, [r0, #1]	@ zero_extendqisi2
  42              		.loc 1 21 5 view .LVU5
  43 0006 012B     		cmp	r3, #1
  44 0008 04D1     		bne	.L4
  22:../Core/Src/protocol.c **** 	return packet[3];
  45              		.loc 1 22 2 is_stmt 1 view .LVU6
  46              		.loc 1 22 15 is_stmt 0 view .LVU7
  47 000a C078     		ldrb	r0, [r0, #3]	@ zero_extendqisi2
  48              	.LVL1:
  49              		.loc 1 22 15 view .LVU8
  50 000c 7047     		bx	lr
  51              	.LVL2:
  52              	.L3:
  20:../Core/Src/protocol.c **** 	if (packet_size != 7) return -1; // Incorrect size
  53              		.loc 1 20 31 view .LVU9
  54 000e 4FF0FF30 		mov	r0, #-1
  55              	.LVL3:
  20:../Core/Src/protocol.c **** 	if (packet_size != 7) return -1; // Incorrect size
  56              		.loc 1 20 31 view .LVU10
  57 0012 7047     		bx	lr
  58              	.LVL4:
  59              	.L4:
  21:../Core/Src/protocol.c **** 	if (packet[1] != COMMAND_MSG_ID) return -1; // Incorrect command id
  60              		.loc 1 21 42 view .LVU11
  61 0014 4FF0FF30 		mov	r0, #-1
  62              	.LVL5:
  23:../Core/Src/protocol.c **** }
  63              		.loc 1 23 1 view .LVU12
  64 0018 7047     		bx	lr
  65              		.cfi_endproc
  66              	.LFE3:
  68              		.section	.text.get_command_uuid,"ax",%progbits
  69              		.align	1
  70              		.global	get_command_uuid
  71              		.syntax unified
  72              		.thumb
  73              		.thumb_func
  74              		.fpu fpv4-sp-d16
  76              	get_command_uuid:
  77              	.LVL6:
  78              	.LFB4:
  24:../Core/Src/protocol.c **** 
  25:../Core/Src/protocol.c **** int get_command_uuid(uint8_t* packet) {
  79              		.loc 1 25 39 is_stmt 1 view -0
  80              		.cfi_startproc
  81              		@ args = 0, pretend = 0, frame = 0
  82              		@ frame_needed = 0, uses_anonymous_args = 0
  83              		@ link register save eliminated.
  26:../Core/Src/protocol.c **** 	return packet[4];
  84              		.loc 1 26 2 view .LVU14
  27:../Core/Src/protocol.c **** }
  85              		.loc 1 27 1 is_stmt 0 view .LVU15
  86 0000 0079     		ldrb	r0, [r0, #4]	@ zero_extendqisi2
  87              	.LVL7:
ARM GAS  /tmp/ccS6wyEa.s 			page 3


  88              		.loc 1 27 1 view .LVU16
  89 0002 7047     		bx	lr
  90              		.cfi_endproc
  91              	.LFE4:
  93              		.section	.text.generate_ack_packet,"ax",%progbits
  94              		.align	1
  95              		.global	generate_ack_packet
  96              		.syntax unified
  97              		.thumb
  98              		.thumb_func
  99              		.fpu fpv4-sp-d16
 101              	generate_ack_packet:
 102              	.LVL8:
 103              	.LFB5:
  28:../Core/Src/protocol.c **** 
  29:../Core/Src/protocol.c **** int generate_ack_packet(uint8_t *packet, size_t packet_size, uint8_t *generated_packet) {
 104              		.loc 1 29 89 is_stmt 1 view -0
 105              		.cfi_startproc
 106              		@ args = 0, pretend = 0, frame = 8
 107              		@ frame_needed = 0, uses_anonymous_args = 0
  30:../Core/Src/protocol.c ****   if (packet_size != 7) {
 108              		.loc 1 30 3 view .LVU18
 109              		.loc 1 30 6 is_stmt 0 view .LVU19
 110 0000 0729     		cmp	r1, #7
 111 0002 1ED1     		bne	.L8
  29:../Core/Src/protocol.c ****   if (packet_size != 7) {
 112              		.loc 1 29 89 view .LVU20
 113 0004 70B5     		push	{r4, r5, r6, lr}
 114              	.LCFI0:
 115              		.cfi_def_cfa_offset 16
 116              		.cfi_offset 4, -16
 117              		.cfi_offset 5, -12
 118              		.cfi_offset 6, -8
 119              		.cfi_offset 14, -4
 120 0006 82B0     		sub	sp, sp, #8
 121              	.LCFI1:
 122              		.cfi_def_cfa_offset 24
 123 0008 0546     		mov	r5, r0
 124 000a 0C46     		mov	r4, r1
 125 000c 1646     		mov	r6, r2
  31:../Core/Src/protocol.c ****     return -1;
  32:../Core/Src/protocol.c ****   }
  33:../Core/Src/protocol.c ****   if (!verify_packet(packet, packet_size)) {
 126              		.loc 1 33 3 is_stmt 1 view .LVU21
 127              		.loc 1 33 8 is_stmt 0 view .LVU22
 128 000e FFF7FEFF 		bl	verify_packet
 129              	.LVL9:
 130              		.loc 1 33 6 view .LVU23
 131 0012 C8B1     		cbz	r0, .L9
  34:../Core/Src/protocol.c ****     return -2;
  35:../Core/Src/protocol.c ****   }
  36:../Core/Src/protocol.c **** 
  37:../Core/Src/protocol.c ****   int command_id = is_command_packet(packet, packet_size);
 132              		.loc 1 37 3 is_stmt 1 view .LVU24
 133              		.loc 1 37 20 is_stmt 0 view .LVU25
 134 0014 2146     		mov	r1, r4
 135 0016 2846     		mov	r0, r5
ARM GAS  /tmp/ccS6wyEa.s 			page 4


 136 0018 FFF7FEFF 		bl	is_command_packet
 137              	.LVL10:
  38:../Core/Src/protocol.c ****   if (command_id < 0 || command_id > 255) {
 138              		.loc 1 38 3 is_stmt 1 view .LVU26
 139              		.loc 1 38 6 is_stmt 0 view .LVU27
 140 001c FF28     		cmp	r0, #255
 141 001e 16D8     		bhi	.L10
  39:../Core/Src/protocol.c ****     return -3;
  40:../Core/Src/protocol.c ****   }
  41:../Core/Src/protocol.c ****   uint8_t payload[2];
 142              		.loc 1 41 3 is_stmt 1 view .LVU28
  42:../Core/Src/protocol.c ****   payload[0] = command_id; // command id
 143              		.loc 1 42 3 view .LVU29
 144              		.loc 1 42 14 is_stmt 0 view .LVU30
 145 0020 8DF80400 		strb	r0, [sp, #4]
  43:../Core/Src/protocol.c ****   payload[1] = get_command_uuid(packet); // command uuid
 146              		.loc 1 43 3 is_stmt 1 view .LVU31
 147              		.loc 1 43 16 is_stmt 0 view .LVU32
 148 0024 2846     		mov	r0, r5
 149              	.LVL11:
 150              		.loc 1 43 16 view .LVU33
 151 0026 FFF7FEFF 		bl	get_command_uuid
 152              	.LVL12:
 153              		.loc 1 43 14 view .LVU34
 154 002a 8DF80500 		strb	r0, [sp, #5]
  44:../Core/Src/protocol.c ****   int written = generate_packet(payload, 2, generated_packet, COMMAND_ACK_MSG_ID);
 155              		.loc 1 44 3 is_stmt 1 view .LVU35
 156              		.loc 1 44 17 is_stmt 0 view .LVU36
 157 002e 0223     		movs	r3, #2
 158 0030 3246     		mov	r2, r6
 159 0032 1946     		mov	r1, r3
 160 0034 01A8     		add	r0, sp, #4
 161 0036 FFF7FEFF 		bl	generate_packet
 162              	.LVL13:
  45:../Core/Src/protocol.c ****   if (written != 7) {
 163              		.loc 1 45 3 is_stmt 1 view .LVU37
 164              		.loc 1 45 6 is_stmt 0 view .LVU38
 165 003a 0728     		cmp	r0, #7
 166 003c 0AD1     		bne	.L16
 167              	.LVL14:
 168              	.L6:
  46:../Core/Src/protocol.c ****     return -4;
  47:../Core/Src/protocol.c ****   }
  48:../Core/Src/protocol.c ****   return 7;
  49:../Core/Src/protocol.c **** }
 169              		.loc 1 49 1 view .LVU39
 170 003e 02B0     		add	sp, sp, #8
 171              	.LCFI2:
 172              		.cfi_def_cfa_offset 16
 173              		@ sp needed
 174 0040 70BD     		pop	{r4, r5, r6, pc}
 175              	.LVL15:
 176              	.L8:
 177              	.LCFI3:
 178              		.cfi_def_cfa_offset 0
 179              		.cfi_restore 4
 180              		.cfi_restore 5
ARM GAS  /tmp/ccS6wyEa.s 			page 5


 181              		.cfi_restore 6
 182              		.cfi_restore 14
  31:../Core/Src/protocol.c ****   }
 183              		.loc 1 31 12 view .LVU40
 184 0042 4FF0FF30 		mov	r0, #-1
 185              	.LVL16:
 186              		.loc 1 49 1 view .LVU41
 187 0046 7047     		bx	lr
 188              	.LVL17:
 189              	.L9:
 190              	.LCFI4:
 191              		.cfi_def_cfa_offset 24
 192              		.cfi_offset 4, -16
 193              		.cfi_offset 5, -12
 194              		.cfi_offset 6, -8
 195              		.cfi_offset 14, -4
  34:../Core/Src/protocol.c ****   }
 196              		.loc 1 34 12 view .LVU42
 197 0048 6FF00100 		mvn	r0, #1
 198 004c F7E7     		b	.L6
 199              	.LVL18:
 200              	.L10:
  39:../Core/Src/protocol.c ****   }
 201              		.loc 1 39 12 view .LVU43
 202 004e 6FF00200 		mvn	r0, #2
 203              	.LVL19:
  39:../Core/Src/protocol.c ****   }
 204              		.loc 1 39 12 view .LVU44
 205 0052 F4E7     		b	.L6
 206              	.LVL20:
 207              	.L16:
  46:../Core/Src/protocol.c ****   }
 208              		.loc 1 46 12 view .LVU45
 209 0054 6FF00300 		mvn	r0, #3
 210              	.LVL21:
  46:../Core/Src/protocol.c ****   }
 211              		.loc 1 46 12 view .LVU46
 212 0058 F1E7     		b	.L6
 213              		.cfi_endproc
 214              	.LFE5:
 216              		.section	.text.generate_command_payload,"ax",%progbits
 217              		.align	1
 218              		.global	generate_command_payload
 219              		.syntax unified
 220              		.thumb
 221              		.thumb_func
 222              		.fpu fpv4-sp-d16
 224              	generate_command_payload:
 225              	.LVL22:
 226              	.LFB6:
  50:../Core/Src/protocol.c **** 
  51:../Core/Src/protocol.c **** size_t generate_command_payload(uint8_t *buffer, uint8_t command_id, uint8_t command_counter) {
 227              		.loc 1 51 95 is_stmt 1 view -0
 228              		.cfi_startproc
 229              		@ args = 0, pretend = 0, frame = 0
 230              		@ frame_needed = 0, uses_anonymous_args = 0
 231              		@ link register save eliminated.
ARM GAS  /tmp/ccS6wyEa.s 			page 6


  52:../Core/Src/protocol.c **** 	memcpy(buffer, &command_id, sizeof(command_id));	// Byte 1: command id
 232              		.loc 1 52 2 view .LVU48
 233 0000 0170     		strb	r1, [r0]
  53:../Core/Src/protocol.c **** 	memcpy(buffer + sizeof(command_id), &command_counter, sizeof(command_counter)); // byte 2 command 
 234              		.loc 1 53 2 view .LVU49
 235 0002 4270     		strb	r2, [r0, #1]
  54:../Core/Src/protocol.c **** 	return sizeof(command_id) + sizeof(command_counter);
 236              		.loc 1 54 2 view .LVU50
  55:../Core/Src/protocol.c **** }
 237              		.loc 1 55 1 is_stmt 0 view .LVU51
 238 0004 0220     		movs	r0, #2
 239              	.LVL23:
 240              		.loc 1 55 1 view .LVU52
 241 0006 7047     		bx	lr
 242              		.cfi_endproc
 243              	.LFE6:
 245              		.section	.text.extract_command,"ax",%progbits
 246              		.align	1
 247              		.global	extract_command
 248              		.syntax unified
 249              		.thumb
 250              		.thumb_func
 251              		.fpu fpv4-sp-d16
 253              	extract_command:
 254              	.LVL24:
 255              	.LFB7:
  56:../Core/Src/protocol.c **** 
  57:../Core/Src/protocol.c **** bool extract_command(uint8_t *buffer, uint8_t buffer_size, struct CommandStruct* destination) {
 256              		.loc 1 57 95 is_stmt 1 view -0
 257              		.cfi_startproc
 258              		@ args = 0, pretend = 0, frame = 0
 259              		@ frame_needed = 0, uses_anonymous_args = 0
 260              		@ link register save eliminated.
  58:../Core/Src/protocol.c **** 	if (buffer_size != 2) return false;
 261              		.loc 1 58 2 view .LVU54
 262              		.loc 1 58 5 is_stmt 0 view .LVU55
 263 0000 0229     		cmp	r1, #2
 264 0002 05D1     		bne	.L20
  59:../Core/Src/protocol.c **** 	destination->command_id = buffer[0];
 265              		.loc 1 59 2 is_stmt 1 view .LVU56
 266              		.loc 1 59 34 is_stmt 0 view .LVU57
 267 0004 0378     		ldrb	r3, [r0]	@ zero_extendqisi2
 268              		.loc 1 59 26 view .LVU58
 269 0006 1370     		strb	r3, [r2]
  60:../Core/Src/protocol.c **** 	destination->command_counter = buffer[1];
 270              		.loc 1 60 2 is_stmt 1 view .LVU59
 271              		.loc 1 60 31 is_stmt 0 view .LVU60
 272 0008 4378     		ldrb	r3, [r0, #1]	@ zero_extendqisi2
 273 000a 5370     		strb	r3, [r2, #1]
  61:../Core/Src/protocol.c **** 	return true;
 274              		.loc 1 61 2 is_stmt 1 view .LVU61
 275              		.loc 1 61 9 is_stmt 0 view .LVU62
 276 000c 0120     		movs	r0, #1
 277              	.LVL25:
 278              		.loc 1 61 9 view .LVU63
 279 000e 7047     		bx	lr
 280              	.LVL26:
ARM GAS  /tmp/ccS6wyEa.s 			page 7


 281              	.L20:
  58:../Core/Src/protocol.c **** 	destination->command_id = buffer[0];
 282              		.loc 1 58 31 view .LVU64
 283 0010 0020     		movs	r0, #0
 284              	.LVL27:
  62:../Core/Src/protocol.c **** }
 285              		.loc 1 62 1 view .LVU65
 286 0012 7047     		bx	lr
 287              		.cfi_endproc
 288              	.LFE7:
 290              		.section	.text.get_msg_size,"ax",%progbits
 291              		.align	1
 292              		.global	get_msg_size
 293              		.syntax unified
 294              		.thumb
 295              		.thumb_func
 296              		.fpu fpv4-sp-d16
 298              	get_msg_size:
 299              	.LVL28:
 300              	.LFB8:
  63:../Core/Src/protocol.c **** 
  64:../Core/Src/protocol.c **** int get_msg_size(int message_id) {
 301              		.loc 1 64 34 is_stmt 1 view -0
 302              		.cfi_startproc
 303              		@ args = 0, pretend = 0, frame = 0
 304              		@ frame_needed = 0, uses_anonymous_args = 0
 305              		@ link register save eliminated.
  65:../Core/Src/protocol.c **** 	switch (message_id) {
 306              		.loc 1 65 2 view .LVU67
 307 0000 A0F10A03 		sub	r3, r0, #10
 308 0004 052B     		cmp	r3, #5
 309 0006 0CD8     		bhi	.L22
 310 0008 DFE803F0 		tbb	[pc, r3]
 311              	.L24:
 312 000c 03       		.byte	(.L29-.L24)/2
 313 000d 0E       		.byte	(.L30-.L24)/2
 314 000e 0F       		.byte	(.L21-.L24)/2
 315 000f 05       		.byte	(.L26-.L24)/2
 316 0010 07       		.byte	(.L25-.L24)/2
 317 0011 09       		.byte	(.L23-.L24)/2
 318              		.p2align 1
 319              	.L29:
 320 0012 3C20     		movs	r0, #60
 321              	.LVL29:
 322              		.loc 1 65 2 is_stmt 0 view .LVU68
 323 0014 7047     		bx	lr
 324              	.LVL30:
 325              	.L26:
  66:../Core/Src/protocol.c ****     	case ROCKETSTATEVECTOR_MSG_ID:
  67:../Core/Src/protocol.c **** 			return ROCKETSTATEVECTOR_SIZE;
  68:../Core/Src/protocol.c ****     	case ROCKETSERVODEFLECTION_MSG_ID:
  69:../Core/Src/protocol.c **** 			return ROCKETSERVODEFLECTION_SIZE;
  70:../Core/Src/protocol.c ****     	case ROCKETSTATE_MSG_ID:
  71:../Core/Src/protocol.c **** 			return ROCKETSTATE_SIZE;
  72:../Core/Src/protocol.c ****     	case ROCKETGROUNDEKF_MSG_ID:
  73:../Core/Src/protocol.c **** 			return ROCKETGROUNDEKF_SIZE;
 326              		.loc 1 73 4 is_stmt 1 view .LVU69
ARM GAS  /tmp/ccS6wyEa.s 			page 8


 327              		.loc 1 73 11 is_stmt 0 view .LVU70
 328 0016 2020     		movs	r0, #32
 329              	.LVL31:
 330              		.loc 1 73 11 view .LVU71
 331 0018 7047     		bx	lr
 332              	.LVL32:
 333              	.L25:
  74:../Core/Src/protocol.c ****     	case ROCKETSENSORDATA_MSG_ID:
  75:../Core/Src/protocol.c **** 			return ROCKETSENSORDATA_SIZE;
 334              		.loc 1 75 4 is_stmt 1 view .LVU72
 335              		.loc 1 75 11 is_stmt 0 view .LVU73
 336 001a 2C20     		movs	r0, #44
 337              	.LVL33:
 338              		.loc 1 75 11 view .LVU74
 339 001c 7047     		bx	lr
 340              	.LVL34:
 341              	.L23:
  76:../Core/Src/protocol.c ****     	case ROCKETANALOGFEEDBACKDATA_MSG_ID:
  77:../Core/Src/protocol.c **** 			return ROCKETANALOGFEEDBACKDATA_SIZE;
 342              		.loc 1 77 4 is_stmt 1 view .LVU75
 343              		.loc 1 77 11 is_stmt 0 view .LVU76
 344 001e 1120     		movs	r0, #17
 345              	.LVL35:
 346              		.loc 1 77 11 view .LVU77
 347 0020 7047     		bx	lr
 348              	.LVL36:
 349              	.L22:
  78:../Core/Src/protocol.c ****     	default:
  79:../Core/Src/protocol.c **** 			return -1;
 350              		.loc 1 79 4 is_stmt 1 view .LVU78
 351              		.loc 1 79 11 is_stmt 0 view .LVU79
 352 0022 4FF0FF30 		mov	r0, #-1
 353              	.LVL37:
 354              		.loc 1 79 11 view .LVU80
 355 0026 7047     		bx	lr
 356              	.LVL38:
 357              	.L30:
  69:../Core/Src/protocol.c ****     	case ROCKETSTATE_MSG_ID:
 358              		.loc 1 69 11 view .LVU81
 359 0028 1820     		movs	r0, #24
 360              	.LVL39:
 361              	.L21:
  80:../Core/Src/protocol.c **** 	}
  81:../Core/Src/protocol.c **** }
 362              		.loc 1 81 1 view .LVU82
 363 002a 7047     		bx	lr
 364              		.cfi_endproc
 365              	.LFE8:
 367              		.section	.text.is_data_send_msg,"ax",%progbits
 368              		.align	1
 369              		.global	is_data_send_msg
 370              		.syntax unified
 371              		.thumb
 372              		.thumb_func
 373              		.fpu fpv4-sp-d16
 375              	is_data_send_msg:
 376              	.LVL40:
ARM GAS  /tmp/ccS6wyEa.s 			page 9


 377              	.LFB9:
  82:../Core/Src/protocol.c **** 
  83:../Core/Src/protocol.c **** bool is_data_send_msg(int message_id) {
 378              		.loc 1 83 39 is_stmt 1 view -0
 379              		.cfi_startproc
 380              		@ args = 0, pretend = 0, frame = 0
 381              		@ frame_needed = 0, uses_anonymous_args = 0
 382              		@ link register save eliminated.
  84:../Core/Src/protocol.c **** 	return (message_id >= 10) && (message_id <= 10 + 6);
 383              		.loc 1 84 2 view .LVU84
 384              		.loc 1 84 28 is_stmt 0 view .LVU85
 385 0000 0A38     		subs	r0, r0, #10
 386              	.LVL41:
  85:../Core/Src/protocol.c **** }
 387              		.loc 1 85 1 view .LVU86
 388 0002 0628     		cmp	r0, #6
 389 0004 8CBF     		ite	hi
 390 0006 0020     		movhi	r0, #0
 391              	.LVL42:
 392              		.loc 1 85 1 view .LVU87
 393 0008 0120     		movls	r0, #1
 394 000a 7047     		bx	lr
 395              		.cfi_endproc
 396              	.LFE9:
 398              		.section	.text.RocketStateVector_encode,"ax",%progbits
 399              		.align	1
 400              		.global	RocketStateVector_encode
 401              		.syntax unified
 402              		.thumb
 403              		.thumb_func
 404              		.fpu fpv4-sp-d16
 406              	RocketStateVector_encode:
 407              	.LVL43:
 408              	.LFB10:
  86:../Core/Src/protocol.c **** 
  87:../Core/Src/protocol.c **** #ifdef INCLUDE_PROTOCOL_SQL_MACROS
  88:../Core/Src/protocol.c **** 	
  89:../Core/Src/protocol.c ****     bool convert_data_msg_to_sql_cmd(int message_id, uint8_t *data, size_t data_size, char *sql_cmd
  90:../Core/Src/protocol.c **** 		if (!is_data_send_msg(message_id)) {
  91:../Core/Src/protocol.c **** 			return false;
  92:../Core/Src/protocol.c **** 		}
  93:../Core/Src/protocol.c **** 
  94:../Core/Src/protocol.c **** 		switch (message_id) {
  95:../Core/Src/protocol.c ****     	    case ROCKETSTATEVECTOR_MSG_ID: {
  96:../Core/Src/protocol.c ****         if (data_size != ROCKETSTATEVECTOR_SIZE) {
  97:../Core/Src/protocol.c ****           printf("warning: wrong data size!\n");
  98:../Core/Src/protocol.c ****         }
  99:../Core/Src/protocol.c **** 				struct RocketStateVector cvt_data;
 100:../Core/Src/protocol.c **** 				RocketStateVector_decode(data, &cvt_data);
 101:../Core/Src/protocol.c **** 				ROCKETSTATEVECTOR_SQL_ADD_ENTRY(sql_cmd, &cvt_data);
 102:../Core/Src/protocol.c **** 				return true;
 103:../Core/Src/protocol.c **** 			} 
 104:../Core/Src/protocol.c ****     	    case ROCKETSERVODEFLECTION_MSG_ID: {
 105:../Core/Src/protocol.c ****         if (data_size != ROCKETSERVODEFLECTION_SIZE) {
 106:../Core/Src/protocol.c ****           printf("warning: wrong data size!\n");
 107:../Core/Src/protocol.c ****         }
 108:../Core/Src/protocol.c **** 				struct RocketServoDeflection cvt_data;
ARM GAS  /tmp/ccS6wyEa.s 			page 10


 109:../Core/Src/protocol.c **** 				RocketServoDeflection_decode(data, &cvt_data);
 110:../Core/Src/protocol.c **** 				ROCKETSERVODEFLECTION_SQL_ADD_ENTRY(sql_cmd, &cvt_data);
 111:../Core/Src/protocol.c **** 				return true;
 112:../Core/Src/protocol.c **** 			} 
 113:../Core/Src/protocol.c ****     	    case ROCKETSTATE_MSG_ID: {
 114:../Core/Src/protocol.c ****         if (data_size != ROCKETSTATE_SIZE) {
 115:../Core/Src/protocol.c ****           printf("warning: wrong data size!\n");
 116:../Core/Src/protocol.c ****         }
 117:../Core/Src/protocol.c **** 				struct RocketState cvt_data;
 118:../Core/Src/protocol.c **** 				RocketState_decode(data, &cvt_data);
 119:../Core/Src/protocol.c **** 				ROCKETSTATE_SQL_ADD_ENTRY(sql_cmd, &cvt_data);
 120:../Core/Src/protocol.c **** 				return true;
 121:../Core/Src/protocol.c **** 			} 
 122:../Core/Src/protocol.c ****     	    case ROCKETGROUNDEKF_MSG_ID: {
 123:../Core/Src/protocol.c ****         if (data_size != ROCKETGROUNDEKF_SIZE) {
 124:../Core/Src/protocol.c ****           printf("warning: wrong data size!\n");
 125:../Core/Src/protocol.c ****         }
 126:../Core/Src/protocol.c **** 				struct RocketGroundEKF cvt_data;
 127:../Core/Src/protocol.c **** 				RocketGroundEKF_decode(data, &cvt_data);
 128:../Core/Src/protocol.c **** 				ROCKETGROUNDEKF_SQL_ADD_ENTRY(sql_cmd, &cvt_data);
 129:../Core/Src/protocol.c **** 				return true;
 130:../Core/Src/protocol.c **** 			} 
 131:../Core/Src/protocol.c ****     	    case ROCKETSENSORDATA_MSG_ID: {
 132:../Core/Src/protocol.c ****         if (data_size != ROCKETSENSORDATA_SIZE) {
 133:../Core/Src/protocol.c ****           printf("warning: wrong data size!\n");
 134:../Core/Src/protocol.c ****         }
 135:../Core/Src/protocol.c **** 				struct RocketSensorData cvt_data;
 136:../Core/Src/protocol.c **** 				RocketSensorData_decode(data, &cvt_data);
 137:../Core/Src/protocol.c **** 				ROCKETSENSORDATA_SQL_ADD_ENTRY(sql_cmd, &cvt_data);
 138:../Core/Src/protocol.c **** 				return true;
 139:../Core/Src/protocol.c **** 			} 
 140:../Core/Src/protocol.c ****     	    case ROCKETANALOGFEEDBACKDATA_MSG_ID: {
 141:../Core/Src/protocol.c ****         if (data_size != ROCKETANALOGFEEDBACKDATA_SIZE) {
 142:../Core/Src/protocol.c ****           printf("warning: wrong data size!\n");
 143:../Core/Src/protocol.c ****         }
 144:../Core/Src/protocol.c **** 				struct RocketAnalogFeedbackData cvt_data;
 145:../Core/Src/protocol.c **** 				RocketAnalogFeedbackData_decode(data, &cvt_data);
 146:../Core/Src/protocol.c **** 				ROCKETANALOGFEEDBACKDATA_SQL_ADD_ENTRY(sql_cmd, &cvt_data);
 147:../Core/Src/protocol.c **** 				return true;
 148:../Core/Src/protocol.c **** 			} 
 149:../Core/Src/protocol.c ****     		default:
 150:../Core/Src/protocol.c **** 				return false;
 151:../Core/Src/protocol.c **** 		}
 152:../Core/Src/protocol.c **** 	}
 153:../Core/Src/protocol.c **** 
 154:../Core/Src/protocol.c **** #endif
 155:../Core/Src/protocol.c **** 
 156:../Core/Src/protocol.c **** 
 157:../Core/Src/protocol.c **** void RocketStateVector_encode(struct RocketStateVector *input, uint8_t *output) {
 409              		.loc 1 157 81 is_stmt 1 view -0
 410              		.cfi_startproc
 411              		@ args = 0, pretend = 0, frame = 0
 412              		@ frame_needed = 0, uses_anonymous_args = 0
 413              		@ link register save eliminated.
 158:../Core/Src/protocol.c **** 		memcpy(output + 0, &input->velocity_x, 4);
 414              		.loc 1 158 3 view .LVU89
 415 0000 0368     		ldr	r3, [r0]	@ unaligned
ARM GAS  /tmp/ccS6wyEa.s 			page 11


 416 0002 0B60     		str	r3, [r1]	@ unaligned
 159:../Core/Src/protocol.c **** 		memcpy(output + 4, &input->velocity_y, 4);
 417              		.loc 1 159 3 view .LVU90
 418 0004 4368     		ldr	r3, [r0, #4]	@ unaligned
 419 0006 4B60     		str	r3, [r1, #4]	@ unaligned
 160:../Core/Src/protocol.c **** 		memcpy(output + 8, &input->velocity_z, 4);
 420              		.loc 1 160 3 view .LVU91
 421 0008 8368     		ldr	r3, [r0, #8]	@ unaligned
 422 000a 8B60     		str	r3, [r1, #8]	@ unaligned
 161:../Core/Src/protocol.c **** 		memcpy(output + 12, &input->attitude_w, 4);
 423              		.loc 1 161 3 view .LVU92
 424 000c C368     		ldr	r3, [r0, #12]	@ unaligned
 425 000e CB60     		str	r3, [r1, #12]	@ unaligned
 162:../Core/Src/protocol.c **** 		memcpy(output + 16, &input->attitude_x, 4);
 426              		.loc 1 162 3 view .LVU93
 427 0010 0369     		ldr	r3, [r0, #16]	@ unaligned
 428 0012 0B61     		str	r3, [r1, #16]	@ unaligned
 163:../Core/Src/protocol.c **** 		memcpy(output + 20, &input->attitude_y, 4);
 429              		.loc 1 163 3 view .LVU94
 430 0014 4369     		ldr	r3, [r0, #20]	@ unaligned
 431 0016 4B61     		str	r3, [r1, #20]	@ unaligned
 164:../Core/Src/protocol.c **** 		memcpy(output + 24, &input->attitude_z, 4);
 432              		.loc 1 164 3 view .LVU95
 433 0018 8369     		ldr	r3, [r0, #24]	@ unaligned
 434 001a 8B61     		str	r3, [r1, #24]	@ unaligned
 165:../Core/Src/protocol.c **** 		memcpy(output + 28, &input->position_x, 4);
 435              		.loc 1 165 3 view .LVU96
 436 001c C369     		ldr	r3, [r0, #28]	@ unaligned
 437 001e CB61     		str	r3, [r1, #28]	@ unaligned
 166:../Core/Src/protocol.c **** 		memcpy(output + 32, &input->position_y, 4);
 438              		.loc 1 166 3 view .LVU97
 439 0020 036A     		ldr	r3, [r0, #32]	@ unaligned
 440 0022 0B62     		str	r3, [r1, #32]	@ unaligned
 167:../Core/Src/protocol.c **** 		memcpy(output + 36, &input->position_z, 4);
 441              		.loc 1 167 3 view .LVU98
 442 0024 436A     		ldr	r3, [r0, #36]	@ unaligned
 443 0026 4B62     		str	r3, [r1, #36]	@ unaligned
 168:../Core/Src/protocol.c **** 		memcpy(output + 40, &input->world_x, 4);
 444              		.loc 1 168 3 view .LVU99
 445 0028 836A     		ldr	r3, [r0, #40]	@ unaligned
 446 002a 8B62     		str	r3, [r1, #40]	@ unaligned
 169:../Core/Src/protocol.c **** 		memcpy(output + 44, &input->world_y, 4);
 447              		.loc 1 169 3 view .LVU100
 448 002c C36A     		ldr	r3, [r0, #44]	@ unaligned
 449 002e CB62     		str	r3, [r1, #44]	@ unaligned
 170:../Core/Src/protocol.c **** 		memcpy(output + 48, &input->world_z, 4);
 450              		.loc 1 170 3 view .LVU101
 451 0030 036B     		ldr	r3, [r0, #48]	@ unaligned
 452 0032 0B63     		str	r3, [r1, #48]	@ unaligned
 171:../Core/Src/protocol.c **** 		memcpy(output + 52, &input->timestamp, 8);
 453              		.loc 1 171 3 view .LVU102
 454 0034 826B     		ldr	r2, [r0, #56]	@ unaligned
 455 0036 C36B     		ldr	r3, [r0, #60]	@ unaligned
 456 0038 4A63     		str	r2, [r1, #52]	@ unaligned
 457 003a 8B63     		str	r3, [r1, #56]	@ unaligned
 172:../Core/Src/protocol.c **** 
 173:../Core/Src/protocol.c **** }
ARM GAS  /tmp/ccS6wyEa.s 			page 12


 458              		.loc 1 173 1 is_stmt 0 view .LVU103
 459 003c 7047     		bx	lr
 460              		.cfi_endproc
 461              	.LFE10:
 463              		.section	.text.RocketStateVector_decode,"ax",%progbits
 464              		.align	1
 465              		.global	RocketStateVector_decode
 466              		.syntax unified
 467              		.thumb
 468              		.thumb_func
 469              		.fpu fpv4-sp-d16
 471              	RocketStateVector_decode:
 472              	.LVL44:
 473              	.LFB11:
 174:../Core/Src/protocol.c **** 
 175:../Core/Src/protocol.c **** void RocketStateVector_decode(uint8_t *input, struct RocketStateVector *output) {
 474              		.loc 1 175 81 is_stmt 1 view -0
 475              		.cfi_startproc
 476              		@ args = 0, pretend = 0, frame = 0
 477              		@ frame_needed = 0, uses_anonymous_args = 0
 478              		@ link register save eliminated.
 176:../Core/Src/protocol.c **** 		memcpy(&output->velocity_x, input + 0, 4);
 479              		.loc 1 176 3 view .LVU105
 480 0000 0368     		ldr	r3, [r0]	@ unaligned
 481 0002 0B60     		str	r3, [r1]	@ unaligned
 177:../Core/Src/protocol.c **** 		memcpy(&output->velocity_y, input + 4, 4);
 482              		.loc 1 177 3 view .LVU106
 483 0004 4368     		ldr	r3, [r0, #4]	@ unaligned
 484 0006 4B60     		str	r3, [r1, #4]	@ unaligned
 178:../Core/Src/protocol.c **** 		memcpy(&output->velocity_z, input + 8, 4);
 485              		.loc 1 178 3 view .LVU107
 486 0008 8368     		ldr	r3, [r0, #8]	@ unaligned
 487 000a 8B60     		str	r3, [r1, #8]	@ unaligned
 179:../Core/Src/protocol.c **** 		memcpy(&output->attitude_w, input + 12, 4);
 488              		.loc 1 179 3 view .LVU108
 489 000c C368     		ldr	r3, [r0, #12]	@ unaligned
 490 000e CB60     		str	r3, [r1, #12]	@ unaligned
 180:../Core/Src/protocol.c **** 		memcpy(&output->attitude_x, input + 16, 4);
 491              		.loc 1 180 3 view .LVU109
 492 0010 0369     		ldr	r3, [r0, #16]	@ unaligned
 493 0012 0B61     		str	r3, [r1, #16]	@ unaligned
 181:../Core/Src/protocol.c **** 		memcpy(&output->attitude_y, input + 20, 4);
 494              		.loc 1 181 3 view .LVU110
 495 0014 4369     		ldr	r3, [r0, #20]	@ unaligned
 496 0016 4B61     		str	r3, [r1, #20]	@ unaligned
 182:../Core/Src/protocol.c **** 		memcpy(&output->attitude_z, input + 24, 4);
 497              		.loc 1 182 3 view .LVU111
 498 0018 8369     		ldr	r3, [r0, #24]	@ unaligned
 499 001a 8B61     		str	r3, [r1, #24]	@ unaligned
 183:../Core/Src/protocol.c **** 		memcpy(&output->position_x, input + 28, 4);
 500              		.loc 1 183 3 view .LVU112
 501 001c C369     		ldr	r3, [r0, #28]	@ unaligned
 502 001e CB61     		str	r3, [r1, #28]	@ unaligned
 184:../Core/Src/protocol.c **** 		memcpy(&output->position_y, input + 32, 4);
 503              		.loc 1 184 3 view .LVU113
 504 0020 036A     		ldr	r3, [r0, #32]	@ unaligned
 505 0022 0B62     		str	r3, [r1, #32]	@ unaligned
ARM GAS  /tmp/ccS6wyEa.s 			page 13


 185:../Core/Src/protocol.c **** 		memcpy(&output->position_z, input + 36, 4);
 506              		.loc 1 185 3 view .LVU114
 507 0024 436A     		ldr	r3, [r0, #36]	@ unaligned
 508 0026 4B62     		str	r3, [r1, #36]	@ unaligned
 186:../Core/Src/protocol.c **** 		memcpy(&output->world_x, input + 40, 4);
 509              		.loc 1 186 3 view .LVU115
 510 0028 836A     		ldr	r3, [r0, #40]	@ unaligned
 511 002a 8B62     		str	r3, [r1, #40]	@ unaligned
 187:../Core/Src/protocol.c **** 		memcpy(&output->world_y, input + 44, 4);
 512              		.loc 1 187 3 view .LVU116
 513 002c C36A     		ldr	r3, [r0, #44]	@ unaligned
 514 002e CB62     		str	r3, [r1, #44]	@ unaligned
 188:../Core/Src/protocol.c **** 		memcpy(&output->world_z, input + 48, 4);
 515              		.loc 1 188 3 view .LVU117
 516 0030 036B     		ldr	r3, [r0, #48]	@ unaligned
 517 0032 0B63     		str	r3, [r1, #48]	@ unaligned
 189:../Core/Src/protocol.c **** 		memcpy(&output->timestamp, input + 52, 8);
 518              		.loc 1 189 3 view .LVU118
 519 0034 426B     		ldr	r2, [r0, #52]	@ unaligned
 520 0036 836B     		ldr	r3, [r0, #56]	@ unaligned
 521 0038 8A63     		str	r2, [r1, #56]	@ unaligned
 522 003a CB63     		str	r3, [r1, #60]	@ unaligned
 190:../Core/Src/protocol.c **** 
 191:../Core/Src/protocol.c **** }
 523              		.loc 1 191 1 is_stmt 0 view .LVU119
 524 003c 7047     		bx	lr
 525              		.cfi_endproc
 526              	.LFE11:
 528              		.section	.text.RocketServoDeflection_encode,"ax",%progbits
 529              		.align	1
 530              		.global	RocketServoDeflection_encode
 531              		.syntax unified
 532              		.thumb
 533              		.thumb_func
 534              		.fpu fpv4-sp-d16
 536              	RocketServoDeflection_encode:
 537              	.LVL45:
 538              	.LFB12:
 192:../Core/Src/protocol.c **** 
 193:../Core/Src/protocol.c **** 
 194:../Core/Src/protocol.c **** void RocketServoDeflection_encode(struct RocketServoDeflection *input, uint8_t *output) {
 539              		.loc 1 194 89 is_stmt 1 view -0
 540              		.cfi_startproc
 541              		@ args = 0, pretend = 0, frame = 0
 542              		@ frame_needed = 0, uses_anonymous_args = 0
 543              		@ link register save eliminated.
 195:../Core/Src/protocol.c **** 		memcpy(output + 0, &input->servo_deflection_1, 4);
 544              		.loc 1 195 3 view .LVU121
 545 0000 0368     		ldr	r3, [r0]	@ unaligned
 546 0002 0B60     		str	r3, [r1]	@ unaligned
 196:../Core/Src/protocol.c **** 		memcpy(output + 4, &input->servo_deflection_2, 4);
 547              		.loc 1 196 3 view .LVU122
 548 0004 4368     		ldr	r3, [r0, #4]	@ unaligned
 549 0006 4B60     		str	r3, [r1, #4]	@ unaligned
 197:../Core/Src/protocol.c **** 		memcpy(output + 8, &input->servo_deflection_3, 4);
 550              		.loc 1 197 3 view .LVU123
 551 0008 8368     		ldr	r3, [r0, #8]	@ unaligned
ARM GAS  /tmp/ccS6wyEa.s 			page 14


 552 000a 8B60     		str	r3, [r1, #8]	@ unaligned
 198:../Core/Src/protocol.c **** 		memcpy(output + 12, &input->servo_deflection_4, 4);
 553              		.loc 1 198 3 view .LVU124
 554 000c C368     		ldr	r3, [r0, #12]	@ unaligned
 555 000e CB60     		str	r3, [r1, #12]	@ unaligned
 199:../Core/Src/protocol.c **** 		memcpy(output + 16, &input->timestamp, 8);
 556              		.loc 1 199 3 view .LVU125
 557 0010 0269     		ldr	r2, [r0, #16]	@ unaligned
 558 0012 4369     		ldr	r3, [r0, #20]	@ unaligned
 559 0014 0A61     		str	r2, [r1, #16]	@ unaligned
 560 0016 4B61     		str	r3, [r1, #20]	@ unaligned
 200:../Core/Src/protocol.c **** 
 201:../Core/Src/protocol.c **** }
 561              		.loc 1 201 1 is_stmt 0 view .LVU126
 562 0018 7047     		bx	lr
 563              		.cfi_endproc
 564              	.LFE12:
 566              		.section	.text.RocketServoDeflection_decode,"ax",%progbits
 567              		.align	1
 568              		.global	RocketServoDeflection_decode
 569              		.syntax unified
 570              		.thumb
 571              		.thumb_func
 572              		.fpu fpv4-sp-d16
 574              	RocketServoDeflection_decode:
 575              	.LVL46:
 576              	.LFB13:
 202:../Core/Src/protocol.c **** 
 203:../Core/Src/protocol.c **** void RocketServoDeflection_decode(uint8_t *input, struct RocketServoDeflection *output) {
 577              		.loc 1 203 89 is_stmt 1 view -0
 578              		.cfi_startproc
 579              		@ args = 0, pretend = 0, frame = 0
 580              		@ frame_needed = 0, uses_anonymous_args = 0
 581              		@ link register save eliminated.
 204:../Core/Src/protocol.c **** 		memcpy(&output->servo_deflection_1, input + 0, 4);
 582              		.loc 1 204 3 view .LVU128
 583 0000 0368     		ldr	r3, [r0]	@ unaligned
 584 0002 0B60     		str	r3, [r1]	@ unaligned
 205:../Core/Src/protocol.c **** 		memcpy(&output->servo_deflection_2, input + 4, 4);
 585              		.loc 1 205 3 view .LVU129
 586 0004 4368     		ldr	r3, [r0, #4]	@ unaligned
 587 0006 4B60     		str	r3, [r1, #4]	@ unaligned
 206:../Core/Src/protocol.c **** 		memcpy(&output->servo_deflection_3, input + 8, 4);
 588              		.loc 1 206 3 view .LVU130
 589 0008 8368     		ldr	r3, [r0, #8]	@ unaligned
 590 000a 8B60     		str	r3, [r1, #8]	@ unaligned
 207:../Core/Src/protocol.c **** 		memcpy(&output->servo_deflection_4, input + 12, 4);
 591              		.loc 1 207 3 view .LVU131
 592 000c C368     		ldr	r3, [r0, #12]	@ unaligned
 593 000e CB60     		str	r3, [r1, #12]	@ unaligned
 208:../Core/Src/protocol.c **** 		memcpy(&output->timestamp, input + 16, 8);
 594              		.loc 1 208 3 view .LVU132
 595 0010 0269     		ldr	r2, [r0, #16]	@ unaligned
 596 0012 4369     		ldr	r3, [r0, #20]	@ unaligned
 597 0014 0A61     		str	r2, [r1, #16]	@ unaligned
 598 0016 4B61     		str	r3, [r1, #20]	@ unaligned
 209:../Core/Src/protocol.c **** 
ARM GAS  /tmp/ccS6wyEa.s 			page 15


 210:../Core/Src/protocol.c **** }
 599              		.loc 1 210 1 is_stmt 0 view .LVU133
 600 0018 7047     		bx	lr
 601              		.cfi_endproc
 602              	.LFE13:
 604              		.section	.text.RocketState_encode,"ax",%progbits
 605              		.align	1
 606              		.global	RocketState_encode
 607              		.syntax unified
 608              		.thumb
 609              		.thumb_func
 610              		.fpu fpv4-sp-d16
 612              	RocketState_encode:
 613              	.LVL47:
 614              	.LFB14:
 211:../Core/Src/protocol.c **** 
 212:../Core/Src/protocol.c **** 
 213:../Core/Src/protocol.c **** void RocketState_encode(struct RocketState *input, uint8_t *output) {
 615              		.loc 1 213 69 is_stmt 1 view -0
 616              		.cfi_startproc
 617              		@ args = 0, pretend = 0, frame = 0
 618              		@ frame_needed = 0, uses_anonymous_args = 0
 619              		@ link register save eliminated.
 214:../Core/Src/protocol.c **** 		memcpy(output + 0, &input->rocket_state, 1);
 620              		.loc 1 214 3 view .LVU135
 621 0000 0378     		ldrb	r3, [r0]	@ zero_extendqisi2
 622 0002 0B70     		strb	r3, [r1]
 215:../Core/Src/protocol.c **** 		memcpy(output + 1, &input->firing_channel_1, 1);
 623              		.loc 1 215 3 view .LVU136
 624 0004 4378     		ldrb	r3, [r0, #1]	@ zero_extendqisi2
 625 0006 4B70     		strb	r3, [r1, #1]
 216:../Core/Src/protocol.c **** 		memcpy(output + 2, &input->firing_channel_2, 1);
 626              		.loc 1 216 3 view .LVU137
 627 0008 8378     		ldrb	r3, [r0, #2]	@ zero_extendqisi2
 628 000a 8B70     		strb	r3, [r1, #2]
 217:../Core/Src/protocol.c **** 		memcpy(output + 3, &input->firing_channel_3, 1);
 629              		.loc 1 217 3 view .LVU138
 630 000c C378     		ldrb	r3, [r0, #3]	@ zero_extendqisi2
 631 000e CB70     		strb	r3, [r1, #3]
 218:../Core/Src/protocol.c **** 		memcpy(output + 4, &input->timestamp, 8);
 632              		.loc 1 218 3 view .LVU139
 633 0010 8268     		ldr	r2, [r0, #8]	@ unaligned
 634 0012 C368     		ldr	r3, [r0, #12]	@ unaligned
 635 0014 4A60     		str	r2, [r1, #4]	@ unaligned
 636 0016 8B60     		str	r3, [r1, #8]	@ unaligned
 219:../Core/Src/protocol.c **** 
 220:../Core/Src/protocol.c **** }
 637              		.loc 1 220 1 is_stmt 0 view .LVU140
 638 0018 7047     		bx	lr
 639              		.cfi_endproc
 640              	.LFE14:
 642              		.section	.text.RocketState_decode,"ax",%progbits
 643              		.align	1
 644              		.global	RocketState_decode
 645              		.syntax unified
 646              		.thumb
 647              		.thumb_func
ARM GAS  /tmp/ccS6wyEa.s 			page 16


 648              		.fpu fpv4-sp-d16
 650              	RocketState_decode:
 651              	.LVL48:
 652              	.LFB15:
 221:../Core/Src/protocol.c **** 
 222:../Core/Src/protocol.c **** void RocketState_decode(uint8_t *input, struct RocketState *output) {
 653              		.loc 1 222 69 is_stmt 1 view -0
 654              		.cfi_startproc
 655              		@ args = 0, pretend = 0, frame = 0
 656              		@ frame_needed = 0, uses_anonymous_args = 0
 657              		@ link register save eliminated.
 223:../Core/Src/protocol.c **** 		memcpy(&output->rocket_state, input + 0, 1);
 658              		.loc 1 223 3 view .LVU142
 659 0000 0378     		ldrb	r3, [r0]	@ zero_extendqisi2
 660 0002 0B70     		strb	r3, [r1]
 224:../Core/Src/protocol.c **** 		memcpy(&output->firing_channel_1, input + 1, 1);
 661              		.loc 1 224 3 view .LVU143
 662 0004 4378     		ldrb	r3, [r0, #1]	@ zero_extendqisi2
 663 0006 4B70     		strb	r3, [r1, #1]
 225:../Core/Src/protocol.c **** 		memcpy(&output->firing_channel_2, input + 2, 1);
 664              		.loc 1 225 3 view .LVU144
 665 0008 8378     		ldrb	r3, [r0, #2]	@ zero_extendqisi2
 666 000a 8B70     		strb	r3, [r1, #2]
 226:../Core/Src/protocol.c **** 		memcpy(&output->firing_channel_3, input + 3, 1);
 667              		.loc 1 226 3 view .LVU145
 668 000c C378     		ldrb	r3, [r0, #3]	@ zero_extendqisi2
 669 000e CB70     		strb	r3, [r1, #3]
 227:../Core/Src/protocol.c **** 		memcpy(&output->timestamp, input + 4, 8);
 670              		.loc 1 227 3 view .LVU146
 671 0010 4268     		ldr	r2, [r0, #4]	@ unaligned
 672 0012 8368     		ldr	r3, [r0, #8]	@ unaligned
 673 0014 8A60     		str	r2, [r1, #8]	@ unaligned
 674 0016 CB60     		str	r3, [r1, #12]	@ unaligned
 228:../Core/Src/protocol.c **** 
 229:../Core/Src/protocol.c **** }
 675              		.loc 1 229 1 is_stmt 0 view .LVU147
 676 0018 7047     		bx	lr
 677              		.cfi_endproc
 678              	.LFE15:
 680              		.section	.text.RocketGroundEKF_encode,"ax",%progbits
 681              		.align	1
 682              		.global	RocketGroundEKF_encode
 683              		.syntax unified
 684              		.thumb
 685              		.thumb_func
 686              		.fpu fpv4-sp-d16
 688              	RocketGroundEKF_encode:
 689              	.LVL49:
 690              	.LFB16:
 230:../Core/Src/protocol.c **** 
 231:../Core/Src/protocol.c **** 
 232:../Core/Src/protocol.c **** void RocketGroundEKF_encode(struct RocketGroundEKF *input, uint8_t *output) {
 691              		.loc 1 232 77 is_stmt 1 view -0
 692              		.cfi_startproc
 693              		@ args = 0, pretend = 0, frame = 0
 694              		@ frame_needed = 0, uses_anonymous_args = 0
 695              		@ link register save eliminated.
ARM GAS  /tmp/ccS6wyEa.s 			page 17


 233:../Core/Src/protocol.c **** 		memcpy(output + 0, &input->pn_matrix_d1, 4);
 696              		.loc 1 233 3 view .LVU149
 697 0000 0368     		ldr	r3, [r0]	@ unaligned
 698 0002 0B60     		str	r3, [r1]	@ unaligned
 234:../Core/Src/protocol.c **** 		memcpy(output + 4, &input->pn_matrix_d2, 4);
 699              		.loc 1 234 3 view .LVU150
 700 0004 4368     		ldr	r3, [r0, #4]	@ unaligned
 701 0006 4B60     		str	r3, [r1, #4]	@ unaligned
 235:../Core/Src/protocol.c **** 		memcpy(output + 8, &input->pn_matrix_d3, 4);
 702              		.loc 1 235 3 view .LVU151
 703 0008 8368     		ldr	r3, [r0, #8]	@ unaligned
 704 000a 8B60     		str	r3, [r1, #8]	@ unaligned
 236:../Core/Src/protocol.c **** 		memcpy(output + 12, &input->pn_matrix_d4, 4);
 705              		.loc 1 236 3 view .LVU152
 706 000c C368     		ldr	r3, [r0, #12]	@ unaligned
 707 000e CB60     		str	r3, [r1, #12]	@ unaligned
 237:../Core/Src/protocol.c **** 		memcpy(output + 16, &input->pn_matrix_d5, 4);
 708              		.loc 1 237 3 view .LVU153
 709 0010 0369     		ldr	r3, [r0, #16]	@ unaligned
 710 0012 0B61     		str	r3, [r1, #16]	@ unaligned
 238:../Core/Src/protocol.c **** 		memcpy(output + 20, &input->pn_matrix_d6, 4);
 711              		.loc 1 238 3 view .LVU154
 712 0014 4369     		ldr	r3, [r0, #20]	@ unaligned
 713 0016 4B61     		str	r3, [r1, #20]	@ unaligned
 239:../Core/Src/protocol.c **** 		memcpy(output + 24, &input->timestamp, 8);
 714              		.loc 1 239 3 view .LVU155
 715 0018 8269     		ldr	r2, [r0, #24]	@ unaligned
 716 001a C369     		ldr	r3, [r0, #28]	@ unaligned
 717 001c 8A61     		str	r2, [r1, #24]	@ unaligned
 718 001e CB61     		str	r3, [r1, #28]	@ unaligned
 240:../Core/Src/protocol.c **** 
 241:../Core/Src/protocol.c **** }
 719              		.loc 1 241 1 is_stmt 0 view .LVU156
 720 0020 7047     		bx	lr
 721              		.cfi_endproc
 722              	.LFE16:
 724              		.section	.text.RocketGroundEKF_decode,"ax",%progbits
 725              		.align	1
 726              		.global	RocketGroundEKF_decode
 727              		.syntax unified
 728              		.thumb
 729              		.thumb_func
 730              		.fpu fpv4-sp-d16
 732              	RocketGroundEKF_decode:
 733              	.LVL50:
 734              	.LFB17:
 242:../Core/Src/protocol.c **** 
 243:../Core/Src/protocol.c **** void RocketGroundEKF_decode(uint8_t *input, struct RocketGroundEKF *output) {
 735              		.loc 1 243 77 is_stmt 1 view -0
 736              		.cfi_startproc
 737              		@ args = 0, pretend = 0, frame = 0
 738              		@ frame_needed = 0, uses_anonymous_args = 0
 739              		@ link register save eliminated.
 244:../Core/Src/protocol.c **** 		memcpy(&output->pn_matrix_d1, input + 0, 4);
 740              		.loc 1 244 3 view .LVU158
 741 0000 0368     		ldr	r3, [r0]	@ unaligned
 742 0002 0B60     		str	r3, [r1]	@ unaligned
ARM GAS  /tmp/ccS6wyEa.s 			page 18


 245:../Core/Src/protocol.c **** 		memcpy(&output->pn_matrix_d2, input + 4, 4);
 743              		.loc 1 245 3 view .LVU159
 744 0004 4368     		ldr	r3, [r0, #4]	@ unaligned
 745 0006 4B60     		str	r3, [r1, #4]	@ unaligned
 246:../Core/Src/protocol.c **** 		memcpy(&output->pn_matrix_d3, input + 8, 4);
 746              		.loc 1 246 3 view .LVU160
 747 0008 8368     		ldr	r3, [r0, #8]	@ unaligned
 748 000a 8B60     		str	r3, [r1, #8]	@ unaligned
 247:../Core/Src/protocol.c **** 		memcpy(&output->pn_matrix_d4, input + 12, 4);
 749              		.loc 1 247 3 view .LVU161
 750 000c C368     		ldr	r3, [r0, #12]	@ unaligned
 751 000e CB60     		str	r3, [r1, #12]	@ unaligned
 248:../Core/Src/protocol.c **** 		memcpy(&output->pn_matrix_d5, input + 16, 4);
 752              		.loc 1 248 3 view .LVU162
 753 0010 0369     		ldr	r3, [r0, #16]	@ unaligned
 754 0012 0B61     		str	r3, [r1, #16]	@ unaligned
 249:../Core/Src/protocol.c **** 		memcpy(&output->pn_matrix_d6, input + 20, 4);
 755              		.loc 1 249 3 view .LVU163
 756 0014 4369     		ldr	r3, [r0, #20]	@ unaligned
 757 0016 4B61     		str	r3, [r1, #20]	@ unaligned
 250:../Core/Src/protocol.c **** 		memcpy(&output->timestamp, input + 24, 8);
 758              		.loc 1 250 3 view .LVU164
 759 0018 8269     		ldr	r2, [r0, #24]	@ unaligned
 760 001a C369     		ldr	r3, [r0, #28]	@ unaligned
 761 001c 8A61     		str	r2, [r1, #24]	@ unaligned
 762 001e CB61     		str	r3, [r1, #28]	@ unaligned
 251:../Core/Src/protocol.c **** 
 252:../Core/Src/protocol.c **** }
 763              		.loc 1 252 1 is_stmt 0 view .LVU165
 764 0020 7047     		bx	lr
 765              		.cfi_endproc
 766              	.LFE17:
 768              		.section	.text.RocketSensorData_encode,"ax",%progbits
 769              		.align	1
 770              		.global	RocketSensorData_encode
 771              		.syntax unified
 772              		.thumb
 773              		.thumb_func
 774              		.fpu fpv4-sp-d16
 776              	RocketSensorData_encode:
 777              	.LVL51:
 778              	.LFB18:
 253:../Core/Src/protocol.c **** 
 254:../Core/Src/protocol.c **** 
 255:../Core/Src/protocol.c **** void RocketSensorData_encode(struct RocketSensorData *input, uint8_t *output) {
 779              		.loc 1 255 79 is_stmt 1 view -0
 780              		.cfi_startproc
 781              		@ args = 0, pretend = 0, frame = 0
 782              		@ frame_needed = 0, uses_anonymous_args = 0
 783              		@ link register save eliminated.
 256:../Core/Src/protocol.c **** 		memcpy(output + 0, &input->accelerometer_x, 4);
 784              		.loc 1 256 3 view .LVU167
 785 0000 0368     		ldr	r3, [r0]	@ unaligned
 786 0002 0B60     		str	r3, [r1]	@ unaligned
 257:../Core/Src/protocol.c **** 		memcpy(output + 4, &input->accelerometer_y, 4);
 787              		.loc 1 257 3 view .LVU168
 788 0004 4368     		ldr	r3, [r0, #4]	@ unaligned
ARM GAS  /tmp/ccS6wyEa.s 			page 19


 789 0006 4B60     		str	r3, [r1, #4]	@ unaligned
 258:../Core/Src/protocol.c **** 		memcpy(output + 8, &input->accelerometer_z, 4);
 790              		.loc 1 258 3 view .LVU169
 791 0008 8368     		ldr	r3, [r0, #8]	@ unaligned
 792 000a 8B60     		str	r3, [r1, #8]	@ unaligned
 259:../Core/Src/protocol.c **** 		memcpy(output + 12, &input->gyro_x, 4);
 793              		.loc 1 259 3 view .LVU170
 794 000c C368     		ldr	r3, [r0, #12]	@ unaligned
 795 000e CB60     		str	r3, [r1, #12]	@ unaligned
 260:../Core/Src/protocol.c **** 		memcpy(output + 16, &input->gyro_y, 4);
 796              		.loc 1 260 3 view .LVU171
 797 0010 0369     		ldr	r3, [r0, #16]	@ unaligned
 798 0012 0B61     		str	r3, [r1, #16]	@ unaligned
 261:../Core/Src/protocol.c **** 		memcpy(output + 20, &input->gyro_z, 4);
 799              		.loc 1 261 3 view .LVU172
 800 0014 4369     		ldr	r3, [r0, #20]	@ unaligned
 801 0016 4B61     		str	r3, [r1, #20]	@ unaligned
 262:../Core/Src/protocol.c **** 		memcpy(output + 24, &input->gps_x, 4);
 802              		.loc 1 262 3 view .LVU173
 803 0018 8369     		ldr	r3, [r0, #24]	@ unaligned
 804 001a 8B61     		str	r3, [r1, #24]	@ unaligned
 263:../Core/Src/protocol.c **** 		memcpy(output + 28, &input->gps_y, 4);
 805              		.loc 1 263 3 view .LVU174
 806 001c C369     		ldr	r3, [r0, #28]	@ unaligned
 807 001e CB61     		str	r3, [r1, #28]	@ unaligned
 264:../Core/Src/protocol.c **** 		memcpy(output + 32, &input->gps_z, 4);
 808              		.loc 1 264 3 view .LVU175
 809 0020 036A     		ldr	r3, [r0, #32]	@ unaligned
 810 0022 0B62     		str	r3, [r1, #32]	@ unaligned
 265:../Core/Src/protocol.c **** 		memcpy(output + 36, &input->timestamp, 8);
 811              		.loc 1 265 3 view .LVU176
 812 0024 826A     		ldr	r2, [r0, #40]	@ unaligned
 813 0026 C36A     		ldr	r3, [r0, #44]	@ unaligned
 814 0028 4A62     		str	r2, [r1, #36]	@ unaligned
 815 002a 8B62     		str	r3, [r1, #40]	@ unaligned
 266:../Core/Src/protocol.c **** 
 267:../Core/Src/protocol.c **** }
 816              		.loc 1 267 1 is_stmt 0 view .LVU177
 817 002c 7047     		bx	lr
 818              		.cfi_endproc
 819              	.LFE18:
 821              		.section	.text.RocketSensorData_decode,"ax",%progbits
 822              		.align	1
 823              		.global	RocketSensorData_decode
 824              		.syntax unified
 825              		.thumb
 826              		.thumb_func
 827              		.fpu fpv4-sp-d16
 829              	RocketSensorData_decode:
 830              	.LVL52:
 831              	.LFB19:
 268:../Core/Src/protocol.c **** 
 269:../Core/Src/protocol.c **** void RocketSensorData_decode(uint8_t *input, struct RocketSensorData *output) {
 832              		.loc 1 269 79 is_stmt 1 view -0
 833              		.cfi_startproc
 834              		@ args = 0, pretend = 0, frame = 0
 835              		@ frame_needed = 0, uses_anonymous_args = 0
ARM GAS  /tmp/ccS6wyEa.s 			page 20


 836              		@ link register save eliminated.
 270:../Core/Src/protocol.c **** 		memcpy(&output->accelerometer_x, input + 0, 4);
 837              		.loc 1 270 3 view .LVU179
 838 0000 0368     		ldr	r3, [r0]	@ unaligned
 839 0002 0B60     		str	r3, [r1]	@ unaligned
 271:../Core/Src/protocol.c **** 		memcpy(&output->accelerometer_y, input + 4, 4);
 840              		.loc 1 271 3 view .LVU180
 841 0004 4368     		ldr	r3, [r0, #4]	@ unaligned
 842 0006 4B60     		str	r3, [r1, #4]	@ unaligned
 272:../Core/Src/protocol.c **** 		memcpy(&output->accelerometer_z, input + 8, 4);
 843              		.loc 1 272 3 view .LVU181
 844 0008 8368     		ldr	r3, [r0, #8]	@ unaligned
 845 000a 8B60     		str	r3, [r1, #8]	@ unaligned
 273:../Core/Src/protocol.c **** 		memcpy(&output->gyro_x, input + 12, 4);
 846              		.loc 1 273 3 view .LVU182
 847 000c C368     		ldr	r3, [r0, #12]	@ unaligned
 848 000e CB60     		str	r3, [r1, #12]	@ unaligned
 274:../Core/Src/protocol.c **** 		memcpy(&output->gyro_y, input + 16, 4);
 849              		.loc 1 274 3 view .LVU183
 850 0010 0369     		ldr	r3, [r0, #16]	@ unaligned
 851 0012 0B61     		str	r3, [r1, #16]	@ unaligned
 275:../Core/Src/protocol.c **** 		memcpy(&output->gyro_z, input + 20, 4);
 852              		.loc 1 275 3 view .LVU184
 853 0014 4369     		ldr	r3, [r0, #20]	@ unaligned
 854 0016 4B61     		str	r3, [r1, #20]	@ unaligned
 276:../Core/Src/protocol.c **** 		memcpy(&output->gps_x, input + 24, 4);
 855              		.loc 1 276 3 view .LVU185
 856 0018 8369     		ldr	r3, [r0, #24]	@ unaligned
 857 001a 8B61     		str	r3, [r1, #24]	@ unaligned
 277:../Core/Src/protocol.c **** 		memcpy(&output->gps_y, input + 28, 4);
 858              		.loc 1 277 3 view .LVU186
 859 001c C369     		ldr	r3, [r0, #28]	@ unaligned
 860 001e CB61     		str	r3, [r1, #28]	@ unaligned
 278:../Core/Src/protocol.c **** 		memcpy(&output->gps_z, input + 32, 4);
 861              		.loc 1 278 3 view .LVU187
 862 0020 036A     		ldr	r3, [r0, #32]	@ unaligned
 863 0022 0B62     		str	r3, [r1, #32]	@ unaligned
 279:../Core/Src/protocol.c **** 		memcpy(&output->timestamp, input + 36, 8);
 864              		.loc 1 279 3 view .LVU188
 865 0024 426A     		ldr	r2, [r0, #36]	@ unaligned
 866 0026 836A     		ldr	r3, [r0, #40]	@ unaligned
 867 0028 8A62     		str	r2, [r1, #40]	@ unaligned
 868 002a CB62     		str	r3, [r1, #44]	@ unaligned
 280:../Core/Src/protocol.c **** 
 281:../Core/Src/protocol.c **** }
 869              		.loc 1 281 1 is_stmt 0 view .LVU189
 870 002c 7047     		bx	lr
 871              		.cfi_endproc
 872              	.LFE19:
 874              		.section	.text.RocketAnalogFeedbackData_encode,"ax",%progbits
 875              		.align	1
 876              		.global	RocketAnalogFeedbackData_encode
 877              		.syntax unified
 878              		.thumb
 879              		.thumb_func
 880              		.fpu fpv4-sp-d16
 882              	RocketAnalogFeedbackData_encode:
ARM GAS  /tmp/ccS6wyEa.s 			page 21


 883              	.LVL53:
 884              	.LFB20:
 282:../Core/Src/protocol.c **** 
 283:../Core/Src/protocol.c **** 
 284:../Core/Src/protocol.c **** void RocketAnalogFeedbackData_encode(struct RocketAnalogFeedbackData *input, uint8_t *output) {
 885              		.loc 1 284 95 is_stmt 1 view -0
 886              		.cfi_startproc
 887              		@ args = 0, pretend = 0, frame = 0
 888              		@ frame_needed = 0, uses_anonymous_args = 0
 889              		@ link register save eliminated.
 285:../Core/Src/protocol.c **** 		memcpy(output + 0, &input->current_fb_33, 2);
 890              		.loc 1 285 3 view .LVU191
 891 0000 0388     		ldrh	r3, [r0]	@ unaligned
 892 0002 0B80     		strh	r3, [r1]	@ unaligned
 286:../Core/Src/protocol.c **** 		memcpy(output + 2, &input->pyro_0_cont, 2);
 893              		.loc 1 286 3 view .LVU192
 894 0004 4388     		ldrh	r3, [r0, #2]	@ unaligned
 895 0006 4B80     		strh	r3, [r1, #2]	@ unaligned
 287:../Core/Src/protocol.c **** 		memcpy(output + 4, &input->pyro_1_cont, 2);
 896              		.loc 1 287 3 view .LVU193
 897 0008 8388     		ldrh	r3, [r0, #4]	@ unaligned
 898 000a 8B80     		strh	r3, [r1, #4]	@ unaligned
 288:../Core/Src/protocol.c **** 		memcpy(output + 6, &input->pyro_2_cont, 2);
 899              		.loc 1 288 3 view .LVU194
 900 000c C388     		ldrh	r3, [r0, #6]	@ unaligned
 901 000e CB80     		strh	r3, [r1, #6]	@ unaligned
 289:../Core/Src/protocol.c **** 		memcpy(output + 8, &input->pyro_channel_deploy, 1);
 902              		.loc 1 289 3 view .LVU195
 903 0010 037A     		ldrb	r3, [r0, #8]	@ zero_extendqisi2
 904 0012 0B72     		strb	r3, [r1, #8]
 290:../Core/Src/protocol.c **** 		memcpy(output + 9, &input->timestamp, 8);
 905              		.loc 1 290 3 view .LVU196
 906 0014 0269     		ldr	r2, [r0, #16]	@ unaligned
 907 0016 4369     		ldr	r3, [r0, #20]	@ unaligned
 908 0018 C1F80920 		str	r2, [r1, #9]	@ unaligned
 909 001c C1F80D30 		str	r3, [r1, #13]	@ unaligned
 291:../Core/Src/protocol.c **** 
 292:../Core/Src/protocol.c **** }
 910              		.loc 1 292 1 is_stmt 0 view .LVU197
 911 0020 7047     		bx	lr
 912              		.cfi_endproc
 913              	.LFE20:
 915              		.section	.text.RocketAnalogFeedbackData_decode,"ax",%progbits
 916              		.align	1
 917              		.global	RocketAnalogFeedbackData_decode
 918              		.syntax unified
 919              		.thumb
 920              		.thumb_func
 921              		.fpu fpv4-sp-d16
 923              	RocketAnalogFeedbackData_decode:
 924              	.LVL54:
 925              	.LFB21:
 293:../Core/Src/protocol.c **** 
 294:../Core/Src/protocol.c **** void RocketAnalogFeedbackData_decode(uint8_t *input, struct RocketAnalogFeedbackData *output) {
 926              		.loc 1 294 95 is_stmt 1 view -0
 927              		.cfi_startproc
 928              		@ args = 0, pretend = 0, frame = 0
ARM GAS  /tmp/ccS6wyEa.s 			page 22


 929              		@ frame_needed = 0, uses_anonymous_args = 0
 930              		@ link register save eliminated.
 295:../Core/Src/protocol.c **** 		memcpy(&output->current_fb_33, input + 0, 2);
 931              		.loc 1 295 3 view .LVU199
 932 0000 0388     		ldrh	r3, [r0]	@ unaligned
 933 0002 0B80     		strh	r3, [r1]	@ unaligned
 296:../Core/Src/protocol.c **** 		memcpy(&output->pyro_0_cont, input + 2, 2);
 934              		.loc 1 296 3 view .LVU200
 935 0004 4388     		ldrh	r3, [r0, #2]	@ unaligned
 936 0006 4B80     		strh	r3, [r1, #2]	@ unaligned
 297:../Core/Src/protocol.c **** 		memcpy(&output->pyro_1_cont, input + 4, 2);
 937              		.loc 1 297 3 view .LVU201
 938 0008 8388     		ldrh	r3, [r0, #4]	@ unaligned
 939 000a 8B80     		strh	r3, [r1, #4]	@ unaligned
 298:../Core/Src/protocol.c **** 		memcpy(&output->pyro_2_cont, input + 6, 2);
 940              		.loc 1 298 3 view .LVU202
 941 000c C388     		ldrh	r3, [r0, #6]	@ unaligned
 942 000e CB80     		strh	r3, [r1, #6]	@ unaligned
 299:../Core/Src/protocol.c **** 		memcpy(&output->pyro_channel_deploy, input + 8, 1);
 943              		.loc 1 299 3 view .LVU203
 944 0010 037A     		ldrb	r3, [r0, #8]	@ zero_extendqisi2
 945 0012 0B72     		strb	r3, [r1, #8]
 300:../Core/Src/protocol.c **** 		memcpy(&output->timestamp, input + 9, 8);
 946              		.loc 1 300 3 view .LVU204
 947 0014 D0F80920 		ldr	r2, [r0, #9]	@ unaligned
 948 0018 D0F80D30 		ldr	r3, [r0, #13]	@ unaligned
 949 001c 0A61     		str	r2, [r1, #16]	@ unaligned
 950 001e 4B61     		str	r3, [r1, #20]	@ unaligned
 301:../Core/Src/protocol.c **** 
 302:../Core/Src/protocol.c **** }...
 951              		.loc 1 302 1 is_stmt 0 view .LVU205
 952 0020 7047     		bx	lr
 953              		.cfi_endproc
 954              	.LFE21:
 956              		.text
 957              	.Letext0:
 958              		.file 2 "/usr/lib/gcc/arm-none-eabi/10.3.1/include/stdint.h"
 959              		.file 3 "/usr/lib/gcc/arm-none-eabi/10.3.1/include/stddef.h"
 960              		.file 4 "../Core/Include/protocol.h"
 961              		.file 5 "../Core/Include/packet_encode.h"
ARM GAS  /tmp/ccS6wyEa.s 			page 23


DEFINED SYMBOLS
                            *ABS*:0000000000000000 protocol.c
     /tmp/ccS6wyEa.s:18     .text.is_command_packet:0000000000000000 $t
     /tmp/ccS6wyEa.s:26     .text.is_command_packet:0000000000000000 is_command_packet
     /tmp/ccS6wyEa.s:69     .text.get_command_uuid:0000000000000000 $t
     /tmp/ccS6wyEa.s:76     .text.get_command_uuid:0000000000000000 get_command_uuid
     /tmp/ccS6wyEa.s:94     .text.generate_ack_packet:0000000000000000 $t
     /tmp/ccS6wyEa.s:101    .text.generate_ack_packet:0000000000000000 generate_ack_packet
     /tmp/ccS6wyEa.s:217    .text.generate_command_payload:0000000000000000 $t
     /tmp/ccS6wyEa.s:224    .text.generate_command_payload:0000000000000000 generate_command_payload
     /tmp/ccS6wyEa.s:246    .text.extract_command:0000000000000000 $t
     /tmp/ccS6wyEa.s:253    .text.extract_command:0000000000000000 extract_command
     /tmp/ccS6wyEa.s:291    .text.get_msg_size:0000000000000000 $t
     /tmp/ccS6wyEa.s:298    .text.get_msg_size:0000000000000000 get_msg_size
     /tmp/ccS6wyEa.s:312    .text.get_msg_size:000000000000000c $d
     /tmp/ccS6wyEa.s:318    .text.get_msg_size:0000000000000012 $t
     /tmp/ccS6wyEa.s:368    .text.is_data_send_msg:0000000000000000 $t
     /tmp/ccS6wyEa.s:375    .text.is_data_send_msg:0000000000000000 is_data_send_msg
     /tmp/ccS6wyEa.s:399    .text.RocketStateVector_encode:0000000000000000 $t
     /tmp/ccS6wyEa.s:406    .text.RocketStateVector_encode:0000000000000000 RocketStateVector_encode
     /tmp/ccS6wyEa.s:464    .text.RocketStateVector_decode:0000000000000000 $t
     /tmp/ccS6wyEa.s:471    .text.RocketStateVector_decode:0000000000000000 RocketStateVector_decode
     /tmp/ccS6wyEa.s:529    .text.RocketServoDeflection_encode:0000000000000000 $t
     /tmp/ccS6wyEa.s:536    .text.RocketServoDeflection_encode:0000000000000000 RocketServoDeflection_encode
     /tmp/ccS6wyEa.s:567    .text.RocketServoDeflection_decode:0000000000000000 $t
     /tmp/ccS6wyEa.s:574    .text.RocketServoDeflection_decode:0000000000000000 RocketServoDeflection_decode
     /tmp/ccS6wyEa.s:605    .text.RocketState_encode:0000000000000000 $t
     /tmp/ccS6wyEa.s:612    .text.RocketState_encode:0000000000000000 RocketState_encode
     /tmp/ccS6wyEa.s:643    .text.RocketState_decode:0000000000000000 $t
     /tmp/ccS6wyEa.s:650    .text.RocketState_decode:0000000000000000 RocketState_decode
     /tmp/ccS6wyEa.s:681    .text.RocketGroundEKF_encode:0000000000000000 $t
     /tmp/ccS6wyEa.s:688    .text.RocketGroundEKF_encode:0000000000000000 RocketGroundEKF_encode
     /tmp/ccS6wyEa.s:725    .text.RocketGroundEKF_decode:0000000000000000 $t
     /tmp/ccS6wyEa.s:732    .text.RocketGroundEKF_decode:0000000000000000 RocketGroundEKF_decode
     /tmp/ccS6wyEa.s:769    .text.RocketSensorData_encode:0000000000000000 $t
     /tmp/ccS6wyEa.s:776    .text.RocketSensorData_encode:0000000000000000 RocketSensorData_encode
     /tmp/ccS6wyEa.s:822    .text.RocketSensorData_decode:0000000000000000 $t
     /tmp/ccS6wyEa.s:829    .text.RocketSensorData_decode:0000000000000000 RocketSensorData_decode
     /tmp/ccS6wyEa.s:875    .text.RocketAnalogFeedbackData_encode:0000000000000000 $t
     /tmp/ccS6wyEa.s:882    .text.RocketAnalogFeedbackData_encode:0000000000000000 RocketAnalogFeedbackData_encode
     /tmp/ccS6wyEa.s:916    .text.RocketAnalogFeedbackData_decode:0000000000000000 $t
     /tmp/ccS6wyEa.s:923    .text.RocketAnalogFeedbackData_decode:0000000000000000 RocketAnalogFeedbackData_decode

UNDEFINED SYMBOLS
verify_packet
generate_packet
