ARM GAS  /tmp/cc269feu.s 			page 1


   1              		.cpu cortex-m4
   2              		.eabi_attribute 27, 1
   3              		.eabi_attribute 28, 1
   4              		.eabi_attribute 20, 1
   5              		.eabi_attribute 21, 1
   6              		.eabi_attribute 23, 3
   7              		.eabi_attribute 24, 1
   8              		.eabi_attribute 25, 1
   9              		.eabi_attribute 26, 1
  10              		.eabi_attribute 30, 1
  11              		.eabi_attribute 34, 1
  12              		.eabi_attribute 18, 4
  13              		.file	"stm32f4xx_it.c"
  14              		.text
  15              	.Ltext0:
  16              		.cfi_sections	.debug_frame
  17              		.section	.text.NMI_Handler,"ax",%progbits
  18              		.align	1
  19              		.global	NMI_Handler
  20              		.arch armv7e-m
  21              		.syntax unified
  22              		.thumb
  23              		.thumb_func
  24              		.fpu fpv4-sp-d16
  26              	NMI_Handler:
  27              	.LFB239:
  28              		.file 1 "Core/Src/stm32f4xx_it.c"
   1:Core/Src/stm32f4xx_it.c **** /* USER CODE BEGIN Header */
   2:Core/Src/stm32f4xx_it.c **** /**
   3:Core/Src/stm32f4xx_it.c ****   ******************************************************************************
   4:Core/Src/stm32f4xx_it.c ****   * @file    stm32f4xx_it.c
   5:Core/Src/stm32f4xx_it.c ****   * @brief   Interrupt Service Routines.
   6:Core/Src/stm32f4xx_it.c ****   ******************************************************************************
   7:Core/Src/stm32f4xx_it.c ****   * @attention
   8:Core/Src/stm32f4xx_it.c ****   *
   9:Core/Src/stm32f4xx_it.c ****   * Copyright (c) 2024 STMicroelectronics.
  10:Core/Src/stm32f4xx_it.c ****   * All rights reserved.
  11:Core/Src/stm32f4xx_it.c ****   *
  12:Core/Src/stm32f4xx_it.c ****   * This software is licensed under terms that can be found in the LICENSE file
  13:Core/Src/stm32f4xx_it.c ****   * in the root directory of this software component.
  14:Core/Src/stm32f4xx_it.c ****   * If no LICENSE file comes with this software, it is provided AS-IS.
  15:Core/Src/stm32f4xx_it.c ****   *
  16:Core/Src/stm32f4xx_it.c ****   ******************************************************************************
  17:Core/Src/stm32f4xx_it.c ****   */
  18:Core/Src/stm32f4xx_it.c **** /* USER CODE END Header */
  19:Core/Src/stm32f4xx_it.c **** 
  20:Core/Src/stm32f4xx_it.c **** /* Includes ------------------------------------------------------------------*/
  21:Core/Src/stm32f4xx_it.c **** #include "main.h"
  22:Core/Src/stm32f4xx_it.c **** #include "stm32f4xx_it.h"
  23:Core/Src/stm32f4xx_it.c **** /* Private includes ----------------------------------------------------------*/
  24:Core/Src/stm32f4xx_it.c **** /* USER CODE BEGIN Includes */
  25:Core/Src/stm32f4xx_it.c **** /* USER CODE END Includes */
  26:Core/Src/stm32f4xx_it.c **** 
  27:Core/Src/stm32f4xx_it.c **** /* Private typedef -----------------------------------------------------------*/
  28:Core/Src/stm32f4xx_it.c **** /* USER CODE BEGIN TD */
  29:Core/Src/stm32f4xx_it.c **** 
  30:Core/Src/stm32f4xx_it.c **** /* USER CODE END TD */
ARM GAS  /tmp/cc269feu.s 			page 2


  31:Core/Src/stm32f4xx_it.c **** 
  32:Core/Src/stm32f4xx_it.c **** /* Private define ------------------------------------------------------------*/
  33:Core/Src/stm32f4xx_it.c **** /* USER CODE BEGIN PD */
  34:Core/Src/stm32f4xx_it.c **** 
  35:Core/Src/stm32f4xx_it.c **** /* USER CODE END PD */
  36:Core/Src/stm32f4xx_it.c **** 
  37:Core/Src/stm32f4xx_it.c **** /* Private macro -------------------------------------------------------------*/
  38:Core/Src/stm32f4xx_it.c **** /* USER CODE BEGIN PM */
  39:Core/Src/stm32f4xx_it.c **** 
  40:Core/Src/stm32f4xx_it.c **** /* USER CODE END PM */
  41:Core/Src/stm32f4xx_it.c **** 
  42:Core/Src/stm32f4xx_it.c **** /* Private variables ---------------------------------------------------------*/
  43:Core/Src/stm32f4xx_it.c **** /* USER CODE BEGIN PV */
  44:Core/Src/stm32f4xx_it.c **** 
  45:Core/Src/stm32f4xx_it.c **** /* USER CODE END PV */
  46:Core/Src/stm32f4xx_it.c **** 
  47:Core/Src/stm32f4xx_it.c **** /* Private function prototypes -----------------------------------------------*/
  48:Core/Src/stm32f4xx_it.c **** /* USER CODE BEGIN PFP */
  49:Core/Src/stm32f4xx_it.c **** 
  50:Core/Src/stm32f4xx_it.c **** /* USER CODE END PFP */
  51:Core/Src/stm32f4xx_it.c **** 
  52:Core/Src/stm32f4xx_it.c **** /* Private user code ---------------------------------------------------------*/
  53:Core/Src/stm32f4xx_it.c **** /* USER CODE BEGIN 0 */
  54:Core/Src/stm32f4xx_it.c **** 
  55:Core/Src/stm32f4xx_it.c **** /* USER CODE END 0 */
  56:Core/Src/stm32f4xx_it.c **** 
  57:Core/Src/stm32f4xx_it.c **** /* External variables --------------------------------------------------------*/
  58:Core/Src/stm32f4xx_it.c **** extern ADC_HandleTypeDef hadc2;
  59:Core/Src/stm32f4xx_it.c **** extern ADC_HandleTypeDef hadc3;
  60:Core/Src/stm32f4xx_it.c **** extern UART_HandleTypeDef huart2;
  61:Core/Src/stm32f4xx_it.c **** extern UART_HandleTypeDef huart3;
  62:Core/Src/stm32f4xx_it.c **** extern UART_HandleTypeDef huart6;
  63:Core/Src/stm32f4xx_it.c **** extern TIM_HandleTypeDef htim1;
  64:Core/Src/stm32f4xx_it.c **** 
  65:Core/Src/stm32f4xx_it.c **** /* USER CODE BEGIN EV */
  66:Core/Src/stm32f4xx_it.c **** 
  67:Core/Src/stm32f4xx_it.c **** /* USER CODE END EV */
  68:Core/Src/stm32f4xx_it.c **** 
  69:Core/Src/stm32f4xx_it.c **** /******************************************************************************/
  70:Core/Src/stm32f4xx_it.c **** /*           Cortex-M4 Processor Interruption and Exception Handlers          */
  71:Core/Src/stm32f4xx_it.c **** /******************************************************************************/
  72:Core/Src/stm32f4xx_it.c **** /**
  73:Core/Src/stm32f4xx_it.c ****   * @brief This function handles Non maskable interrupt.
  74:Core/Src/stm32f4xx_it.c ****   */
  75:Core/Src/stm32f4xx_it.c **** void NMI_Handler(void)
  76:Core/Src/stm32f4xx_it.c **** {
  29              		.loc 1 76 1 view -0
  30              		.cfi_startproc
  31              		@ Volatile: function does not return.
  32              		@ args = 0, pretend = 0, frame = 0
  33              		@ frame_needed = 0, uses_anonymous_args = 0
  34              		@ link register save eliminated.
  35              	.L2:
  77:Core/Src/stm32f4xx_it.c ****   /* USER CODE BEGIN NonMaskableInt_IRQn 0 */
  78:Core/Src/stm32f4xx_it.c **** 
  79:Core/Src/stm32f4xx_it.c ****   /* USER CODE END NonMaskableInt_IRQn 0 */
  80:Core/Src/stm32f4xx_it.c ****   /* USER CODE BEGIN NonMaskableInt_IRQn 1 */
ARM GAS  /tmp/cc269feu.s 			page 3


  81:Core/Src/stm32f4xx_it.c ****    while (1)
  36              		.loc 1 81 4 discriminator 1 view .LVU1
  82:Core/Src/stm32f4xx_it.c ****   {
  83:Core/Src/stm32f4xx_it.c ****   }
  37              		.loc 1 83 3 discriminator 1 view .LVU2
  81:Core/Src/stm32f4xx_it.c ****   {
  38              		.loc 1 81 10 discriminator 1 view .LVU3
  39 0000 FEE7     		b	.L2
  40              		.cfi_endproc
  41              	.LFE239:
  43              		.section	.text.HardFault_Handler,"ax",%progbits
  44              		.align	1
  45              		.global	HardFault_Handler
  46              		.syntax unified
  47              		.thumb
  48              		.thumb_func
  49              		.fpu fpv4-sp-d16
  51              	HardFault_Handler:
  52              	.LFB240:
  84:Core/Src/stm32f4xx_it.c ****   /* USER CODE END NonMaskableInt_IRQn 1 */
  85:Core/Src/stm32f4xx_it.c **** }
  86:Core/Src/stm32f4xx_it.c **** 
  87:Core/Src/stm32f4xx_it.c **** /**
  88:Core/Src/stm32f4xx_it.c ****   * @brief This function handles Hard fault interrupt.
  89:Core/Src/stm32f4xx_it.c ****   */
  90:Core/Src/stm32f4xx_it.c **** void HardFault_Handler(void)
  91:Core/Src/stm32f4xx_it.c **** {
  53              		.loc 1 91 1 view -0
  54              		.cfi_startproc
  55              		@ Volatile: function does not return.
  56              		@ args = 0, pretend = 0, frame = 0
  57              		@ frame_needed = 0, uses_anonymous_args = 0
  58              		@ link register save eliminated.
  59              	.L4:
  92:Core/Src/stm32f4xx_it.c ****   /* USER CODE BEGIN HardFault_IRQn 0 */
  93:Core/Src/stm32f4xx_it.c **** 
  94:Core/Src/stm32f4xx_it.c ****   /* USER CODE END HardFault_IRQn 0 */
  95:Core/Src/stm32f4xx_it.c ****   while (1)
  60              		.loc 1 95 3 discriminator 1 view .LVU5
  96:Core/Src/stm32f4xx_it.c ****   {
  97:Core/Src/stm32f4xx_it.c ****     /* USER CODE BEGIN W1_HardFault_IRQn 0 */
  98:Core/Src/stm32f4xx_it.c ****     /* USER CODE END W1_HardFault_IRQn 0 */
  99:Core/Src/stm32f4xx_it.c ****   }
  61              		.loc 1 99 3 discriminator 1 view .LVU6
  95:Core/Src/stm32f4xx_it.c ****   {
  62              		.loc 1 95 9 discriminator 1 view .LVU7
  63 0000 FEE7     		b	.L4
  64              		.cfi_endproc
  65              	.LFE240:
  67              		.section	.text.MemManage_Handler,"ax",%progbits
  68              		.align	1
  69              		.global	MemManage_Handler
  70              		.syntax unified
  71              		.thumb
  72              		.thumb_func
  73              		.fpu fpv4-sp-d16
  75              	MemManage_Handler:
ARM GAS  /tmp/cc269feu.s 			page 4


  76              	.LFB241:
 100:Core/Src/stm32f4xx_it.c **** }
 101:Core/Src/stm32f4xx_it.c **** 
 102:Core/Src/stm32f4xx_it.c **** /**
 103:Core/Src/stm32f4xx_it.c ****   * @brief This function handles Memory management fault.
 104:Core/Src/stm32f4xx_it.c ****   */
 105:Core/Src/stm32f4xx_it.c **** void MemManage_Handler(void)
 106:Core/Src/stm32f4xx_it.c **** {
  77              		.loc 1 106 1 view -0
  78              		.cfi_startproc
  79              		@ Volatile: function does not return.
  80              		@ args = 0, pretend = 0, frame = 0
  81              		@ frame_needed = 0, uses_anonymous_args = 0
  82              		@ link register save eliminated.
  83              	.L6:
 107:Core/Src/stm32f4xx_it.c ****   /* USER CODE BEGIN MemoryManagement_IRQn 0 */
 108:Core/Src/stm32f4xx_it.c **** 
 109:Core/Src/stm32f4xx_it.c ****   /* USER CODE END MemoryManagement_IRQn 0 */
 110:Core/Src/stm32f4xx_it.c ****   while (1)
  84              		.loc 1 110 3 discriminator 1 view .LVU9
 111:Core/Src/stm32f4xx_it.c ****   {
 112:Core/Src/stm32f4xx_it.c ****     /* USER CODE BEGIN W1_MemoryManagement_IRQn 0 */
 113:Core/Src/stm32f4xx_it.c ****     /* USER CODE END W1_MemoryManagement_IRQn 0 */
 114:Core/Src/stm32f4xx_it.c ****   }
  85              		.loc 1 114 3 discriminator 1 view .LVU10
 110:Core/Src/stm32f4xx_it.c ****   {
  86              		.loc 1 110 9 discriminator 1 view .LVU11
  87 0000 FEE7     		b	.L6
  88              		.cfi_endproc
  89              	.LFE241:
  91              		.section	.text.BusFault_Handler,"ax",%progbits
  92              		.align	1
  93              		.global	BusFault_Handler
  94              		.syntax unified
  95              		.thumb
  96              		.thumb_func
  97              		.fpu fpv4-sp-d16
  99              	BusFault_Handler:
 100              	.LFB242:
 115:Core/Src/stm32f4xx_it.c **** }
 116:Core/Src/stm32f4xx_it.c **** 
 117:Core/Src/stm32f4xx_it.c **** /**
 118:Core/Src/stm32f4xx_it.c ****   * @brief This function handles Pre-fetch fault, memory access fault.
 119:Core/Src/stm32f4xx_it.c ****   */
 120:Core/Src/stm32f4xx_it.c **** void BusFault_Handler(void)
 121:Core/Src/stm32f4xx_it.c **** {
 101              		.loc 1 121 1 view -0
 102              		.cfi_startproc
 103              		@ Volatile: function does not return.
 104              		@ args = 0, pretend = 0, frame = 0
 105              		@ frame_needed = 0, uses_anonymous_args = 0
 106              		@ link register save eliminated.
 107              	.L8:
 122:Core/Src/stm32f4xx_it.c ****   /* USER CODE BEGIN BusFault_IRQn 0 */
 123:Core/Src/stm32f4xx_it.c **** 
 124:Core/Src/stm32f4xx_it.c ****   /* USER CODE END BusFault_IRQn 0 */
 125:Core/Src/stm32f4xx_it.c ****   while (1)
ARM GAS  /tmp/cc269feu.s 			page 5


 108              		.loc 1 125 3 discriminator 1 view .LVU13
 126:Core/Src/stm32f4xx_it.c ****   {
 127:Core/Src/stm32f4xx_it.c ****     /* USER CODE BEGIN W1_BusFault_IRQn 0 */
 128:Core/Src/stm32f4xx_it.c ****     /* USER CODE END W1_BusFault_IRQn 0 */
 129:Core/Src/stm32f4xx_it.c ****   }
 109              		.loc 1 129 3 discriminator 1 view .LVU14
 125:Core/Src/stm32f4xx_it.c ****   {
 110              		.loc 1 125 9 discriminator 1 view .LVU15
 111 0000 FEE7     		b	.L8
 112              		.cfi_endproc
 113              	.LFE242:
 115              		.section	.text.UsageFault_Handler,"ax",%progbits
 116              		.align	1
 117              		.global	UsageFault_Handler
 118              		.syntax unified
 119              		.thumb
 120              		.thumb_func
 121              		.fpu fpv4-sp-d16
 123              	UsageFault_Handler:
 124              	.LFB243:
 130:Core/Src/stm32f4xx_it.c **** }
 131:Core/Src/stm32f4xx_it.c **** 
 132:Core/Src/stm32f4xx_it.c **** /**
 133:Core/Src/stm32f4xx_it.c ****   * @brief This function handles Undefined instruction or illegal state.
 134:Core/Src/stm32f4xx_it.c ****   */
 135:Core/Src/stm32f4xx_it.c **** void UsageFault_Handler(void)
 136:Core/Src/stm32f4xx_it.c **** {
 125              		.loc 1 136 1 view -0
 126              		.cfi_startproc
 127              		@ Volatile: function does not return.
 128              		@ args = 0, pretend = 0, frame = 0
 129              		@ frame_needed = 0, uses_anonymous_args = 0
 130              		@ link register save eliminated.
 131              	.L10:
 137:Core/Src/stm32f4xx_it.c ****   /* USER CODE BEGIN UsageFault_IRQn 0 */
 138:Core/Src/stm32f4xx_it.c **** 
 139:Core/Src/stm32f4xx_it.c ****   /* USER CODE END UsageFault_IRQn 0 */
 140:Core/Src/stm32f4xx_it.c ****   while (1)
 132              		.loc 1 140 3 discriminator 1 view .LVU17
 141:Core/Src/stm32f4xx_it.c ****   {
 142:Core/Src/stm32f4xx_it.c ****     /* USER CODE BEGIN W1_UsageFault_IRQn 0 */
 143:Core/Src/stm32f4xx_it.c ****     /* USER CODE END W1_UsageFault_IRQn 0 */
 144:Core/Src/stm32f4xx_it.c ****   }
 133              		.loc 1 144 3 discriminator 1 view .LVU18
 140:Core/Src/stm32f4xx_it.c ****   {
 134              		.loc 1 140 9 discriminator 1 view .LVU19
 135 0000 FEE7     		b	.L10
 136              		.cfi_endproc
 137              	.LFE243:
 139              		.section	.text.DebugMon_Handler,"ax",%progbits
 140              		.align	1
 141              		.global	DebugMon_Handler
 142              		.syntax unified
 143              		.thumb
 144              		.thumb_func
 145              		.fpu fpv4-sp-d16
 147              	DebugMon_Handler:
ARM GAS  /tmp/cc269feu.s 			page 6


 148              	.LFB244:
 145:Core/Src/stm32f4xx_it.c **** }
 146:Core/Src/stm32f4xx_it.c **** 
 147:Core/Src/stm32f4xx_it.c **** /**
 148:Core/Src/stm32f4xx_it.c ****   * @brief This function handles System service call via SWI instruction.
 149:Core/Src/stm32f4xx_it.c ****   */
 150:Core/Src/stm32f4xx_it.c **** //void SVC_Handler(void)
 151:Core/Src/stm32f4xx_it.c **** //{
 152:Core/Src/stm32f4xx_it.c **** //  /* USER CODE BEGIN SVCall_IRQn 0 */
 153:Core/Src/stm32f4xx_it.c **** //////////////////////////////////////////
 154:Core/Src/stm32f4xx_it.c **** //  /* USER CODE END SVCall_IRQn 0 */
 155:Core/Src/stm32f4xx_it.c **** //  /* USER CODE BEGIN SVCall_IRQn 1 */
 156:Core/Src/stm32f4xx_it.c **** //////////////////////////////////////////
 157:Core/Src/stm32f4xx_it.c **** //  /* USER CODE END SVCall_IRQn 1 */
 158:Core/Src/stm32f4xx_it.c **** //}
 159:Core/Src/stm32f4xx_it.c **** //
 160:Core/Src/stm32f4xx_it.c **** /**
 161:Core/Src/stm32f4xx_it.c ****   * @brief This function handles Debug monitor.
 162:Core/Src/stm32f4xx_it.c ****   */
 163:Core/Src/stm32f4xx_it.c **** void DebugMon_Handler(void)
 164:Core/Src/stm32f4xx_it.c **** {
 149              		.loc 1 164 1 view -0
 150              		.cfi_startproc
 151              		@ args = 0, pretend = 0, frame = 0
 152              		@ frame_needed = 0, uses_anonymous_args = 0
 153              		@ link register save eliminated.
 165:Core/Src/stm32f4xx_it.c ****   /* USER CODE BEGIN DebugMonitor_IRQn 0 */
 166:Core/Src/stm32f4xx_it.c **** 
 167:Core/Src/stm32f4xx_it.c ****   /* USER CODE END DebugMonitor_IRQn 0 */
 168:Core/Src/stm32f4xx_it.c ****   /* USER CODE BEGIN DebugMonitor_IRQn 1 */
 169:Core/Src/stm32f4xx_it.c **** 
 170:Core/Src/stm32f4xx_it.c ****   /* USER CODE END DebugMonitor_IRQn 1 */
 171:Core/Src/stm32f4xx_it.c **** }
 154              		.loc 1 171 1 view .LVU21
 155 0000 7047     		bx	lr
 156              		.cfi_endproc
 157              	.LFE244:
 159              		.section	.text.ADC_IRQHandler,"ax",%progbits
 160              		.align	1
 161              		.global	ADC_IRQHandler
 162              		.syntax unified
 163              		.thumb
 164              		.thumb_func
 165              		.fpu fpv4-sp-d16
 167              	ADC_IRQHandler:
 168              	.LFB245:
 172:Core/Src/stm32f4xx_it.c **** 
 173:Core/Src/stm32f4xx_it.c **** /**
 174:Core/Src/stm32f4xx_it.c ****   * @brief This function handles Pendable request for system service.
 175:Core/Src/stm32f4xx_it.c ****   */
 176:Core/Src/stm32f4xx_it.c **** //void PendSV_Handler(void)
 177:Core/Src/stm32f4xx_it.c **** //{
 178:Core/Src/stm32f4xx_it.c **** //  /* USER CODE BEGIN PendSV_IRQn 0 */
 179:Core/Src/stm32f4xx_it.c **** //////////////////////////////////////////
 180:Core/Src/stm32f4xx_it.c **** //  /* USER CODE END PendSV_IRQn 0 */
 181:Core/Src/stm32f4xx_it.c **** //  /* USER CODE BEGIN PendSV_IRQn 1 */
 182:Core/Src/stm32f4xx_it.c **** //////////////////////////////////////////
ARM GAS  /tmp/cc269feu.s 			page 7


 183:Core/Src/stm32f4xx_it.c **** //  /* USER CODE END PendSV_IRQn 1 */
 184:Core/Src/stm32f4xx_it.c **** //}
 185:Core/Src/stm32f4xx_it.c **** //
 186:Core/Src/stm32f4xx_it.c **** /**
 187:Core/Src/stm32f4xx_it.c ****   * @brief This function handles System tick timer.
 188:Core/Src/stm32f4xx_it.c ****   */
 189:Core/Src/stm32f4xx_it.c **** //void SysTick_Handler(void)
 190:Core/Src/stm32f4xx_it.c **** //{
 191:Core/Src/stm32f4xx_it.c **** //  /* USER CODE BEGIN SysTick_IRQn 0 */
 192:Core/Src/stm32f4xx_it.c **** //////////////////////////////////////////
 193:Core/Src/stm32f4xx_it.c **** //  /* USER CODE END SysTick_IRQn 0 */
 194:Core/Src/stm32f4xx_it.c **** //
 195:Core/Src/stm32f4xx_it.c **** //  /* USER CODE BEGIN SysTick_IRQn 1 */
 196:Core/Src/stm32f4xx_it.c **** //////////////////////////////////////////
 197:Core/Src/stm32f4xx_it.c **** //  /* USER CODE END SysTick_IRQn 1 */
 198:Core/Src/stm32f4xx_it.c **** //}
 199:Core/Src/stm32f4xx_it.c **** 
 200:Core/Src/stm32f4xx_it.c **** /******************************************************************************/
 201:Core/Src/stm32f4xx_it.c **** /* STM32F4xx Peripheral Interrupt Handlers                                    */
 202:Core/Src/stm32f4xx_it.c **** /* Add here the Interrupt Handlers for the used peripherals.                  */
 203:Core/Src/stm32f4xx_it.c **** /* For the available peripheral interrupt handler names,                      */
 204:Core/Src/stm32f4xx_it.c **** /* please refer to the startup file (startup_stm32f4xx.s).                    */
 205:Core/Src/stm32f4xx_it.c **** /******************************************************************************/
 206:Core/Src/stm32f4xx_it.c **** 
 207:Core/Src/stm32f4xx_it.c **** /**
 208:Core/Src/stm32f4xx_it.c ****   * @brief This function handles ADC1, ADC2 and ADC3 global interrupts.
 209:Core/Src/stm32f4xx_it.c ****   */
 210:Core/Src/stm32f4xx_it.c **** void ADC_IRQHandler(void)
 211:Core/Src/stm32f4xx_it.c **** {
 169              		.loc 1 211 1 view -0
 170              		.cfi_startproc
 171              		@ args = 0, pretend = 0, frame = 0
 172              		@ frame_needed = 0, uses_anonymous_args = 0
 173 0000 08B5     		push	{r3, lr}
 174              	.LCFI0:
 175              		.cfi_def_cfa_offset 8
 176              		.cfi_offset 3, -8
 177              		.cfi_offset 14, -4
 212:Core/Src/stm32f4xx_it.c ****   /* USER CODE BEGIN ADC_IRQn 0 */
 213:Core/Src/stm32f4xx_it.c **** 
 214:Core/Src/stm32f4xx_it.c ****   /* USER CODE END ADC_IRQn 0 */
 215:Core/Src/stm32f4xx_it.c ****   HAL_ADC_IRQHandler(&hadc2);
 178              		.loc 1 215 3 view .LVU23
 179 0002 0348     		ldr	r0, .L14
 180 0004 FFF7FEFF 		bl	HAL_ADC_IRQHandler
 181              	.LVL0:
 216:Core/Src/stm32f4xx_it.c ****   HAL_ADC_IRQHandler(&hadc3);
 182              		.loc 1 216 3 view .LVU24
 183 0008 0248     		ldr	r0, .L14+4
 184 000a FFF7FEFF 		bl	HAL_ADC_IRQHandler
 185              	.LVL1:
 217:Core/Src/stm32f4xx_it.c ****   /* USER CODE BEGIN ADC_IRQn 1 */
 218:Core/Src/stm32f4xx_it.c **** 
 219:Core/Src/stm32f4xx_it.c ****   /* USER CODE END ADC_IRQn 1 */
 220:Core/Src/stm32f4xx_it.c **** }
 186              		.loc 1 220 1 is_stmt 0 view .LVU25
 187 000e 08BD     		pop	{r3, pc}
ARM GAS  /tmp/cc269feu.s 			page 8


 188              	.L15:
 189              		.align	2
 190              	.L14:
 191 0010 00000000 		.word	hadc2
 192 0014 00000000 		.word	hadc3
 193              		.cfi_endproc
 194              	.LFE245:
 196              		.section	.text.TIM1_UP_TIM10_IRQHandler,"ax",%progbits
 197              		.align	1
 198              		.global	TIM1_UP_TIM10_IRQHandler
 199              		.syntax unified
 200              		.thumb
 201              		.thumb_func
 202              		.fpu fpv4-sp-d16
 204              	TIM1_UP_TIM10_IRQHandler:
 205              	.LFB246:
 221:Core/Src/stm32f4xx_it.c **** 
 222:Core/Src/stm32f4xx_it.c **** /**
 223:Core/Src/stm32f4xx_it.c ****   * @brief This function handles TIM1 update interrupt and TIM10 global interrupt.
 224:Core/Src/stm32f4xx_it.c ****   */
 225:Core/Src/stm32f4xx_it.c **** void TIM1_UP_TIM10_IRQHandler(void)
 226:Core/Src/stm32f4xx_it.c **** {
 206              		.loc 1 226 1 is_stmt 1 view -0
 207              		.cfi_startproc
 208              		@ args = 0, pretend = 0, frame = 0
 209              		@ frame_needed = 0, uses_anonymous_args = 0
 210 0000 08B5     		push	{r3, lr}
 211              	.LCFI1:
 212              		.cfi_def_cfa_offset 8
 213              		.cfi_offset 3, -8
 214              		.cfi_offset 14, -4
 227:Core/Src/stm32f4xx_it.c ****   /* USER CODE BEGIN TIM1_UP_TIM10_IRQn 0 */
 228:Core/Src/stm32f4xx_it.c **** 
 229:Core/Src/stm32f4xx_it.c ****   /* USER CODE END TIM1_UP_TIM10_IRQn 0 */
 230:Core/Src/stm32f4xx_it.c ****   HAL_TIM_IRQHandler(&htim1);
 215              		.loc 1 230 3 view .LVU27
 216 0002 0248     		ldr	r0, .L18
 217 0004 FFF7FEFF 		bl	HAL_TIM_IRQHandler
 218              	.LVL2:
 231:Core/Src/stm32f4xx_it.c ****   /* USER CODE BEGIN TIM1_UP_TIM10_IRQn 1 */
 232:Core/Src/stm32f4xx_it.c **** 
 233:Core/Src/stm32f4xx_it.c ****   /* USER CODE END TIM1_UP_TIM10_IRQn 1 */
 234:Core/Src/stm32f4xx_it.c **** }
 219              		.loc 1 234 1 is_stmt 0 view .LVU28
 220 0008 08BD     		pop	{r3, pc}
 221              	.L19:
 222 000a 00BF     		.align	2
 223              	.L18:
 224 000c 00000000 		.word	htim1
 225              		.cfi_endproc
 226              	.LFE246:
 228              		.section	.text.USART2_IRQHandler,"ax",%progbits
 229              		.align	1
 230              		.global	USART2_IRQHandler
 231              		.syntax unified
 232              		.thumb
 233              		.thumb_func
ARM GAS  /tmp/cc269feu.s 			page 9


 234              		.fpu fpv4-sp-d16
 236              	USART2_IRQHandler:
 237              	.LFB247:
 235:Core/Src/stm32f4xx_it.c **** 
 236:Core/Src/stm32f4xx_it.c **** /**
 237:Core/Src/stm32f4xx_it.c ****   * @brief This function handles USART2 global interrupt.
 238:Core/Src/stm32f4xx_it.c ****   */
 239:Core/Src/stm32f4xx_it.c **** void USART2_IRQHandler(void)
 240:Core/Src/stm32f4xx_it.c **** {
 238              		.loc 1 240 1 is_stmt 1 view -0
 239              		.cfi_startproc
 240              		@ args = 0, pretend = 0, frame = 0
 241              		@ frame_needed = 0, uses_anonymous_args = 0
 242 0000 08B5     		push	{r3, lr}
 243              	.LCFI2:
 244              		.cfi_def_cfa_offset 8
 245              		.cfi_offset 3, -8
 246              		.cfi_offset 14, -4
 241:Core/Src/stm32f4xx_it.c ****   /* USER CODE BEGIN USART2_IRQn 0 */
 242:Core/Src/stm32f4xx_it.c **** 
 243:Core/Src/stm32f4xx_it.c ****   /* USER CODE END USART2_IRQn 0 */
 244:Core/Src/stm32f4xx_it.c ****   HAL_UART_IRQHandler(&huart2);
 247              		.loc 1 244 3 view .LVU30
 248 0002 0248     		ldr	r0, .L22
 249 0004 FFF7FEFF 		bl	HAL_UART_IRQHandler
 250              	.LVL3:
 245:Core/Src/stm32f4xx_it.c ****   /* USER CODE BEGIN USART2_IRQn 1 */
 246:Core/Src/stm32f4xx_it.c **** 
 247:Core/Src/stm32f4xx_it.c ****   /* USER CODE END USART2_IRQn 1 */
 248:Core/Src/stm32f4xx_it.c **** }
 251              		.loc 1 248 1 is_stmt 0 view .LVU31
 252 0008 08BD     		pop	{r3, pc}
 253              	.L23:
 254 000a 00BF     		.align	2
 255              	.L22:
 256 000c 00000000 		.word	huart2
 257              		.cfi_endproc
 258              	.LFE247:
 260              		.section	.text.USART3_IRQHandler,"ax",%progbits
 261              		.align	1
 262              		.global	USART3_IRQHandler
 263              		.syntax unified
 264              		.thumb
 265              		.thumb_func
 266              		.fpu fpv4-sp-d16
 268              	USART3_IRQHandler:
 269              	.LFB248:
 249:Core/Src/stm32f4xx_it.c **** 
 250:Core/Src/stm32f4xx_it.c **** /**
 251:Core/Src/stm32f4xx_it.c ****   * @brief This function handles USART3 global interrupt.
 252:Core/Src/stm32f4xx_it.c ****   */
 253:Core/Src/stm32f4xx_it.c **** void USART3_IRQHandler(void)
 254:Core/Src/stm32f4xx_it.c **** {
 270              		.loc 1 254 1 is_stmt 1 view -0
 271              		.cfi_startproc
 272              		@ args = 0, pretend = 0, frame = 0
 273              		@ frame_needed = 0, uses_anonymous_args = 0
ARM GAS  /tmp/cc269feu.s 			page 10


 274 0000 08B5     		push	{r3, lr}
 275              	.LCFI3:
 276              		.cfi_def_cfa_offset 8
 277              		.cfi_offset 3, -8
 278              		.cfi_offset 14, -4
 255:Core/Src/stm32f4xx_it.c ****   /* USER CODE BEGIN USART3_IRQn 0 */
 256:Core/Src/stm32f4xx_it.c **** 
 257:Core/Src/stm32f4xx_it.c ****   /* USER CODE END USART3_IRQn 0 */
 258:Core/Src/stm32f4xx_it.c ****   HAL_UART_IRQHandler(&huart3);
 279              		.loc 1 258 3 view .LVU33
 280 0002 0248     		ldr	r0, .L26
 281 0004 FFF7FEFF 		bl	HAL_UART_IRQHandler
 282              	.LVL4:
 259:Core/Src/stm32f4xx_it.c ****   /* USER CODE BEGIN USART3_IRQn 1 */
 260:Core/Src/stm32f4xx_it.c **** 
 261:Core/Src/stm32f4xx_it.c ****   /* USER CODE END USART3_IRQn 1 */
 262:Core/Src/stm32f4xx_it.c **** }
 283              		.loc 1 262 1 is_stmt 0 view .LVU34
 284 0008 08BD     		pop	{r3, pc}
 285              	.L27:
 286 000a 00BF     		.align	2
 287              	.L26:
 288 000c 00000000 		.word	huart3
 289              		.cfi_endproc
 290              	.LFE248:
 292              		.section	.text.USART6_IRQHandler,"ax",%progbits
 293              		.align	1
 294              		.global	USART6_IRQHandler
 295              		.syntax unified
 296              		.thumb
 297              		.thumb_func
 298              		.fpu fpv4-sp-d16
 300              	USART6_IRQHandler:
 301              	.LFB249:
 263:Core/Src/stm32f4xx_it.c **** 
 264:Core/Src/stm32f4xx_it.c **** /**
 265:Core/Src/stm32f4xx_it.c ****   * @brief This function handles USART6 global interrupt.
 266:Core/Src/stm32f4xx_it.c ****   */
 267:Core/Src/stm32f4xx_it.c **** void USART6_IRQHandler(void)
 268:Core/Src/stm32f4xx_it.c **** {
 302              		.loc 1 268 1 is_stmt 1 view -0
 303              		.cfi_startproc
 304              		@ args = 0, pretend = 0, frame = 0
 305              		@ frame_needed = 0, uses_anonymous_args = 0
 306 0000 08B5     		push	{r3, lr}
 307              	.LCFI4:
 308              		.cfi_def_cfa_offset 8
 309              		.cfi_offset 3, -8
 310              		.cfi_offset 14, -4
 269:Core/Src/stm32f4xx_it.c ****   /* USER CODE BEGIN USART6_IRQn 0 */
 270:Core/Src/stm32f4xx_it.c **** 
 271:Core/Src/stm32f4xx_it.c ****   /* USER CODE END USART6_IRQn 0 */
 272:Core/Src/stm32f4xx_it.c ****   HAL_UART_IRQHandler(&huart6);
 311              		.loc 1 272 3 view .LVU36
 312 0002 0248     		ldr	r0, .L30
 313 0004 FFF7FEFF 		bl	HAL_UART_IRQHandler
 314              	.LVL5:
ARM GAS  /tmp/cc269feu.s 			page 11


 273:Core/Src/stm32f4xx_it.c ****   /* USER CODE BEGIN USART6_IRQn 1 */
 274:Core/Src/stm32f4xx_it.c **** 
 275:Core/Src/stm32f4xx_it.c ****   /* USER CODE END USART6_IRQn 1 */
 276:Core/Src/stm32f4xx_it.c **** }
 315              		.loc 1 276 1 is_stmt 0 view .LVU37
 316 0008 08BD     		pop	{r3, pc}
 317              	.L31:
 318 000a 00BF     		.align	2
 319              	.L30:
 320 000c 00000000 		.word	huart6
 321              		.cfi_endproc
 322              	.LFE249:
 324              		.text
 325              	.Letext0:
 326              		.file 2 "/usr/lib/gcc/arm-none-eabi/10.3.1/include/stdint.h"
 327              		.file 3 "Drivers/CMSIS/Device/ST/STM32F4xx/Include/stm32f429xx.h"
 328              		.file 4 "Drivers/CMSIS/Device/ST/STM32F4xx/Include/stm32f4xx.h"
 329              		.file 5 "Drivers/STM32F4xx_HAL_Driver/Inc/stm32f4xx_hal_def.h"
 330              		.file 6 "Drivers/STM32F4xx_HAL_Driver/Inc/stm32f4xx_hal_dma.h"
 331              		.file 7 "Drivers/STM32F4xx_HAL_Driver/Inc/stm32f4xx_hal_adc.h"
 332              		.file 8 "Drivers/STM32F4xx_HAL_Driver/Inc/stm32f4xx_hal_tim.h"
 333              		.file 9 "Drivers/STM32F4xx_HAL_Driver/Inc/stm32f4xx_hal_uart.h"
ARM GAS  /tmp/cc269feu.s 			page 12


DEFINED SYMBOLS
                            *ABS*:0000000000000000 stm32f4xx_it.c
     /tmp/cc269feu.s:18     .text.NMI_Handler:0000000000000000 $t
     /tmp/cc269feu.s:26     .text.NMI_Handler:0000000000000000 NMI_Handler
     /tmp/cc269feu.s:44     .text.HardFault_Handler:0000000000000000 $t
     /tmp/cc269feu.s:51     .text.HardFault_Handler:0000000000000000 HardFault_Handler
     /tmp/cc269feu.s:68     .text.MemManage_Handler:0000000000000000 $t
     /tmp/cc269feu.s:75     .text.MemManage_Handler:0000000000000000 MemManage_Handler
     /tmp/cc269feu.s:92     .text.BusFault_Handler:0000000000000000 $t
     /tmp/cc269feu.s:99     .text.BusFault_Handler:0000000000000000 BusFault_Handler
     /tmp/cc269feu.s:116    .text.UsageFault_Handler:0000000000000000 $t
     /tmp/cc269feu.s:123    .text.UsageFault_Handler:0000000000000000 UsageFault_Handler
     /tmp/cc269feu.s:140    .text.DebugMon_Handler:0000000000000000 $t
     /tmp/cc269feu.s:147    .text.DebugMon_Handler:0000000000000000 DebugMon_Handler
     /tmp/cc269feu.s:160    .text.ADC_IRQHandler:0000000000000000 $t
     /tmp/cc269feu.s:167    .text.ADC_IRQHandler:0000000000000000 ADC_IRQHandler
     /tmp/cc269feu.s:191    .text.ADC_IRQHandler:0000000000000010 $d
     /tmp/cc269feu.s:197    .text.TIM1_UP_TIM10_IRQHandler:0000000000000000 $t
     /tmp/cc269feu.s:204    .text.TIM1_UP_TIM10_IRQHandler:0000000000000000 TIM1_UP_TIM10_IRQHandler
     /tmp/cc269feu.s:224    .text.TIM1_UP_TIM10_IRQHandler:000000000000000c $d
     /tmp/cc269feu.s:229    .text.USART2_IRQHandler:0000000000000000 $t
     /tmp/cc269feu.s:236    .text.USART2_IRQHandler:0000000000000000 USART2_IRQHandler
     /tmp/cc269feu.s:256    .text.USART2_IRQHandler:000000000000000c $d
     /tmp/cc269feu.s:261    .text.USART3_IRQHandler:0000000000000000 $t
     /tmp/cc269feu.s:268    .text.USART3_IRQHandler:0000000000000000 USART3_IRQHandler
     /tmp/cc269feu.s:288    .text.USART3_IRQHandler:000000000000000c $d
     /tmp/cc269feu.s:293    .text.USART6_IRQHandler:0000000000000000 $t
     /tmp/cc269feu.s:300    .text.USART6_IRQHandler:0000000000000000 USART6_IRQHandler
     /tmp/cc269feu.s:320    .text.USART6_IRQHandler:000000000000000c $d

UNDEFINED SYMBOLS
HAL_ADC_IRQHandler
hadc2
hadc3
HAL_TIM_IRQHandler
htim1
HAL_UART_IRQHandler
huart2
huart3
huart6
