ARM GAS  /tmp/ccmqBZbX.s 			page 1


   1              		.cpu cortex-m4
   2              		.eabi_attribute 27, 1
   3              		.eabi_attribute 28, 1
   4              		.eabi_attribute 20, 1
   5              		.eabi_attribute 21, 1
   6              		.eabi_attribute 23, 3
   7              		.eabi_attribute 24, 1
   8              		.eabi_attribute 25, 1
   9              		.eabi_attribute 26, 1
  10              		.eabi_attribute 30, 1
  11              		.eabi_attribute 34, 1
  12              		.eabi_attribute 18, 4
  13              		.file	"telemetry_rx.c"
  14              		.text
  15              	.Ltext0:
  16              		.cfi_sections	.debug_frame
  17              		.section	.rodata.command_idle_to_ground.str1.4,"aMS",%progbits,1
  18              		.align	2
  19              	.LC0:
  20 0000 49646C65 		.ascii	"Idle to ground\015\012\000"
  20      20746F20 
  20      67726F75 
  20      6E640D0A 
  20      00
  21 0011 000000   		.align	2
  22              	.LC1:
  23 0014 474F00   		.ascii	"GO\000"
  24              		.section	.text.command_idle_to_ground,"ax",%progbits
  25              		.align	1
  26              		.global	command_idle_to_ground
  27              		.arch armv7e-m
  28              		.syntax unified
  29              		.thumb
  30              		.thumb_func
  31              		.fpu fpv4-sp-d16
  33              	command_idle_to_ground:
  34              	.LFB249:
  35              		.file 1 "../Core/Src/telemetry_rx.c"
   1:../Core/Src/telemetry_rx.c **** #include "telemetry_rx.h"
   2:../Core/Src/telemetry_rx.c **** 
   3:../Core/Src/telemetry_rx.c **** void rx_process_byte(uint8_t byte, uint8_t *packet_buffer, uint8_t *extracted_buffer, uint8_t *pack
   4:../Core/Src/telemetry_rx.c **** 
   5:../Core/Src/telemetry_rx.c **** void process_command(int command_id);
   6:../Core/Src/telemetry_rx.c **** 
   7:../Core/Src/telemetry_rx.c **** void command_idle_to_ground();
   8:../Core/Src/telemetry_rx.c **** void command_fire_pyro();
   9:../Core/Src/telemetry_rx.c **** void command_flash_sd_card();
  10:../Core/Src/telemetry_rx.c **** void command_run_vane_activation_test();
  11:../Core/Src/telemetry_rx.c **** 
  12:../Core/Src/telemetry_rx.c **** /**
  13:../Core/Src/telemetry_rx.c ****  * Task to handle incoming telemetry data
  14:../Core/Src/telemetry_rx.c ****  * @param args Unused
  15:../Core/Src/telemetry_rx.c ****  */
  16:../Core/Src/telemetry_rx.c **** void telemetry_rx_task(void *args) {
  17:../Core/Src/telemetry_rx.c ****     /* Buffer to hold received bytes before they are processed */
  18:../Core/Src/telemetry_rx.c ****     uint8_t bytes_to_process[TELEMETRY_RX_MAX_PROCESS_SIZE];
  19:../Core/Src/telemetry_rx.c **** 
ARM GAS  /tmp/ccmqBZbX.s 			page 2


  20:../Core/Src/telemetry_rx.c ****     /* Buffer to hold the incoming packet before it is extracted */
  21:../Core/Src/telemetry_rx.c ****     uint8_t packet_buffer[TELEMETRY_MAX_PACKET_SIZE];
  22:../Core/Src/telemetry_rx.c **** 
  23:../Core/Src/telemetry_rx.c ****     /* Buffer to hold the extracted packet */
  24:../Core/Src/telemetry_rx.c ****     uint8_t extracted_packet_buffer[TELEMETRY_MAX_PACKET_SIZE];
  25:../Core/Src/telemetry_rx.c **** 
  26:../Core/Src/telemetry_rx.c ****     /* Buffer to hold the UUIDs of recieved commands */
  27:../Core/Src/telemetry_rx.c ****     uint8_t recieved_uuids[256] = {0};
  28:../Core/Src/telemetry_rx.c **** 
  29:../Core/Src/telemetry_rx.c ****     /* Current size of incoming packet buffer */
  30:../Core/Src/telemetry_rx.c ****     uint8_t packet_buffer_size = 0;
  31:../Core/Src/telemetry_rx.c **** 
  32:../Core/Src/telemetry_rx.c ****     while (1) {
  33:../Core/Src/telemetry_rx.c ****         /* Wait for new bytes to read */
  34:../Core/Src/telemetry_rx.c ****         int bytes_read = xStreamBufferReceive(g_telemetry_rx_sb_handle, bytes_to_process, TELEMETRY
  35:../Core/Src/telemetry_rx.c **** 
  36:../Core/Src/telemetry_rx.c ****         /* Process them */
  37:../Core/Src/telemetry_rx.c ****         for (int i = 0; i < bytes_read; i ++) {
  38:../Core/Src/telemetry_rx.c ****             rx_process_byte(bytes_to_process[i], packet_buffer, extracted_packet_buffer, &packet_bu
  39:../Core/Src/telemetry_rx.c ****         }
  40:../Core/Src/telemetry_rx.c ****     }
  41:../Core/Src/telemetry_rx.c **** }
  42:../Core/Src/telemetry_rx.c **** 
  43:../Core/Src/telemetry_rx.c **** /**
  44:../Core/Src/telemetry_rx.c ****  * Process a single byte of incoming data
  45:../Core/Src/telemetry_rx.c ****  * @param byte The byte to process
  46:../Core/Src/telemetry_rx.c ****  * @param packet_buffer The buffer to hold the incoming packet
  47:../Core/Src/telemetry_rx.c ****  * @param packet_buffer_size The current size of the incoming packet buffer
  48:../Core/Src/telemetry_rx.c ****  * @param extracted_buffer The buffer to hold the extracted packet
  49:../Core/Src/telemetry_rx.c ****  */
  50:../Core/Src/telemetry_rx.c **** void rx_process_byte(uint8_t byte, uint8_t *packet_buffer, uint8_t *extracted_buffer, uint8_t *pack
  51:../Core/Src/telemetry_rx.c ****     int next_packet_buffer_size = process_incoming_byte(byte, packet_buffer, *packet_buffer_size);
  52:../Core/Src/telemetry_rx.c ****     char buf[100];
  53:../Core/Src/telemetry_rx.c ****     sprintf(buf, "%02x\r\n", byte);
  54:../Core/Src/telemetry_rx.c ****     HAL_UART_Transmit(&debug_uart, (uint8_t *) buf, strlen(buf), HAL_MAX_DELAY);
  55:../Core/Src/telemetry_rx.c **** 
  56:../Core/Src/telemetry_rx.c ****     if (next_packet_buffer_size < 0) {
  57:../Core/Src/telemetry_rx.c ****         *packet_buffer_size = 0;
  58:../Core/Src/telemetry_rx.c ****         next_packet_buffer_size *= -1;
  59:../Core/Src/telemetry_rx.c **** 
  60:../Core/Src/telemetry_rx.c ****         if (verify_packet(packet_buffer, next_packet_buffer_size)) {
  61:../Core/Src/telemetry_rx.c ****             uint8_t message_id = extract_packet(packet_buffer, next_packet_buffer_size, extracted_b
  62:../Core/Src/telemetry_rx.c **** 
  63:../Core/Src/telemetry_rx.c ****             if (message_id != COMMAND_MSG_ID) {
  64:../Core/Src/telemetry_rx.c ****                 return;
  65:../Core/Src/telemetry_rx.c ****             }
  66:../Core/Src/telemetry_rx.c **** 
  67:../Core/Src/telemetry_rx.c ****             int command_id = extracted_buffer[0];
  68:../Core/Src/telemetry_rx.c ****             int command_uuid = extracted_buffer[1];
  69:../Core/Src/telemetry_rx.c **** 
  70:../Core/Src/telemetry_rx.c ****             if (recieved_uuids[command_uuid] == 1) {
  71:../Core/Src/telemetry_rx.c ****                 return;
  72:../Core/Src/telemetry_rx.c ****             }
  73:../Core/Src/telemetry_rx.c **** 
  74:../Core/Src/telemetry_rx.c ****             recieved_uuids[command_uuid] = 1;
  75:../Core/Src/telemetry_rx.c **** 
  76:../Core/Src/telemetry_rx.c ****             char buf2[100];
ARM GAS  /tmp/ccmqBZbX.s 			page 3


  77:../Core/Src/telemetry_rx.c ****             sprintf(buf2, "Command ID: %d, Command UUID: %d\r\n", command_id, command_uuid);
  78:../Core/Src/telemetry_rx.c ****             HAL_UART_Transmit(&debug_uart, (uint8_t *) buf2, strlen(buf2), HAL_MAX_DELAY);
  79:../Core/Src/telemetry_rx.c **** 
  80:../Core/Src/telemetry_rx.c ****             uint8_t payload[2];
  81:../Core/Src/telemetry_rx.c ****             payload[0] = command_id; // command id
  82:../Core/Src/telemetry_rx.c ****             payload[1] = command_uuid; // command uuid
  83:../Core/Src/telemetry_rx.c **** 
  84:../Core/Src/telemetry_rx.c ****             telemetry_send_message(payload, 2, COMMAND_ACK_MSG_ID);
  85:../Core/Src/telemetry_rx.c **** 
  86:../Core/Src/telemetry_rx.c ****             process_command(command_id);
  87:../Core/Src/telemetry_rx.c ****         }
  88:../Core/Src/telemetry_rx.c ****     } else if (next_packet_buffer_size < TELEMETRY_MAX_PACKET_SIZE) {
  89:../Core/Src/telemetry_rx.c ****         *packet_buffer_size = next_packet_buffer_size;
  90:../Core/Src/telemetry_rx.c ****     } else {
  91:../Core/Src/telemetry_rx.c ****         *packet_buffer_size = 0;
  92:../Core/Src/telemetry_rx.c ****     }
  93:../Core/Src/telemetry_rx.c **** }
  94:../Core/Src/telemetry_rx.c **** 
  95:../Core/Src/telemetry_rx.c **** /**
  96:../Core/Src/telemetry_rx.c ****  * Process ground station command
  97:../Core/Src/telemetry_rx.c ****  * @param command_id The id of the command to be processed
  98:../Core/Src/telemetry_rx.c ****  */
  99:../Core/Src/telemetry_rx.c **** void process_command(int command_id) {
 100:../Core/Src/telemetry_rx.c ****     switch (command_id) {
 101:../Core/Src/telemetry_rx.c ****         case ROCKET_IDLE_TO_GROUND_COMMAND_ID:
 102:../Core/Src/telemetry_rx.c ****             command_idle_to_ground();
 103:../Core/Src/telemetry_rx.c ****             break;
 104:../Core/Src/telemetry_rx.c ****         case ROCKET_FIRE_PYRO_COMMAND_ID:
 105:../Core/Src/telemetry_rx.c ****             command_fire_pyro();
 106:../Core/Src/telemetry_rx.c ****             break;
 107:../Core/Src/telemetry_rx.c ****         case ROCKET_FLASH_SD_CARD_COMMAND_ID:
 108:../Core/Src/telemetry_rx.c ****             command_flash_sd_card();
 109:../Core/Src/telemetry_rx.c ****             break;
 110:../Core/Src/telemetry_rx.c ****     }
 111:../Core/Src/telemetry_rx.c **** }
 112:../Core/Src/telemetry_rx.c **** 
 113:../Core/Src/telemetry_rx.c **** /**
 114:../Core/Src/telemetry_rx.c ****  * @brief Perform the idle to ground command
 115:../Core/Src/telemetry_rx.c ****  */
 116:../Core/Src/telemetry_rx.c **** void command_idle_to_ground() {
  36              		.loc 1 116 31 view -0
  37              		.cfi_startproc
  38              		@ args = 0, pretend = 0, frame = 0
  39              		@ frame_needed = 0, uses_anonymous_args = 0
  40 0000 00B5     		push	{lr}
  41              	.LCFI0:
  42              		.cfi_def_cfa_offset 4
  43              		.cfi_offset 14, -4
  44 0002 83B0     		sub	sp, sp, #12
  45              	.LCFI1:
  46              		.cfi_def_cfa_offset 16
 117:../Core/Src/telemetry_rx.c ****     HAL_UART_Transmit(&debug_uart, (uint8_t *) "Idle to ground\r\n", 17, HAL_MAX_DELAY);
  47              		.loc 1 117 5 view .LVU1
  48 0004 4FF0FF33 		mov	r3, #-1
  49 0008 1122     		movs	r2, #17
  50 000a 0B49     		ldr	r1, .L3
  51 000c 0B48     		ldr	r0, .L3+4
ARM GAS  /tmp/ccmqBZbX.s 			page 4


  52 000e FFF7FEFF 		bl	HAL_UART_Transmit
  53              	.LVL0:
 118:../Core/Src/telemetry_rx.c **** 
 119:../Core/Src/telemetry_rx.c ****     HAL_UART_Transmit(&state_uart, (uint8_t *) "GO", 2, HAL_MAX_DELAY);
  54              		.loc 1 119 5 view .LVU2
  55 0012 4FF0FF33 		mov	r3, #-1
  56 0016 0222     		movs	r2, #2
  57 0018 0949     		ldr	r1, .L3+8
  58 001a 0A48     		ldr	r0, .L3+12
  59 001c FFF7FEFF 		bl	HAL_UART_Transmit
  60              	.LVL1:
 120:../Core/Src/telemetry_rx.c **** 
 121:../Core/Src/telemetry_rx.c ****     xTaskNotify(g_state_tx_task_handle, BEGIN_STATE_TX_NOTIFICATION_BIT, eSetBits);
  61              		.loc 1 121 5 view .LVU3
  62 0020 0021     		movs	r1, #0
  63 0022 0091     		str	r1, [sp]
  64 0024 0123     		movs	r3, #1
  65 0026 1A46     		mov	r2, r3
  66 0028 0748     		ldr	r0, .L3+16
  67 002a 0068     		ldr	r0, [r0]
  68 002c FFF7FEFF 		bl	xTaskGenericNotify
  69              	.LVL2:
 122:../Core/Src/telemetry_rx.c **** }
  70              		.loc 1 122 1 is_stmt 0 view .LVU4
  71 0030 03B0     		add	sp, sp, #12
  72              	.LCFI2:
  73              		.cfi_def_cfa_offset 4
  74              		@ sp needed
  75 0032 5DF804FB 		ldr	pc, [sp], #4
  76              	.L4:
  77 0036 00BF     		.align	2
  78              	.L3:
  79 0038 00000000 		.word	.LC0
  80 003c 00000000 		.word	huart3
  81 0040 14000000 		.word	.LC1
  82 0044 00000000 		.word	huart6
  83 0048 00000000 		.word	g_state_tx_task_handle
  84              		.cfi_endproc
  85              	.LFE249:
  87              		.section	.text.command_fire_pyro,"ax",%progbits
  88              		.align	1
  89              		.global	command_fire_pyro
  90              		.syntax unified
  91              		.thumb
  92              		.thumb_func
  93              		.fpu fpv4-sp-d16
  95              	command_fire_pyro:
  96              	.LFB250:
 123:../Core/Src/telemetry_rx.c **** 
 124:../Core/Src/telemetry_rx.c **** /**
 125:../Core/Src/telemetry_rx.c ****  * @brief Perform the fire pyro command
 126:../Core/Src/telemetry_rx.c ****  */
 127:../Core/Src/telemetry_rx.c **** void command_fire_pyro() {
  97              		.loc 1 127 26 is_stmt 1 view -0
  98              		.cfi_startproc
  99              		@ args = 0, pretend = 0, frame = 0
 100              		@ frame_needed = 0, uses_anonymous_args = 0
ARM GAS  /tmp/ccmqBZbX.s 			page 5


 101              		@ link register save eliminated.
 128:../Core/Src/telemetry_rx.c ****     /* Unimplemented */
 129:../Core/Src/telemetry_rx.c **** }
 102              		.loc 1 129 1 view .LVU6
 103 0000 7047     		bx	lr
 104              		.cfi_endproc
 105              	.LFE250:
 107              		.section	.text.command_flash_sd_card,"ax",%progbits
 108              		.align	1
 109              		.global	command_flash_sd_card
 110              		.syntax unified
 111              		.thumb
 112              		.thumb_func
 113              		.fpu fpv4-sp-d16
 115              	command_flash_sd_card:
 116              	.LFB251:
 130:../Core/Src/telemetry_rx.c **** 
 131:../Core/Src/telemetry_rx.c **** /**
 132:../Core/Src/telemetry_rx.c ****  * @brief Perform the flash SD card command
 133:../Core/Src/telemetry_rx.c ****  */
 134:../Core/Src/telemetry_rx.c **** void command_flash_sd_card() {
 117              		.loc 1 134 30 view -0
 118              		.cfi_startproc
 119              		@ args = 0, pretend = 0, frame = 0
 120              		@ frame_needed = 0, uses_anonymous_args = 0
 121 0000 00B5     		push	{lr}
 122              	.LCFI3:
 123              		.cfi_def_cfa_offset 4
 124              		.cfi_offset 14, -4
 125 0002 83B0     		sub	sp, sp, #12
 126              	.LCFI4:
 127              		.cfi_def_cfa_offset 16
 135:../Core/Src/telemetry_rx.c ****     xTaskNotify(g_state_flash_task_handle, FLASH_SD_CARD_NOTIFICATION_BIT, eSetBits);
 128              		.loc 1 135 5 view .LVU8
 129 0004 0021     		movs	r1, #0
 130 0006 0091     		str	r1, [sp]
 131 0008 0123     		movs	r3, #1
 132 000a 0222     		movs	r2, #2
 133 000c 0348     		ldr	r0, .L8
 134 000e 0068     		ldr	r0, [r0]
 135 0010 FFF7FEFF 		bl	xTaskGenericNotify
 136              	.LVL3:
 136:../Core/Src/telemetry_rx.c **** }
 137              		.loc 1 136 1 is_stmt 0 view .LVU9
 138 0014 03B0     		add	sp, sp, #12
 139              	.LCFI5:
 140              		.cfi_def_cfa_offset 4
 141              		@ sp needed
 142 0016 5DF804FB 		ldr	pc, [sp], #4
 143              	.L9:
 144 001a 00BF     		.align	2
 145              	.L8:
 146 001c 00000000 		.word	g_state_flash_task_handle
 147              		.cfi_endproc
 148              	.LFE251:
 150              		.section	.text.process_command,"ax",%progbits
 151              		.align	1
ARM GAS  /tmp/ccmqBZbX.s 			page 6


 152              		.global	process_command
 153              		.syntax unified
 154              		.thumb
 155              		.thumb_func
 156              		.fpu fpv4-sp-d16
 158              	process_command:
 159              	.LVL4:
 160              	.LFB248:
  99:../Core/Src/telemetry_rx.c ****     switch (command_id) {
 161              		.loc 1 99 38 is_stmt 1 view -0
 162              		.cfi_startproc
 163              		@ args = 0, pretend = 0, frame = 0
 164              		@ frame_needed = 0, uses_anonymous_args = 0
  99:../Core/Src/telemetry_rx.c ****     switch (command_id) {
 165              		.loc 1 99 38 is_stmt 0 view .LVU11
 166 0000 08B5     		push	{r3, lr}
 167              	.LCFI6:
 168              		.cfi_def_cfa_offset 8
 169              		.cfi_offset 3, -8
 170              		.cfi_offset 14, -4
 100:../Core/Src/telemetry_rx.c ****         case ROCKET_IDLE_TO_GROUND_COMMAND_ID:
 171              		.loc 1 100 5 is_stmt 1 view .LVU12
 172 0002 0128     		cmp	r0, #1
 173 0004 02D0     		beq	.L11
 174 0006 0328     		cmp	r0, #3
 175 0008 03D0     		beq	.L12
 176              	.LVL5:
 177              	.L10:
 111:../Core/Src/telemetry_rx.c **** 
 178              		.loc 1 111 1 is_stmt 0 view .LVU13
 179 000a 08BD     		pop	{r3, pc}
 180              	.LVL6:
 181              	.L11:
 102:../Core/Src/telemetry_rx.c ****             break;
 182              		.loc 1 102 13 is_stmt 1 view .LVU14
 183 000c FFF7FEFF 		bl	command_idle_to_ground
 184              	.LVL7:
 103:../Core/Src/telemetry_rx.c ****         case ROCKET_FIRE_PYRO_COMMAND_ID:
 185              		.loc 1 103 13 view .LVU15
 186 0010 FBE7     		b	.L10
 187              	.LVL8:
 188              	.L12:
 108:../Core/Src/telemetry_rx.c ****             break;
 189              		.loc 1 108 13 view .LVU16
 190 0012 FFF7FEFF 		bl	command_flash_sd_card
 191              	.LVL9:
 109:../Core/Src/telemetry_rx.c ****     }
 192              		.loc 1 109 13 view .LVU17
 111:../Core/Src/telemetry_rx.c **** 
 193              		.loc 1 111 1 is_stmt 0 view .LVU18
 194 0016 F8E7     		b	.L10
 195              		.cfi_endproc
 196              	.LFE248:
 198              		.section	.rodata.rx_process_byte.str1.4,"aMS",%progbits,1
 199              		.align	2
 200              	.LC2:
 201 0000 25303278 		.ascii	"%02x\015\012\000"
ARM GAS  /tmp/ccmqBZbX.s 			page 7


 201      0D0A00
 202 0007 00       		.align	2
 203              	.LC3:
 204 0008 436F6D6D 		.ascii	"Command ID: %d, Command UUID: %d\015\012\000"
 204      616E6420 
 204      49443A20 
 204      25642C20 
 204      436F6D6D 
 205              		.section	.text.rx_process_byte,"ax",%progbits
 206              		.align	1
 207              		.global	rx_process_byte
 208              		.syntax unified
 209              		.thumb
 210              		.thumb_func
 211              		.fpu fpv4-sp-d16
 213              	rx_process_byte:
 214              	.LVL10:
 215              	.LFB247:
  50:../Core/Src/telemetry_rx.c ****     int next_packet_buffer_size = process_incoming_byte(byte, packet_buffer, *packet_buffer_size);
 216              		.loc 1 50 141 is_stmt 1 view -0
 217              		.cfi_startproc
 218              		@ args = 4, pretend = 0, frame = 208
 219              		@ frame_needed = 0, uses_anonymous_args = 0
  50:../Core/Src/telemetry_rx.c ****     int next_packet_buffer_size = process_incoming_byte(byte, packet_buffer, *packet_buffer_size);
 220              		.loc 1 50 141 is_stmt 0 view .LVU20
 221 0000 2DE9F041 		push	{r4, r5, r6, r7, r8, lr}
 222              	.LCFI7:
 223              		.cfi_def_cfa_offset 24
 224              		.cfi_offset 4, -24
 225              		.cfi_offset 5, -20
 226              		.cfi_offset 6, -16
 227              		.cfi_offset 7, -12
 228              		.cfi_offset 8, -8
 229              		.cfi_offset 14, -4
 230 0004 B4B0     		sub	sp, sp, #208
 231              	.LCFI8:
 232              		.cfi_def_cfa_offset 232
 233 0006 8046     		mov	r8, r0
 234 0008 0E46     		mov	r6, r1
 235 000a 1746     		mov	r7, r2
 236 000c 1D46     		mov	r5, r3
  51:../Core/Src/telemetry_rx.c ****     char buf[100];
 237              		.loc 1 51 5 is_stmt 1 view .LVU21
  51:../Core/Src/telemetry_rx.c ****     char buf[100];
 238              		.loc 1 51 35 is_stmt 0 view .LVU22
 239 000e 1A78     		ldrb	r2, [r3]	@ zero_extendqisi2
 240              	.LVL11:
  51:../Core/Src/telemetry_rx.c ****     char buf[100];
 241              		.loc 1 51 35 view .LVU23
 242 0010 FFF7FEFF 		bl	process_incoming_byte
 243              	.LVL12:
  51:../Core/Src/telemetry_rx.c ****     char buf[100];
 244              		.loc 1 51 35 view .LVU24
 245 0014 0446     		mov	r4, r0
 246              	.LVL13:
  52:../Core/Src/telemetry_rx.c ****     sprintf(buf, "%02x\r\n", byte);
 247              		.loc 1 52 5 is_stmt 1 view .LVU25
ARM GAS  /tmp/ccmqBZbX.s 			page 8


  53:../Core/Src/telemetry_rx.c ****     HAL_UART_Transmit(&debug_uart, (uint8_t *) buf, strlen(buf), HAL_MAX_DELAY);
 248              		.loc 1 53 5 view .LVU26
 249 0016 4246     		mov	r2, r8
 250 0018 2749     		ldr	r1, .L23
 251 001a 1BA8     		add	r0, sp, #108
 252              	.LVL14:
  53:../Core/Src/telemetry_rx.c ****     HAL_UART_Transmit(&debug_uart, (uint8_t *) buf, strlen(buf), HAL_MAX_DELAY);
 253              		.loc 1 53 5 is_stmt 0 view .LVU27
 254 001c FFF7FEFF 		bl	sprintf
 255              	.LVL15:
  54:../Core/Src/telemetry_rx.c **** 
 256              		.loc 1 54 5 is_stmt 1 view .LVU28
  54:../Core/Src/telemetry_rx.c **** 
 257              		.loc 1 54 53 is_stmt 0 view .LVU29
 258 0020 1BA8     		add	r0, sp, #108
 259 0022 FFF7FEFF 		bl	strlen
 260              	.LVL16:
  54:../Core/Src/telemetry_rx.c **** 
 261              		.loc 1 54 5 view .LVU30
 262 0026 4FF0FF33 		mov	r3, #-1
 263 002a 82B2     		uxth	r2, r0
 264 002c 1BA9     		add	r1, sp, #108
 265 002e 2348     		ldr	r0, .L23+4
 266 0030 FFF7FEFF 		bl	HAL_UART_Transmit
 267              	.LVL17:
  56:../Core/Src/telemetry_rx.c ****         *packet_buffer_size = 0;
 268              		.loc 1 56 5 is_stmt 1 view .LVU31
  56:../Core/Src/telemetry_rx.c ****         *packet_buffer_size = 0;
 269              		.loc 1 56 8 is_stmt 0 view .LVU32
 270 0034 002C     		cmp	r4, #0
 271 0036 05DB     		blt	.L22
  88:../Core/Src/telemetry_rx.c ****         *packet_buffer_size = next_packet_buffer_size;
 272              		.loc 1 88 12 is_stmt 1 view .LVU33
  88:../Core/Src/telemetry_rx.c ****         *packet_buffer_size = next_packet_buffer_size;
 273              		.loc 1 88 15 is_stmt 0 view .LVU34
 274 0038 442C     		cmp	r4, #68
 275 003a 39DC     		bgt	.L20
  89:../Core/Src/telemetry_rx.c ****     } else {
 276              		.loc 1 89 9 is_stmt 1 view .LVU35
  89:../Core/Src/telemetry_rx.c ****     } else {
 277              		.loc 1 89 29 is_stmt 0 view .LVU36
 278 003c 2C70     		strb	r4, [r5]
 279              	.LVL18:
 280              	.L15:
  93:../Core/Src/telemetry_rx.c **** 
 281              		.loc 1 93 1 view .LVU37
 282 003e 34B0     		add	sp, sp, #208
 283              	.LCFI9:
 284              		.cfi_remember_state
 285              		.cfi_def_cfa_offset 24
 286              		@ sp needed
 287 0040 BDE8F081 		pop	{r4, r5, r6, r7, r8, pc}
 288              	.LVL19:
 289              	.L22:
 290              	.LCFI10:
 291              		.cfi_restore_state
  57:../Core/Src/telemetry_rx.c ****         next_packet_buffer_size *= -1;
ARM GAS  /tmp/ccmqBZbX.s 			page 9


 292              		.loc 1 57 9 is_stmt 1 view .LVU38
  57:../Core/Src/telemetry_rx.c ****         next_packet_buffer_size *= -1;
 293              		.loc 1 57 29 is_stmt 0 view .LVU39
 294 0044 0023     		movs	r3, #0
 295 0046 2B70     		strb	r3, [r5]
  58:../Core/Src/telemetry_rx.c **** 
 296              		.loc 1 58 9 is_stmt 1 view .LVU40
  58:../Core/Src/telemetry_rx.c **** 
 297              		.loc 1 58 33 is_stmt 0 view .LVU41
 298 0048 6442     		rsbs	r4, r4, #0
 299              	.LVL20:
  60:../Core/Src/telemetry_rx.c ****             uint8_t message_id = extract_packet(packet_buffer, next_packet_buffer_size, extracted_b
 300              		.loc 1 60 9 is_stmt 1 view .LVU42
  60:../Core/Src/telemetry_rx.c ****             uint8_t message_id = extract_packet(packet_buffer, next_packet_buffer_size, extracted_b
 301              		.loc 1 60 13 is_stmt 0 view .LVU43
 302 004a 2146     		mov	r1, r4
 303 004c 3046     		mov	r0, r6
 304 004e FFF7FEFF 		bl	verify_packet
 305              	.LVL21:
  60:../Core/Src/telemetry_rx.c ****             uint8_t message_id = extract_packet(packet_buffer, next_packet_buffer_size, extracted_b
 306              		.loc 1 60 12 view .LVU44
 307 0052 0028     		cmp	r0, #0
 308 0054 F3D0     		beq	.L15
 309              	.LBB2:
  61:../Core/Src/telemetry_rx.c **** 
 310              		.loc 1 61 13 is_stmt 1 view .LVU45
  61:../Core/Src/telemetry_rx.c **** 
 311              		.loc 1 61 34 is_stmt 0 view .LVU46
 312 0056 3A46     		mov	r2, r7
 313 0058 2146     		mov	r1, r4
 314 005a 3046     		mov	r0, r6
 315 005c FFF7FEFF 		bl	extract_packet
 316              	.LVL22:
  63:../Core/Src/telemetry_rx.c ****                 return;
 317              		.loc 1 63 13 is_stmt 1 view .LVU47
  63:../Core/Src/telemetry_rx.c ****                 return;
 318              		.loc 1 63 16 is_stmt 0 view .LVU48
 319 0060 0128     		cmp	r0, #1
 320 0062 ECD1     		bne	.L15
  67:../Core/Src/telemetry_rx.c ****             int command_uuid = extracted_buffer[1];
 321              		.loc 1 67 13 is_stmt 1 view .LVU49
  67:../Core/Src/telemetry_rx.c ****             int command_uuid = extracted_buffer[1];
 322              		.loc 1 67 46 is_stmt 0 view .LVU50
 323 0064 3D78     		ldrb	r5, [r7]	@ zero_extendqisi2
 324              	.LVL23:
  68:../Core/Src/telemetry_rx.c **** 
 325              		.loc 1 68 13 is_stmt 1 view .LVU51
  68:../Core/Src/telemetry_rx.c **** 
 326              		.loc 1 68 48 is_stmt 0 view .LVU52
 327 0066 7C78     		ldrb	r4, [r7, #1]	@ zero_extendqisi2
 328              	.LVL24:
  70:../Core/Src/telemetry_rx.c ****                 return;
 329              		.loc 1 70 13 is_stmt 1 view .LVU53
  70:../Core/Src/telemetry_rx.c ****                 return;
 330              		.loc 1 70 31 is_stmt 0 view .LVU54
 331 0068 3A9B     		ldr	r3, [sp, #232]
 332 006a 1B5D     		ldrb	r3, [r3, r4]	@ zero_extendqisi2
ARM GAS  /tmp/ccmqBZbX.s 			page 10


  70:../Core/Src/telemetry_rx.c ****                 return;
 333              		.loc 1 70 16 view .LVU55
 334 006c 012B     		cmp	r3, #1
 335 006e E6D0     		beq	.L15
  74:../Core/Src/telemetry_rx.c **** 
 336              		.loc 1 74 13 is_stmt 1 view .LVU56
  74:../Core/Src/telemetry_rx.c **** 
 337              		.loc 1 74 42 is_stmt 0 view .LVU57
 338 0070 0123     		movs	r3, #1
 339 0072 3A9A     		ldr	r2, [sp, #232]
 340 0074 1355     		strb	r3, [r2, r4]
  76:../Core/Src/telemetry_rx.c ****             sprintf(buf2, "Command ID: %d, Command UUID: %d\r\n", command_id, command_uuid);
 341              		.loc 1 76 13 is_stmt 1 view .LVU58
  77:../Core/Src/telemetry_rx.c ****             HAL_UART_Transmit(&debug_uart, (uint8_t *) buf2, strlen(buf2), HAL_MAX_DELAY);
 342              		.loc 1 77 13 view .LVU59
 343 0076 2346     		mov	r3, r4
 344 0078 2A46     		mov	r2, r5
 345 007a 1149     		ldr	r1, .L23+8
 346 007c 02A8     		add	r0, sp, #8
 347              	.LVL25:
  77:../Core/Src/telemetry_rx.c ****             HAL_UART_Transmit(&debug_uart, (uint8_t *) buf2, strlen(buf2), HAL_MAX_DELAY);
 348              		.loc 1 77 13 is_stmt 0 view .LVU60
 349 007e FFF7FEFF 		bl	sprintf
 350              	.LVL26:
  78:../Core/Src/telemetry_rx.c **** 
 351              		.loc 1 78 13 is_stmt 1 view .LVU61
  78:../Core/Src/telemetry_rx.c **** 
 352              		.loc 1 78 62 is_stmt 0 view .LVU62
 353 0082 02A8     		add	r0, sp, #8
 354 0084 FFF7FEFF 		bl	strlen
 355              	.LVL27:
  78:../Core/Src/telemetry_rx.c **** 
 356              		.loc 1 78 13 view .LVU63
 357 0088 4FF0FF33 		mov	r3, #-1
 358 008c 82B2     		uxth	r2, r0
 359 008e 02A9     		add	r1, sp, #8
 360 0090 0A48     		ldr	r0, .L23+4
 361 0092 FFF7FEFF 		bl	HAL_UART_Transmit
 362              	.LVL28:
  80:../Core/Src/telemetry_rx.c ****             payload[0] = command_id; // command id
 363              		.loc 1 80 13 is_stmt 1 view .LVU64
  81:../Core/Src/telemetry_rx.c ****             payload[1] = command_uuid; // command uuid
 364              		.loc 1 81 13 view .LVU65
  81:../Core/Src/telemetry_rx.c ****             payload[1] = command_uuid; // command uuid
 365              		.loc 1 81 24 is_stmt 0 view .LVU66
 366 0096 8DF80450 		strb	r5, [sp, #4]
  82:../Core/Src/telemetry_rx.c **** 
 367              		.loc 1 82 13 is_stmt 1 view .LVU67
  82:../Core/Src/telemetry_rx.c **** 
 368              		.loc 1 82 24 is_stmt 0 view .LVU68
 369 009a 8DF80540 		strb	r4, [sp, #5]
  84:../Core/Src/telemetry_rx.c **** 
 370              		.loc 1 84 13 is_stmt 1 view .LVU69
 371 009e 0222     		movs	r2, #2
 372 00a0 1146     		mov	r1, r2
 373 00a2 01A8     		add	r0, sp, #4
 374 00a4 FFF7FEFF 		bl	telemetry_send_message
ARM GAS  /tmp/ccmqBZbX.s 			page 11


 375              	.LVL29:
  86:../Core/Src/telemetry_rx.c ****         }
 376              		.loc 1 86 13 view .LVU70
 377 00a8 2846     		mov	r0, r5
 378 00aa FFF7FEFF 		bl	process_command
 379              	.LVL30:
 380 00ae C6E7     		b	.L15
 381              	.LVL31:
 382              	.L20:
  86:../Core/Src/telemetry_rx.c ****         }
 383              		.loc 1 86 13 is_stmt 0 view .LVU71
 384              	.LBE2:
  91:../Core/Src/telemetry_rx.c ****     }
 385              		.loc 1 91 9 is_stmt 1 view .LVU72
  91:../Core/Src/telemetry_rx.c ****     }
 386              		.loc 1 91 29 is_stmt 0 view .LVU73
 387 00b0 0023     		movs	r3, #0
 388 00b2 2B70     		strb	r3, [r5]
 389 00b4 C3E7     		b	.L15
 390              	.L24:
 391 00b6 00BF     		.align	2
 392              	.L23:
 393 00b8 00000000 		.word	.LC2
 394 00bc 00000000 		.word	huart3
 395 00c0 08000000 		.word	.LC3
 396              		.cfi_endproc
 397              	.LFE247:
 399              		.section	.text.telemetry_rx_task,"ax",%progbits
 400              		.align	1
 401              		.global	telemetry_rx_task
 402              		.syntax unified
 403              		.thumb
 404              		.thumb_func
 405              		.fpu fpv4-sp-d16
 407              	telemetry_rx_task:
 408              	.LVL32:
 409              	.LFB246:
  16:../Core/Src/telemetry_rx.c ****     /* Buffer to hold received bytes before they are processed */
 410              		.loc 1 16 36 is_stmt 1 view -0
 411              		.cfi_startproc
 412              		@ args = 0, pretend = 0, frame = 472
 413              		@ frame_needed = 0, uses_anonymous_args = 0
  16:../Core/Src/telemetry_rx.c ****     /* Buffer to hold received bytes before they are processed */
 414              		.loc 1 16 36 is_stmt 0 view .LVU75
 415 0000 30B5     		push	{r4, r5, lr}
 416              	.LCFI11:
 417              		.cfi_def_cfa_offset 12
 418              		.cfi_offset 4, -12
 419              		.cfi_offset 5, -8
 420              		.cfi_offset 14, -4
 421 0002 F9B0     		sub	sp, sp, #484
 422              	.LCFI12:
 423              		.cfi_def_cfa_offset 496
  18:../Core/Src/telemetry_rx.c **** 
 424              		.loc 1 18 5 is_stmt 1 view .LVU76
  21:../Core/Src/telemetry_rx.c **** 
 425              		.loc 1 21 5 view .LVU77
ARM GAS  /tmp/ccmqBZbX.s 			page 12


  24:../Core/Src/telemetry_rx.c **** 
 426              		.loc 1 24 5 view .LVU78
  27:../Core/Src/telemetry_rx.c **** 
 427              		.loc 1 27 5 view .LVU79
  27:../Core/Src/telemetry_rx.c **** 
 428              		.loc 1 27 13 is_stmt 0 view .LVU80
 429 0004 0024     		movs	r4, #0
 430 0006 0494     		str	r4, [sp, #16]
 431 0008 FC22     		movs	r2, #252
 432 000a 2146     		mov	r1, r4
 433 000c 05A8     		add	r0, sp, #20
 434              	.LVL33:
  27:../Core/Src/telemetry_rx.c **** 
 435              		.loc 1 27 13 view .LVU81
 436 000e FFF7FEFF 		bl	memset
 437              	.LVL34:
  30:../Core/Src/telemetry_rx.c **** 
 438              		.loc 1 30 5 is_stmt 1 view .LVU82
  30:../Core/Src/telemetry_rx.c **** 
 439              		.loc 1 30 13 is_stmt 0 view .LVU83
 440 0012 8DF80F40 		strb	r4, [sp, #15]
 441              	.L28:
  32:../Core/Src/telemetry_rx.c ****         /* Wait for new bytes to read */
 442              		.loc 1 32 5 is_stmt 1 view .LVU84
 443              	.LBB3:
  34:../Core/Src/telemetry_rx.c **** 
 444              		.loc 1 34 9 view .LVU85
  34:../Core/Src/telemetry_rx.c **** 
 445              		.loc 1 34 26 is_stmt 0 view .LVU86
 446 0016 4FF0FF33 		mov	r3, #-1
 447 001a 4022     		movs	r2, #64
 448 001c 68A9     		add	r1, sp, #416
 449 001e 0C48     		ldr	r0, .L30
 450 0020 0068     		ldr	r0, [r0]
 451 0022 FFF7FEFF 		bl	xStreamBufferReceive
 452              	.LVL35:
 453 0026 0446     		mov	r4, r0
 454              	.LVL36:
  37:../Core/Src/telemetry_rx.c ****             rx_process_byte(bytes_to_process[i], packet_buffer, extracted_packet_buffer, &packet_bu
 455              		.loc 1 37 9 is_stmt 1 view .LVU87
 456              	.LBB4:
  37:../Core/Src/telemetry_rx.c ****             rx_process_byte(bytes_to_process[i], packet_buffer, extracted_packet_buffer, &packet_bu
 457              		.loc 1 37 14 view .LVU88
  37:../Core/Src/telemetry_rx.c ****             rx_process_byte(bytes_to_process[i], packet_buffer, extracted_packet_buffer, &packet_bu
 458              		.loc 1 37 18 is_stmt 0 view .LVU89
 459 0028 0025     		movs	r5, #0
 460              	.LVL37:
 461              	.L26:
  37:../Core/Src/telemetry_rx.c ****             rx_process_byte(bytes_to_process[i], packet_buffer, extracted_packet_buffer, &packet_bu
 462              		.loc 1 37 25 is_stmt 1 discriminator 1 view .LVU90
  37:../Core/Src/telemetry_rx.c ****             rx_process_byte(bytes_to_process[i], packet_buffer, extracted_packet_buffer, &packet_bu
 463              		.loc 1 37 9 is_stmt 0 discriminator 1 view .LVU91
 464 002a A542     		cmp	r5, r4
 465 002c F3DA     		bge	.L28
  38:../Core/Src/telemetry_rx.c ****         }
 466              		.loc 1 38 13 is_stmt 1 discriminator 3 view .LVU92
 467 002e 05F5F073 		add	r3, r5, #480
ARM GAS  /tmp/ccmqBZbX.s 			page 13


 468 0032 0DEB0300 		add	r0, sp, r3
 469 0036 04AB     		add	r3, sp, #16
 470 0038 0093     		str	r3, [sp]
 471 003a 0DF10F03 		add	r3, sp, #15
 472 003e 44AA     		add	r2, sp, #272
 473 0040 56A9     		add	r1, sp, #344
 474 0042 10F8400C 		ldrb	r0, [r0, #-64]	@ zero_extendqisi2
 475 0046 FFF7FEFF 		bl	rx_process_byte
 476              	.LVL38:
  37:../Core/Src/telemetry_rx.c ****             rx_process_byte(bytes_to_process[i], packet_buffer, extracted_packet_buffer, &packet_bu
 477              		.loc 1 37 41 discriminator 3 view .LVU93
  37:../Core/Src/telemetry_rx.c ****             rx_process_byte(bytes_to_process[i], packet_buffer, extracted_packet_buffer, &packet_bu
 478              		.loc 1 37 43 is_stmt 0 discriminator 3 view .LVU94
 479 004a 0135     		adds	r5, r5, #1
 480              	.LVL39:
  37:../Core/Src/telemetry_rx.c ****             rx_process_byte(bytes_to_process[i], packet_buffer, extracted_packet_buffer, &packet_bu
 481              		.loc 1 37 43 discriminator 3 view .LVU95
 482 004c EDE7     		b	.L26
 483              	.L31:
 484 004e 00BF     		.align	2
 485              	.L30:
 486 0050 00000000 		.word	g_telemetry_rx_sb_handle
 487              	.LBE4:
 488              	.LBE3:
 489              		.cfi_endproc
 490              	.LFE246:
 492              		.section	.text.command_run_vane_activation_test,"ax",%progbits
 493              		.align	1
 494              		.global	command_run_vane_activation_test
 495              		.syntax unified
 496              		.thumb
 497              		.thumb_func
 498              		.fpu fpv4-sp-d16
 500              	command_run_vane_activation_test:
 501              	.LFB252:
 137:../Core/Src/telemetry_rx.c **** 
 138:../Core/Src/telemetry_rx.c **** /**
 139:../Core/Src/telemetry_rx.c ****  * @brief Perform the vane activation test command
 140:../Core/Src/telemetry_rx.c ****  */
 141:../Core/Src/telemetry_rx.c **** void command_run_vane_activation_test() {
 502              		.loc 1 141 41 is_stmt 1 view -0
 503              		.cfi_startproc
 504              		@ args = 0, pretend = 0, frame = 0
 505              		@ frame_needed = 0, uses_anonymous_args = 0
 506              		@ link register save eliminated.
 142:../Core/Src/telemetry_rx.c ****     /* Unimplemented */
 143:../Core/Src/telemetry_rx.c **** }...
 507              		.loc 1 143 1 view .LVU97
 508 0000 7047     		bx	lr
 509              		.cfi_endproc
 510              	.LFE252:
 512              		.text
 513              	.Letext0:
 514              		.file 2 "/usr/lib/gcc/arm-none-eabi/10.3.1/include/stdint.h"
 515              		.file 3 "Core/Inc/portmacro.h"
 516              		.file 4 "../Core/FreeRTOS-Kernel/include/task.h"
 517              		.file 5 "Drivers/CMSIS/Device/ST/STM32F4xx/Include/stm32f429xx.h"
ARM GAS  /tmp/ccmqBZbX.s 			page 14


 518              		.file 6 "Drivers/STM32F4xx_HAL_Driver/Inc/stm32f4xx_hal_def.h"
 519              		.file 7 "Drivers/STM32F4xx_HAL_Driver/Inc/stm32f4xx_hal_dma.h"
 520              		.file 8 "Drivers/STM32F4xx_HAL_Driver/Inc/stm32f4xx_hal_uart.h"
 521              		.file 9 "../Core/Include/adc.h"
 522              		.file 10 "Core/Inc/port_config.h"
 523              		.file 11 "../Core/FreeRTOS-Kernel/include/stream_buffer.h"
 524              		.file 12 "../Core/Include/globals.h"
 525              		.file 13 "../Core/Include/packet_encode.h"
 526              		.file 14 "/usr/include/newlib/stdio.h"
 527              		.file 15 "/usr/include/newlib/string.h"
 528              		.file 16 "../Core/Include/telemetry.h"
 529              		.file 17 "<built-in>"
ARM GAS  /tmp/ccmqBZbX.s 			page 15


DEFINED SYMBOLS
                            *ABS*:0000000000000000 telemetry_rx.c
     /tmp/ccmqBZbX.s:18     .rodata.command_idle_to_ground.str1.4:0000000000000000 $d
     /tmp/ccmqBZbX.s:25     .text.command_idle_to_ground:0000000000000000 $t
     /tmp/ccmqBZbX.s:33     .text.command_idle_to_ground:0000000000000000 command_idle_to_ground
     /tmp/ccmqBZbX.s:79     .text.command_idle_to_ground:0000000000000038 $d
     /tmp/ccmqBZbX.s:88     .text.command_fire_pyro:0000000000000000 $t
     /tmp/ccmqBZbX.s:95     .text.command_fire_pyro:0000000000000000 command_fire_pyro
     /tmp/ccmqBZbX.s:108    .text.command_flash_sd_card:0000000000000000 $t
     /tmp/ccmqBZbX.s:115    .text.command_flash_sd_card:0000000000000000 command_flash_sd_card
     /tmp/ccmqBZbX.s:146    .text.command_flash_sd_card:000000000000001c $d
     /tmp/ccmqBZbX.s:151    .text.process_command:0000000000000000 $t
     /tmp/ccmqBZbX.s:158    .text.process_command:0000000000000000 process_command
     /tmp/ccmqBZbX.s:199    .rodata.rx_process_byte.str1.4:0000000000000000 $d
     /tmp/ccmqBZbX.s:206    .text.rx_process_byte:0000000000000000 $t
     /tmp/ccmqBZbX.s:213    .text.rx_process_byte:0000000000000000 rx_process_byte
     /tmp/ccmqBZbX.s:393    .text.rx_process_byte:00000000000000b8 $d
     /tmp/ccmqBZbX.s:400    .text.telemetry_rx_task:0000000000000000 $t
     /tmp/ccmqBZbX.s:407    .text.telemetry_rx_task:0000000000000000 telemetry_rx_task
     /tmp/ccmqBZbX.s:486    .text.telemetry_rx_task:0000000000000050 $d
     /tmp/ccmqBZbX.s:493    .text.command_run_vane_activation_test:0000000000000000 $t
     /tmp/ccmqBZbX.s:500    .text.command_run_vane_activation_test:0000000000000000 command_run_vane_activation_test

UNDEFINED SYMBOLS
HAL_UART_Transmit
xTaskGenericNotify
huart3
huart6
g_state_tx_task_handle
g_state_flash_task_handle
process_incoming_byte
sprintf
strlen
verify_packet
extract_packet
telemetry_send_message
memset
xStreamBufferReceive
g_telemetry_rx_sb_handle
