ARM GAS  /tmp/ccZSaW8W.s 			page 1


   1              		.cpu cortex-m7
   2              		.eabi_attribute 28, 1
   3              		.eabi_attribute 20, 1
   4              		.eabi_attribute 21, 1
   5              		.eabi_attribute 23, 3
   6              		.eabi_attribute 24, 1
   7              		.eabi_attribute 25, 1
   8              		.eabi_attribute 26, 1
   9              		.eabi_attribute 30, 1
  10              		.eabi_attribute 34, 1
  11              		.eabi_attribute 18, 4
  12              		.file	"packet_encode.c"
  13              		.text
  14              	.Ltext0:
  15              		.cfi_sections	.debug_frame
  16              		.section	.text.cobs_encode,"ax",%progbits
  17              		.align	1
  18              		.global	cobs_encode
  19              		.arch armv7e-m
  20              		.syntax unified
  21              		.thumb
  22              		.thumb_func
  23              		.fpu fpv5-d16
  25              	cobs_encode:
  26              	.LVL0:
  27              	.LFB3:
  28              		.file 1 "../Core/Src/packet_encode.c"
   1:../Core/Src/packet_encode.c **** #include <stdint.h>
   2:../Core/Src/packet_encode.c **** #include <stdbool.h>
   3:../Core/Src/packet_encode.c **** #include <stddef.h>
   4:../Core/Src/packet_encode.c **** #include <string.h>
   5:../Core/Src/packet_encode.c **** #include <stdio.h>
   6:../Core/Src/packet_encode.c **** 
   7:../Core/Src/packet_encode.c **** #include "crc_hash.h"
   8:../Core/Src/packet_encode.c **** 
   9:../Core/Src/packet_encode.c **** /**
  10:../Core/Src/packet_encode.c ****  * Iterates through the inputted array and replaces all zeroes.
  11:../Core/Src/packet_encode.c ****  * Note that the first element in this array will be the COBS byte and will always be overwritten.
  12:../Core/Src/packet_encode.c ****  * 
  13:../Core/Src/packet_encode.c ****  * @param data_to_encode    the array of data to encode, including the initial COBS byte (will be m
  14:../Core/Src/packet_encode.c ****  * @param data_size         length of the array (including the first COBS byte)
  15:../Core/Src/packet_encode.c ****  * 
  16:../Core/Src/packet_encode.c ****  * It is guaranteed that the last replaced 0 will point to one after the end of the array
  17:../Core/Src/packet_encode.c ****  * @return the index of the last modified byte.
  18:../Core/Src/packet_encode.c ****  */
  19:../Core/Src/packet_encode.c **** int cobs_encode(uint8_t *data_to_encode, const uint8_t data_size) {
  29              		.loc 1 19 67 view -0
  30              		.cfi_startproc
  31              		@ args = 0, pretend = 0, frame = 0
  32              		@ frame_needed = 0, uses_anonymous_args = 0
  20:../Core/Src/packet_encode.c ****     if (data_size == 0) return 0;
  33              		.loc 1 20 5 view .LVU1
  34              		.loc 1 20 8 is_stmt 0 view .LVU2
  35 0000 29B1     		cbz	r1, .L6
  36 0002 0246     		mov	r2, r0
  37 0004 8C46     		mov	ip, r1
  21:../Core/Src/packet_encode.c ****     int last_stuffed_byte = 0;
ARM GAS  /tmp/ccZSaW8W.s 			page 2


  38              		.loc 1 21 5 is_stmt 1 view .LVU3
  39              	.LVL1:
  22:../Core/Src/packet_encode.c ****     data_to_encode[0] = data_size;
  40              		.loc 1 22 5 view .LVU4
  41              		.loc 1 22 23 is_stmt 0 view .LVU5
  42 0006 0170     		strb	r1, [r0]
  23:../Core/Src/packet_encode.c **** 
  24:../Core/Src/packet_encode.c ****     for (int i = 1; i < data_size; i++) {
  43              		.loc 1 24 5 is_stmt 1 view .LVU6
  44              	.LBB2:
  45              		.loc 1 24 10 view .LVU7
  46              	.LVL2:
  47              		.loc 1 24 14 is_stmt 0 view .LVU8
  48 0008 0123     		movs	r3, #1
  49              	.LBE2:
  21:../Core/Src/packet_encode.c ****     data_to_encode[0] = data_size;
  50              		.loc 1 21 9 view .LVU9
  51 000a 0020     		movs	r0, #0
  52              	.LVL3:
  53              	.LBB3:
  54              		.loc 1 24 5 view .LVU10
  55 000c 04E0     		b	.L8
  56              	.LVL4:
  57              	.L6:
  58              		.loc 1 24 5 view .LVU11
  59              	.LBE3:
  20:../Core/Src/packet_encode.c ****     int last_stuffed_byte = 0;
  60              		.loc 1 20 32 view .LVU12
  61 000e 0020     		movs	r0, #0
  62              	.LVL5:
  20:../Core/Src/packet_encode.c ****     int last_stuffed_byte = 0;
  63              		.loc 1 20 32 view .LVU13
  64 0010 7047     		bx	lr
  65              	.LVL6:
  66              	.L17:
  67              	.LCFI0:
  68              		.cfi_def_cfa_offset 4
  69              		.cfi_offset 14, -4
  25:../Core/Src/packet_encode.c ****         if (data_to_encode[i] == 0x00) { // Add to internal linked list
  26:../Core/Src/packet_encode.c ****             data_to_encode[last_stuffed_byte] = i - last_stuffed_byte;
  27:../Core/Src/packet_encode.c ****             last_stuffed_byte = i;
  28:../Core/Src/packet_encode.c ****             data_to_encode[i] = data_size - i;
  29:../Core/Src/packet_encode.c ****         }
  30:../Core/Src/packet_encode.c ****     }
  31:../Core/Src/packet_encode.c **** 
  32:../Core/Src/packet_encode.c ****     return last_stuffed_byte;
  33:../Core/Src/packet_encode.c **** }
  70              		.loc 1 33 1 view .LVU14
  71 0012 5DF804FB 		ldr	pc, [sp], #4
  72              	.LVL7:
  73              	.L16:
  74              	.LCFI1:
  75              		.cfi_def_cfa_offset 0
  76              		.cfi_restore 14
  77              	.LBB4:
  24:../Core/Src/packet_encode.c ****         if (data_to_encode[i] == 0x00) { // Add to internal linked list
  78              		.loc 1 24 36 is_stmt 1 view .LVU15
ARM GAS  /tmp/ccZSaW8W.s 			page 3


  24:../Core/Src/packet_encode.c ****         if (data_to_encode[i] == 0x00) { // Add to internal linked list
  79              		.loc 1 24 37 is_stmt 0 view .LVU16
  80 0016 0133     		adds	r3, r3, #1
  81              	.LVL8:
  82              	.L8:
  24:../Core/Src/packet_encode.c ****         if (data_to_encode[i] == 0x00) { // Add to internal linked list
  83              		.loc 1 24 21 is_stmt 1 view .LVU17
  24:../Core/Src/packet_encode.c ****         if (data_to_encode[i] == 0x00) { // Add to internal linked list
  84              		.loc 1 24 5 is_stmt 0 view .LVU18
  85 0018 9C45     		cmp	ip, r3
  86 001a 13DD     		ble	.L15
  25:../Core/Src/packet_encode.c ****         if (data_to_encode[i] == 0x00) { // Add to internal linked list
  87              		.loc 1 25 9 is_stmt 1 view .LVU19
  25:../Core/Src/packet_encode.c ****         if (data_to_encode[i] == 0x00) { // Add to internal linked list
  88              		.loc 1 25 27 is_stmt 0 view .LVU20
  89 001c D15C     		ldrb	r1, [r2, r3]	@ zero_extendqisi2
  25:../Core/Src/packet_encode.c ****         if (data_to_encode[i] == 0x00) { // Add to internal linked list
  90              		.loc 1 25 12 view .LVU21
  91 001e 0029     		cmp	r1, #0
  92 0020 F9D1     		bne	.L16
  93              	.LBE4:
  19:../Core/Src/packet_encode.c ****     if (data_size == 0) return 0;
  94              		.loc 1 19 67 view .LVU22
  95 0022 00B5     		push	{lr}
  96              	.LCFI2:
  97              		.cfi_def_cfa_offset 4
  98              		.cfi_offset 14, -4
  99              	.LVL9:
 100              	.L9:
 101              	.LBB5:
  26:../Core/Src/packet_encode.c ****             last_stuffed_byte = i;
 102              		.loc 1 26 13 is_stmt 1 view .LVU23
  26:../Core/Src/packet_encode.c ****             last_stuffed_byte = i;
 103              		.loc 1 26 51 is_stmt 0 view .LVU24
 104 0024 D9B2     		uxtb	r1, r3
 105 0026 A1EB000E 		sub	lr, r1, r0
  26:../Core/Src/packet_encode.c ****             last_stuffed_byte = i;
 106              		.loc 1 26 47 view .LVU25
 107 002a 02F800E0 		strb	lr, [r2, r0]
  27:../Core/Src/packet_encode.c ****             data_to_encode[i] = data_size - i;
 108              		.loc 1 27 13 is_stmt 1 view .LVU26
 109              	.LVL10:
  28:../Core/Src/packet_encode.c ****         }
 110              		.loc 1 28 13 view .LVU27
  28:../Core/Src/packet_encode.c ****         }
 111              		.loc 1 28 43 is_stmt 0 view .LVU28
 112 002e ACEB0101 		sub	r1, ip, r1
  28:../Core/Src/packet_encode.c ****         }
 113              		.loc 1 28 31 view .LVU29
 114 0032 D154     		strb	r1, [r2, r3]
  27:../Core/Src/packet_encode.c ****             data_to_encode[i] = data_size - i;
 115              		.loc 1 27 31 view .LVU30
 116 0034 1846     		mov	r0, r3
 117              	.LVL11:
 118              	.L4:
  24:../Core/Src/packet_encode.c ****         if (data_to_encode[i] == 0x00) { // Add to internal linked list
 119              		.loc 1 24 36 is_stmt 1 discriminator 2 view .LVU31
ARM GAS  /tmp/ccZSaW8W.s 			page 4


  24:../Core/Src/packet_encode.c ****         if (data_to_encode[i] == 0x00) { // Add to internal linked list
 120              		.loc 1 24 37 is_stmt 0 discriminator 2 view .LVU32
 121 0036 0133     		adds	r3, r3, #1
 122              	.LVL12:
  24:../Core/Src/packet_encode.c ****         if (data_to_encode[i] == 0x00) { // Add to internal linked list
 123              		.loc 1 24 21 is_stmt 1 discriminator 2 view .LVU33
  24:../Core/Src/packet_encode.c ****         if (data_to_encode[i] == 0x00) { // Add to internal linked list
 124              		.loc 1 24 5 is_stmt 0 discriminator 2 view .LVU34
 125 0038 9C45     		cmp	ip, r3
 126 003a EADD     		ble	.L17
  25:../Core/Src/packet_encode.c ****             data_to_encode[last_stuffed_byte] = i - last_stuffed_byte;
 127              		.loc 1 25 9 is_stmt 1 view .LVU35
  25:../Core/Src/packet_encode.c ****             data_to_encode[last_stuffed_byte] = i - last_stuffed_byte;
 128              		.loc 1 25 27 is_stmt 0 view .LVU36
 129 003c D15C     		ldrb	r1, [r2, r3]	@ zero_extendqisi2
  25:../Core/Src/packet_encode.c ****             data_to_encode[last_stuffed_byte] = i - last_stuffed_byte;
 130              		.loc 1 25 12 view .LVU37
 131 003e 0029     		cmp	r1, #0
 132 0040 F9D1     		bne	.L4
 133 0042 EFE7     		b	.L9
 134              	.LVL13:
 135              	.L15:
 136              	.LCFI3:
 137              		.cfi_def_cfa_offset 0
 138              		.cfi_restore 14
  25:../Core/Src/packet_encode.c ****             data_to_encode[last_stuffed_byte] = i - last_stuffed_byte;
 139              		.loc 1 25 12 view .LVU38
 140              	.LBE5:
 141              		.loc 1 33 1 view .LVU39
 142 0044 7047     		bx	lr
 143              		.cfi_endproc
 144              	.LFE3:
 146              		.section	.text.generate_packet,"ax",%progbits
 147              		.align	1
 148              		.global	generate_packet
 149              		.syntax unified
 150              		.thumb
 151              		.thumb_func
 152              		.fpu fpv5-d16
 154              	generate_packet:
 155              	.LVL14:
 156              	.LFB4:
  34:../Core/Src/packet_encode.c **** 
  35:../Core/Src/packet_encode.c **** /** 
  36:../Core/Src/packet_encode.c ****  * Takes any raw data (up to 252 bytes), and converts into a packet (complete with byte stuffing an
  37:../Core/Src/packet_encode.c ****  * Packet format: 0x00 [messageID - 1 byte] [COBS] [payload size - 1 byte] [payload] [checksum(CRC-
  38:../Core/Src/packet_encode.c ****  * 
  39:../Core/Src/packet_encode.c ****  * @param rawData           the raw payload data as an array of uint8_t
  40:../Core/Src/packet_encode.c ****  * @param packetizedData    a pointer to a uint8_t array where the generated packet should be store
  41:../Core/Src/packet_encode.c ****  * @param dataSize          the length of the raw data in bytes
  42:../Core/Src/packet_encode.c ****  * @param messageID         a one-byte message id that should be associated with this data (must no
  43:../Core/Src/packet_encode.c ****  * @return                  The length of the packetized data in bytes
  44:../Core/Src/packet_encode.c ****  * 
  45:../Core/Src/packet_encode.c ****  * packetizedData should be at least 5 bytes longer then the rawData.
  46:../Core/Src/packet_encode.c ****  */
  47:../Core/Src/packet_encode.c **** int generate_packet(const uint8_t *rawData, const uint8_t dataSize, uint8_t *packetizedData, const 
 157              		.loc 1 47 119 is_stmt 1 view -0
ARM GAS  /tmp/ccZSaW8W.s 			page 5


 158              		.cfi_startproc
 159              		@ args = 0, pretend = 0, frame = 0
 160              		@ frame_needed = 0, uses_anonymous_args = 0
 161              		.loc 1 47 119 is_stmt 0 view .LVU41
 162 0000 70B5     		push	{r4, r5, r6, lr}
 163              	.LCFI4:
 164              		.cfi_def_cfa_offset 16
 165              		.cfi_offset 4, -16
 166              		.cfi_offset 5, -12
 167              		.cfi_offset 6, -8
 168              		.cfi_offset 14, -4
 169 0002 0D46     		mov	r5, r1
 170 0004 1446     		mov	r4, r2
  48:../Core/Src/packet_encode.c ****     packetizedData[0] = 0x00;                               // Byte 1: 0x00
 171              		.loc 1 48 5 is_stmt 1 view .LVU42
 172              		.loc 1 48 23 is_stmt 0 view .LVU43
 173 0006 0022     		movs	r2, #0
 174              	.LVL15:
 175              		.loc 1 48 23 view .LVU44
 176 0008 2270     		strb	r2, [r4]
  49:../Core/Src/packet_encode.c ****     packetizedData[1] = messageID;                          // Byte 2: message id
 177              		.loc 1 49 5 is_stmt 1 view .LVU45
 178              		.loc 1 49 23 is_stmt 0 view .LVU46
 179 000a 6370     		strb	r3, [r4, #1]
  50:../Core/Src/packet_encode.c ****     packetizedData[3] = dataSize;                           // Byte 4: payload size (skip one for t
 180              		.loc 1 50 5 is_stmt 1 view .LVU47
 181              		.loc 1 50 23 is_stmt 0 view .LVU48
 182 000c E170     		strb	r1, [r4, #3]
  51:../Core/Src/packet_encode.c ****     memcpy(packetizedData+4, rawData, dataSize);            // Copy payload starting at byte 5
 183              		.loc 1 51 5 is_stmt 1 view .LVU49
 184 000e 0A46     		mov	r2, r1
 185 0010 0146     		mov	r1, r0
 186              	.LVL16:
 187              		.loc 1 51 5 is_stmt 0 view .LVU50
 188 0012 201D     		adds	r0, r4, #4
 189              	.LVL17:
 190              		.loc 1 51 5 view .LVU51
 191 0014 FFF7FEFF 		bl	memcpy
 192              	.LVL18:
  52:../Core/Src/packet_encode.c ****     int cobs_overwrite_index = cobs_encode(packetizedData + 2, dataSize + 2);  // Apply COBS encodi
 193              		.loc 1 52 5 is_stmt 1 view .LVU52
 194              		.loc 1 52 32 is_stmt 0 view .LVU53
 195 0018 A91C     		adds	r1, r5, #2
 196 001a C9B2     		uxtb	r1, r1
 197 001c A01C     		adds	r0, r4, #2
 198 001e FFF7FEFF 		bl	cobs_encode
 199              	.LVL19:
 200 0022 0646     		mov	r6, r0
 201              	.LVL20:
  53:../Core/Src/packet_encode.c **** 
  54:../Core/Src/packet_encode.c ****     // Calculate the CRC-8 checksum
  55:../Core/Src/packet_encode.c ****     uint8_t crc = calculate_crc8_hash(packetizedData, dataSize + 4);
 202              		.loc 1 55 5 is_stmt 1 view .LVU54
 203              		.loc 1 55 19 is_stmt 0 view .LVU55
 204 0024 291D     		adds	r1, r5, #4
 205 0026 2046     		mov	r0, r4
 206              	.LVL21:
ARM GAS  /tmp/ccZSaW8W.s 			page 6


 207              		.loc 1 55 19 view .LVU56
 208 0028 FFF7FEFF 		bl	calculate_crc8_hash
 209              	.LVL22:
  56:../Core/Src/packet_encode.c ****                                                    
  57:../Core/Src/packet_encode.c ****     if (crc == 0x00) {                                      // Byte dataSize+4: checksum
 210              		.loc 1 57 5 is_stmt 1 view .LVU57
 211              		.loc 1 57 8 is_stmt 0 view .LVU58
 212 002c 20B9     		cbnz	r0, .L19
  58:../Core/Src/packet_encode.c ****         packetizedData[dataSize + 4] = 1;
 213              		.loc 1 58 9 is_stmt 1 view .LVU59
 214              		.loc 1 58 23 is_stmt 0 view .LVU60
 215 002e 2B1D     		adds	r3, r5, #4
 216              		.loc 1 58 38 view .LVU61
 217 0030 0122     		movs	r2, #1
 218 0032 E254     		strb	r2, [r4, r3]
 219              	.LVL23:
 220              	.L20:
  59:../Core/Src/packet_encode.c ****     } else {
  60:../Core/Src/packet_encode.c ****         packetizedData[dataSize + 4] = crc;
  61:../Core/Src/packet_encode.c ****         packetizedData[cobs_overwrite_index + 2]++; // cobs encoding automatically assumed that crc
  62:../Core/Src/packet_encode.c ****                                                     // incrementing the last jump by one
  63:../Core/Src/packet_encode.c ****     }
  64:../Core/Src/packet_encode.c **** 
  65:../Core/Src/packet_encode.c ****     return dataSize + 5;
 221              		.loc 1 65 5 is_stmt 1 view .LVU62
  66:../Core/Src/packet_encode.c **** }
 222              		.loc 1 66 1 is_stmt 0 view .LVU63
 223 0034 681D     		adds	r0, r5, #5
 224 0036 70BD     		pop	{r4, r5, r6, pc}
 225              	.LVL24:
 226              	.L19:
  60:../Core/Src/packet_encode.c ****         packetizedData[cobs_overwrite_index + 2]++; // cobs encoding automatically assumed that crc
 227              		.loc 1 60 9 is_stmt 1 view .LVU64
  60:../Core/Src/packet_encode.c ****         packetizedData[cobs_overwrite_index + 2]++; // cobs encoding automatically assumed that crc
 228              		.loc 1 60 23 is_stmt 0 view .LVU65
 229 0038 2A1D     		adds	r2, r5, #4
  60:../Core/Src/packet_encode.c ****         packetizedData[cobs_overwrite_index + 2]++; // cobs encoding automatically assumed that crc
 230              		.loc 1 60 38 view .LVU66
 231 003a A054     		strb	r0, [r4, r2]
  61:../Core/Src/packet_encode.c ****                                                     // incrementing the last jump by one
 232              		.loc 1 61 9 is_stmt 1 view .LVU67
  61:../Core/Src/packet_encode.c ****                                                     // incrementing the last jump by one
 233              		.loc 1 61 23 is_stmt 0 view .LVU68
 234 003c B01C     		adds	r0, r6, #2
 235              	.LVL25:
  61:../Core/Src/packet_encode.c ****                                                     // incrementing the last jump by one
 236              		.loc 1 61 23 view .LVU69
 237 003e 235C     		ldrb	r3, [r4, r0]	@ zero_extendqisi2
  61:../Core/Src/packet_encode.c ****                                                     // incrementing the last jump by one
 238              		.loc 1 61 49 view .LVU70
 239 0040 0133     		adds	r3, r3, #1
 240 0042 2354     		strb	r3, [r4, r0]
 241              	.LVL26:
  61:../Core/Src/packet_encode.c ****                                                     // incrementing the last jump by one
 242              		.loc 1 61 49 view .LVU71
 243 0044 F6E7     		b	.L20
 244              		.cfi_endproc
ARM GAS  /tmp/ccZSaW8W.s 			page 7


 245              	.LFE4:
 247              		.section	.text.verify_packet,"ax",%progbits
 248              		.align	1
 249              		.global	verify_packet
 250              		.syntax unified
 251              		.thumb
 252              		.thumb_func
 253              		.fpu fpv5-d16
 255              	verify_packet:
 256              	.LVL27:
 257              	.LFB5:
  67:../Core/Src/packet_encode.c **** 
  68:../Core/Src/packet_encode.c **** 
  69:../Core/Src/packet_encode.c **** /** 
  70:../Core/Src/packet_encode.c ****  * Returns true if the crc hash for this packet matches the data. The five overhead bytes should be
  71:../Core/Src/packet_encode.c ****  * This method may modify the final byte in the packet (the crc hash)
  72:../Core/Src/packet_encode.c ****  * 
  73:../Core/Src/packet_encode.c ****  * @param rawData   the packet to verify
  74:../Core/Src/packet_encode.c ****  * @param dataSize  the size of the packet (including the five overhead bytes)
  75:../Core/Src/packet_encode.c ****  * 
  76:../Core/Src/packet_encode.c ****  * @return true if the packet could be verified, and false otherwise
  77:../Core/Src/packet_encode.c ****  * 
  78:../Core/Src/packet_encode.c ****  * THE LEADING 0 BYTE SHOULD BE INCLUDED IN THE DATA
  79:../Core/Src/packet_encode.c ****  */
  80:../Core/Src/packet_encode.c **** bool verify_packet(uint8_t *rawData, const size_t dataSize) {
 258              		.loc 1 80 61 is_stmt 1 view -0
 259              		.cfi_startproc
 260              		@ args = 0, pretend = 0, frame = 0
 261              		@ frame_needed = 0, uses_anonymous_args = 0
  81:../Core/Src/packet_encode.c ****     if (dataSize < 5) return false;
 262              		.loc 1 81 5 view .LVU73
 263              		.loc 1 81 8 is_stmt 0 view .LVU74
 264 0000 0429     		cmp	r1, #4
 265 0002 1AD9     		bls	.L29
  80:../Core/Src/packet_encode.c ****     if (dataSize < 5) return false;
 266              		.loc 1 80 61 view .LVU75
 267 0004 08B5     		push	{r3, lr}
 268              	.LCFI5:
 269              		.cfi_def_cfa_offset 8
 270              		.cfi_offset 3, -8
 271              		.cfi_offset 14, -4
  82:../Core/Src/packet_encode.c ****     // First either de-stuff the crc_hash byte if needed or move back the last cobs pointer
  83:../Core/Src/packet_encode.c **** 
  84:../Core/Src/packet_encode.c ****     if (rawData[0] != 0) return false; // Leading byte was not 0.
 272              		.loc 1 84 5 is_stmt 1 view .LVU76
 273              		.loc 1 84 16 is_stmt 0 view .LVU77
 274 0006 0378     		ldrb	r3, [r0]	@ zero_extendqisi2
 275              		.loc 1 84 8 view .LVU78
 276 0008 CBB9     		cbnz	r3, .L30
  85:../Core/Src/packet_encode.c ****     
  86:../Core/Src/packet_encode.c ****     int next_cobs_byte = 2;
 277              		.loc 1 86 9 view .LVU79
 278 000a 0223     		movs	r3, #2
 279              	.L24:
 280              	.LVL28:
  87:../Core/Src/packet_encode.c ****     while (next_cobs_byte < dataSize) {
 281              		.loc 1 87 11 is_stmt 1 view .LVU80
ARM GAS  /tmp/ccZSaW8W.s 			page 8


 282 000c 8B42     		cmp	r3, r1
 283 000e 11D2     		bcs	.L26
 284              	.LBB6:
  88:../Core/Src/packet_encode.c ****         int increment = rawData[next_cobs_byte];
 285              		.loc 1 88 9 view .LVU81
 286              		.loc 1 88 32 is_stmt 0 view .LVU82
 287 0010 00EB030E 		add	lr, r0, r3
 288 0014 C25C     		ldrb	r2, [r0, r3]	@ zero_extendqisi2
 289              	.LVL29:
  89:../Core/Src/packet_encode.c ****         if (increment == 0) return false; // Avoid infinite loops
 290              		.loc 1 89 9 is_stmt 1 view .LVU83
 291              		.loc 1 89 12 is_stmt 0 view .LVU84
 292 0016 A2B1     		cbz	r2, .L31
  90:../Core/Src/packet_encode.c ****         else if (next_cobs_byte + increment == dataSize - 1) {
 293              		.loc 1 90 14 is_stmt 1 view .LVU85
 294              		.loc 1 90 33 is_stmt 0 view .LVU86
 295 0018 1344     		add	r3, r3, r2
 296              	.LVL30:
 297              		.loc 1 90 57 view .LVU87
 298 001a 01F1FF3C 		add	ip, r1, #-1
 299              		.loc 1 90 17 view .LVU88
 300 001e 6345     		cmp	r3, ip
 301 0020 05D0     		beq	.L36
  91:../Core/Src/packet_encode.c ****             rawData[dataSize-1] = 0;
  92:../Core/Src/packet_encode.c ****             break;
  93:../Core/Src/packet_encode.c ****         } else if (next_cobs_byte + increment >= dataSize) {
 302              		.loc 1 93 16 is_stmt 1 view .LVU89
 303              		.loc 1 93 19 is_stmt 0 view .LVU90
 304 0022 8B42     		cmp	r3, r1
 305 0024 F2D3     		bcc	.L24
  94:../Core/Src/packet_encode.c ****             rawData[next_cobs_byte]--;
 306              		.loc 1 94 13 is_stmt 1 view .LVU91
 307              		.loc 1 94 36 is_stmt 0 view .LVU92
 308 0026 013A     		subs	r2, r2, #1
 309              	.LVL31:
 310              		.loc 1 94 36 view .LVU93
 311 0028 8EF80020 		strb	r2, [lr]
 312 002c EEE7     		b	.L24
 313              	.LVL32:
 314              	.L36:
  91:../Core/Src/packet_encode.c ****             rawData[dataSize-1] = 0;
 315              		.loc 1 91 13 is_stmt 1 view .LVU94
  91:../Core/Src/packet_encode.c ****             rawData[dataSize-1] = 0;
 316              		.loc 1 91 33 is_stmt 0 view .LVU95
 317 002e 0023     		movs	r3, #0
 318 0030 00F80C30 		strb	r3, [r0, ip]
  92:../Core/Src/packet_encode.c ****         } else if (next_cobs_byte + increment >= dataSize) {
 319              		.loc 1 92 13 is_stmt 1 view .LVU96
 320              	.LVL33:
 321              	.L26:
  92:../Core/Src/packet_encode.c ****         } else if (next_cobs_byte + increment >= dataSize) {
 322              		.loc 1 92 13 is_stmt 0 view .LVU97
 323              	.LBE6:
  95:../Core/Src/packet_encode.c ****         }
  96:../Core/Src/packet_encode.c **** 
  97:../Core/Src/packet_encode.c ****         next_cobs_byte += increment;
  98:../Core/Src/packet_encode.c ****     } 
ARM GAS  /tmp/ccZSaW8W.s 			page 9


  99:../Core/Src/packet_encode.c **** 
 100:../Core/Src/packet_encode.c ****     return verify_crc8_hash(rawData, dataSize);
 324              		.loc 1 100 5 is_stmt 1 view .LVU98
 325              		.loc 1 100 12 is_stmt 0 view .LVU99
 326 0034 FFF7FEFF 		bl	verify_crc8_hash
 327              	.LVL34:
 328              	.L23:
 101:../Core/Src/packet_encode.c **** }
 329              		.loc 1 101 1 view .LVU100
 330 0038 08BD     		pop	{r3, pc}
 331              	.LVL35:
 332              	.L29:
 333              	.LCFI6:
 334              		.cfi_def_cfa_offset 0
 335              		.cfi_restore 3
 336              		.cfi_restore 14
  81:../Core/Src/packet_encode.c ****     // First either de-stuff the crc_hash byte if needed or move back the last cobs pointer
 337              		.loc 1 81 30 view .LVU101
 338 003a 0020     		movs	r0, #0
 339              	.LVL36:
 340              		.loc 1 101 1 view .LVU102
 341 003c 7047     		bx	lr
 342              	.LVL37:
 343              	.L30:
 344              	.LCFI7:
 345              		.cfi_def_cfa_offset 8
 346              		.cfi_offset 3, -8
 347              		.cfi_offset 14, -4
  84:../Core/Src/packet_encode.c ****     
 348              		.loc 1 84 33 view .LVU103
 349 003e 0020     		movs	r0, #0
 350              	.LVL38:
  84:../Core/Src/packet_encode.c ****     
 351              		.loc 1 84 33 view .LVU104
 352 0040 FAE7     		b	.L23
 353              	.LVL39:
 354              	.L31:
 355              	.LBB7:
  89:../Core/Src/packet_encode.c ****         else if (next_cobs_byte + increment == dataSize - 1) {
 356              		.loc 1 89 36 view .LVU105
 357 0042 0020     		movs	r0, #0
 358              	.LVL40:
  89:../Core/Src/packet_encode.c ****         else if (next_cobs_byte + increment == dataSize - 1) {
 359              		.loc 1 89 36 view .LVU106
 360 0044 F8E7     		b	.L23
 361              	.LBE7:
 362              		.cfi_endproc
 363              	.LFE5:
 365              		.section	.text.extract_packet,"ax",%progbits
 366              		.align	1
 367              		.global	extract_packet
 368              		.syntax unified
 369              		.thumb
 370              		.thumb_func
 371              		.fpu fpv5-d16
 373              	extract_packet:
 374              	.LVL41:
ARM GAS  /tmp/ccZSaW8W.s 			page 10


 375              	.LFB6:
 102:../Core/Src/packet_encode.c **** 
 103:../Core/Src/packet_encode.c **** /** Extracts the stored data from a packet and copies it to the extractedData location 
 104:../Core/Src/packet_encode.c ****  * 
 105:../Core/Src/packet_encode.c ****  * This method assumes that the packet was verified. Please use verify_packet first.
 106:../Core/Src/packet_encode.c ****  * 
 107:../Core/Src/packet_encode.c ****  * @param rawData   the packet to extract
 108:../Core/Src/packet_encode.c ****  * @param dataSize  the size of the packet (including the 5 overhead bytes)
 109:../Core/Src/packet_encode.c ****  * @param extractedData the buffer where the extracted data should be stored
 110:../Core/Src/packet_encode.c ****  * 
 111:../Core/Src/packet_encode.c ****  * This method will store exactly dataSize-5 bytes in the extractedData buffer
 112:../Core/Src/packet_encode.c ****  * 
 113:../Core/Src/packet_encode.c ****  * @return      the message id, or 0 if the message was corrupted
 114:../Core/Src/packet_encode.c ****  */
 115:../Core/Src/packet_encode.c **** uint8_t extract_packet(uint8_t *rawData, const size_t dataSize, uint8_t *extractedData) {
 376              		.loc 1 115 89 is_stmt 1 view -0
 377              		.cfi_startproc
 378              		@ args = 0, pretend = 0, frame = 0
 379              		@ frame_needed = 0, uses_anonymous_args = 0
 380              		.loc 1 115 89 is_stmt 0 view .LVU108
 381 0000 38B5     		push	{r3, r4, r5, lr}
 382              	.LCFI8:
 383              		.cfi_def_cfa_offset 16
 384              		.cfi_offset 3, -16
 385              		.cfi_offset 4, -12
 386              		.cfi_offset 5, -8
 387              		.cfi_offset 14, -4
 116:../Core/Src/packet_encode.c ****     if (dataSize < 5) return 0;
 388              		.loc 1 116 5 is_stmt 1 view .LVU109
 389              		.loc 1 116 8 is_stmt 0 view .LVU110
 390 0002 0429     		cmp	r1, #4
 391 0004 1AD9     		bls	.L41
 392 0006 8446     		mov	ip, r0
 393 0008 1046     		mov	r0, r2
 394              	.LVL42:
 117:../Core/Src/packet_encode.c **** 
 118:../Core/Src/packet_encode.c ****     uint8_t message_id = rawData[1];
 395              		.loc 1 118 5 is_stmt 1 view .LVU111
 396              		.loc 1 118 13 is_stmt 0 view .LVU112
 397 000a 9CF80150 		ldrb	r5, [ip, #1]	@ zero_extendqisi2
 398              	.LVL43:
 119:../Core/Src/packet_encode.c **** 
 120:../Core/Src/packet_encode.c ****     if (message_id == 0) return 0;
 399              		.loc 1 120 5 is_stmt 1 view .LVU113
 400              		.loc 1 120 8 is_stmt 0 view .LVU114
 401 000e B5B1     		cbz	r5, .L38
 121:../Core/Src/packet_encode.c **** 
 122:../Core/Src/packet_encode.c ****     // First de-stuff the packet
 123:../Core/Src/packet_encode.c ****     int next_cobs_byte = 2;
 402              		.loc 1 123 9 view .LVU115
 403 0010 0223     		movs	r3, #2
 404 0012 04E0     		b	.L39
 405              	.LVL44:
 406              	.L45:
 407              	.LBB8:
 124:../Core/Src/packet_encode.c ****     while (next_cobs_byte < dataSize - 1) {
 125:../Core/Src/packet_encode.c ****         int increment = rawData[next_cobs_byte];
ARM GAS  /tmp/ccZSaW8W.s 			page 11


 126:../Core/Src/packet_encode.c ****         if (increment == 0) return 0;
 127:../Core/Src/packet_encode.c ****         rawData[next_cobs_byte] = 0;
 408              		.loc 1 127 9 is_stmt 1 view .LVU116
 409              		.loc 1 127 33 is_stmt 0 view .LVU117
 410 0014 4FF0000E 		mov	lr, #0
 411 0018 0CF803E0 		strb	lr, [ip, r3]
 128:../Core/Src/packet_encode.c **** 
 129:../Core/Src/packet_encode.c ****         next_cobs_byte += increment;
 412              		.loc 1 129 9 is_stmt 1 view .LVU118
 413              		.loc 1 129 24 is_stmt 0 view .LVU119
 414 001c 2344     		add	r3, r3, r4
 415              	.LVL45:
 416              	.L39:
 417              		.loc 1 129 24 view .LVU120
 418              	.LBE8:
 124:../Core/Src/packet_encode.c ****     while (next_cobs_byte < dataSize - 1) {
 419              		.loc 1 124 11 is_stmt 1 view .LVU121
 124:../Core/Src/packet_encode.c ****     while (next_cobs_byte < dataSize - 1) {
 420              		.loc 1 124 38 is_stmt 0 view .LVU122
 421 001e 4C1E     		subs	r4, r1, #1
 124:../Core/Src/packet_encode.c ****     while (next_cobs_byte < dataSize - 1) {
 422              		.loc 1 124 11 view .LVU123
 423 0020 9C42     		cmp	r4, r3
 424 0022 05D9     		bls	.L44
 425              	.LBB9:
 125:../Core/Src/packet_encode.c ****         if (increment == 0) return 0;
 426              		.loc 1 125 9 is_stmt 1 view .LVU124
 125:../Core/Src/packet_encode.c ****         if (increment == 0) return 0;
 427              		.loc 1 125 32 is_stmt 0 view .LVU125
 428 0024 1CF80340 		ldrb	r4, [ip, r3]	@ zero_extendqisi2
 429              	.LVL46:
 126:../Core/Src/packet_encode.c ****         rawData[next_cobs_byte] = 0;
 430              		.loc 1 126 9 is_stmt 1 view .LVU126
 126:../Core/Src/packet_encode.c ****         rawData[next_cobs_byte] = 0;
 431              		.loc 1 126 12 is_stmt 0 view .LVU127
 432 0028 002C     		cmp	r4, #0
 433 002a F3D1     		bne	.L45
 126:../Core/Src/packet_encode.c ****         rawData[next_cobs_byte] = 0;
 434              		.loc 1 126 36 view .LVU128
 435 002c 0025     		movs	r5, #0
 436              	.LVL47:
 126:../Core/Src/packet_encode.c ****         rawData[next_cobs_byte] = 0;
 437              		.loc 1 126 36 view .LVU129
 438 002e 06E0     		b	.L38
 439              	.LVL48:
 440              	.L44:
 126:../Core/Src/packet_encode.c ****         rawData[next_cobs_byte] = 0;
 441              		.loc 1 126 36 view .LVU130
 442              	.LBE9:
 130:../Core/Src/packet_encode.c ****     }  
 131:../Core/Src/packet_encode.c **** 
 132:../Core/Src/packet_encode.c ****     memcpy(extractedData, rawData + 4, dataSize - 5);
 443              		.loc 1 132 5 is_stmt 1 view .LVU131
 444 0030 4A1F     		subs	r2, r1, #5
 445              	.LVL49:
 446              		.loc 1 132 5 is_stmt 0 view .LVU132
 447 0032 0CF10401 		add	r1, ip, #4
ARM GAS  /tmp/ccZSaW8W.s 			page 12


 448              	.LVL50:
 449              		.loc 1 132 5 view .LVU133
 450 0036 FFF7FEFF 		bl	memcpy
 451              	.LVL51:
 133:../Core/Src/packet_encode.c **** 
 134:../Core/Src/packet_encode.c ****     return message_id;
 452              		.loc 1 134 5 is_stmt 1 view .LVU134
 453              		.loc 1 134 12 is_stmt 0 view .LVU135
 454 003a 00E0     		b	.L38
 455              	.LVL52:
 456              	.L41:
 116:../Core/Src/packet_encode.c **** 
 457              		.loc 1 116 30 view .LVU136
 458 003c 0025     		movs	r5, #0
 459              	.LVL53:
 460              	.L38:
 135:../Core/Src/packet_encode.c **** }
 461              		.loc 1 135 1 view .LVU137
 462 003e 2846     		mov	r0, r5
 463 0040 38BD     		pop	{r3, r4, r5, pc}
 464              		.cfi_endproc
 465              	.LFE6:
 467              		.section	.text.process_incoming_byte,"ax",%progbits
 468              		.align	1
 469              		.global	process_incoming_byte
 470              		.syntax unified
 471              		.thumb
 472              		.thumb_func
 473              		.fpu fpv5-d16
 475              	process_incoming_byte:
 476              	.LVL54:
 477              	.LFB7:
 136:../Core/Src/packet_encode.c **** 
 137:../Core/Src/packet_encode.c **** int process_incoming_byte(const uint8_t inputted_byte, uint8_t *buffer, const int current_buffer_si
 478              		.loc 1 137 104 is_stmt 1 view -0
 479              		.cfi_startproc
 480              		@ args = 0, pretend = 0, frame = 0
 481              		@ frame_needed = 0, uses_anonymous_args = 0
 482              		@ link register save eliminated.
 138:../Core/Src/packet_encode.c ****     if (inputted_byte == 0) { // New message started
 483              		.loc 1 138 5 view .LVU139
 484              		.loc 1 138 8 is_stmt 0 view .LVU140
 485 0000 68B1     		cbz	r0, .L53
 139:../Core/Src/packet_encode.c ****         buffer[0] = 0;
 140:../Core/Src/packet_encode.c ****         return 1;
 141:../Core/Src/packet_encode.c ****     }
 142:../Core/Src/packet_encode.c **** 
 143:../Core/Src/packet_encode.c ****     if (current_buffer_size == 0)  // No currently active message
 486              		.loc 1 143 5 is_stmt 1 view .LVU141
 487              		.loc 1 143 8 is_stmt 0 view .LVU142
 488 0002 A2B1     		cbz	r2, .L51
 144:../Core/Src/packet_encode.c ****         return 0;
 145:../Core/Src/packet_encode.c ****     
 146:../Core/Src/packet_encode.c **** 
 147:../Core/Src/packet_encode.c ****     buffer[current_buffer_size] = inputted_byte;
 489              		.loc 1 147 5 is_stmt 1 view .LVU143
 490              		.loc 1 147 33 is_stmt 0 view .LVU144
ARM GAS  /tmp/ccZSaW8W.s 			page 13


 491 0004 8854     		strb	r0, [r1, r2]
 148:../Core/Src/packet_encode.c **** 
 149:../Core/Src/packet_encode.c ****     if (current_buffer_size >= 3) { // We know the size
 492              		.loc 1 149 5 is_stmt 1 view .LVU145
 493              		.loc 1 149 8 is_stmt 0 view .LVU146
 494 0006 022A     		cmp	r2, #2
 495 0008 07DD     		ble	.L49
 496              	.LBB10:
 150:../Core/Src/packet_encode.c ****         int msg_size = (buffer[2] == 1)?5:(buffer[3] + 5);
 497              		.loc 1 150 9 is_stmt 1 view .LVU147
 498              		.loc 1 150 31 is_stmt 0 view .LVU148
 499 000a 8B78     		ldrb	r3, [r1, #2]	@ zero_extendqisi2
 500              		.loc 1 150 42 view .LVU149
 501 000c 012B     		cmp	r3, #1
 502 000e 0AD0     		beq	.L52
 503              		.loc 1 150 50 discriminator 1 view .LVU150
 504 0010 C878     		ldrb	r0, [r1, #3]	@ zero_extendqisi2
 505              	.LVL55:
 506              		.loc 1 150 42 discriminator 1 view .LVU151
 507 0012 0530     		adds	r0, r0, #5
 508              	.L50:
 509              	.LVL56:
 151:../Core/Src/packet_encode.c ****         if (current_buffer_size + 1 >= msg_size) {
 510              		.loc 1 151 9 is_stmt 1 discriminator 4 view .LVU152
 511              		.loc 1 151 33 is_stmt 0 discriminator 4 view .LVU153
 512 0014 531C     		adds	r3, r2, #1
 513              		.loc 1 151 12 discriminator 4 view .LVU154
 514 0016 8342     		cmp	r3, r0
 515 0018 07DA     		bge	.L54
 516              	.LVL57:
 517              	.L49:
 518              		.loc 1 151 12 discriminator 4 view .LVU155
 519              	.LBE10:
 152:../Core/Src/packet_encode.c ****             return -msg_size;
 153:../Core/Src/packet_encode.c ****         }
 154:../Core/Src/packet_encode.c ****     }
 155:../Core/Src/packet_encode.c ****     
 156:../Core/Src/packet_encode.c ****     return current_buffer_size + 1;
 520              		.loc 1 156 5 is_stmt 1 view .LVU156
 521              		.loc 1 156 32 is_stmt 0 view .LVU157
 522 001a 501C     		adds	r0, r2, #1
 523 001c 7047     		bx	lr
 524              	.LVL58:
 525              	.L53:
 139:../Core/Src/packet_encode.c ****         return 1;
 526              		.loc 1 139 9 is_stmt 1 view .LVU158
 139:../Core/Src/packet_encode.c ****         return 1;
 527              		.loc 1 139 19 is_stmt 0 view .LVU159
 528 001e 0023     		movs	r3, #0
 529 0020 0B70     		strb	r3, [r1]
 140:../Core/Src/packet_encode.c ****     }
 530              		.loc 1 140 9 is_stmt 1 view .LVU160
 140:../Core/Src/packet_encode.c ****     }
 531              		.loc 1 140 16 is_stmt 0 view .LVU161
 532 0022 0120     		movs	r0, #1
 533              	.LVL59:
 140:../Core/Src/packet_encode.c ****     }
ARM GAS  /tmp/ccZSaW8W.s 			page 14


 534              		.loc 1 140 16 view .LVU162
 535 0024 7047     		bx	lr
 536              	.LVL60:
 537              	.L52:
 538              	.LBB11:
 150:../Core/Src/packet_encode.c ****         if (current_buffer_size + 1 >= msg_size) {
 539              		.loc 1 150 42 view .LVU163
 540 0026 0520     		movs	r0, #5
 541              	.LVL61:
 150:../Core/Src/packet_encode.c ****         if (current_buffer_size + 1 >= msg_size) {
 542              		.loc 1 150 42 view .LVU164
 543 0028 F4E7     		b	.L50
 544              	.LVL62:
 545              	.L54:
 152:../Core/Src/packet_encode.c ****         }
 546              		.loc 1 152 13 is_stmt 1 view .LVU165
 152:../Core/Src/packet_encode.c ****         }
 547              		.loc 1 152 20 is_stmt 0 view .LVU166
 548 002a 4042     		rsbs	r0, r0, #0
 549              	.LVL63:
 152:../Core/Src/packet_encode.c ****         }
 550              		.loc 1 152 20 view .LVU167
 551 002c 7047     		bx	lr
 552              	.LVL64:
 553              	.L51:
 152:../Core/Src/packet_encode.c ****         }
 554              		.loc 1 152 20 view .LVU168
 555              	.LBE11:
 144:../Core/Src/packet_encode.c ****     
 556              		.loc 1 144 16 view .LVU169
 557 002e 1046     		mov	r0, r2
 558              	.LVL65:
 157:../Core/Src/packet_encode.c **** }...
 559              		.loc 1 157 1 view .LVU170
 560 0030 7047     		bx	lr
 561              		.cfi_endproc
 562              	.LFE7:
 564              		.text
 565              	.Letext0:
 566              		.file 2 "/usr/lib/gcc/arm-none-eabi/10.3.1/include/stdint.h"
 567              		.file 3 "/usr/lib/gcc/arm-none-eabi/10.3.1/include/stddef.h"
 568              		.file 4 "../Core/Include/crc_hash.h"
 569              		.file 5 "<built-in>"
ARM GAS  /tmp/ccZSaW8W.s 			page 15


DEFINED SYMBOLS
                            *ABS*:0000000000000000 packet_encode.c
     /tmp/ccZSaW8W.s:17     .text.cobs_encode:0000000000000000 $t
     /tmp/ccZSaW8W.s:25     .text.cobs_encode:0000000000000000 cobs_encode
     /tmp/ccZSaW8W.s:147    .text.generate_packet:0000000000000000 $t
     /tmp/ccZSaW8W.s:154    .text.generate_packet:0000000000000000 generate_packet
     /tmp/ccZSaW8W.s:248    .text.verify_packet:0000000000000000 $t
     /tmp/ccZSaW8W.s:255    .text.verify_packet:0000000000000000 verify_packet
     /tmp/ccZSaW8W.s:366    .text.extract_packet:0000000000000000 $t
     /tmp/ccZSaW8W.s:373    .text.extract_packet:0000000000000000 extract_packet
     /tmp/ccZSaW8W.s:468    .text.process_incoming_byte:0000000000000000 $t
     /tmp/ccZSaW8W.s:475    .text.process_incoming_byte:0000000000000000 process_incoming_byte

UNDEFINED SYMBOLS
memcpy
calculate_crc8_hash
verify_crc8_hash
