ARM GAS  /tmp/ccJL7WIV.s 			page 1


   1              		.cpu cortex-m7
   2              		.eabi_attribute 28, 1
   3              		.eabi_attribute 20, 1
   4              		.eabi_attribute 21, 1
   5              		.eabi_attribute 23, 3
   6              		.eabi_attribute 24, 1
   7              		.eabi_attribute 25, 1
   8              		.eabi_attribute 26, 1
   9              		.eabi_attribute 30, 1
  10              		.eabi_attribute 34, 1
  11              		.eabi_attribute 18, 4
  12              		.file	"port_layer.c"
  13              		.text
  14              	.Ltext0:
  15              		.cfi_sections	.debug_frame
  16              		.section	.rodata.port_init.str1.4,"aMS",%progbits,1
  17              		.align	2
  18              	.LC0:
  19 0000 666C6173 		.ascii	"flash_task\000"
  19      685F7461 
  19      736B00
  20 000b 00       		.align	2
  21              	.LC1:
  22 000c 74656C65 		.ascii	"telemetry_tx_task\000"
  22      6D657472 
  22      795F7478 
  22      5F746173 
  22      6B00
  23 001e 0000     		.align	2
  24              	.LC2:
  25 0020 74656C65 		.ascii	"telemetry_rx_task\000"
  25      6D657472 
  25      795F7278 
  25      5F746173 
  25      6B00
  26 0032 0000     		.align	2
  27              	.LC3:
  28 0034 73746174 		.ascii	"state_rx_task\000"
  28      655F7278 
  28      5F746173 
  28      6B00
  29 0042 0000     		.align	2
  30              	.LC4:
  31 0044 74657374 		.ascii	"test_task\000"
  31      5F746173 
  31      6B00
  32 004e 0000     		.align	2
  33              	.LC5:
  34 0050 496E6974 		.ascii	"Init ok\015\012\000"
  34      206F6B0D 
  34      0A00
  35              		.section	.text.port_init,"ax",%progbits
  36              		.align	1
  37              		.global	port_init
  38              		.arch armv7e-m
  39              		.syntax unified
  40              		.thumb
ARM GAS  /tmp/ccJL7WIV.s 			page 2


  41              		.thumb_func
  42              		.fpu fpv5-d16
  44              	port_init:
  45              	.LFB148:
  46              		.file 1 "../Core/Src/port_layer.c"
   1:../Core/Src/port_layer.c **** #include "port_layer.h"
   2:../Core/Src/port_layer.c **** 
   3:../Core/Src/port_layer.c **** TaskHandle_t g_test_task_handle;
   4:../Core/Src/port_layer.c **** StackType_t test_task_stack[8192];
   5:../Core/Src/port_layer.c **** StaticTask_t test_task_buff;
   6:../Core/Src/port_layer.c **** 
   7:../Core/Src/port_layer.c **** TaskHandle_t g_sdio_task_handle;
   8:../Core/Src/port_layer.c **** StackType_t sdio_task_stack[4096];
   9:../Core/Src/port_layer.c **** StaticTask_t sdio_task_buff;
  10:../Core/Src/port_layer.c **** 
  11:../Core/Src/port_layer.c **** TaskHandle_t g_telemetry_tx_task_handle;
  12:../Core/Src/port_layer.c **** StackType_t telemetry_tx_task_stack[4096];
  13:../Core/Src/port_layer.c **** StaticTask_t telemetry_tx_task_buff;
  14:../Core/Src/port_layer.c **** 
  15:../Core/Src/port_layer.c **** TaskHandle_t g_telemetry_rx_task_handle;
  16:../Core/Src/port_layer.c **** StackType_t telemetry_rx_task_stack[4096];
  17:../Core/Src/port_layer.c **** StaticTask_t telemetry_rx_task_buff;
  18:../Core/Src/port_layer.c **** 
  19:../Core/Src/port_layer.c **** TaskHandle_t g_state_rx_task_handle;
  20:../Core/Src/port_layer.c **** StackType_t state_rx_task_stack[4096];
  21:../Core/Src/port_layer.c **** StaticTask_t state_rx_task_buff;
  22:../Core/Src/port_layer.c **** 
  23:../Core/Src/port_layer.c **** SemaphoreHandle_t g_state_mutex_handle;
  24:../Core/Src/port_layer.c **** StaticSemaphore_t state_mutex_buff;
  25:../Core/Src/port_layer.c **** 
  26:../Core/Src/port_layer.c **** StreamBufferHandle_t g_telemetry_rx_sb_handle;
  27:../Core/Src/port_layer.c **** uint8_t telemetry_rx_sb_storage[16 + 1];
  28:../Core/Src/port_layer.c **** StaticStreamBuffer_t telemetry_rx_sb_buff;
  29:../Core/Src/port_layer.c **** 
  30:../Core/Src/port_layer.c **** MessageBufferHandle_t g_telemetry_tx_mb_handle;
  31:../Core/Src/port_layer.c **** uint8_t telemetry_tx_mb_storage[TX_MESSAGE_BUFFER_SIZE];
  32:../Core/Src/port_layer.c **** StaticMessageBuffer_t telemetry_tx_mb_buff;
  33:../Core/Src/port_layer.c **** 
  34:../Core/Src/port_layer.c **** StreamBufferHandle_t g_state_rx_sb_handle;
  35:../Core/Src/port_layer.c **** uint8_t state_rx_sb_storage[STATE_STRUCT_SIZE * 2 + 1];
  36:../Core/Src/port_layer.c **** StaticMessageBuffer_t state_rx_sb_buff;
  37:../Core/Src/port_layer.c **** 
  38:../Core/Src/port_layer.c **** MessageBufferHandle_t g_sdio_mb_handle;
  39:../Core/Src/port_layer.c **** uint8_t sdio_mb_storage[256];
  40:../Core/Src/port_layer.c **** StaticMessageBuffer_t sdio_mb_buff;
  41:../Core/Src/port_layer.c **** 
  42:../Core/Src/port_layer.c **** uint8_t telemetry_uart_rx_buf[UART2_RX_BUFFER_SIZE];
  43:../Core/Src/port_layer.c **** uint8_t state_uart_rx_buf[UART3_RX_BUFFER_SIZE];
  44:../Core/Src/port_layer.c **** 
  45:../Core/Src/port_layer.c **** int port_init(void) {
  47              		.loc 1 45 21 view -0
  48              		.cfi_startproc
  49              		@ args = 0, pretend = 0, frame = 0
  50              		@ frame_needed = 0, uses_anonymous_args = 0
  51 0000 10B5     		push	{r4, lr}
  52              	.LCFI0:
  53              		.cfi_def_cfa_offset 8
ARM GAS  /tmp/ccJL7WIV.s 			page 3


  54              		.cfi_offset 4, -8
  55              		.cfi_offset 14, -4
  56 0002 84B0     		sub	sp, sp, #16
  57              	.LCFI1:
  58              		.cfi_def_cfa_offset 24
  46:../Core/Src/port_layer.c ****     /* Create mutexes */
  47:../Core/Src/port_layer.c ****     g_state_mutex_handle = xSemaphoreCreateMutexStatic(&state_mutex_buff);
  59              		.loc 1 47 5 view .LVU1
  60              		.loc 1 47 28 is_stmt 0 view .LVU2
  61 0004 5E49     		ldr	r1, .L16
  62 0006 0120     		movs	r0, #1
  63 0008 FFF7FEFF 		bl	xQueueCreateMutexStatic
  64              	.LVL0:
  65              		.loc 1 47 26 view .LVU3
  66 000c 5D4B     		ldr	r3, .L16+4
  67 000e 1860     		str	r0, [r3]
  48:../Core/Src/port_layer.c **** 
  49:../Core/Src/port_layer.c ****     if (g_state_mutex_handle == NULL) {
  68              		.loc 1 49 5 is_stmt 1 view .LVU4
  69              		.loc 1 49 8 is_stmt 0 view .LVU5
  70 0010 0028     		cmp	r0, #0
  71 0012 00F09F80 		beq	.L3
  50:../Core/Src/port_layer.c ****         return 0;
  51:../Core/Src/port_layer.c ****     }
  52:../Core/Src/port_layer.c **** 
  53:../Core/Src/port_layer.c ****     /* Create stream/message buffers */
  54:../Core/Src/port_layer.c ****     g_telemetry_rx_sb_handle = xStreamBufferCreateStatic(16 + 1, 1, telemetry_rx_sb_storage, &telem
  72              		.loc 1 54 5 is_stmt 1 view .LVU6
  73              		.loc 1 54 32 is_stmt 0 view .LVU7
  74 0016 0022     		movs	r2, #0
  75 0018 0292     		str	r2, [sp, #8]
  76 001a 0192     		str	r2, [sp, #4]
  77 001c 5A4B     		ldr	r3, .L16+8
  78 001e 0093     		str	r3, [sp]
  79 0020 5A4B     		ldr	r3, .L16+12
  80 0022 0121     		movs	r1, #1
  81 0024 1120     		movs	r0, #17
  82 0026 FFF7FEFF 		bl	xStreamBufferGenericCreateStatic
  83              	.LVL1:
  84              		.loc 1 54 30 view .LVU8
  85 002a 594B     		ldr	r3, .L16+16
  86 002c 1860     		str	r0, [r3]
  55:../Core/Src/port_layer.c ****     if (g_telemetry_rx_sb_handle == NULL) return 0;
  87              		.loc 1 55 5 is_stmt 1 view .LVU9
  88              		.loc 1 55 8 is_stmt 0 view .LVU10
  89 002e 0028     		cmp	r0, #0
  90 0030 00F09380 		beq	.L4
  56:../Core/Src/port_layer.c **** 
  57:../Core/Src/port_layer.c ****     g_telemetry_tx_mb_handle = xMessageBufferCreateStatic(TX_MESSAGE_BUFFER_SIZE + 1, telemetry_tx_
  91              		.loc 1 57 5 is_stmt 1 view .LVU11
  92              		.loc 1 57 32 is_stmt 0 view .LVU12
  93 0034 0021     		movs	r1, #0
  94 0036 0291     		str	r1, [sp, #8]
  95 0038 0191     		str	r1, [sp, #4]
  96 003a 564B     		ldr	r3, .L16+20
  97 003c 0093     		str	r3, [sp]
  98 003e 564B     		ldr	r3, .L16+24
ARM GAS  /tmp/ccJL7WIV.s 			page 4


  99 0040 0122     		movs	r2, #1
 100 0042 40F20940 		movw	r0, #1033
 101 0046 FFF7FEFF 		bl	xStreamBufferGenericCreateStatic
 102              	.LVL2:
 103              		.loc 1 57 30 view .LVU13
 104 004a 544B     		ldr	r3, .L16+28
 105 004c 1860     		str	r0, [r3]
  58:../Core/Src/port_layer.c ****     if (g_telemetry_tx_mb_handle == NULL) return 0;
 106              		.loc 1 58 5 is_stmt 1 view .LVU14
 107              		.loc 1 58 8 is_stmt 0 view .LVU15
 108 004e 0028     		cmp	r0, #0
 109 0050 00F08580 		beq	.L5
  59:../Core/Src/port_layer.c **** 
  60:../Core/Src/port_layer.c ****     g_state_rx_sb_handle = xStreamBufferCreateStatic(STATE_STRUCT_SIZE * 2 + 1, 1, state_rx_sb_stor
 110              		.loc 1 60 5 is_stmt 1 view .LVU16
 111              		.loc 1 60 28 is_stmt 0 view .LVU17
 112 0054 0022     		movs	r2, #0
 113 0056 0292     		str	r2, [sp, #8]
 114 0058 0192     		str	r2, [sp, #4]
 115 005a 514B     		ldr	r3, .L16+32
 116 005c 0093     		str	r3, [sp]
 117 005e 514B     		ldr	r3, .L16+36
 118 0060 0121     		movs	r1, #1
 119 0062 1D20     		movs	r0, #29
 120 0064 FFF7FEFF 		bl	xStreamBufferGenericCreateStatic
 121              	.LVL3:
 122              		.loc 1 60 26 view .LVU18
 123 0068 4F4B     		ldr	r3, .L16+40
 124 006a 1860     		str	r0, [r3]
  61:../Core/Src/port_layer.c ****     if (g_state_rx_sb_handle == NULL) return 0;
 125              		.loc 1 61 5 is_stmt 1 view .LVU19
 126              		.loc 1 61 8 is_stmt 0 view .LVU20
 127 006c 0028     		cmp	r0, #0
 128 006e 78D0     		beq	.L6
  62:../Core/Src/port_layer.c **** 
  63:../Core/Src/port_layer.c ****     g_sdio_mb_handle = xMessageBufferCreateStatic(SD_MB_SIZE + 1, sdio_mb_storage, &sdio_mb_buff);
 129              		.loc 1 63 5 is_stmt 1 view .LVU21
 130              		.loc 1 63 24 is_stmt 0 view .LVU22
 131 0070 0024     		movs	r4, #0
 132 0072 0294     		str	r4, [sp, #8]
 133 0074 0194     		str	r4, [sp, #4]
 134 0076 4D4B     		ldr	r3, .L16+44
 135 0078 0093     		str	r3, [sp]
 136 007a 4D4B     		ldr	r3, .L16+48
 137 007c 0122     		movs	r2, #1
 138 007e 2146     		mov	r1, r4
 139 0080 4120     		movs	r0, #65
 140 0082 FFF7FEFF 		bl	xStreamBufferGenericCreateStatic
 141              	.LVL4:
 142              		.loc 1 63 22 view .LVU23
 143 0086 4B4B     		ldr	r3, .L16+52
 144 0088 1860     		str	r0, [r3]
  64:../Core/Src/port_layer.c **** 
  65:../Core/Src/port_layer.c ****     /* Create tasks */
  66:../Core/Src/port_layer.c ****     g_sdio_task_handle = xTaskCreateStatic(sdio_task, "flash_task", 4096, NULL, tskIDLE_PRIORITY, s
 145              		.loc 1 66 5 is_stmt 1 view .LVU24
 146              		.loc 1 66 26 is_stmt 0 view .LVU25
ARM GAS  /tmp/ccJL7WIV.s 			page 5


 147 008a 4B4B     		ldr	r3, .L16+56
 148 008c 0293     		str	r3, [sp, #8]
 149 008e 4B4B     		ldr	r3, .L16+60
 150 0090 0193     		str	r3, [sp, #4]
 151 0092 0094     		str	r4, [sp]
 152 0094 2346     		mov	r3, r4
 153 0096 4FF48052 		mov	r2, #4096
 154 009a 4949     		ldr	r1, .L16+64
 155 009c 4948     		ldr	r0, .L16+68
 156 009e FFF7FEFF 		bl	xTaskCreateStatic
 157              	.LVL5:
 158              		.loc 1 66 24 view .LVU26
 159 00a2 494B     		ldr	r3, .L16+72
 160 00a4 1860     		str	r0, [r3]
  67:../Core/Src/port_layer.c ****     if (g_sdio_task_handle == NULL) return 0;
 161              		.loc 1 67 5 is_stmt 1 view .LVU27
 162              		.loc 1 67 8 is_stmt 0 view .LVU28
 163 00a6 0028     		cmp	r0, #0
 164 00a8 5DD0     		beq	.L7
  68:../Core/Src/port_layer.c ****     
  69:../Core/Src/port_layer.c ****     g_telemetry_tx_task_handle = xTaskCreateStatic(telemetry_tx_task, "telemetry_tx_task", 4096, NU
 165              		.loc 1 69 5 is_stmt 1 view .LVU29
 166              		.loc 1 69 34 is_stmt 0 view .LVU30
 167 00aa 484B     		ldr	r3, .L16+76
 168 00ac 0293     		str	r3, [sp, #8]
 169 00ae 484B     		ldr	r3, .L16+80
 170 00b0 0193     		str	r3, [sp, #4]
 171 00b2 2346     		mov	r3, r4
 172 00b4 0094     		str	r4, [sp]
 173 00b6 4FF48052 		mov	r2, #4096
 174 00ba 4649     		ldr	r1, .L16+84
 175 00bc 4648     		ldr	r0, .L16+88
 176 00be FFF7FEFF 		bl	xTaskCreateStatic
 177              	.LVL6:
 178              		.loc 1 69 32 view .LVU31
 179 00c2 464B     		ldr	r3, .L16+92
 180 00c4 1860     		str	r0, [r3]
  70:../Core/Src/port_layer.c ****     if (g_telemetry_tx_task_handle == NULL) return 0;
 181              		.loc 1 70 5 is_stmt 1 view .LVU32
 182              		.loc 1 70 8 is_stmt 0 view .LVU33
 183 00c6 0028     		cmp	r0, #0
 184 00c8 4FD0     		beq	.L8
  71:../Core/Src/port_layer.c ****     
  72:../Core/Src/port_layer.c ****     g_telemetry_rx_task_handle = xTaskCreateStatic(telemetry_rx_task, "telemetry_rx_task", 4096, NU
 185              		.loc 1 72 5 is_stmt 1 view .LVU34
 186              		.loc 1 72 34 is_stmt 0 view .LVU35
 187 00ca 454B     		ldr	r3, .L16+96
 188 00cc 0293     		str	r3, [sp, #8]
 189 00ce 454B     		ldr	r3, .L16+100
 190 00d0 0193     		str	r3, [sp, #4]
 191 00d2 2346     		mov	r3, r4
 192 00d4 0094     		str	r4, [sp]
 193 00d6 4FF48052 		mov	r2, #4096
 194 00da 4349     		ldr	r1, .L16+104
 195 00dc 4348     		ldr	r0, .L16+108
 196 00de FFF7FEFF 		bl	xTaskCreateStatic
 197              	.LVL7:
ARM GAS  /tmp/ccJL7WIV.s 			page 6


 198              		.loc 1 72 32 view .LVU36
 199 00e2 434B     		ldr	r3, .L16+112
 200 00e4 1860     		str	r0, [r3]
  73:../Core/Src/port_layer.c ****     if (g_telemetry_rx_task_handle == NULL) return 0;
 201              		.loc 1 73 5 is_stmt 1 view .LVU37
 202              		.loc 1 73 8 is_stmt 0 view .LVU38
 203 00e6 0028     		cmp	r0, #0
 204 00e8 41D0     		beq	.L9
  74:../Core/Src/port_layer.c ****     
  75:../Core/Src/port_layer.c ****     g_state_rx_task_handle = xTaskCreateStatic(state_rx_task, "state_rx_task", 4096, NULL, tskIDLE_
 205              		.loc 1 75 5 is_stmt 1 view .LVU39
 206              		.loc 1 75 30 is_stmt 0 view .LVU40
 207 00ea 424B     		ldr	r3, .L16+116
 208 00ec 0293     		str	r3, [sp, #8]
 209 00ee 424B     		ldr	r3, .L16+120
 210 00f0 0193     		str	r3, [sp, #4]
 211 00f2 2346     		mov	r3, r4
 212 00f4 0094     		str	r4, [sp]
 213 00f6 4FF48052 		mov	r2, #4096
 214 00fa 4049     		ldr	r1, .L16+124
 215 00fc 4048     		ldr	r0, .L16+128
 216 00fe FFF7FEFF 		bl	xTaskCreateStatic
 217              	.LVL8:
 218              		.loc 1 75 28 view .LVU41
 219 0102 404B     		ldr	r3, .L16+132
 220 0104 1860     		str	r0, [r3]
  76:../Core/Src/port_layer.c ****     if (g_state_rx_task_handle == NULL) return 0;
 221              		.loc 1 76 5 is_stmt 1 view .LVU42
 222              		.loc 1 76 8 is_stmt 0 view .LVU43
 223 0106 0028     		cmp	r0, #0
 224 0108 33D0     		beq	.L10
  77:../Core/Src/port_layer.c **** 
  78:../Core/Src/port_layer.c ****     g_test_task_handle = xTaskCreateStatic(test_task, "test_task", 8192, NULL, tskIDLE_PRIORITY, te
 225              		.loc 1 78 5 is_stmt 1 view .LVU44
 226              		.loc 1 78 26 is_stmt 0 view .LVU45
 227 010a 3F4B     		ldr	r3, .L16+136
 228 010c 0293     		str	r3, [sp, #8]
 229 010e 3F4B     		ldr	r3, .L16+140
 230 0110 0193     		str	r3, [sp, #4]
 231 0112 2346     		mov	r3, r4
 232 0114 0094     		str	r4, [sp]
 233 0116 4FF40052 		mov	r2, #8192
 234 011a 3D49     		ldr	r1, .L16+144
 235 011c 3D48     		ldr	r0, .L16+148
 236 011e FFF7FEFF 		bl	xTaskCreateStatic
 237              	.LVL9:
 238              		.loc 1 78 24 view .LVU46
 239 0122 3D4B     		ldr	r3, .L16+152
 240 0124 1860     		str	r0, [r3]
  79:../Core/Src/port_layer.c ****     if (g_test_task_handle == NULL) return 0;
 241              		.loc 1 79 5 is_stmt 1 view .LVU47
 242              		.loc 1 79 8 is_stmt 0 view .LVU48
 243 0126 30B3     		cbz	r0, .L11
  80:../Core/Src/port_layer.c **** 
  81:../Core/Src/port_layer.c ****     /* Begin listening over uart */
  82:../Core/Src/port_layer.c ****     
  83:../Core/Src/port_layer.c ****     if (HAL_UARTEx_ReceiveToIdle_DMA(&telemetry_uart, telemetry_uart_rx_buf, UART2_RX_BUFFER_SIZE) 
ARM GAS  /tmp/ccJL7WIV.s 			page 7


 244              		.loc 1 83 5 is_stmt 1 view .LVU49
 245              		.loc 1 83 9 is_stmt 0 view .LVU50
 246 0128 1022     		movs	r2, #16
 247 012a 3C49     		ldr	r1, .L16+156
 248 012c 3C48     		ldr	r0, .L16+160
 249 012e FFF7FEFF 		bl	HAL_UARTEx_ReceiveToIdle_DMA
 250              	.LVL10:
 251              		.loc 1 83 8 view .LVU51
 252 0132 08B1     		cbz	r0, .L15
  84:../Core/Src/port_layer.c ****         return 0;
 253              		.loc 1 84 16 view .LVU52
 254 0134 0020     		movs	r0, #0
 255 0136 0EE0     		b	.L1
 256              	.L15:
  85:../Core/Src/port_layer.c ****     } else {
  86:../Core/Src/port_layer.c ****         HAL_UART_Transmit_DMA(&telemetry_uart, "Init ok\r\n", 9);
 257              		.loc 1 86 9 is_stmt 1 view .LVU53
 258 0138 0922     		movs	r2, #9
 259 013a 3A49     		ldr	r1, .L16+164
 260 013c 3848     		ldr	r0, .L16+160
 261 013e FFF7FEFF 		bl	HAL_UART_Transmit_DMA
 262              	.LVL11:
  87:../Core/Src/port_layer.c ****     }
  88:../Core/Src/port_layer.c ****     
  89:../Core/Src/port_layer.c **** 
  90:../Core/Src/port_layer.c ****     if (HAL_UARTEx_ReceiveToIdle_DMA(&state_uart, state_uart_rx_buf, UART3_RX_BUFFER_SIZE) != HAL_O
 263              		.loc 1 90 5 view .LVU54
 264              		.loc 1 90 9 is_stmt 0 view .LVU55
 265 0142 4FF48072 		mov	r2, #256
 266 0146 3849     		ldr	r1, .L16+168
 267 0148 3848     		ldr	r0, .L16+172
 268 014a FFF7FEFF 		bl	HAL_UARTEx_ReceiveToIdle_DMA
 269              	.LVL12:
 270              		.loc 1 90 8 view .LVU56
 271 014e A0B9     		cbnz	r0, .L13
  91:../Core/Src/port_layer.c ****         return 0;
  92:../Core/Src/port_layer.c ****     }
  93:../Core/Src/port_layer.c ****     
  94:../Core/Src/port_layer.c ****     return 1;
 272              		.loc 1 94 12 view .LVU57
 273 0150 0120     		movs	r0, #1
 274 0152 00E0     		b	.L1
 275              	.L3:
  50:../Core/Src/port_layer.c ****     }
 276              		.loc 1 50 16 view .LVU58
 277 0154 0020     		movs	r0, #0
 278              	.L1:
  95:../Core/Src/port_layer.c **** }
 279              		.loc 1 95 1 view .LVU59
 280 0156 04B0     		add	sp, sp, #16
 281              	.LCFI2:
 282              		.cfi_remember_state
 283              		.cfi_def_cfa_offset 8
 284              		@ sp needed
 285 0158 10BD     		pop	{r4, pc}
 286              	.L4:
 287              	.LCFI3:
ARM GAS  /tmp/ccJL7WIV.s 			page 8


 288              		.cfi_restore_state
  55:../Core/Src/port_layer.c **** 
 289              		.loc 1 55 50 view .LVU60
 290 015a 0020     		movs	r0, #0
 291 015c FBE7     		b	.L1
 292              	.L5:
  58:../Core/Src/port_layer.c **** 
 293              		.loc 1 58 50 view .LVU61
 294 015e 0020     		movs	r0, #0
 295 0160 F9E7     		b	.L1
 296              	.L6:
  61:../Core/Src/port_layer.c **** 
 297              		.loc 1 61 46 view .LVU62
 298 0162 0020     		movs	r0, #0
 299 0164 F7E7     		b	.L1
 300              	.L7:
  67:../Core/Src/port_layer.c ****     
 301              		.loc 1 67 44 view .LVU63
 302 0166 0020     		movs	r0, #0
 303 0168 F5E7     		b	.L1
 304              	.L8:
  70:../Core/Src/port_layer.c ****     
 305              		.loc 1 70 52 view .LVU64
 306 016a 0020     		movs	r0, #0
 307 016c F3E7     		b	.L1
 308              	.L9:
  73:../Core/Src/port_layer.c ****     
 309              		.loc 1 73 52 view .LVU65
 310 016e 0020     		movs	r0, #0
 311 0170 F1E7     		b	.L1
 312              	.L10:
  76:../Core/Src/port_layer.c **** 
 313              		.loc 1 76 48 view .LVU66
 314 0172 0020     		movs	r0, #0
 315 0174 EFE7     		b	.L1
 316              	.L11:
  79:../Core/Src/port_layer.c **** 
 317              		.loc 1 79 44 view .LVU67
 318 0176 0020     		movs	r0, #0
 319 0178 EDE7     		b	.L1
 320              	.L13:
  91:../Core/Src/port_layer.c ****     }
 321              		.loc 1 91 16 view .LVU68
 322 017a 0020     		movs	r0, #0
 323 017c EBE7     		b	.L1
 324              	.L17:
 325 017e 00BF     		.align	2
 326              	.L16:
 327 0180 00000000 		.word	.LANCHOR0
 328 0184 00000000 		.word	.LANCHOR1
 329 0188 00000000 		.word	.LANCHOR3
 330 018c 00000000 		.word	.LANCHOR2
 331 0190 00000000 		.word	.LANCHOR4
 332 0194 00000000 		.word	.LANCHOR6
 333 0198 00000000 		.word	.LANCHOR5
 334 019c 00000000 		.word	.LANCHOR7
 335 01a0 00000000 		.word	.LANCHOR9
ARM GAS  /tmp/ccJL7WIV.s 			page 9


 336 01a4 00000000 		.word	.LANCHOR8
 337 01a8 00000000 		.word	.LANCHOR10
 338 01ac 00000000 		.word	.LANCHOR12
 339 01b0 00000000 		.word	.LANCHOR11
 340 01b4 00000000 		.word	.LANCHOR13
 341 01b8 00000000 		.word	.LANCHOR14
 342 01bc 00000000 		.word	sdio_task_stack
 343 01c0 00000000 		.word	.LC0
 344 01c4 00000000 		.word	sdio_task
 345 01c8 00000000 		.word	.LANCHOR15
 346 01cc 00000000 		.word	.LANCHOR16
 347 01d0 00000000 		.word	telemetry_tx_task_stack
 348 01d4 0C000000 		.word	.LC1
 349 01d8 00000000 		.word	telemetry_tx_task
 350 01dc 00000000 		.word	.LANCHOR17
 351 01e0 00000000 		.word	.LANCHOR18
 352 01e4 00000000 		.word	telemetry_rx_task_stack
 353 01e8 20000000 		.word	.LC2
 354 01ec 00000000 		.word	telemetry_rx_task
 355 01f0 00000000 		.word	.LANCHOR19
 356 01f4 00000000 		.word	.LANCHOR20
 357 01f8 00000000 		.word	state_rx_task_stack
 358 01fc 34000000 		.word	.LC3
 359 0200 00000000 		.word	state_rx_task
 360 0204 00000000 		.word	.LANCHOR21
 361 0208 00000000 		.word	.LANCHOR22
 362 020c 00000000 		.word	test_task_stack
 363 0210 44000000 		.word	.LC4
 364 0214 00000000 		.word	telemetry_test_task
 365 0218 00000000 		.word	.LANCHOR23
 366 021c 00000000 		.word	.LANCHOR24
 367 0220 00000000 		.word	huart4
 368 0224 50000000 		.word	.LC5
 369 0228 00000000 		.word	.LANCHOR25
 370 022c 00000000 		.word	huart5
 371              		.cfi_endproc
 372              	.LFE148:
 374              		.section	.text.port_start,"ax",%progbits
 375              		.align	1
 376              		.global	port_start
 377              		.syntax unified
 378              		.thumb
 379              		.thumb_func
 380              		.fpu fpv5-d16
 382              	port_start:
 383              	.LFB149:
  96:../Core/Src/port_layer.c **** 
  97:../Core/Src/port_layer.c **** void port_start(void) {
 384              		.loc 1 97 23 is_stmt 1 view -0
 385              		.cfi_startproc
 386              		@ args = 0, pretend = 0, frame = 0
 387              		@ frame_needed = 0, uses_anonymous_args = 0
 388 0000 08B5     		push	{r3, lr}
 389              	.LCFI4:
 390              		.cfi_def_cfa_offset 8
 391              		.cfi_offset 3, -8
 392              		.cfi_offset 14, -4
ARM GAS  /tmp/ccJL7WIV.s 			page 10


  98:../Core/Src/port_layer.c ****     vTaskStartScheduler();
 393              		.loc 1 98 5 view .LVU70
 394 0002 FFF7FEFF 		bl	vTaskStartScheduler
 395              	.LVL13:
  99:../Core/Src/port_layer.c **** }
 396              		.loc 1 99 1 is_stmt 0 view .LVU71
 397 0006 08BD     		pop	{r3, pc}
 398              		.cfi_endproc
 399              	.LFE149:
 401              		.global	uart_rx_count
 402              		.global	prev_size_uart_state
 403              		.global	prev_size_uart_telemetry
 404              		.global	state_uart_rx_buf
 405              		.global	telemetry_uart_rx_buf
 406              		.global	sdio_mb_buff
 407              		.global	sdio_mb_storage
 408              		.global	g_sdio_mb_handle
 409              		.global	state_rx_sb_buff
 410              		.global	state_rx_sb_storage
 411              		.global	g_state_rx_sb_handle
 412              		.global	telemetry_tx_mb_buff
 413              		.global	telemetry_tx_mb_storage
 414              		.global	g_telemetry_tx_mb_handle
 415              		.global	telemetry_rx_sb_buff
 416              		.global	telemetry_rx_sb_storage
 417              		.global	g_telemetry_rx_sb_handle
 418              		.global	state_mutex_buff
 419              		.global	g_state_mutex_handle
 420              		.global	state_rx_task_buff
 421              		.global	state_rx_task_stack
 422              		.global	g_state_rx_task_handle
 423              		.global	telemetry_rx_task_buff
 424              		.global	telemetry_rx_task_stack
 425              		.global	g_telemetry_rx_task_handle
 426              		.global	telemetry_tx_task_buff
 427              		.global	telemetry_tx_task_stack
 428              		.global	g_telemetry_tx_task_handle
 429              		.global	sdio_task_buff
 430              		.global	sdio_task_stack
 431              		.global	g_sdio_task_handle
 432              		.global	test_task_buff
 433              		.global	test_task_stack
 434              		.global	g_test_task_handle
 435              		.section	.bss.g_sdio_mb_handle,"aw",%nobits
 436              		.align	2
 437              		.set	.LANCHOR13,. + 0
 440              	g_sdio_mb_handle:
 441 0000 00000000 		.space	4
 442              		.section	.bss.g_sdio_task_handle,"aw",%nobits
 443              		.align	2
 444              		.set	.LANCHOR15,. + 0
 447              	g_sdio_task_handle:
 448 0000 00000000 		.space	4
 449              		.section	.bss.g_state_mutex_handle,"aw",%nobits
 450              		.align	2
 451              		.set	.LANCHOR1,. + 0
 454              	g_state_mutex_handle:
ARM GAS  /tmp/ccJL7WIV.s 			page 11


 455 0000 00000000 		.space	4
 456              		.section	.bss.g_state_rx_sb_handle,"aw",%nobits
 457              		.align	2
 458              		.set	.LANCHOR10,. + 0
 461              	g_state_rx_sb_handle:
 462 0000 00000000 		.space	4
 463              		.section	.bss.g_state_rx_task_handle,"aw",%nobits
 464              		.align	2
 465              		.set	.LANCHOR21,. + 0
 468              	g_state_rx_task_handle:
 469 0000 00000000 		.space	4
 470              		.section	.bss.g_telemetry_rx_sb_handle,"aw",%nobits
 471              		.align	2
 472              		.set	.LANCHOR4,. + 0
 475              	g_telemetry_rx_sb_handle:
 476 0000 00000000 		.space	4
 477              		.section	.bss.g_telemetry_rx_task_handle,"aw",%nobits
 478              		.align	2
 479              		.set	.LANCHOR19,. + 0
 482              	g_telemetry_rx_task_handle:
 483 0000 00000000 		.space	4
 484              		.section	.bss.g_telemetry_tx_mb_handle,"aw",%nobits
 485              		.align	2
 486              		.set	.LANCHOR7,. + 0
 489              	g_telemetry_tx_mb_handle:
 490 0000 00000000 		.space	4
 491              		.section	.bss.g_telemetry_tx_task_handle,"aw",%nobits
 492              		.align	2
 493              		.set	.LANCHOR17,. + 0
 496              	g_telemetry_tx_task_handle:
 497 0000 00000000 		.space	4
 498              		.section	.bss.g_test_task_handle,"aw",%nobits
 499              		.align	2
 500              		.set	.LANCHOR23,. + 0
 503              	g_test_task_handle:
 504 0000 00000000 		.space	4
 505              		.section	.bss.prev_size_uart_state,"aw",%nobits
 506              		.align	1
 509              	prev_size_uart_state:
 510 0000 0000     		.space	2
 511              		.section	.bss.prev_size_uart_telemetry,"aw",%nobits
 512              		.align	1
 515              	prev_size_uart_telemetry:
 516 0000 0000     		.space	2
 517              		.section	.bss.sdio_mb_buff,"aw",%nobits
 518              		.align	2
 519              		.set	.LANCHOR12,. + 0
 522              	sdio_mb_buff:
 523 0000 00000000 		.space	40
 523      00000000 
 523      00000000 
 523      00000000 
 523      00000000 
 524              		.section	.bss.sdio_mb_storage,"aw",%nobits
 525              		.align	2
 526              		.set	.LANCHOR11,. + 0
 529              	sdio_mb_storage:
ARM GAS  /tmp/ccJL7WIV.s 			page 12


 530 0000 00000000 		.space	256
 530      00000000 
 530      00000000 
 530      00000000 
 530      00000000 
 531              		.section	.bss.sdio_task_buff,"aw",%nobits
 532              		.align	2
 533              		.set	.LANCHOR14,. + 0
 536              	sdio_task_buff:
 537 0000 00000000 		.space	92
 537      00000000 
 537      00000000 
 537      00000000 
 537      00000000 
 538              		.section	.bss.sdio_task_stack,"aw",%nobits
 539              		.align	2
 542              	sdio_task_stack:
 543 0000 00000000 		.space	16384
 543      00000000 
 543      00000000 
 543      00000000 
 543      00000000 
 544              		.section	.bss.state_mutex_buff,"aw",%nobits
 545              		.align	2
 546              		.set	.LANCHOR0,. + 0
 549              	state_mutex_buff:
 550 0000 00000000 		.space	80
 550      00000000 
 550      00000000 
 550      00000000 
 550      00000000 
 551              		.section	.bss.state_rx_sb_buff,"aw",%nobits
 552              		.align	2
 553              		.set	.LANCHOR9,. + 0
 556              	state_rx_sb_buff:
 557 0000 00000000 		.space	40
 557      00000000 
 557      00000000 
 557      00000000 
 557      00000000 
 558              		.section	.bss.state_rx_sb_storage,"aw",%nobits
 559              		.align	2
 560              		.set	.LANCHOR8,. + 0
 563              	state_rx_sb_storage:
 564 0000 00000000 		.space	29
 564      00000000 
 564      00000000 
 564      00000000 
 564      00000000 
 565              		.section	.bss.state_rx_task_buff,"aw",%nobits
 566              		.align	2
 567              		.set	.LANCHOR20,. + 0
 570              	state_rx_task_buff:
 571 0000 00000000 		.space	92
 571      00000000 
 571      00000000 
 571      00000000 
ARM GAS  /tmp/ccJL7WIV.s 			page 13


 571      00000000 
 572              		.section	.bss.state_rx_task_stack,"aw",%nobits
 573              		.align	2
 576              	state_rx_task_stack:
 577 0000 00000000 		.space	16384
 577      00000000 
 577      00000000 
 577      00000000 
 577      00000000 
 578              		.section	.bss.state_uart_rx_buf,"aw",%nobits
 579              		.align	2
 580              		.set	.LANCHOR25,. + 0
 583              	state_uart_rx_buf:
 584 0000 00000000 		.space	256
 584      00000000 
 584      00000000 
 584      00000000 
 584      00000000 
 585              		.section	.bss.telemetry_rx_sb_buff,"aw",%nobits
 586              		.align	2
 587              		.set	.LANCHOR3,. + 0
 590              	telemetry_rx_sb_buff:
 591 0000 00000000 		.space	40
 591      00000000 
 591      00000000 
 591      00000000 
 591      00000000 
 592              		.section	.bss.telemetry_rx_sb_storage,"aw",%nobits
 593              		.align	2
 594              		.set	.LANCHOR2,. + 0
 597              	telemetry_rx_sb_storage:
 598 0000 00000000 		.space	17
 598      00000000 
 598      00000000 
 598      00000000 
 598      00
 599              		.section	.bss.telemetry_rx_task_buff,"aw",%nobits
 600              		.align	2
 601              		.set	.LANCHOR18,. + 0
 604              	telemetry_rx_task_buff:
 605 0000 00000000 		.space	92
 605      00000000 
 605      00000000 
 605      00000000 
 605      00000000 
 606              		.section	.bss.telemetry_rx_task_stack,"aw",%nobits
 607              		.align	2
 610              	telemetry_rx_task_stack:
 611 0000 00000000 		.space	16384
 611      00000000 
 611      00000000 
 611      00000000 
 611      00000000 
 612              		.section	.bss.telemetry_tx_mb_buff,"aw",%nobits
 613              		.align	2
 614              		.set	.LANCHOR6,. + 0
 617              	telemetry_tx_mb_buff:
ARM GAS  /tmp/ccJL7WIV.s 			page 14


 618 0000 00000000 		.space	40
 618      00000000 
 618      00000000 
 618      00000000 
 618      00000000 
 619              		.section	.bss.telemetry_tx_mb_storage,"aw",%nobits
 620              		.align	2
 621              		.set	.LANCHOR5,. + 0
 624              	telemetry_tx_mb_storage:
 625 0000 00000000 		.space	1032
 625      00000000 
 625      00000000 
 625      00000000 
 625      00000000 
 626              		.section	.bss.telemetry_tx_task_buff,"aw",%nobits
 627              		.align	2
 628              		.set	.LANCHOR16,. + 0
 631              	telemetry_tx_task_buff:
 632 0000 00000000 		.space	92
 632      00000000 
 632      00000000 
 632      00000000 
 632      00000000 
 633              		.section	.bss.telemetry_tx_task_stack,"aw",%nobits
 634              		.align	2
 637              	telemetry_tx_task_stack:
 638 0000 00000000 		.space	16384
 638      00000000 
 638      00000000 
 638      00000000 
 638      00000000 
 639              		.section	.bss.telemetry_uart_rx_buf,"aw",%nobits
 640              		.align	2
 641              		.set	.LANCHOR24,. + 0
 644              	telemetry_uart_rx_buf:
 645 0000 00000000 		.space	16
 645      00000000 
 645      00000000 
 645      00000000 
 646              		.section	.bss.test_task_buff,"aw",%nobits
 647              		.align	2
 648              		.set	.LANCHOR22,. + 0
 651              	test_task_buff:
 652 0000 00000000 		.space	92
 652      00000000 
 652      00000000 
 652      00000000 
 652      00000000 
 653              		.section	.bss.test_task_stack,"aw",%nobits
 654              		.align	2
 657              	test_task_stack:
 658 0000 00000000 		.space	32768
 658      00000000 
 658      00000000 
 658      00000000 
 658      00000000 
 659              		.section	.bss.uart_rx_count,"aw",%nobits
ARM GAS  /tmp/ccJL7WIV.s 			page 15


 660              		.align	1
 663              	uart_rx_count:
 664 0000 0000     		.space	2
 665              		.text
 666              	.Letext0:
 667              		.file 2 "/usr/lib/gcc/arm-none-eabi/10.3.1/include/stddef.h"
 668              		.file 3 "/usr/lib/gcc/arm-none-eabi/10.3.1/include/stdint.h"
 669              		.file 4 "Core/Inc/portmacro.h"
 670              		.file 5 "../Core/FreeRTOS-Kernel/include/FreeRTOS.h"
 671              		.file 6 "../Core/FreeRTOS-Kernel/include/task.h"
 672              		.file 7 "../Core/FreeRTOS-Kernel/include/stream_buffer.h"
 673              		.file 8 "../Core/FreeRTOS-Kernel/include/message_buffer.h"
 674              		.file 9 "../Core/FreeRTOS-Kernel/include/queue.h"
 675              		.file 10 "../Core/FreeRTOS-Kernel/include/semphr.h"
 676              		.file 11 "Drivers/CMSIS/Device/ST/STM32H7xx/Include/stm32h725xx.h"
 677              		.file 12 "Drivers/STM32H7xx_HAL_Driver/Inc/stm32h7xx_hal_def.h"
 678              		.file 13 "Drivers/STM32H7xx_HAL_Driver/Inc/stm32h7xx_hal_dma.h"
 679              		.file 14 "Drivers/STM32H7xx_HAL_Driver/Inc/stm32h7xx_hal_uart.h"
 680              		.file 15 "../Core/Include/globals.h"
 681              		.file 16 "Drivers/STM32H7xx_HAL_Driver/Inc/stm32h7xx_hal_uart_ex.h"
ARM GAS  /tmp/ccJL7WIV.s 			page 16


DEFINED SYMBOLS
                            *ABS*:0000000000000000 port_layer.c
     /tmp/ccJL7WIV.s:17     .rodata.port_init.str1.4:0000000000000000 $d
     /tmp/ccJL7WIV.s:36     .text.port_init:0000000000000000 $t
     /tmp/ccJL7WIV.s:44     .text.port_init:0000000000000000 port_init
     /tmp/ccJL7WIV.s:327    .text.port_init:0000000000000180 $d
     /tmp/ccJL7WIV.s:542    .bss.sdio_task_stack:0000000000000000 sdio_task_stack
     /tmp/ccJL7WIV.s:637    .bss.telemetry_tx_task_stack:0000000000000000 telemetry_tx_task_stack
     /tmp/ccJL7WIV.s:610    .bss.telemetry_rx_task_stack:0000000000000000 telemetry_rx_task_stack
     /tmp/ccJL7WIV.s:576    .bss.state_rx_task_stack:0000000000000000 state_rx_task_stack
     /tmp/ccJL7WIV.s:657    .bss.test_task_stack:0000000000000000 test_task_stack
     /tmp/ccJL7WIV.s:375    .text.port_start:0000000000000000 $t
     /tmp/ccJL7WIV.s:382    .text.port_start:0000000000000000 port_start
     /tmp/ccJL7WIV.s:663    .bss.uart_rx_count:0000000000000000 uart_rx_count
     /tmp/ccJL7WIV.s:509    .bss.prev_size_uart_state:0000000000000000 prev_size_uart_state
     /tmp/ccJL7WIV.s:515    .bss.prev_size_uart_telemetry:0000000000000000 prev_size_uart_telemetry
     /tmp/ccJL7WIV.s:583    .bss.state_uart_rx_buf:0000000000000000 state_uart_rx_buf
     /tmp/ccJL7WIV.s:644    .bss.telemetry_uart_rx_buf:0000000000000000 telemetry_uart_rx_buf
     /tmp/ccJL7WIV.s:522    .bss.sdio_mb_buff:0000000000000000 sdio_mb_buff
     /tmp/ccJL7WIV.s:529    .bss.sdio_mb_storage:0000000000000000 sdio_mb_storage
     /tmp/ccJL7WIV.s:440    .bss.g_sdio_mb_handle:0000000000000000 g_sdio_mb_handle
     /tmp/ccJL7WIV.s:556    .bss.state_rx_sb_buff:0000000000000000 state_rx_sb_buff
     /tmp/ccJL7WIV.s:563    .bss.state_rx_sb_storage:0000000000000000 state_rx_sb_storage
     /tmp/ccJL7WIV.s:461    .bss.g_state_rx_sb_handle:0000000000000000 g_state_rx_sb_handle
     /tmp/ccJL7WIV.s:617    .bss.telemetry_tx_mb_buff:0000000000000000 telemetry_tx_mb_buff
     /tmp/ccJL7WIV.s:624    .bss.telemetry_tx_mb_storage:0000000000000000 telemetry_tx_mb_storage
     /tmp/ccJL7WIV.s:489    .bss.g_telemetry_tx_mb_handle:0000000000000000 g_telemetry_tx_mb_handle
     /tmp/ccJL7WIV.s:590    .bss.telemetry_rx_sb_buff:0000000000000000 telemetry_rx_sb_buff
     /tmp/ccJL7WIV.s:597    .bss.telemetry_rx_sb_storage:0000000000000000 telemetry_rx_sb_storage
     /tmp/ccJL7WIV.s:475    .bss.g_telemetry_rx_sb_handle:0000000000000000 g_telemetry_rx_sb_handle
     /tmp/ccJL7WIV.s:549    .bss.state_mutex_buff:0000000000000000 state_mutex_buff
     /tmp/ccJL7WIV.s:454    .bss.g_state_mutex_handle:0000000000000000 g_state_mutex_handle
     /tmp/ccJL7WIV.s:570    .bss.state_rx_task_buff:0000000000000000 state_rx_task_buff
     /tmp/ccJL7WIV.s:468    .bss.g_state_rx_task_handle:0000000000000000 g_state_rx_task_handle
     /tmp/ccJL7WIV.s:604    .bss.telemetry_rx_task_buff:0000000000000000 telemetry_rx_task_buff
     /tmp/ccJL7WIV.s:482    .bss.g_telemetry_rx_task_handle:0000000000000000 g_telemetry_rx_task_handle
     /tmp/ccJL7WIV.s:631    .bss.telemetry_tx_task_buff:0000000000000000 telemetry_tx_task_buff
     /tmp/ccJL7WIV.s:496    .bss.g_telemetry_tx_task_handle:0000000000000000 g_telemetry_tx_task_handle
     /tmp/ccJL7WIV.s:536    .bss.sdio_task_buff:0000000000000000 sdio_task_buff
     /tmp/ccJL7WIV.s:447    .bss.g_sdio_task_handle:0000000000000000 g_sdio_task_handle
     /tmp/ccJL7WIV.s:651    .bss.test_task_buff:0000000000000000 test_task_buff
     /tmp/ccJL7WIV.s:503    .bss.g_test_task_handle:0000000000000000 g_test_task_handle
     /tmp/ccJL7WIV.s:436    .bss.g_sdio_mb_handle:0000000000000000 $d
     /tmp/ccJL7WIV.s:443    .bss.g_sdio_task_handle:0000000000000000 $d
     /tmp/ccJL7WIV.s:450    .bss.g_state_mutex_handle:0000000000000000 $d
     /tmp/ccJL7WIV.s:457    .bss.g_state_rx_sb_handle:0000000000000000 $d
     /tmp/ccJL7WIV.s:464    .bss.g_state_rx_task_handle:0000000000000000 $d
     /tmp/ccJL7WIV.s:471    .bss.g_telemetry_rx_sb_handle:0000000000000000 $d
     /tmp/ccJL7WIV.s:478    .bss.g_telemetry_rx_task_handle:0000000000000000 $d
     /tmp/ccJL7WIV.s:485    .bss.g_telemetry_tx_mb_handle:0000000000000000 $d
     /tmp/ccJL7WIV.s:492    .bss.g_telemetry_tx_task_handle:0000000000000000 $d
     /tmp/ccJL7WIV.s:499    .bss.g_test_task_handle:0000000000000000 $d
     /tmp/ccJL7WIV.s:506    .bss.prev_size_uart_state:0000000000000000 $d
     /tmp/ccJL7WIV.s:512    .bss.prev_size_uart_telemetry:0000000000000000 $d
     /tmp/ccJL7WIV.s:518    .bss.sdio_mb_buff:0000000000000000 $d
     /tmp/ccJL7WIV.s:525    .bss.sdio_mb_storage:0000000000000000 $d
     /tmp/ccJL7WIV.s:532    .bss.sdio_task_buff:0000000000000000 $d
ARM GAS  /tmp/ccJL7WIV.s 			page 17


     /tmp/ccJL7WIV.s:539    .bss.sdio_task_stack:0000000000000000 $d
     /tmp/ccJL7WIV.s:545    .bss.state_mutex_buff:0000000000000000 $d
     /tmp/ccJL7WIV.s:552    .bss.state_rx_sb_buff:0000000000000000 $d
     /tmp/ccJL7WIV.s:559    .bss.state_rx_sb_storage:0000000000000000 $d
     /tmp/ccJL7WIV.s:566    .bss.state_rx_task_buff:0000000000000000 $d
     /tmp/ccJL7WIV.s:573    .bss.state_rx_task_stack:0000000000000000 $d
     /tmp/ccJL7WIV.s:579    .bss.state_uart_rx_buf:0000000000000000 $d
     /tmp/ccJL7WIV.s:586    .bss.telemetry_rx_sb_buff:0000000000000000 $d
     /tmp/ccJL7WIV.s:593    .bss.telemetry_rx_sb_storage:0000000000000000 $d
     /tmp/ccJL7WIV.s:600    .bss.telemetry_rx_task_buff:0000000000000000 $d
     /tmp/ccJL7WIV.s:607    .bss.telemetry_rx_task_stack:0000000000000000 $d
     /tmp/ccJL7WIV.s:613    .bss.telemetry_tx_mb_buff:0000000000000000 $d
     /tmp/ccJL7WIV.s:620    .bss.telemetry_tx_mb_storage:0000000000000000 $d
     /tmp/ccJL7WIV.s:627    .bss.telemetry_tx_task_buff:0000000000000000 $d
     /tmp/ccJL7WIV.s:634    .bss.telemetry_tx_task_stack:0000000000000000 $d
     /tmp/ccJL7WIV.s:640    .bss.telemetry_uart_rx_buf:0000000000000000 $d
     /tmp/ccJL7WIV.s:647    .bss.test_task_buff:0000000000000000 $d
     /tmp/ccJL7WIV.s:654    .bss.test_task_stack:0000000000000000 $d
     /tmp/ccJL7WIV.s:660    .bss.uart_rx_count:0000000000000000 $d

UNDEFINED SYMBOLS
xQueueCreateMutexStatic
xStreamBufferGenericCreateStatic
xTaskCreateStatic
HAL_UARTEx_ReceiveToIdle_DMA
HAL_UART_Transmit_DMA
sdio_task
telemetry_tx_task
telemetry_rx_task
state_rx_task
telemetry_test_task
huart4
huart5
vTaskStartScheduler
