ARM GAS  /tmp/ccNOLBZV.s 			page 1


   1              		.cpu cortex-m7
   2              		.eabi_attribute 28, 1
   3              		.eabi_attribute 20, 1
   4              		.eabi_attribute 21, 1
   5              		.eabi_attribute 23, 3
   6              		.eabi_attribute 24, 1
   7              		.eabi_attribute 25, 1
   8              		.eabi_attribute 26, 1
   9              		.eabi_attribute 30, 1
  10              		.eabi_attribute 34, 1
  11              		.eabi_attribute 18, 4
  12              		.file	"protocol.c"
  13              		.text
  14              	.Ltext0:
  15              		.cfi_sections	.debug_frame
  16              		.section	.text.is_command_packet,"ax",%progbits
  17              		.align	1
  18              		.global	is_command_packet
  19              		.arch armv7e-m
  20              		.syntax unified
  21              		.thumb
  22              		.thumb_func
  23              		.fpu fpv5-d16
  25              	is_command_packet:
  26              	.LVL0:
  27              	.LFB3:
  28              		.file 1 "../Core/Src/protocol.c"
   1:../Core/Src/protocol.c **** #include "protocol.h"
   2:../Core/Src/protocol.c **** #include <time.h>
   3:../Core/Src/protocol.c **** #include <stdbool.h>
   4:../Core/Src/protocol.c **** #include <stdint.h>
   5:../Core/Src/protocol.c **** #include <stdio.h>
   6:../Core/Src/protocol.c **** #include <string.h>
   7:../Core/Src/protocol.c **** 
   8:../Core/Src/protocol.c **** //*************************************************************************************************
   9:../Core/Src/protocol.c **** //*************************************************************************************************
  10:../Core/Src/protocol.c **** //*************************************************************************************************
  11:../Core/Src/protocol.c **** // DISCLAIMER: THIS FILE WAS AUTO-GENERATED BY template_generator.py
  12:../Core/Src/protocol.c **** // DO NOT MODIFY THIS FILE DIRECTLY!
  13:../Core/Src/protocol.c **** // TO MODIFY THE PROTOCOL, EDIT protocol.json AND RE-RUN template_generator.py
  14:../Core/Src/protocol.c **** //*************************************************************************************************
  15:../Core/Src/protocol.c **** //*************************************************************************************************
  16:../Core/Src/protocol.c **** //*************************************************************************************************
  17:../Core/Src/protocol.c **** 
  18:../Core/Src/protocol.c **** int is_command_packet(uint8_t* packet, size_t packet_size) {
  29              		.loc 1 18 60 view -0
  30              		.cfi_startproc
  31              		@ args = 0, pretend = 0, frame = 0
  32              		@ frame_needed = 0, uses_anonymous_args = 0
  33              		@ link register save eliminated.
  19:../Core/Src/protocol.c **** 	if (packet_size != 7) return -1; // Incorrect size
  34              		.loc 1 19 2 view .LVU1
  35              		.loc 1 19 5 is_stmt 0 view .LVU2
  36 0000 0729     		cmp	r1, #7
  37 0002 04D1     		bne	.L3
  20:../Core/Src/protocol.c **** 	if (packet[1] != COMMAND_MSG_ID) return -1; // Incorrect command id
  38              		.loc 1 20 2 is_stmt 1 view .LVU3
ARM GAS  /tmp/ccNOLBZV.s 			page 2


  39              		.loc 1 20 12 is_stmt 0 view .LVU4
  40 0004 4378     		ldrb	r3, [r0, #1]	@ zero_extendqisi2
  41              		.loc 1 20 5 view .LVU5
  42 0006 012B     		cmp	r3, #1
  43 0008 04D1     		bne	.L4
  21:../Core/Src/protocol.c **** 	return packet[3];
  44              		.loc 1 21 2 is_stmt 1 view .LVU6
  45              		.loc 1 21 15 is_stmt 0 view .LVU7
  46 000a C078     		ldrb	r0, [r0, #3]	@ zero_extendqisi2
  47              	.LVL1:
  48              		.loc 1 21 15 view .LVU8
  49 000c 7047     		bx	lr
  50              	.LVL2:
  51              	.L3:
  19:../Core/Src/protocol.c **** 	if (packet_size != 7) return -1; // Incorrect size
  52              		.loc 1 19 31 view .LVU9
  53 000e 4FF0FF30 		mov	r0, #-1
  54              	.LVL3:
  19:../Core/Src/protocol.c **** 	if (packet_size != 7) return -1; // Incorrect size
  55              		.loc 1 19 31 view .LVU10
  56 0012 7047     		bx	lr
  57              	.LVL4:
  58              	.L4:
  20:../Core/Src/protocol.c **** 	if (packet[1] != COMMAND_MSG_ID) return -1; // Incorrect command id
  59              		.loc 1 20 42 view .LVU11
  60 0014 4FF0FF30 		mov	r0, #-1
  61              	.LVL5:
  22:../Core/Src/protocol.c **** }
  62              		.loc 1 22 1 view .LVU12
  63 0018 7047     		bx	lr
  64              		.cfi_endproc
  65              	.LFE3:
  67              		.section	.text.get_command_uuid,"ax",%progbits
  68              		.align	1
  69              		.global	get_command_uuid
  70              		.syntax unified
  71              		.thumb
  72              		.thumb_func
  73              		.fpu fpv5-d16
  75              	get_command_uuid:
  76              	.LVL6:
  77              	.LFB4:
  23:../Core/Src/protocol.c **** 
  24:../Core/Src/protocol.c **** int get_command_uuid(uint8_t* packet) {
  78              		.loc 1 24 39 is_stmt 1 view -0
  79              		.cfi_startproc
  80              		@ args = 0, pretend = 0, frame = 0
  81              		@ frame_needed = 0, uses_anonymous_args = 0
  82              		@ link register save eliminated.
  25:../Core/Src/protocol.c **** 	return packet[4];
  83              		.loc 1 25 2 view .LVU14
  26:../Core/Src/protocol.c **** }
  84              		.loc 1 26 1 is_stmt 0 view .LVU15
  85 0000 0079     		ldrb	r0, [r0, #4]	@ zero_extendqisi2
  86              	.LVL7:
  87              		.loc 1 26 1 view .LVU16
  88 0002 7047     		bx	lr
ARM GAS  /tmp/ccNOLBZV.s 			page 3


  89              		.cfi_endproc
  90              	.LFE4:
  92              		.section	.text.reformat_as_command_ack_packet,"ax",%progbits
  93              		.align	1
  94              		.global	reformat_as_command_ack_packet
  95              		.syntax unified
  96              		.thumb
  97              		.thumb_func
  98              		.fpu fpv5-d16
 100              	reformat_as_command_ack_packet:
 101              	.LVL8:
 102              	.LFB5:
  27:../Core/Src/protocol.c **** 
  28:../Core/Src/protocol.c **** void reformat_as_command_ack_packet(uint8_t* packet) {
 103              		.loc 1 28 54 is_stmt 1 view -0
 104              		.cfi_startproc
 105              		@ args = 0, pretend = 0, frame = 0
 106              		@ frame_needed = 0, uses_anonymous_args = 0
 107              		@ link register save eliminated.
  29:../Core/Src/protocol.c **** 	packet[1] = COMMAND_ACK_MSG_ID;
 108              		.loc 1 29 2 view .LVU18
 109              		.loc 1 29 12 is_stmt 0 view .LVU19
 110 0000 0223     		movs	r3, #2
 111 0002 4370     		strb	r3, [r0, #1]
  30:../Core/Src/protocol.c **** }
 112              		.loc 1 30 1 view .LVU20
 113 0004 7047     		bx	lr
 114              		.cfi_endproc
 115              	.LFE5:
 117              		.section	.text.generate_command_payload,"ax",%progbits
 118              		.align	1
 119              		.global	generate_command_payload
 120              		.syntax unified
 121              		.thumb
 122              		.thumb_func
 123              		.fpu fpv5-d16
 125              	generate_command_payload:
 126              	.LVL9:
 127              	.LFB6:
  31:../Core/Src/protocol.c **** 
  32:../Core/Src/protocol.c **** size_t generate_command_payload(uint8_t *buffer, uint8_t command_id, uint8_t command_counter) {
 128              		.loc 1 32 95 is_stmt 1 view -0
 129              		.cfi_startproc
 130              		@ args = 0, pretend = 0, frame = 0
 131              		@ frame_needed = 0, uses_anonymous_args = 0
 132              		@ link register save eliminated.
  33:../Core/Src/protocol.c **** 	memcpy(buffer, &command_id, sizeof(command_id));	// Byte 1: command id
 133              		.loc 1 33 2 view .LVU22
 134 0000 0170     		strb	r1, [r0]
  34:../Core/Src/protocol.c **** 	memcpy(buffer + sizeof(command_id), &command_counter, sizeof(command_counter)); // byte 2 command 
 135              		.loc 1 34 2 view .LVU23
 136 0002 4270     		strb	r2, [r0, #1]
  35:../Core/Src/protocol.c **** 	return sizeof(command_id) + sizeof(command_counter);
 137              		.loc 1 35 2 view .LVU24
  36:../Core/Src/protocol.c **** }
 138              		.loc 1 36 1 is_stmt 0 view .LVU25
 139 0004 0220     		movs	r0, #2
ARM GAS  /tmp/ccNOLBZV.s 			page 4


 140              	.LVL10:
 141              		.loc 1 36 1 view .LVU26
 142 0006 7047     		bx	lr
 143              		.cfi_endproc
 144              	.LFE6:
 146              		.section	.text.extract_command,"ax",%progbits
 147              		.align	1
 148              		.global	extract_command
 149              		.syntax unified
 150              		.thumb
 151              		.thumb_func
 152              		.fpu fpv5-d16
 154              	extract_command:
 155              	.LVL11:
 156              	.LFB7:
  37:../Core/Src/protocol.c **** 
  38:../Core/Src/protocol.c **** bool extract_command(uint8_t *buffer, uint8_t buffer_size, struct CommandStruct* destination) {
 157              		.loc 1 38 95 is_stmt 1 view -0
 158              		.cfi_startproc
 159              		@ args = 0, pretend = 0, frame = 0
 160              		@ frame_needed = 0, uses_anonymous_args = 0
 161              		@ link register save eliminated.
  39:../Core/Src/protocol.c **** 	if (buffer_size != 2) return false;
 162              		.loc 1 39 2 view .LVU28
 163              		.loc 1 39 5 is_stmt 0 view .LVU29
 164 0000 0229     		cmp	r1, #2
 165 0002 05D1     		bne	.L10
  40:../Core/Src/protocol.c **** 	destination->command_id = buffer[0];
 166              		.loc 1 40 2 is_stmt 1 view .LVU30
 167              		.loc 1 40 34 is_stmt 0 view .LVU31
 168 0004 0378     		ldrb	r3, [r0]	@ zero_extendqisi2
 169              		.loc 1 40 26 view .LVU32
 170 0006 1370     		strb	r3, [r2]
  41:../Core/Src/protocol.c **** 	destination->command_counter = buffer[1];
 171              		.loc 1 41 2 is_stmt 1 view .LVU33
 172              		.loc 1 41 31 is_stmt 0 view .LVU34
 173 0008 4378     		ldrb	r3, [r0, #1]	@ zero_extendqisi2
 174 000a 5370     		strb	r3, [r2, #1]
  42:../Core/Src/protocol.c **** 	return true;
 175              		.loc 1 42 2 is_stmt 1 view .LVU35
 176              		.loc 1 42 9 is_stmt 0 view .LVU36
 177 000c 0120     		movs	r0, #1
 178              	.LVL12:
 179              		.loc 1 42 9 view .LVU37
 180 000e 7047     		bx	lr
 181              	.LVL13:
 182              	.L10:
  39:../Core/Src/protocol.c **** 	destination->command_id = buffer[0];
 183              		.loc 1 39 31 view .LVU38
 184 0010 0020     		movs	r0, #0
 185              	.LVL14:
  43:../Core/Src/protocol.c **** }
 186              		.loc 1 43 1 view .LVU39
 187 0012 7047     		bx	lr
 188              		.cfi_endproc
 189              	.LFE7:
 191              		.section	.text.get_msg_size,"ax",%progbits
ARM GAS  /tmp/ccNOLBZV.s 			page 5


 192              		.align	1
 193              		.global	get_msg_size
 194              		.syntax unified
 195              		.thumb
 196              		.thumb_func
 197              		.fpu fpv5-d16
 199              	get_msg_size:
 200              	.LVL15:
 201              	.LFB8:
  44:../Core/Src/protocol.c **** 
  45:../Core/Src/protocol.c **** int get_msg_size(int message_id) {
 202              		.loc 1 45 34 is_stmt 1 view -0
 203              		.cfi_startproc
 204              		@ args = 0, pretend = 0, frame = 0
 205              		@ frame_needed = 0, uses_anonymous_args = 0
 206              		@ link register save eliminated.
  46:../Core/Src/protocol.c **** 	switch (message_id) {
 207              		.loc 1 46 2 view .LVU41
 208 0000 A0F10A03 		sub	r3, r0, #10
 209 0004 052B     		cmp	r3, #5
 210 0006 0AD8     		bhi	.L12
 211 0008 DFE803F0 		tbb	[pc, r3]
 212              	.L14:
 213 000c 03       		.byte	(.L15-.L14)/2
 214 000d 0C       		.byte	(.L19-.L14)/2
 215 000e 0D       		.byte	(.L11-.L14)/2
 216 000f 05       		.byte	(.L16-.L14)/2
 217 0010 03       		.byte	(.L15-.L14)/2
 218 0011 07       		.byte	(.L13-.L14)/2
 219              		.p2align 1
 220              	.L15:
 221 0012 3020     		movs	r0, #48
 222              	.LVL16:
 223              		.loc 1 46 2 is_stmt 0 view .LVU42
 224 0014 7047     		bx	lr
 225              	.LVL17:
 226              	.L16:
  47:../Core/Src/protocol.c ****     	case ROCKETSTATEVECTOR_MSG_ID:
  48:../Core/Src/protocol.c **** 			return ROCKETSTATEVECTOR_SIZE;
  49:../Core/Src/protocol.c ****     	case ROCKETSERVODEFLECTION_MSG_ID:
  50:../Core/Src/protocol.c **** 			return ROCKETSERVODEFLECTION_SIZE;
  51:../Core/Src/protocol.c ****     	case ROCKETSTATE_MSG_ID:
  52:../Core/Src/protocol.c **** 			return ROCKETSTATE_SIZE;
  53:../Core/Src/protocol.c ****     	case ROCKETGROUNDEKF_MSG_ID:
  54:../Core/Src/protocol.c **** 			return ROCKETGROUNDEKF_SIZE;
 227              		.loc 1 54 4 is_stmt 1 view .LVU43
 228              		.loc 1 54 11 is_stmt 0 view .LVU44
 229 0016 2020     		movs	r0, #32
 230              	.LVL18:
 231              		.loc 1 54 11 view .LVU45
 232 0018 7047     		bx	lr
 233              	.LVL19:
 234              	.L13:
  55:../Core/Src/protocol.c ****     	case ROCKETSENSORDATA_MSG_ID:
  56:../Core/Src/protocol.c **** 			return ROCKETSENSORDATA_SIZE;
  57:../Core/Src/protocol.c ****     	case ROCKETANALOGFEEDBACKDATA_MSG_ID:
  58:../Core/Src/protocol.c **** 			return ROCKETANALOGFEEDBACKDATA_SIZE;
ARM GAS  /tmp/ccNOLBZV.s 			page 6


 235              		.loc 1 58 4 is_stmt 1 view .LVU46
 236              		.loc 1 58 11 is_stmt 0 view .LVU47
 237 001a 1D20     		movs	r0, #29
 238              	.LVL20:
 239              		.loc 1 58 11 view .LVU48
 240 001c 7047     		bx	lr
 241              	.LVL21:
 242              	.L12:
  59:../Core/Src/protocol.c ****     	default:
  60:../Core/Src/protocol.c **** 			return -1;
 243              		.loc 1 60 4 is_stmt 1 view .LVU49
 244              		.loc 1 60 11 is_stmt 0 view .LVU50
 245 001e 4FF0FF30 		mov	r0, #-1
 246              	.LVL22:
 247              		.loc 1 60 11 view .LVU51
 248 0022 7047     		bx	lr
 249              	.LVL23:
 250              	.L19:
  50:../Core/Src/protocol.c ****     	case ROCKETSTATE_MSG_ID:
 251              		.loc 1 50 11 view .LVU52
 252 0024 1820     		movs	r0, #24
 253              	.LVL24:
 254              	.L11:
  61:../Core/Src/protocol.c **** 	}
  62:../Core/Src/protocol.c **** }
 255              		.loc 1 62 1 view .LVU53
 256 0026 7047     		bx	lr
 257              		.cfi_endproc
 258              	.LFE8:
 260              		.section	.text.is_data_send_msg,"ax",%progbits
 261              		.align	1
 262              		.global	is_data_send_msg
 263              		.syntax unified
 264              		.thumb
 265              		.thumb_func
 266              		.fpu fpv5-d16
 268              	is_data_send_msg:
 269              	.LVL25:
 270              	.LFB9:
  63:../Core/Src/protocol.c **** 
  64:../Core/Src/protocol.c **** bool is_data_send_msg(int message_id) {
 271              		.loc 1 64 39 is_stmt 1 view -0
 272              		.cfi_startproc
 273              		@ args = 0, pretend = 0, frame = 0
 274              		@ frame_needed = 0, uses_anonymous_args = 0
 275              		@ link register save eliminated.
  65:../Core/Src/protocol.c **** 	return (message_id >= 10) && (message_id <= 10 + 6);
 276              		.loc 1 65 2 view .LVU55
 277              		.loc 1 65 28 is_stmt 0 view .LVU56
 278 0000 0A38     		subs	r0, r0, #10
 279              	.LVL26:
  66:../Core/Src/protocol.c **** }
 280              		.loc 1 66 1 view .LVU57
 281 0002 0628     		cmp	r0, #6
 282 0004 8CBF     		ite	hi
 283 0006 0020     		movhi	r0, #0
 284              	.LVL27:
ARM GAS  /tmp/ccNOLBZV.s 			page 7


 285              		.loc 1 66 1 view .LVU58
 286 0008 0120     		movls	r0, #1
 287 000a 7047     		bx	lr
 288              		.cfi_endproc
 289              	.LFE9:
 291              		.section	.text.RocketStateVector_encode,"ax",%progbits
 292              		.align	1
 293              		.global	RocketStateVector_encode
 294              		.syntax unified
 295              		.thumb
 296              		.thumb_func
 297              		.fpu fpv5-d16
 299              	RocketStateVector_encode:
 300              	.LVL28:
 301              	.LFB10:
  67:../Core/Src/protocol.c **** 
  68:../Core/Src/protocol.c **** #ifdef INCLUDE_PROTOCOL_SQL_MACROS
  69:../Core/Src/protocol.c **** 	
  70:../Core/Src/protocol.c ****     bool convert_data_msg_to_sql_cmd(int message_id, uint8_t *data, size_t data_size, char *sql_cmd
  71:../Core/Src/protocol.c **** 		if (!is_data_send_msg(message_id)) {
  72:../Core/Src/protocol.c **** 			return false;
  73:../Core/Src/protocol.c **** 		}
  74:../Core/Src/protocol.c **** 
  75:../Core/Src/protocol.c **** 		switch (message_id) {
  76:../Core/Src/protocol.c ****     	    case ROCKETSTATEVECTOR_MSG_ID: {
  77:../Core/Src/protocol.c ****         if (data_size != ROCKETSTATEVECTOR_SIZE) {
  78:../Core/Src/protocol.c ****           printf("warning: wrong data size!\n");
  79:../Core/Src/protocol.c ****         }
  80:../Core/Src/protocol.c **** 				struct RocketStateVector cvt_data;
  81:../Core/Src/protocol.c **** 				RocketStateVector_decode(data, &cvt_data);
  82:../Core/Src/protocol.c **** 				ROCKETSTATEVECTOR_SQL_ADD_ENTRY(sql_cmd, &cvt_data);
  83:../Core/Src/protocol.c **** 				return true;
  84:../Core/Src/protocol.c **** 			} 
  85:../Core/Src/protocol.c ****     	    case ROCKETSERVODEFLECTION_MSG_ID: {
  86:../Core/Src/protocol.c ****         if (data_size != ROCKETSERVODEFLECTION_SIZE) {
  87:../Core/Src/protocol.c ****           printf("warning: wrong data size!\n");
  88:../Core/Src/protocol.c ****         }
  89:../Core/Src/protocol.c **** 				struct RocketServoDeflection cvt_data;
  90:../Core/Src/protocol.c **** 				RocketServoDeflection_decode(data, &cvt_data);
  91:../Core/Src/protocol.c **** 				ROCKETSERVODEFLECTION_SQL_ADD_ENTRY(sql_cmd, &cvt_data);
  92:../Core/Src/protocol.c **** 				return true;
  93:../Core/Src/protocol.c **** 			} 
  94:../Core/Src/protocol.c ****     	    case ROCKETSTATE_MSG_ID: {
  95:../Core/Src/protocol.c ****         if (data_size != ROCKETSTATE_SIZE) {
  96:../Core/Src/protocol.c ****           printf("warning: wrong data size!\n");
  97:../Core/Src/protocol.c ****         }
  98:../Core/Src/protocol.c **** 				struct RocketState cvt_data;
  99:../Core/Src/protocol.c **** 				RocketState_decode(data, &cvt_data);
 100:../Core/Src/protocol.c **** 				ROCKETSTATE_SQL_ADD_ENTRY(sql_cmd, &cvt_data);
 101:../Core/Src/protocol.c **** 				return true;
 102:../Core/Src/protocol.c **** 			} 
 103:../Core/Src/protocol.c ****     	    case ROCKETGROUNDEKF_MSG_ID: {
 104:../Core/Src/protocol.c ****         if (data_size != ROCKETGROUNDEKF_SIZE) {
 105:../Core/Src/protocol.c ****           printf("warning: wrong data size!\n");
 106:../Core/Src/protocol.c ****         }
 107:../Core/Src/protocol.c **** 				struct RocketGroundEKF cvt_data;
 108:../Core/Src/protocol.c **** 				RocketGroundEKF_decode(data, &cvt_data);
ARM GAS  /tmp/ccNOLBZV.s 			page 8


 109:../Core/Src/protocol.c **** 				ROCKETGROUNDEKF_SQL_ADD_ENTRY(sql_cmd, &cvt_data);
 110:../Core/Src/protocol.c **** 				return true;
 111:../Core/Src/protocol.c **** 			} 
 112:../Core/Src/protocol.c ****     	    case ROCKETSENSORDATA_MSG_ID: {
 113:../Core/Src/protocol.c ****         if (data_size != ROCKETSENSORDATA_SIZE) {
 114:../Core/Src/protocol.c ****           printf("warning: wrong data size!\n");
 115:../Core/Src/protocol.c ****         }
 116:../Core/Src/protocol.c **** 				struct RocketSensorData cvt_data;
 117:../Core/Src/protocol.c **** 				RocketSensorData_decode(data, &cvt_data);
 118:../Core/Src/protocol.c **** 				ROCKETSENSORDATA_SQL_ADD_ENTRY(sql_cmd, &cvt_data);
 119:../Core/Src/protocol.c **** 				return true;
 120:../Core/Src/protocol.c **** 			} 
 121:../Core/Src/protocol.c ****     	    case ROCKETANALOGFEEDBACKDATA_MSG_ID: {
 122:../Core/Src/protocol.c ****         if (data_size != ROCKETANALOGFEEDBACKDATA_SIZE) {
 123:../Core/Src/protocol.c ****           printf("warning: wrong data size!\n");
 124:../Core/Src/protocol.c ****         }
 125:../Core/Src/protocol.c **** 				struct RocketAnalogFeedbackData cvt_data;
 126:../Core/Src/protocol.c **** 				RocketAnalogFeedbackData_decode(data, &cvt_data);
 127:../Core/Src/protocol.c **** 				ROCKETANALOGFEEDBACKDATA_SQL_ADD_ENTRY(sql_cmd, &cvt_data);
 128:../Core/Src/protocol.c **** 				return true;
 129:../Core/Src/protocol.c **** 			} 
 130:../Core/Src/protocol.c ****     		default:
 131:../Core/Src/protocol.c **** 				return false;
 132:../Core/Src/protocol.c **** 		}
 133:../Core/Src/protocol.c **** 	}
 134:../Core/Src/protocol.c **** 
 135:../Core/Src/protocol.c **** #endif
 136:../Core/Src/protocol.c **** 
 137:../Core/Src/protocol.c **** 
 138:../Core/Src/protocol.c **** void RocketStateVector_encode(struct RocketStateVector *input, uint8_t *output) {
 302              		.loc 1 138 81 is_stmt 1 view -0
 303              		.cfi_startproc
 304              		@ args = 0, pretend = 0, frame = 0
 305              		@ frame_needed = 0, uses_anonymous_args = 0
 306              		@ link register save eliminated.
 139:../Core/Src/protocol.c **** 		memcpy(output + 0, &input->velocity_x, 4);
 307              		.loc 1 139 3 view .LVU60
 308 0000 0368     		ldr	r3, [r0]	@ unaligned
 309 0002 0B60     		str	r3, [r1]	@ unaligned
 140:../Core/Src/protocol.c **** 		memcpy(output + 4, &input->velocity_y, 4);
 310              		.loc 1 140 3 view .LVU61
 311 0004 4368     		ldr	r3, [r0, #4]	@ unaligned
 312 0006 4B60     		str	r3, [r1, #4]	@ unaligned
 141:../Core/Src/protocol.c **** 		memcpy(output + 8, &input->velocity_z, 4);
 313              		.loc 1 141 3 view .LVU62
 314 0008 8368     		ldr	r3, [r0, #8]	@ unaligned
 315 000a 8B60     		str	r3, [r1, #8]	@ unaligned
 142:../Core/Src/protocol.c **** 		memcpy(output + 12, &input->attitude_w, 4);
 316              		.loc 1 142 3 view .LVU63
 317 000c C368     		ldr	r3, [r0, #12]	@ unaligned
 318 000e CB60     		str	r3, [r1, #12]	@ unaligned
 143:../Core/Src/protocol.c **** 		memcpy(output + 16, &input->attitude_x, 4);
 319              		.loc 1 143 3 view .LVU64
 320 0010 0369     		ldr	r3, [r0, #16]	@ unaligned
 321 0012 0B61     		str	r3, [r1, #16]	@ unaligned
 144:../Core/Src/protocol.c **** 		memcpy(output + 20, &input->attitude_y, 4);
 322              		.loc 1 144 3 view .LVU65
ARM GAS  /tmp/ccNOLBZV.s 			page 9


 323 0014 4369     		ldr	r3, [r0, #20]	@ unaligned
 324 0016 4B61     		str	r3, [r1, #20]	@ unaligned
 145:../Core/Src/protocol.c **** 		memcpy(output + 24, &input->attitude_z, 4);
 325              		.loc 1 145 3 view .LVU66
 326 0018 8369     		ldr	r3, [r0, #24]	@ unaligned
 327 001a 8B61     		str	r3, [r1, #24]	@ unaligned
 146:../Core/Src/protocol.c **** 		memcpy(output + 28, &input->position_x, 4);
 328              		.loc 1 146 3 view .LVU67
 329 001c C369     		ldr	r3, [r0, #28]	@ unaligned
 330 001e CB61     		str	r3, [r1, #28]	@ unaligned
 147:../Core/Src/protocol.c **** 		memcpy(output + 32, &input->position_y, 4);
 331              		.loc 1 147 3 view .LVU68
 332 0020 036A     		ldr	r3, [r0, #32]	@ unaligned
 333 0022 0B62     		str	r3, [r1, #32]	@ unaligned
 148:../Core/Src/protocol.c **** 		memcpy(output + 36, &input->position_z, 4);
 334              		.loc 1 148 3 view .LVU69
 335 0024 436A     		ldr	r3, [r0, #36]	@ unaligned
 336 0026 4B62     		str	r3, [r1, #36]	@ unaligned
 149:../Core/Src/protocol.c **** 		memcpy(output + 40, &input->timestamp, 8);
 337              		.loc 1 149 3 view .LVU70
 338 0028 826A     		ldr	r2, [r0, #40]	@ unaligned
 339 002a C36A     		ldr	r3, [r0, #44]	@ unaligned
 340 002c 8A62     		str	r2, [r1, #40]	@ unaligned
 341 002e CB62     		str	r3, [r1, #44]	@ unaligned
 150:../Core/Src/protocol.c **** 
 151:../Core/Src/protocol.c **** }
 342              		.loc 1 151 1 is_stmt 0 view .LVU71
 343 0030 7047     		bx	lr
 344              		.cfi_endproc
 345              	.LFE10:
 347              		.section	.text.RocketStateVector_decode,"ax",%progbits
 348              		.align	1
 349              		.global	RocketStateVector_decode
 350              		.syntax unified
 351              		.thumb
 352              		.thumb_func
 353              		.fpu fpv5-d16
 355              	RocketStateVector_decode:
 356              	.LVL29:
 357              	.LFB11:
 152:../Core/Src/protocol.c **** 
 153:../Core/Src/protocol.c **** void RocketStateVector_decode(uint8_t *input, struct RocketStateVector *output) {
 358              		.loc 1 153 81 is_stmt 1 view -0
 359              		.cfi_startproc
 360              		@ args = 0, pretend = 0, frame = 0
 361              		@ frame_needed = 0, uses_anonymous_args = 0
 362              		@ link register save eliminated.
 154:../Core/Src/protocol.c **** 		memcpy(&output->velocity_x, input + 0, 4);
 363              		.loc 1 154 3 view .LVU73
 364 0000 0368     		ldr	r3, [r0]	@ unaligned
 365 0002 0B60     		str	r3, [r1]	@ unaligned
 155:../Core/Src/protocol.c **** 		memcpy(&output->velocity_y, input + 4, 4);
 366              		.loc 1 155 3 view .LVU74
 367 0004 4368     		ldr	r3, [r0, #4]	@ unaligned
 368 0006 4B60     		str	r3, [r1, #4]	@ unaligned
 156:../Core/Src/protocol.c **** 		memcpy(&output->velocity_z, input + 8, 4);
 369              		.loc 1 156 3 view .LVU75
ARM GAS  /tmp/ccNOLBZV.s 			page 10


 370 0008 8368     		ldr	r3, [r0, #8]	@ unaligned
 371 000a 8B60     		str	r3, [r1, #8]	@ unaligned
 157:../Core/Src/protocol.c **** 		memcpy(&output->attitude_w, input + 12, 4);
 372              		.loc 1 157 3 view .LVU76
 373 000c C368     		ldr	r3, [r0, #12]	@ unaligned
 374 000e CB60     		str	r3, [r1, #12]	@ unaligned
 158:../Core/Src/protocol.c **** 		memcpy(&output->attitude_x, input + 16, 4);
 375              		.loc 1 158 3 view .LVU77
 376 0010 0369     		ldr	r3, [r0, #16]	@ unaligned
 377 0012 0B61     		str	r3, [r1, #16]	@ unaligned
 159:../Core/Src/protocol.c **** 		memcpy(&output->attitude_y, input + 20, 4);
 378              		.loc 1 159 3 view .LVU78
 379 0014 4369     		ldr	r3, [r0, #20]	@ unaligned
 380 0016 4B61     		str	r3, [r1, #20]	@ unaligned
 160:../Core/Src/protocol.c **** 		memcpy(&output->attitude_z, input + 24, 4);
 381              		.loc 1 160 3 view .LVU79
 382 0018 8369     		ldr	r3, [r0, #24]	@ unaligned
 383 001a 8B61     		str	r3, [r1, #24]	@ unaligned
 161:../Core/Src/protocol.c **** 		memcpy(&output->position_x, input + 28, 4);
 384              		.loc 1 161 3 view .LVU80
 385 001c C369     		ldr	r3, [r0, #28]	@ unaligned
 386 001e CB61     		str	r3, [r1, #28]	@ unaligned
 162:../Core/Src/protocol.c **** 		memcpy(&output->position_y, input + 32, 4);
 387              		.loc 1 162 3 view .LVU81
 388 0020 036A     		ldr	r3, [r0, #32]	@ unaligned
 389 0022 0B62     		str	r3, [r1, #32]	@ unaligned
 163:../Core/Src/protocol.c **** 		memcpy(&output->position_z, input + 36, 4);
 390              		.loc 1 163 3 view .LVU82
 391 0024 436A     		ldr	r3, [r0, #36]	@ unaligned
 392 0026 4B62     		str	r3, [r1, #36]	@ unaligned
 164:../Core/Src/protocol.c **** 		memcpy(&output->timestamp, input + 40, 8);
 393              		.loc 1 164 3 view .LVU83
 394 0028 826A     		ldr	r2, [r0, #40]	@ unaligned
 395 002a C36A     		ldr	r3, [r0, #44]	@ unaligned
 396 002c 8A62     		str	r2, [r1, #40]	@ unaligned
 397 002e CB62     		str	r3, [r1, #44]	@ unaligned
 165:../Core/Src/protocol.c **** 
 166:../Core/Src/protocol.c **** }
 398              		.loc 1 166 1 is_stmt 0 view .LVU84
 399 0030 7047     		bx	lr
 400              		.cfi_endproc
 401              	.LFE11:
 403              		.section	.text.RocketServoDeflection_encode,"ax",%progbits
 404              		.align	1
 405              		.global	RocketServoDeflection_encode
 406              		.syntax unified
 407              		.thumb
 408              		.thumb_func
 409              		.fpu fpv5-d16
 411              	RocketServoDeflection_encode:
 412              	.LVL30:
 413              	.LFB12:
 167:../Core/Src/protocol.c **** 
 168:../Core/Src/protocol.c **** 
 169:../Core/Src/protocol.c **** void RocketServoDeflection_encode(struct RocketServoDeflection *input, uint8_t *output) {
 414              		.loc 1 169 89 is_stmt 1 view -0
 415              		.cfi_startproc
ARM GAS  /tmp/ccNOLBZV.s 			page 11


 416              		@ args = 0, pretend = 0, frame = 0
 417              		@ frame_needed = 0, uses_anonymous_args = 0
 418              		@ link register save eliminated.
 170:../Core/Src/protocol.c **** 		memcpy(output + 0, &input->servo_deflection_1, 4);
 419              		.loc 1 170 3 view .LVU86
 420 0000 0368     		ldr	r3, [r0]	@ unaligned
 421 0002 0B60     		str	r3, [r1]	@ unaligned
 171:../Core/Src/protocol.c **** 		memcpy(output + 4, &input->servo_deflection_2, 4);
 422              		.loc 1 171 3 view .LVU87
 423 0004 4368     		ldr	r3, [r0, #4]	@ unaligned
 424 0006 4B60     		str	r3, [r1, #4]	@ unaligned
 172:../Core/Src/protocol.c **** 		memcpy(output + 8, &input->servo_deflection_3, 4);
 425              		.loc 1 172 3 view .LVU88
 426 0008 8368     		ldr	r3, [r0, #8]	@ unaligned
 427 000a 8B60     		str	r3, [r1, #8]	@ unaligned
 173:../Core/Src/protocol.c **** 		memcpy(output + 12, &input->servo_deflection_4, 4);
 428              		.loc 1 173 3 view .LVU89
 429 000c C368     		ldr	r3, [r0, #12]	@ unaligned
 430 000e CB60     		str	r3, [r1, #12]	@ unaligned
 174:../Core/Src/protocol.c **** 		memcpy(output + 16, &input->timestamp, 8);
 431              		.loc 1 174 3 view .LVU90
 432 0010 0269     		ldr	r2, [r0, #16]	@ unaligned
 433 0012 4369     		ldr	r3, [r0, #20]	@ unaligned
 434 0014 0A61     		str	r2, [r1, #16]	@ unaligned
 435 0016 4B61     		str	r3, [r1, #20]	@ unaligned
 175:../Core/Src/protocol.c **** 
 176:../Core/Src/protocol.c **** }
 436              		.loc 1 176 1 is_stmt 0 view .LVU91
 437 0018 7047     		bx	lr
 438              		.cfi_endproc
 439              	.LFE12:
 441              		.section	.text.RocketServoDeflection_decode,"ax",%progbits
 442              		.align	1
 443              		.global	RocketServoDeflection_decode
 444              		.syntax unified
 445              		.thumb
 446              		.thumb_func
 447              		.fpu fpv5-d16
 449              	RocketServoDeflection_decode:
 450              	.LVL31:
 451              	.LFB13:
 177:../Core/Src/protocol.c **** 
 178:../Core/Src/protocol.c **** void RocketServoDeflection_decode(uint8_t *input, struct RocketServoDeflection *output) {
 452              		.loc 1 178 89 is_stmt 1 view -0
 453              		.cfi_startproc
 454              		@ args = 0, pretend = 0, frame = 0
 455              		@ frame_needed = 0, uses_anonymous_args = 0
 456              		@ link register save eliminated.
 179:../Core/Src/protocol.c **** 		memcpy(&output->servo_deflection_1, input + 0, 4);
 457              		.loc 1 179 3 view .LVU93
 458 0000 0368     		ldr	r3, [r0]	@ unaligned
 459 0002 0B60     		str	r3, [r1]	@ unaligned
 180:../Core/Src/protocol.c **** 		memcpy(&output->servo_deflection_2, input + 4, 4);
 460              		.loc 1 180 3 view .LVU94
 461 0004 4368     		ldr	r3, [r0, #4]	@ unaligned
 462 0006 4B60     		str	r3, [r1, #4]	@ unaligned
 181:../Core/Src/protocol.c **** 		memcpy(&output->servo_deflection_3, input + 8, 4);
ARM GAS  /tmp/ccNOLBZV.s 			page 12


 463              		.loc 1 181 3 view .LVU95
 464 0008 8368     		ldr	r3, [r0, #8]	@ unaligned
 465 000a 8B60     		str	r3, [r1, #8]	@ unaligned
 182:../Core/Src/protocol.c **** 		memcpy(&output->servo_deflection_4, input + 12, 4);
 466              		.loc 1 182 3 view .LVU96
 467 000c C368     		ldr	r3, [r0, #12]	@ unaligned
 468 000e CB60     		str	r3, [r1, #12]	@ unaligned
 183:../Core/Src/protocol.c **** 		memcpy(&output->timestamp, input + 16, 8);
 469              		.loc 1 183 3 view .LVU97
 470 0010 0269     		ldr	r2, [r0, #16]	@ unaligned
 471 0012 4369     		ldr	r3, [r0, #20]	@ unaligned
 472 0014 0A61     		str	r2, [r1, #16]	@ unaligned
 473 0016 4B61     		str	r3, [r1, #20]	@ unaligned
 184:../Core/Src/protocol.c **** 
 185:../Core/Src/protocol.c **** }
 474              		.loc 1 185 1 is_stmt 0 view .LVU98
 475 0018 7047     		bx	lr
 476              		.cfi_endproc
 477              	.LFE13:
 479              		.section	.text.RocketState_encode,"ax",%progbits
 480              		.align	1
 481              		.global	RocketState_encode
 482              		.syntax unified
 483              		.thumb
 484              		.thumb_func
 485              		.fpu fpv5-d16
 487              	RocketState_encode:
 488              	.LVL32:
 489              	.LFB14:
 186:../Core/Src/protocol.c **** 
 187:../Core/Src/protocol.c **** 
 188:../Core/Src/protocol.c **** void RocketState_encode(struct RocketState *input, uint8_t *output) {
 490              		.loc 1 188 69 is_stmt 1 view -0
 491              		.cfi_startproc
 492              		@ args = 0, pretend = 0, frame = 0
 493              		@ frame_needed = 0, uses_anonymous_args = 0
 494              		@ link register save eliminated.
 189:../Core/Src/protocol.c **** 		memcpy(output + 0, &input->rocket_state, 1);
 495              		.loc 1 189 3 view .LVU100
 496 0000 0378     		ldrb	r3, [r0]	@ zero_extendqisi2
 497 0002 0B70     		strb	r3, [r1]
 190:../Core/Src/protocol.c **** 		memcpy(output + 1, &input->firing_channel_1, 1);
 498              		.loc 1 190 3 view .LVU101
 499 0004 4378     		ldrb	r3, [r0, #1]	@ zero_extendqisi2
 500 0006 4B70     		strb	r3, [r1, #1]
 191:../Core/Src/protocol.c **** 		memcpy(output + 2, &input->firing_channel_2, 1);
 501              		.loc 1 191 3 view .LVU102
 502 0008 8378     		ldrb	r3, [r0, #2]	@ zero_extendqisi2
 503 000a 8B70     		strb	r3, [r1, #2]
 192:../Core/Src/protocol.c **** 		memcpy(output + 3, &input->firing_channel_3, 1);
 504              		.loc 1 192 3 view .LVU103
 505 000c C378     		ldrb	r3, [r0, #3]	@ zero_extendqisi2
 506 000e CB70     		strb	r3, [r1, #3]
 193:../Core/Src/protocol.c **** 		memcpy(output + 4, &input->timestamp, 8);
 507              		.loc 1 193 3 view .LVU104
 508 0010 8268     		ldr	r2, [r0, #8]	@ unaligned
 509 0012 C368     		ldr	r3, [r0, #12]	@ unaligned
ARM GAS  /tmp/ccNOLBZV.s 			page 13


 510 0014 4A60     		str	r2, [r1, #4]	@ unaligned
 511 0016 8B60     		str	r3, [r1, #8]	@ unaligned
 194:../Core/Src/protocol.c **** 
 195:../Core/Src/protocol.c **** }
 512              		.loc 1 195 1 is_stmt 0 view .LVU105
 513 0018 7047     		bx	lr
 514              		.cfi_endproc
 515              	.LFE14:
 517              		.section	.text.RocketState_decode,"ax",%progbits
 518              		.align	1
 519              		.global	RocketState_decode
 520              		.syntax unified
 521              		.thumb
 522              		.thumb_func
 523              		.fpu fpv5-d16
 525              	RocketState_decode:
 526              	.LVL33:
 527              	.LFB15:
 196:../Core/Src/protocol.c **** 
 197:../Core/Src/protocol.c **** void RocketState_decode(uint8_t *input, struct RocketState *output) {
 528              		.loc 1 197 69 is_stmt 1 view -0
 529              		.cfi_startproc
 530              		@ args = 0, pretend = 0, frame = 0
 531              		@ frame_needed = 0, uses_anonymous_args = 0
 532              		@ link register save eliminated.
 198:../Core/Src/protocol.c **** 		memcpy(&output->rocket_state, input + 0, 1);
 533              		.loc 1 198 3 view .LVU107
 534 0000 0378     		ldrb	r3, [r0]	@ zero_extendqisi2
 535 0002 0B70     		strb	r3, [r1]
 199:../Core/Src/protocol.c **** 		memcpy(&output->firing_channel_1, input + 1, 1);
 536              		.loc 1 199 3 view .LVU108
 537 0004 4378     		ldrb	r3, [r0, #1]	@ zero_extendqisi2
 538 0006 4B70     		strb	r3, [r1, #1]
 200:../Core/Src/protocol.c **** 		memcpy(&output->firing_channel_2, input + 2, 1);
 539              		.loc 1 200 3 view .LVU109
 540 0008 8378     		ldrb	r3, [r0, #2]	@ zero_extendqisi2
 541 000a 8B70     		strb	r3, [r1, #2]
 201:../Core/Src/protocol.c **** 		memcpy(&output->firing_channel_3, input + 3, 1);
 542              		.loc 1 201 3 view .LVU110
 543 000c C378     		ldrb	r3, [r0, #3]	@ zero_extendqisi2
 544 000e CB70     		strb	r3, [r1, #3]
 202:../Core/Src/protocol.c **** 		memcpy(&output->timestamp, input + 4, 8);
 545              		.loc 1 202 3 view .LVU111
 546 0010 4268     		ldr	r2, [r0, #4]	@ unaligned
 547 0012 8368     		ldr	r3, [r0, #8]	@ unaligned
 548 0014 8A60     		str	r2, [r1, #8]	@ unaligned
 549 0016 CB60     		str	r3, [r1, #12]	@ unaligned
 203:../Core/Src/protocol.c **** 
 204:../Core/Src/protocol.c **** }
 550              		.loc 1 204 1 is_stmt 0 view .LVU112
 551 0018 7047     		bx	lr
 552              		.cfi_endproc
 553              	.LFE15:
 555              		.section	.text.RocketGroundEKF_encode,"ax",%progbits
 556              		.align	1
 557              		.global	RocketGroundEKF_encode
 558              		.syntax unified
ARM GAS  /tmp/ccNOLBZV.s 			page 14


 559              		.thumb
 560              		.thumb_func
 561              		.fpu fpv5-d16
 563              	RocketGroundEKF_encode:
 564              	.LVL34:
 565              	.LFB16:
 205:../Core/Src/protocol.c **** 
 206:../Core/Src/protocol.c **** 
 207:../Core/Src/protocol.c **** void RocketGroundEKF_encode(struct RocketGroundEKF *input, uint8_t *output) {
 566              		.loc 1 207 77 is_stmt 1 view -0
 567              		.cfi_startproc
 568              		@ args = 0, pretend = 0, frame = 0
 569              		@ frame_needed = 0, uses_anonymous_args = 0
 570              		@ link register save eliminated.
 208:../Core/Src/protocol.c **** 		memcpy(output + 0, &input->pn_matrix_d1, 4);
 571              		.loc 1 208 3 view .LVU114
 572 0000 0368     		ldr	r3, [r0]	@ unaligned
 573 0002 0B60     		str	r3, [r1]	@ unaligned
 209:../Core/Src/protocol.c **** 		memcpy(output + 4, &input->pn_matrix_d2, 4);
 574              		.loc 1 209 3 view .LVU115
 575 0004 4368     		ldr	r3, [r0, #4]	@ unaligned
 576 0006 4B60     		str	r3, [r1, #4]	@ unaligned
 210:../Core/Src/protocol.c **** 		memcpy(output + 8, &input->pn_matrix_d3, 4);
 577              		.loc 1 210 3 view .LVU116
 578 0008 8368     		ldr	r3, [r0, #8]	@ unaligned
 579 000a 8B60     		str	r3, [r1, #8]	@ unaligned
 211:../Core/Src/protocol.c **** 		memcpy(output + 12, &input->pn_matrix_d4, 4);
 580              		.loc 1 211 3 view .LVU117
 581 000c C368     		ldr	r3, [r0, #12]	@ unaligned
 582 000e CB60     		str	r3, [r1, #12]	@ unaligned
 212:../Core/Src/protocol.c **** 		memcpy(output + 16, &input->pn_matrix_d5, 4);
 583              		.loc 1 212 3 view .LVU118
 584 0010 0369     		ldr	r3, [r0, #16]	@ unaligned
 585 0012 0B61     		str	r3, [r1, #16]	@ unaligned
 213:../Core/Src/protocol.c **** 		memcpy(output + 20, &input->pn_matrix_d6, 4);
 586              		.loc 1 213 3 view .LVU119
 587 0014 4369     		ldr	r3, [r0, #20]	@ unaligned
 588 0016 4B61     		str	r3, [r1, #20]	@ unaligned
 214:../Core/Src/protocol.c **** 		memcpy(output + 24, &input->timestamp, 8);
 589              		.loc 1 214 3 view .LVU120
 590 0018 8269     		ldr	r2, [r0, #24]	@ unaligned
 591 001a C369     		ldr	r3, [r0, #28]	@ unaligned
 592 001c 8A61     		str	r2, [r1, #24]	@ unaligned
 593 001e CB61     		str	r3, [r1, #28]	@ unaligned
 215:../Core/Src/protocol.c **** 
 216:../Core/Src/protocol.c **** }
 594              		.loc 1 216 1 is_stmt 0 view .LVU121
 595 0020 7047     		bx	lr
 596              		.cfi_endproc
 597              	.LFE16:
 599              		.section	.text.RocketGroundEKF_decode,"ax",%progbits
 600              		.align	1
 601              		.global	RocketGroundEKF_decode
 602              		.syntax unified
 603              		.thumb
 604              		.thumb_func
 605              		.fpu fpv5-d16
ARM GAS  /tmp/ccNOLBZV.s 			page 15


 607              	RocketGroundEKF_decode:
 608              	.LVL35:
 609              	.LFB17:
 217:../Core/Src/protocol.c **** 
 218:../Core/Src/protocol.c **** void RocketGroundEKF_decode(uint8_t *input, struct RocketGroundEKF *output) {
 610              		.loc 1 218 77 is_stmt 1 view -0
 611              		.cfi_startproc
 612              		@ args = 0, pretend = 0, frame = 0
 613              		@ frame_needed = 0, uses_anonymous_args = 0
 614              		@ link register save eliminated.
 219:../Core/Src/protocol.c **** 		memcpy(&output->pn_matrix_d1, input + 0, 4);
 615              		.loc 1 219 3 view .LVU123
 616 0000 0368     		ldr	r3, [r0]	@ unaligned
 617 0002 0B60     		str	r3, [r1]	@ unaligned
 220:../Core/Src/protocol.c **** 		memcpy(&output->pn_matrix_d2, input + 4, 4);
 618              		.loc 1 220 3 view .LVU124
 619 0004 4368     		ldr	r3, [r0, #4]	@ unaligned
 620 0006 4B60     		str	r3, [r1, #4]	@ unaligned
 221:../Core/Src/protocol.c **** 		memcpy(&output->pn_matrix_d3, input + 8, 4);
 621              		.loc 1 221 3 view .LVU125
 622 0008 8368     		ldr	r3, [r0, #8]	@ unaligned
 623 000a 8B60     		str	r3, [r1, #8]	@ unaligned
 222:../Core/Src/protocol.c **** 		memcpy(&output->pn_matrix_d4, input + 12, 4);
 624              		.loc 1 222 3 view .LVU126
 625 000c C368     		ldr	r3, [r0, #12]	@ unaligned
 626 000e CB60     		str	r3, [r1, #12]	@ unaligned
 223:../Core/Src/protocol.c **** 		memcpy(&output->pn_matrix_d5, input + 16, 4);
 627              		.loc 1 223 3 view .LVU127
 628 0010 0369     		ldr	r3, [r0, #16]	@ unaligned
 629 0012 0B61     		str	r3, [r1, #16]	@ unaligned
 224:../Core/Src/protocol.c **** 		memcpy(&output->pn_matrix_d6, input + 20, 4);
 630              		.loc 1 224 3 view .LVU128
 631 0014 4369     		ldr	r3, [r0, #20]	@ unaligned
 632 0016 4B61     		str	r3, [r1, #20]	@ unaligned
 225:../Core/Src/protocol.c **** 		memcpy(&output->timestamp, input + 24, 8);
 633              		.loc 1 225 3 view .LVU129
 634 0018 8269     		ldr	r2, [r0, #24]	@ unaligned
 635 001a C369     		ldr	r3, [r0, #28]	@ unaligned
 636 001c 8A61     		str	r2, [r1, #24]	@ unaligned
 637 001e CB61     		str	r3, [r1, #28]	@ unaligned
 226:../Core/Src/protocol.c **** 
 227:../Core/Src/protocol.c **** }
 638              		.loc 1 227 1 is_stmt 0 view .LVU130
 639 0020 7047     		bx	lr
 640              		.cfi_endproc
 641              	.LFE17:
 643              		.section	.text.RocketSensorData_encode,"ax",%progbits
 644              		.align	1
 645              		.global	RocketSensorData_encode
 646              		.syntax unified
 647              		.thumb
 648              		.thumb_func
 649              		.fpu fpv5-d16
 651              	RocketSensorData_encode:
 652              	.LVL36:
 653              	.LFB18:
 228:../Core/Src/protocol.c **** 
ARM GAS  /tmp/ccNOLBZV.s 			page 16


 229:../Core/Src/protocol.c **** 
 230:../Core/Src/protocol.c **** void RocketSensorData_encode(struct RocketSensorData *input, uint8_t *output) {
 654              		.loc 1 230 79 is_stmt 1 view -0
 655              		.cfi_startproc
 656              		@ args = 0, pretend = 0, frame = 0
 657              		@ frame_needed = 0, uses_anonymous_args = 0
 658              		@ link register save eliminated.
 231:../Core/Src/protocol.c **** 		memcpy(output + 0, &input->accelerometer_x, 4);
 659              		.loc 1 231 3 view .LVU132
 660 0000 0368     		ldr	r3, [r0]	@ unaligned
 661 0002 0B60     		str	r3, [r1]	@ unaligned
 232:../Core/Src/protocol.c **** 		memcpy(output + 4, &input->accelerometer_y, 4);
 662              		.loc 1 232 3 view .LVU133
 663 0004 4368     		ldr	r3, [r0, #4]	@ unaligned
 664 0006 4B60     		str	r3, [r1, #4]	@ unaligned
 233:../Core/Src/protocol.c **** 		memcpy(output + 8, &input->accelerometer_z, 4);
 665              		.loc 1 233 3 view .LVU134
 666 0008 8368     		ldr	r3, [r0, #8]	@ unaligned
 667 000a 8B60     		str	r3, [r1, #8]	@ unaligned
 234:../Core/Src/protocol.c **** 		memcpy(output + 12, &input->gyro_x, 4);
 668              		.loc 1 234 3 view .LVU135
 669 000c C368     		ldr	r3, [r0, #12]	@ unaligned
 670 000e CB60     		str	r3, [r1, #12]	@ unaligned
 235:../Core/Src/protocol.c **** 		memcpy(output + 16, &input->gyro_y, 4);
 671              		.loc 1 235 3 view .LVU136
 672 0010 0369     		ldr	r3, [r0, #16]	@ unaligned
 673 0012 0B61     		str	r3, [r1, #16]	@ unaligned
 236:../Core/Src/protocol.c **** 		memcpy(output + 20, &input->gyro_z, 4);
 674              		.loc 1 236 3 view .LVU137
 675 0014 4369     		ldr	r3, [r0, #20]	@ unaligned
 676 0016 4B61     		str	r3, [r1, #20]	@ unaligned
 237:../Core/Src/protocol.c **** 		memcpy(output + 24, &input->gps_x, 4);
 677              		.loc 1 237 3 view .LVU138
 678 0018 8369     		ldr	r3, [r0, #24]	@ unaligned
 679 001a 8B61     		str	r3, [r1, #24]	@ unaligned
 238:../Core/Src/protocol.c **** 		memcpy(output + 28, &input->gps_y, 4);
 680              		.loc 1 238 3 view .LVU139
 681 001c C369     		ldr	r3, [r0, #28]	@ unaligned
 682 001e CB61     		str	r3, [r1, #28]	@ unaligned
 239:../Core/Src/protocol.c **** 		memcpy(output + 32, &input->gps_z, 4);
 683              		.loc 1 239 3 view .LVU140
 684 0020 036A     		ldr	r3, [r0, #32]	@ unaligned
 685 0022 0B62     		str	r3, [r1, #32]	@ unaligned
 240:../Core/Src/protocol.c **** 		memcpy(output + 36, &input->barometer, 4);
 686              		.loc 1 240 3 view .LVU141
 687 0024 436A     		ldr	r3, [r0, #36]	@ unaligned
 688 0026 4B62     		str	r3, [r1, #36]	@ unaligned
 241:../Core/Src/protocol.c **** 		memcpy(output + 40, &input->timestamp, 8);
 689              		.loc 1 241 3 view .LVU142
 690 0028 826A     		ldr	r2, [r0, #40]	@ unaligned
 691 002a C36A     		ldr	r3, [r0, #44]	@ unaligned
 692 002c 8A62     		str	r2, [r1, #40]	@ unaligned
 693 002e CB62     		str	r3, [r1, #44]	@ unaligned
 242:../Core/Src/protocol.c **** 
 243:../Core/Src/protocol.c **** }
 694              		.loc 1 243 1 is_stmt 0 view .LVU143
 695 0030 7047     		bx	lr
ARM GAS  /tmp/ccNOLBZV.s 			page 17


 696              		.cfi_endproc
 697              	.LFE18:
 699              		.section	.text.RocketSensorData_decode,"ax",%progbits
 700              		.align	1
 701              		.global	RocketSensorData_decode
 702              		.syntax unified
 703              		.thumb
 704              		.thumb_func
 705              		.fpu fpv5-d16
 707              	RocketSensorData_decode:
 708              	.LVL37:
 709              	.LFB19:
 244:../Core/Src/protocol.c **** 
 245:../Core/Src/protocol.c **** void RocketSensorData_decode(uint8_t *input, struct RocketSensorData *output) {
 710              		.loc 1 245 79 is_stmt 1 view -0
 711              		.cfi_startproc
 712              		@ args = 0, pretend = 0, frame = 0
 713              		@ frame_needed = 0, uses_anonymous_args = 0
 714              		@ link register save eliminated.
 246:../Core/Src/protocol.c **** 		memcpy(&output->accelerometer_x, input + 0, 4);
 715              		.loc 1 246 3 view .LVU145
 716 0000 0368     		ldr	r3, [r0]	@ unaligned
 717 0002 0B60     		str	r3, [r1]	@ unaligned
 247:../Core/Src/protocol.c **** 		memcpy(&output->accelerometer_y, input + 4, 4);
 718              		.loc 1 247 3 view .LVU146
 719 0004 4368     		ldr	r3, [r0, #4]	@ unaligned
 720 0006 4B60     		str	r3, [r1, #4]	@ unaligned
 248:../Core/Src/protocol.c **** 		memcpy(&output->accelerometer_z, input + 8, 4);
 721              		.loc 1 248 3 view .LVU147
 722 0008 8368     		ldr	r3, [r0, #8]	@ unaligned
 723 000a 8B60     		str	r3, [r1, #8]	@ unaligned
 249:../Core/Src/protocol.c **** 		memcpy(&output->gyro_x, input + 12, 4);
 724              		.loc 1 249 3 view .LVU148
 725 000c C368     		ldr	r3, [r0, #12]	@ unaligned
 726 000e CB60     		str	r3, [r1, #12]	@ unaligned
 250:../Core/Src/protocol.c **** 		memcpy(&output->gyro_y, input + 16, 4);
 727              		.loc 1 250 3 view .LVU149
 728 0010 0369     		ldr	r3, [r0, #16]	@ unaligned
 729 0012 0B61     		str	r3, [r1, #16]	@ unaligned
 251:../Core/Src/protocol.c **** 		memcpy(&output->gyro_z, input + 20, 4);
 730              		.loc 1 251 3 view .LVU150
 731 0014 4369     		ldr	r3, [r0, #20]	@ unaligned
 732 0016 4B61     		str	r3, [r1, #20]	@ unaligned
 252:../Core/Src/protocol.c **** 		memcpy(&output->gps_x, input + 24, 4);
 733              		.loc 1 252 3 view .LVU151
 734 0018 8369     		ldr	r3, [r0, #24]	@ unaligned
 735 001a 8B61     		str	r3, [r1, #24]	@ unaligned
 253:../Core/Src/protocol.c **** 		memcpy(&output->gps_y, input + 28, 4);
 736              		.loc 1 253 3 view .LVU152
 737 001c C369     		ldr	r3, [r0, #28]	@ unaligned
 738 001e CB61     		str	r3, [r1, #28]	@ unaligned
 254:../Core/Src/protocol.c **** 		memcpy(&output->gps_z, input + 32, 4);
 739              		.loc 1 254 3 view .LVU153
 740 0020 036A     		ldr	r3, [r0, #32]	@ unaligned
 741 0022 0B62     		str	r3, [r1, #32]	@ unaligned
 255:../Core/Src/protocol.c **** 		memcpy(&output->barometer, input + 36, 4);
 742              		.loc 1 255 3 view .LVU154
ARM GAS  /tmp/ccNOLBZV.s 			page 18


 743 0024 436A     		ldr	r3, [r0, #36]	@ unaligned
 744 0026 4B62     		str	r3, [r1, #36]	@ unaligned
 256:../Core/Src/protocol.c **** 		memcpy(&output->timestamp, input + 40, 8);
 745              		.loc 1 256 3 view .LVU155
 746 0028 826A     		ldr	r2, [r0, #40]	@ unaligned
 747 002a C36A     		ldr	r3, [r0, #44]	@ unaligned
 748 002c 8A62     		str	r2, [r1, #40]	@ unaligned
 749 002e CB62     		str	r3, [r1, #44]	@ unaligned
 257:../Core/Src/protocol.c **** 
 258:../Core/Src/protocol.c **** }
 750              		.loc 1 258 1 is_stmt 0 view .LVU156
 751 0030 7047     		bx	lr
 752              		.cfi_endproc
 753              	.LFE19:
 755              		.section	.text.RocketAnalogFeedbackData_encode,"ax",%progbits
 756              		.align	1
 757              		.global	RocketAnalogFeedbackData_encode
 758              		.syntax unified
 759              		.thumb
 760              		.thumb_func
 761              		.fpu fpv5-d16
 763              	RocketAnalogFeedbackData_encode:
 764              	.LVL38:
 765              	.LFB20:
 259:../Core/Src/protocol.c **** 
 260:../Core/Src/protocol.c **** 
 261:../Core/Src/protocol.c **** void RocketAnalogFeedbackData_encode(struct RocketAnalogFeedbackData *input, uint8_t *output) {
 766              		.loc 1 261 95 is_stmt 1 view -0
 767              		.cfi_startproc
 768              		@ args = 0, pretend = 0, frame = 0
 769              		@ frame_needed = 0, uses_anonymous_args = 0
 770              		@ link register save eliminated.
 262:../Core/Src/protocol.c **** 		memcpy(output + 0, &input->voltage_fb_33, 4);
 771              		.loc 1 262 3 view .LVU158
 772 0000 0368     		ldr	r3, [r0]	@ unaligned
 773 0002 0B60     		str	r3, [r1]	@ unaligned
 263:../Core/Src/protocol.c **** 		memcpy(output + 4, &input->current_fb_33, 4);
 774              		.loc 1 263 3 view .LVU159
 775 0004 4368     		ldr	r3, [r0, #4]	@ unaligned
 776 0006 4B60     		str	r3, [r1, #4]	@ unaligned
 264:../Core/Src/protocol.c **** 		memcpy(output + 8, &input->pyro_0_cont, 4);
 777              		.loc 1 264 3 view .LVU160
 778 0008 8368     		ldr	r3, [r0, #8]	@ unaligned
 779 000a 8B60     		str	r3, [r1, #8]	@ unaligned
 265:../Core/Src/protocol.c **** 		memcpy(output + 12, &input->pyro_1_cont, 4);
 780              		.loc 1 265 3 view .LVU161
 781 000c C368     		ldr	r3, [r0, #12]	@ unaligned
 782 000e CB60     		str	r3, [r1, #12]	@ unaligned
 266:../Core/Src/protocol.c **** 		memcpy(output + 16, &input->pyro_2_cont, 4);
 783              		.loc 1 266 3 view .LVU162
 784 0010 0369     		ldr	r3, [r0, #16]	@ unaligned
 785 0012 0B61     		str	r3, [r1, #16]	@ unaligned
 267:../Core/Src/protocol.c **** 		memcpy(output + 20, &input->pyro_channel_deploy, 1);
 786              		.loc 1 267 3 view .LVU163
 787 0014 037D     		ldrb	r3, [r0, #20]	@ zero_extendqisi2
 788 0016 0B75     		strb	r3, [r1, #20]
 268:../Core/Src/protocol.c **** 		memcpy(output + 21, &input->timestamp, 8);
ARM GAS  /tmp/ccNOLBZV.s 			page 19


 789              		.loc 1 268 3 view .LVU164
 790 0018 8269     		ldr	r2, [r0, #24]	@ unaligned
 791 001a C369     		ldr	r3, [r0, #28]	@ unaligned
 792 001c C1F81520 		str	r2, [r1, #21]	@ unaligned
 793 0020 C1F81930 		str	r3, [r1, #25]	@ unaligned
 269:../Core/Src/protocol.c **** 
 270:../Core/Src/protocol.c **** }
 794              		.loc 1 270 1 is_stmt 0 view .LVU165
 795 0024 7047     		bx	lr
 796              		.cfi_endproc
 797              	.LFE20:
 799              		.section	.text.RocketAnalogFeedbackData_decode,"ax",%progbits
 800              		.align	1
 801              		.global	RocketAnalogFeedbackData_decode
 802              		.syntax unified
 803              		.thumb
 804              		.thumb_func
 805              		.fpu fpv5-d16
 807              	RocketAnalogFeedbackData_decode:
 808              	.LVL39:
 809              	.LFB21:
 271:../Core/Src/protocol.c **** 
 272:../Core/Src/protocol.c **** void RocketAnalogFeedbackData_decode(uint8_t *input, struct RocketAnalogFeedbackData *output) {
 810              		.loc 1 272 95 is_stmt 1 view -0
 811              		.cfi_startproc
 812              		@ args = 0, pretend = 0, frame = 0
 813              		@ frame_needed = 0, uses_anonymous_args = 0
 814              		@ link register save eliminated.
 273:../Core/Src/protocol.c **** 		memcpy(&output->voltage_fb_33, input + 0, 4);
 815              		.loc 1 273 3 view .LVU167
 816 0000 0368     		ldr	r3, [r0]	@ unaligned
 817 0002 0B60     		str	r3, [r1]	@ unaligned
 274:../Core/Src/protocol.c **** 		memcpy(&output->current_fb_33, input + 4, 4);
 818              		.loc 1 274 3 view .LVU168
 819 0004 4368     		ldr	r3, [r0, #4]	@ unaligned
 820 0006 4B60     		str	r3, [r1, #4]	@ unaligned
 275:../Core/Src/protocol.c **** 		memcpy(&output->pyro_0_cont, input + 8, 4);
 821              		.loc 1 275 3 view .LVU169
 822 0008 8368     		ldr	r3, [r0, #8]	@ unaligned
 823 000a 8B60     		str	r3, [r1, #8]	@ unaligned
 276:../Core/Src/protocol.c **** 		memcpy(&output->pyro_1_cont, input + 12, 4);
 824              		.loc 1 276 3 view .LVU170
 825 000c C368     		ldr	r3, [r0, #12]	@ unaligned
 826 000e CB60     		str	r3, [r1, #12]	@ unaligned
 277:../Core/Src/protocol.c **** 		memcpy(&output->pyro_2_cont, input + 16, 4);
 827              		.loc 1 277 3 view .LVU171
 828 0010 0369     		ldr	r3, [r0, #16]	@ unaligned
 829 0012 0B61     		str	r3, [r1, #16]	@ unaligned
 278:../Core/Src/protocol.c **** 		memcpy(&output->pyro_channel_deploy, input + 20, 1);
 830              		.loc 1 278 3 view .LVU172
 831 0014 037D     		ldrb	r3, [r0, #20]	@ zero_extendqisi2
 832 0016 0B75     		strb	r3, [r1, #20]
 279:../Core/Src/protocol.c **** 		memcpy(&output->timestamp, input + 21, 8);
 833              		.loc 1 279 3 view .LVU173
 834 0018 D0F81520 		ldr	r2, [r0, #21]	@ unaligned
 835 001c D0F81930 		ldr	r3, [r0, #25]	@ unaligned
 836 0020 8A61     		str	r2, [r1, #24]	@ unaligned
ARM GAS  /tmp/ccNOLBZV.s 			page 20


 837 0022 CB61     		str	r3, [r1, #28]	@ unaligned
 280:../Core/Src/protocol.c **** 
 281:../Core/Src/protocol.c **** }...
 838              		.loc 1 281 1 is_stmt 0 view .LVU174
 839 0024 7047     		bx	lr
 840              		.cfi_endproc
 841              	.LFE21:
 843              		.text
 844              	.Letext0:
 845              		.file 2 "/usr/include/newlib/machine/_default_types.h"
 846              		.file 3 "/usr/lib/gcc/arm-none-eabi/10.3.1/include/stddef.h"
 847              		.file 4 "/usr/include/newlib/sys/_stdint.h"
 848              		.file 5 "../Core/Include/protocol.h"
ARM GAS  /tmp/ccNOLBZV.s 			page 21


DEFINED SYMBOLS
                            *ABS*:0000000000000000 protocol.c
     /tmp/ccNOLBZV.s:17     .text.is_command_packet:0000000000000000 $t
     /tmp/ccNOLBZV.s:25     .text.is_command_packet:0000000000000000 is_command_packet
     /tmp/ccNOLBZV.s:68     .text.get_command_uuid:0000000000000000 $t
     /tmp/ccNOLBZV.s:75     .text.get_command_uuid:0000000000000000 get_command_uuid
     /tmp/ccNOLBZV.s:93     .text.reformat_as_command_ack_packet:0000000000000000 $t
     /tmp/ccNOLBZV.s:100    .text.reformat_as_command_ack_packet:0000000000000000 reformat_as_command_ack_packet
     /tmp/ccNOLBZV.s:118    .text.generate_command_payload:0000000000000000 $t
     /tmp/ccNOLBZV.s:125    .text.generate_command_payload:0000000000000000 generate_command_payload
     /tmp/ccNOLBZV.s:147    .text.extract_command:0000000000000000 $t
     /tmp/ccNOLBZV.s:154    .text.extract_command:0000000000000000 extract_command
     /tmp/ccNOLBZV.s:192    .text.get_msg_size:0000000000000000 $t
     /tmp/ccNOLBZV.s:199    .text.get_msg_size:0000000000000000 get_msg_size
     /tmp/ccNOLBZV.s:213    .text.get_msg_size:000000000000000c $d
     /tmp/ccNOLBZV.s:219    .text.get_msg_size:0000000000000012 $t
     /tmp/ccNOLBZV.s:261    .text.is_data_send_msg:0000000000000000 $t
     /tmp/ccNOLBZV.s:268    .text.is_data_send_msg:0000000000000000 is_data_send_msg
     /tmp/ccNOLBZV.s:292    .text.RocketStateVector_encode:0000000000000000 $t
     /tmp/ccNOLBZV.s:299    .text.RocketStateVector_encode:0000000000000000 RocketStateVector_encode
     /tmp/ccNOLBZV.s:348    .text.RocketStateVector_decode:0000000000000000 $t
     /tmp/ccNOLBZV.s:355    .text.RocketStateVector_decode:0000000000000000 RocketStateVector_decode
     /tmp/ccNOLBZV.s:404    .text.RocketServoDeflection_encode:0000000000000000 $t
     /tmp/ccNOLBZV.s:411    .text.RocketServoDeflection_encode:0000000000000000 RocketServoDeflection_encode
     /tmp/ccNOLBZV.s:442    .text.RocketServoDeflection_decode:0000000000000000 $t
     /tmp/ccNOLBZV.s:449    .text.RocketServoDeflection_decode:0000000000000000 RocketServoDeflection_decode
     /tmp/ccNOLBZV.s:480    .text.RocketState_encode:0000000000000000 $t
     /tmp/ccNOLBZV.s:487    .text.RocketState_encode:0000000000000000 RocketState_encode
     /tmp/ccNOLBZV.s:518    .text.RocketState_decode:0000000000000000 $t
     /tmp/ccNOLBZV.s:525    .text.RocketState_decode:0000000000000000 RocketState_decode
     /tmp/ccNOLBZV.s:556    .text.RocketGroundEKF_encode:0000000000000000 $t
     /tmp/ccNOLBZV.s:563    .text.RocketGroundEKF_encode:0000000000000000 RocketGroundEKF_encode
     /tmp/ccNOLBZV.s:600    .text.RocketGroundEKF_decode:0000000000000000 $t
     /tmp/ccNOLBZV.s:607    .text.RocketGroundEKF_decode:0000000000000000 RocketGroundEKF_decode
     /tmp/ccNOLBZV.s:644    .text.RocketSensorData_encode:0000000000000000 $t
     /tmp/ccNOLBZV.s:651    .text.RocketSensorData_encode:0000000000000000 RocketSensorData_encode
     /tmp/ccNOLBZV.s:700    .text.RocketSensorData_decode:0000000000000000 $t
     /tmp/ccNOLBZV.s:707    .text.RocketSensorData_decode:0000000000000000 RocketSensorData_decode
     /tmp/ccNOLBZV.s:756    .text.RocketAnalogFeedbackData_encode:0000000000000000 $t
     /tmp/ccNOLBZV.s:763    .text.RocketAnalogFeedbackData_encode:0000000000000000 RocketAnalogFeedbackData_encode
     /tmp/ccNOLBZV.s:800    .text.RocketAnalogFeedbackData_decode:0000000000000000 $t
     /tmp/ccNOLBZV.s:807    .text.RocketAnalogFeedbackData_decode:0000000000000000 RocketAnalogFeedbackData_decode

NO UNDEFINED SYMBOLS
