ARM GAS  /tmp/ccjw4zKe.s 			page 1


   1              		.cpu cortex-m7
   2              		.eabi_attribute 28, 1
   3              		.eabi_attribute 20, 1
   4              		.eabi_attribute 21, 1
   5              		.eabi_attribute 23, 3
   6              		.eabi_attribute 24, 1
   7              		.eabi_attribute 25, 1
   8              		.eabi_attribute 26, 1
   9              		.eabi_attribute 30, 1
  10              		.eabi_attribute 34, 1
  11              		.eabi_attribute 18, 4
  12              		.file	"stm32h7xx_hal_timebase_tim.c"
  13              		.text
  14              	.Ltext0:
  15              		.cfi_sections	.debug_frame
  16              		.section	.text.HAL_InitTick,"ax",%progbits
  17              		.align	1
  18              		.global	HAL_InitTick
  19              		.arch armv7e-m
  20              		.syntax unified
  21              		.thumb
  22              		.thumb_func
  23              		.fpu fpv5-d16
  25              	HAL_InitTick:
  26              	.LVL0:
  27              	.LFB144:
  28              		.file 1 "Core/Src/stm32h7xx_hal_timebase_tim.c"
   1:Core/Src/stm32h7xx_hal_timebase_tim.c **** /* USER CODE BEGIN Header */
   2:Core/Src/stm32h7xx_hal_timebase_tim.c **** /**
   3:Core/Src/stm32h7xx_hal_timebase_tim.c ****   ******************************************************************************
   4:Core/Src/stm32h7xx_hal_timebase_tim.c ****   * @file    stm32h7xx_hal_timebase_tim.c
   5:Core/Src/stm32h7xx_hal_timebase_tim.c ****   * @brief   HAL time base based on the hardware TIM.
   6:Core/Src/stm32h7xx_hal_timebase_tim.c ****   ******************************************************************************
   7:Core/Src/stm32h7xx_hal_timebase_tim.c ****   * @attention
   8:Core/Src/stm32h7xx_hal_timebase_tim.c ****   *
   9:Core/Src/stm32h7xx_hal_timebase_tim.c ****   * Copyright (c) 2024 STMicroelectronics.
  10:Core/Src/stm32h7xx_hal_timebase_tim.c ****   * All rights reserved.
  11:Core/Src/stm32h7xx_hal_timebase_tim.c ****   *
  12:Core/Src/stm32h7xx_hal_timebase_tim.c ****   * This software is licensed under terms that can be found in the LICENSE file
  13:Core/Src/stm32h7xx_hal_timebase_tim.c ****   * in the root directory of this software component.
  14:Core/Src/stm32h7xx_hal_timebase_tim.c ****   * If no LICENSE file comes with this software, it is provided AS-IS.
  15:Core/Src/stm32h7xx_hal_timebase_tim.c ****   *
  16:Core/Src/stm32h7xx_hal_timebase_tim.c ****   ******************************************************************************
  17:Core/Src/stm32h7xx_hal_timebase_tim.c ****   */
  18:Core/Src/stm32h7xx_hal_timebase_tim.c **** /* USER CODE END Header */
  19:Core/Src/stm32h7xx_hal_timebase_tim.c **** 
  20:Core/Src/stm32h7xx_hal_timebase_tim.c **** /* Includes ------------------------------------------------------------------*/
  21:Core/Src/stm32h7xx_hal_timebase_tim.c **** #include "stm32h7xx_hal.h"
  22:Core/Src/stm32h7xx_hal_timebase_tim.c **** #include "stm32h7xx_hal_tim.h"
  23:Core/Src/stm32h7xx_hal_timebase_tim.c **** 
  24:Core/Src/stm32h7xx_hal_timebase_tim.c **** /* Private typedef -----------------------------------------------------------*/
  25:Core/Src/stm32h7xx_hal_timebase_tim.c **** /* Private define ------------------------------------------------------------*/
  26:Core/Src/stm32h7xx_hal_timebase_tim.c **** /* Private macro -------------------------------------------------------------*/
  27:Core/Src/stm32h7xx_hal_timebase_tim.c **** /* Private variables ---------------------------------------------------------*/
  28:Core/Src/stm32h7xx_hal_timebase_tim.c **** TIM_HandleTypeDef        htim1;
  29:Core/Src/stm32h7xx_hal_timebase_tim.c **** /* Private function prototypes -----------------------------------------------*/
  30:Core/Src/stm32h7xx_hal_timebase_tim.c **** /* Private functions ---------------------------------------------------------*/
ARM GAS  /tmp/ccjw4zKe.s 			page 2


  31:Core/Src/stm32h7xx_hal_timebase_tim.c **** 
  32:Core/Src/stm32h7xx_hal_timebase_tim.c **** /**
  33:Core/Src/stm32h7xx_hal_timebase_tim.c ****   * @brief  This function configures the TIM1 as a time base source.
  34:Core/Src/stm32h7xx_hal_timebase_tim.c ****   *         The time source is configured  to have 1ms time base with a dedicated
  35:Core/Src/stm32h7xx_hal_timebase_tim.c ****   *         Tick interrupt priority.
  36:Core/Src/stm32h7xx_hal_timebase_tim.c ****   * @note   This function is called  automatically at the beginning of program after
  37:Core/Src/stm32h7xx_hal_timebase_tim.c ****   *         reset by HAL_Init() or at any time when clock is configured, by HAL_RCC_ClockConfig().
  38:Core/Src/stm32h7xx_hal_timebase_tim.c ****   * @param  TickPriority: Tick interrupt priority.
  39:Core/Src/stm32h7xx_hal_timebase_tim.c ****   * @retval HAL status
  40:Core/Src/stm32h7xx_hal_timebase_tim.c ****   */
  41:Core/Src/stm32h7xx_hal_timebase_tim.c **** HAL_StatusTypeDef HAL_InitTick(uint32_t TickPriority)
  42:Core/Src/stm32h7xx_hal_timebase_tim.c **** {
  29              		.loc 1 42 1 view -0
  30              		.cfi_startproc
  31              		@ args = 0, pretend = 0, frame = 40
  32              		@ frame_needed = 0, uses_anonymous_args = 0
  43:Core/Src/stm32h7xx_hal_timebase_tim.c ****   RCC_ClkInitTypeDef    clkconfig;
  33              		.loc 1 43 3 view .LVU1
  44:Core/Src/stm32h7xx_hal_timebase_tim.c ****   uint32_t              uwTimclock;
  34              		.loc 1 44 3 view .LVU2
  45:Core/Src/stm32h7xx_hal_timebase_tim.c **** 
  46:Core/Src/stm32h7xx_hal_timebase_tim.c ****   uint32_t              uwPrescalerValue;
  35              		.loc 1 46 3 view .LVU3
  47:Core/Src/stm32h7xx_hal_timebase_tim.c ****   uint32_t              pFLatency;
  36              		.loc 1 47 3 view .LVU4
  48:Core/Src/stm32h7xx_hal_timebase_tim.c ****   /*Configure the TIM1 IRQ priority */
  49:Core/Src/stm32h7xx_hal_timebase_tim.c ****   if (TickPriority < (1UL << __NVIC_PRIO_BITS))
  37              		.loc 1 49 3 view .LVU5
  38              		.loc 1 49 6 is_stmt 0 view .LVU6
  39 0000 0F28     		cmp	r0, #15
  40 0002 01D9     		bls	.L9
  50:Core/Src/stm32h7xx_hal_timebase_tim.c ****    {
  51:Core/Src/stm32h7xx_hal_timebase_tim.c ****      HAL_NVIC_SetPriority(TIM1_UP_IRQn, TickPriority ,0);
  52:Core/Src/stm32h7xx_hal_timebase_tim.c **** 
  53:Core/Src/stm32h7xx_hal_timebase_tim.c ****      /* Enable the TIM1 global Interrupt */
  54:Core/Src/stm32h7xx_hal_timebase_tim.c ****      HAL_NVIC_EnableIRQ(TIM1_UP_IRQn);
  55:Core/Src/stm32h7xx_hal_timebase_tim.c ****      uwTickPrio = TickPriority;
  56:Core/Src/stm32h7xx_hal_timebase_tim.c ****     }
  57:Core/Src/stm32h7xx_hal_timebase_tim.c ****   else
  58:Core/Src/stm32h7xx_hal_timebase_tim.c ****   {
  59:Core/Src/stm32h7xx_hal_timebase_tim.c ****     return HAL_ERROR;
  41              		.loc 1 59 12 view .LVU7
  42 0004 0120     		movs	r0, #1
  43              	.LVL1:
  60:Core/Src/stm32h7xx_hal_timebase_tim.c ****   }
  61:Core/Src/stm32h7xx_hal_timebase_tim.c **** 
  62:Core/Src/stm32h7xx_hal_timebase_tim.c ****   /* Enable TIM1 clock */
  63:Core/Src/stm32h7xx_hal_timebase_tim.c ****   __HAL_RCC_TIM1_CLK_ENABLE();
  64:Core/Src/stm32h7xx_hal_timebase_tim.c ****   /* Get clock configuration */
  65:Core/Src/stm32h7xx_hal_timebase_tim.c ****   HAL_RCC_GetClockConfig(&clkconfig, &pFLatency);
  66:Core/Src/stm32h7xx_hal_timebase_tim.c ****   /* Compute TIM1 clock */
  67:Core/Src/stm32h7xx_hal_timebase_tim.c ****       uwTimclock = HAL_RCC_GetPCLK2Freq();
  68:Core/Src/stm32h7xx_hal_timebase_tim.c **** 
  69:Core/Src/stm32h7xx_hal_timebase_tim.c ****   /* Compute the prescaler value to have TIM1 counter clock equal to 1MHz */
  70:Core/Src/stm32h7xx_hal_timebase_tim.c ****   uwPrescalerValue = (uint32_t) ((uwTimclock / 1000000U) - 1U);
  71:Core/Src/stm32h7xx_hal_timebase_tim.c **** 
  72:Core/Src/stm32h7xx_hal_timebase_tim.c ****   /* Initialize TIM1 */
ARM GAS  /tmp/ccjw4zKe.s 			page 3


  73:Core/Src/stm32h7xx_hal_timebase_tim.c ****   htim1.Instance = TIM1;
  74:Core/Src/stm32h7xx_hal_timebase_tim.c **** 
  75:Core/Src/stm32h7xx_hal_timebase_tim.c ****   /* Initialize TIMx peripheral as follow:
  76:Core/Src/stm32h7xx_hal_timebase_tim.c **** 
  77:Core/Src/stm32h7xx_hal_timebase_tim.c ****   + Period = [(TIM1CLK/1000) - 1]. to have a (1/1000) s time base.
  78:Core/Src/stm32h7xx_hal_timebase_tim.c ****   + Prescaler = (uwTimclock/1000000 - 1) to have a 1MHz counter clock.
  79:Core/Src/stm32h7xx_hal_timebase_tim.c ****   + ClockDivision = 0
  80:Core/Src/stm32h7xx_hal_timebase_tim.c ****   + Counter direction = Up
  81:Core/Src/stm32h7xx_hal_timebase_tim.c ****   */
  82:Core/Src/stm32h7xx_hal_timebase_tim.c ****   htim1.Init.Period = (1000000U / 1000U) - 1U;
  83:Core/Src/stm32h7xx_hal_timebase_tim.c ****   htim1.Init.Prescaler = uwPrescalerValue;
  84:Core/Src/stm32h7xx_hal_timebase_tim.c ****   htim1.Init.ClockDivision = 0;
  85:Core/Src/stm32h7xx_hal_timebase_tim.c ****   htim1.Init.CounterMode = TIM_COUNTERMODE_UP;
  86:Core/Src/stm32h7xx_hal_timebase_tim.c **** 
  87:Core/Src/stm32h7xx_hal_timebase_tim.c ****   if(HAL_TIM_Base_Init(&htim1) == HAL_OK)
  88:Core/Src/stm32h7xx_hal_timebase_tim.c ****   {
  89:Core/Src/stm32h7xx_hal_timebase_tim.c ****     /* Start the TIM time Base generation in interrupt mode */
  90:Core/Src/stm32h7xx_hal_timebase_tim.c ****     return HAL_TIM_Base_Start_IT(&htim1);
  91:Core/Src/stm32h7xx_hal_timebase_tim.c ****   }
  92:Core/Src/stm32h7xx_hal_timebase_tim.c **** 
  93:Core/Src/stm32h7xx_hal_timebase_tim.c ****   /* Return function status */
  94:Core/Src/stm32h7xx_hal_timebase_tim.c ****   return HAL_ERROR;
  95:Core/Src/stm32h7xx_hal_timebase_tim.c **** }
  44              		.loc 1 95 1 view .LVU8
  45 0006 7047     		bx	lr
  46              	.LVL2:
  47              	.L9:
  42:Core/Src/stm32h7xx_hal_timebase_tim.c ****   RCC_ClkInitTypeDef    clkconfig;
  48              		.loc 1 42 1 view .LVU9
  49 0008 10B5     		push	{r4, lr}
  50              	.LCFI0:
  51              		.cfi_def_cfa_offset 8
  52              		.cfi_offset 4, -8
  53              		.cfi_offset 14, -4
  54 000a 8AB0     		sub	sp, sp, #40
  55              	.LCFI1:
  56              		.cfi_def_cfa_offset 48
  57 000c 0446     		mov	r4, r0
  51:Core/Src/stm32h7xx_hal_timebase_tim.c **** 
  58              		.loc 1 51 6 is_stmt 1 view .LVU10
  59 000e 0022     		movs	r2, #0
  60 0010 0146     		mov	r1, r0
  61 0012 1920     		movs	r0, #25
  62              	.LVL3:
  51:Core/Src/stm32h7xx_hal_timebase_tim.c **** 
  63              		.loc 1 51 6 is_stmt 0 view .LVU11
  64 0014 FFF7FEFF 		bl	HAL_NVIC_SetPriority
  65              	.LVL4:
  54:Core/Src/stm32h7xx_hal_timebase_tim.c ****      uwTickPrio = TickPriority;
  66              		.loc 1 54 6 is_stmt 1 view .LVU12
  67 0018 1920     		movs	r0, #25
  68 001a FFF7FEFF 		bl	HAL_NVIC_EnableIRQ
  69              	.LVL5:
  55:Core/Src/stm32h7xx_hal_timebase_tim.c ****     }
  70              		.loc 1 55 6 view .LVU13
  55:Core/Src/stm32h7xx_hal_timebase_tim.c ****     }
  71              		.loc 1 55 17 is_stmt 0 view .LVU14
ARM GAS  /tmp/ccjw4zKe.s 			page 4


  72 001e 174B     		ldr	r3, .L11
  73 0020 1C60     		str	r4, [r3]
  63:Core/Src/stm32h7xx_hal_timebase_tim.c ****   /* Get clock configuration */
  74              		.loc 1 63 3 is_stmt 1 view .LVU15
  75              	.LBB2:
  63:Core/Src/stm32h7xx_hal_timebase_tim.c ****   /* Get clock configuration */
  76              		.loc 1 63 3 view .LVU16
  63:Core/Src/stm32h7xx_hal_timebase_tim.c ****   /* Get clock configuration */
  77              		.loc 1 63 3 view .LVU17
  78 0022 174B     		ldr	r3, .L11+4
  79 0024 D3F8F020 		ldr	r2, [r3, #240]
  80 0028 42F00102 		orr	r2, r2, #1
  81 002c C3F8F020 		str	r2, [r3, #240]
  63:Core/Src/stm32h7xx_hal_timebase_tim.c ****   /* Get clock configuration */
  82              		.loc 1 63 3 view .LVU18
  83 0030 D3F8F030 		ldr	r3, [r3, #240]
  84 0034 03F00103 		and	r3, r3, #1
  85 0038 0093     		str	r3, [sp]
  63:Core/Src/stm32h7xx_hal_timebase_tim.c ****   /* Get clock configuration */
  86              		.loc 1 63 3 view .LVU19
  87 003a 009B     		ldr	r3, [sp]
  88              	.LBE2:
  63:Core/Src/stm32h7xx_hal_timebase_tim.c ****   /* Get clock configuration */
  89              		.loc 1 63 3 view .LVU20
  65:Core/Src/stm32h7xx_hal_timebase_tim.c ****   /* Compute TIM1 clock */
  90              		.loc 1 65 3 view .LVU21
  91 003c 01A9     		add	r1, sp, #4
  92 003e 02A8     		add	r0, sp, #8
  93 0040 FFF7FEFF 		bl	HAL_RCC_GetClockConfig
  94              	.LVL6:
  67:Core/Src/stm32h7xx_hal_timebase_tim.c **** 
  95              		.loc 1 67 7 view .LVU22
  67:Core/Src/stm32h7xx_hal_timebase_tim.c **** 
  96              		.loc 1 67 20 is_stmt 0 view .LVU23
  97 0044 FFF7FEFF 		bl	HAL_RCC_GetPCLK2Freq
  98              	.LVL7:
  70:Core/Src/stm32h7xx_hal_timebase_tim.c **** 
  99              		.loc 1 70 3 is_stmt 1 view .LVU24
  70:Core/Src/stm32h7xx_hal_timebase_tim.c **** 
 100              		.loc 1 70 46 is_stmt 0 view .LVU25
 101 0048 0E4B     		ldr	r3, .L11+8
 102 004a A3FB0023 		umull	r2, r3, r3, r0
 103 004e 9B0C     		lsrs	r3, r3, #18
  70:Core/Src/stm32h7xx_hal_timebase_tim.c **** 
 104              		.loc 1 70 20 view .LVU26
 105 0050 013B     		subs	r3, r3, #1
 106              	.LVL8:
  73:Core/Src/stm32h7xx_hal_timebase_tim.c **** 
 107              		.loc 1 73 3 is_stmt 1 view .LVU27
  73:Core/Src/stm32h7xx_hal_timebase_tim.c **** 
 108              		.loc 1 73 18 is_stmt 0 view .LVU28
 109 0052 0D48     		ldr	r0, .L11+12
 110              	.LVL9:
  73:Core/Src/stm32h7xx_hal_timebase_tim.c **** 
 111              		.loc 1 73 18 view .LVU29
 112 0054 0D4A     		ldr	r2, .L11+16
 113 0056 0260     		str	r2, [r0]
ARM GAS  /tmp/ccjw4zKe.s 			page 5


  82:Core/Src/stm32h7xx_hal_timebase_tim.c ****   htim1.Init.Prescaler = uwPrescalerValue;
 114              		.loc 1 82 3 is_stmt 1 view .LVU30
  82:Core/Src/stm32h7xx_hal_timebase_tim.c ****   htim1.Init.Prescaler = uwPrescalerValue;
 115              		.loc 1 82 21 is_stmt 0 view .LVU31
 116 0058 40F2E732 		movw	r2, #999
 117 005c C260     		str	r2, [r0, #12]
  83:Core/Src/stm32h7xx_hal_timebase_tim.c ****   htim1.Init.ClockDivision = 0;
 118              		.loc 1 83 3 is_stmt 1 view .LVU32
  83:Core/Src/stm32h7xx_hal_timebase_tim.c ****   htim1.Init.ClockDivision = 0;
 119              		.loc 1 83 24 is_stmt 0 view .LVU33
 120 005e 4360     		str	r3, [r0, #4]
  84:Core/Src/stm32h7xx_hal_timebase_tim.c ****   htim1.Init.CounterMode = TIM_COUNTERMODE_UP;
 121              		.loc 1 84 3 is_stmt 1 view .LVU34
  84:Core/Src/stm32h7xx_hal_timebase_tim.c ****   htim1.Init.CounterMode = TIM_COUNTERMODE_UP;
 122              		.loc 1 84 28 is_stmt 0 view .LVU35
 123 0060 0023     		movs	r3, #0
 124              	.LVL10:
  84:Core/Src/stm32h7xx_hal_timebase_tim.c ****   htim1.Init.CounterMode = TIM_COUNTERMODE_UP;
 125              		.loc 1 84 28 view .LVU36
 126 0062 0361     		str	r3, [r0, #16]
  85:Core/Src/stm32h7xx_hal_timebase_tim.c **** 
 127              		.loc 1 85 3 is_stmt 1 view .LVU37
  85:Core/Src/stm32h7xx_hal_timebase_tim.c **** 
 128              		.loc 1 85 26 is_stmt 0 view .LVU38
 129 0064 8360     		str	r3, [r0, #8]
  87:Core/Src/stm32h7xx_hal_timebase_tim.c ****   {
 130              		.loc 1 87 3 is_stmt 1 view .LVU39
  87:Core/Src/stm32h7xx_hal_timebase_tim.c ****   {
 131              		.loc 1 87 6 is_stmt 0 view .LVU40
 132 0066 FFF7FEFF 		bl	HAL_TIM_Base_Init
 133              	.LVL11:
  87:Core/Src/stm32h7xx_hal_timebase_tim.c ****   {
 134              		.loc 1 87 5 view .LVU41
 135 006a 10B1     		cbz	r0, .L10
  94:Core/Src/stm32h7xx_hal_timebase_tim.c **** }
 136              		.loc 1 94 10 view .LVU42
 137 006c 0120     		movs	r0, #1
 138              	.L2:
 139              		.loc 1 95 1 view .LVU43
 140 006e 0AB0     		add	sp, sp, #40
 141              	.LCFI2:
 142              		.cfi_remember_state
 143              		.cfi_def_cfa_offset 8
 144              		@ sp needed
 145 0070 10BD     		pop	{r4, pc}
 146              	.LVL12:
 147              	.L10:
 148              	.LCFI3:
 149              		.cfi_restore_state
  90:Core/Src/stm32h7xx_hal_timebase_tim.c ****   }
 150              		.loc 1 90 5 is_stmt 1 view .LVU44
  90:Core/Src/stm32h7xx_hal_timebase_tim.c ****   }
 151              		.loc 1 90 12 is_stmt 0 view .LVU45
 152 0072 0548     		ldr	r0, .L11+12
 153 0074 FFF7FEFF 		bl	HAL_TIM_Base_Start_IT
 154              	.LVL13:
 155 0078 F9E7     		b	.L2
ARM GAS  /tmp/ccjw4zKe.s 			page 6


 156              	.L12:
 157 007a 00BF     		.align	2
 158              	.L11:
 159 007c 00000000 		.word	uwTickPrio
 160 0080 00440258 		.word	1476543488
 161 0084 83DE1B43 		.word	1125899907
 162 0088 00000000 		.word	.LANCHOR0
 163 008c 00000140 		.word	1073807360
 164              		.cfi_endproc
 165              	.LFE144:
 167              		.section	.text.HAL_SuspendTick,"ax",%progbits
 168              		.align	1
 169              		.global	HAL_SuspendTick
 170              		.syntax unified
 171              		.thumb
 172              		.thumb_func
 173              		.fpu fpv5-d16
 175              	HAL_SuspendTick:
 176              	.LFB145:
  96:Core/Src/stm32h7xx_hal_timebase_tim.c **** 
  97:Core/Src/stm32h7xx_hal_timebase_tim.c **** /**
  98:Core/Src/stm32h7xx_hal_timebase_tim.c ****   * @brief  Suspend Tick increment.
  99:Core/Src/stm32h7xx_hal_timebase_tim.c ****   * @note   Disable the tick increment by disabling TIM1 update interrupt.
 100:Core/Src/stm32h7xx_hal_timebase_tim.c ****   * @param  None
 101:Core/Src/stm32h7xx_hal_timebase_tim.c ****   * @retval None
 102:Core/Src/stm32h7xx_hal_timebase_tim.c ****   */
 103:Core/Src/stm32h7xx_hal_timebase_tim.c **** void HAL_SuspendTick(void)
 104:Core/Src/stm32h7xx_hal_timebase_tim.c **** {
 177              		.loc 1 104 1 is_stmt 1 view -0
 178              		.cfi_startproc
 179              		@ args = 0, pretend = 0, frame = 0
 180              		@ frame_needed = 0, uses_anonymous_args = 0
 181              		@ link register save eliminated.
 105:Core/Src/stm32h7xx_hal_timebase_tim.c ****   /* Disable TIM1 update Interrupt */
 106:Core/Src/stm32h7xx_hal_timebase_tim.c ****   __HAL_TIM_DISABLE_IT(&htim1, TIM_IT_UPDATE);
 182              		.loc 1 106 3 view .LVU47
 183 0000 034B     		ldr	r3, .L14
 184 0002 1A68     		ldr	r2, [r3]
 185 0004 D368     		ldr	r3, [r2, #12]
 186 0006 23F00103 		bic	r3, r3, #1
 187 000a D360     		str	r3, [r2, #12]
 107:Core/Src/stm32h7xx_hal_timebase_tim.c **** }
 188              		.loc 1 107 1 is_stmt 0 view .LVU48
 189 000c 7047     		bx	lr
 190              	.L15:
 191 000e 00BF     		.align	2
 192              	.L14:
 193 0010 00000000 		.word	.LANCHOR0
 194              		.cfi_endproc
 195              	.LFE145:
 197              		.section	.text.HAL_ResumeTick,"ax",%progbits
 198              		.align	1
 199              		.global	HAL_ResumeTick
 200              		.syntax unified
 201              		.thumb
 202              		.thumb_func
 203              		.fpu fpv5-d16
ARM GAS  /tmp/ccjw4zKe.s 			page 7


 205              	HAL_ResumeTick:
 206              	.LFB146:
 108:Core/Src/stm32h7xx_hal_timebase_tim.c **** 
 109:Core/Src/stm32h7xx_hal_timebase_tim.c **** /**
 110:Core/Src/stm32h7xx_hal_timebase_tim.c ****   * @brief  Resume Tick increment.
 111:Core/Src/stm32h7xx_hal_timebase_tim.c ****   * @note   Enable the tick increment by Enabling TIM1 update interrupt.
 112:Core/Src/stm32h7xx_hal_timebase_tim.c ****   * @param  None
 113:Core/Src/stm32h7xx_hal_timebase_tim.c ****   * @retval None
 114:Core/Src/stm32h7xx_hal_timebase_tim.c ****   */
 115:Core/Src/stm32h7xx_hal_timebase_tim.c **** void HAL_ResumeTick(void)
 116:Core/Src/stm32h7xx_hal_timebase_tim.c **** {
 207              		.loc 1 116 1 is_stmt 1 view -0
 208              		.cfi_startproc
 209              		@ args = 0, pretend = 0, frame = 0
 210              		@ frame_needed = 0, uses_anonymous_args = 0
 211              		@ link register save eliminated.
 117:Core/Src/stm32h7xx_hal_timebase_tim.c ****   /* Enable TIM1 Update interrupt */
 118:Core/Src/stm32h7xx_hal_timebase_tim.c ****   __HAL_TIM_ENABLE_IT(&htim1, TIM_IT_UPDATE);
 212              		.loc 1 118 3 view .LVU50
 213 0000 034B     		ldr	r3, .L17
 214 0002 1A68     		ldr	r2, [r3]
 215 0004 D368     		ldr	r3, [r2, #12]
 216 0006 43F00103 		orr	r3, r3, #1
 217 000a D360     		str	r3, [r2, #12]
 119:Core/Src/stm32h7xx_hal_timebase_tim.c **** }
 218              		.loc 1 119 1 is_stmt 0 view .LVU51
 219 000c 7047     		bx	lr
 220              	.L18:
 221 000e 00BF     		.align	2
 222              	.L17:
 223 0010 00000000 		.word	.LANCHOR0
 224              		.cfi_endproc
 225              	.LFE146:
 227              		.global	htim1
 228              		.section	.bss.htim1,"aw",%nobits
 229              		.align	2
 230              		.set	.LANCHOR0,. + 0
 233              	htim1:
 234 0000 00000000 		.space	76
 234      00000000 
 234      00000000 
 234      00000000 
 234      00000000 
 235              		.text
 236              	.Letext0:
 237              		.file 2 "/usr/lib/gcc/arm-none-eabi/10.3.1/include/stdint.h"
 238              		.file 3 "Drivers/CMSIS/Device/ST/STM32H7xx/Include/stm32h725xx.h"
 239              		.file 4 "Drivers/STM32H7xx_HAL_Driver/Inc/stm32h7xx_hal_def.h"
 240              		.file 5 "Drivers/STM32H7xx_HAL_Driver/Inc/stm32h7xx_hal_rcc.h"
 241              		.file 6 "Drivers/STM32H7xx_HAL_Driver/Inc/stm32h7xx_hal_dma.h"
 242              		.file 7 "Drivers/STM32H7xx_HAL_Driver/Inc/stm32h7xx_hal_tim.h"
 243              		.file 8 "Drivers/STM32H7xx_HAL_Driver/Inc/stm32h7xx_hal.h"
 244              		.file 9 "Drivers/STM32H7xx_HAL_Driver/Inc/stm32h7xx_hal_cortex.h"
ARM GAS  /tmp/ccjw4zKe.s 			page 8


DEFINED SYMBOLS
                            *ABS*:0000000000000000 stm32h7xx_hal_timebase_tim.c
     /tmp/ccjw4zKe.s:17     .text.HAL_InitTick:0000000000000000 $t
     /tmp/ccjw4zKe.s:25     .text.HAL_InitTick:0000000000000000 HAL_InitTick
     /tmp/ccjw4zKe.s:159    .text.HAL_InitTick:000000000000007c $d
     /tmp/ccjw4zKe.s:168    .text.HAL_SuspendTick:0000000000000000 $t
     /tmp/ccjw4zKe.s:175    .text.HAL_SuspendTick:0000000000000000 HAL_SuspendTick
     /tmp/ccjw4zKe.s:193    .text.HAL_SuspendTick:0000000000000010 $d
     /tmp/ccjw4zKe.s:198    .text.HAL_ResumeTick:0000000000000000 $t
     /tmp/ccjw4zKe.s:205    .text.HAL_ResumeTick:0000000000000000 HAL_ResumeTick
     /tmp/ccjw4zKe.s:223    .text.HAL_ResumeTick:0000000000000010 $d
     /tmp/ccjw4zKe.s:233    .bss.htim1:0000000000000000 htim1
     /tmp/ccjw4zKe.s:229    .bss.htim1:0000000000000000 $d

UNDEFINED SYMBOLS
HAL_NVIC_SetPriority
HAL_NVIC_EnableIRQ
HAL_RCC_GetClockConfig
HAL_RCC_GetPCLK2Freq
HAL_TIM_Base_Init
HAL_TIM_Base_Start_IT
uwTickPrio
