ARM GAS  /tmp/ccwc1oQV.s 			page 1


   1              		.cpu cortex-m7
   2              		.eabi_attribute 28, 1
   3              		.eabi_attribute 20, 1
   4              		.eabi_attribute 21, 1
   5              		.eabi_attribute 23, 3
   6              		.eabi_attribute 24, 1
   7              		.eabi_attribute 25, 1
   8              		.eabi_attribute 26, 1
   9              		.eabi_attribute 30, 1
  10              		.eabi_attribute 34, 1
  11              		.eabi_attribute 18, 4
  12              		.file	"telemetry.c"
  13              		.text
  14              	.Ltext0:
  15              		.cfi_sections	.debug_frame
  16              		.section	.text.send_message,"ax",%progbits
  17              		.align	1
  18              		.global	send_message
  19              		.arch armv7e-m
  20              		.syntax unified
  21              		.thumb
  22              		.thumb_func
  23              		.fpu fpv5-d16
  25              	send_message:
  26              	.LVL0:
  27              	.LFB152:
  28              		.file 1 "../Core/Src/telemetry.c"
   1:../Core/Src/telemetry.c **** #include "telemetry.h"
   2:../Core/Src/telemetry.c **** 
   3:../Core/Src/telemetry.c **** #include "FreeRTOS.h"
   4:../Core/Src/telemetry.c **** #include "message_buffer.h"
   5:../Core/Src/telemetry.c **** #include "task.h"
   6:../Core/Src/telemetry.c **** 
   7:../Core/Src/telemetry.c **** #include "packet_encode.h"
   8:../Core/Src/telemetry.c **** #include "protocol.h"
   9:../Core/Src/telemetry.c **** 
  10:../Core/Src/telemetry.c **** #include "globals.h"
  11:../Core/Src/telemetry.c **** 
  12:../Core/Src/telemetry.c **** void rx_process_byte(uint8_t byte, uint8_t *packet_buffer, uint8_t *packet_buffer_size, uint8_t *ex
  13:../Core/Src/telemetry.c **** int uart_transmit_message(Message *message, uint8_t *packet_buf);
  14:../Core/Src/telemetry.c **** 
  15:../Core/Src/telemetry.c **** void telemetry_tx_task(void *args) {
  16:../Core/Src/telemetry.c ****     /* Buffer to store the generated packet */
  17:../Core/Src/telemetry.c ****     uint8_t tx_packet_buffer[TX_PACKET_BUFFER_SIZE];
  18:../Core/Src/telemetry.c ****     /* Temporary buffer to store what is received from the tx queue message buffer */
  19:../Core/Src/telemetry.c ****     uint8_t tx_temp_message_buffer[TX_PACKET_BUFFER_SIZE];
  20:../Core/Src/telemetry.c ****     
  21:../Core/Src/telemetry.c ****     while (1) {
  22:../Core/Src/telemetry.c ****         xMessageBufferReceive(g_telemetry_tx_mb_handle, tx_temp_message_buffer, TX_PACKET_BUFFER_SI
  23:../Core/Src/telemetry.c **** 
  24:../Core/Src/telemetry.c ****         Message *message = (Message *) tx_temp_message_buffer;
  25:../Core/Src/telemetry.c ****         uart_transmit_message(message, tx_packet_buffer);
  26:../Core/Src/telemetry.c ****     }
  27:../Core/Src/telemetry.c **** }
  28:../Core/Src/telemetry.c **** 
  29:../Core/Src/telemetry.c **** /**
  30:../Core/Src/telemetry.c ****  * Queue a message to be sent
ARM GAS  /tmp/ccwc1oQV.s 			page 2


  31:../Core/Src/telemetry.c ****  * @param payload The payload of the message
  32:../Core/Src/telemetry.c ****  * @param payload_size The size of the payload
  33:../Core/Src/telemetry.c ****  * @param message_id The message id
  34:../Core/Src/telemetry.c ****  * @return 1 if the message was queued successfully, 0 otherwise
  35:../Core/Src/telemetry.c ****  */
  36:../Core/Src/telemetry.c **** int send_message(uint8_t *payload, uint8_t payload_size, uint8_t message_id) { 
  29              		.loc 1 36 78 view -0
  30              		.cfi_startproc
  31              		@ args = 0, pretend = 0, frame = 8
  32              		@ frame_needed = 0, uses_anonymous_args = 0
  33              		.loc 1 36 78 is_stmt 0 view .LVU1
  34 0000 00B5     		push	{lr}
  35              	.LCFI0:
  36              		.cfi_def_cfa_offset 4
  37              		.cfi_offset 14, -4
  38 0002 83B0     		sub	sp, sp, #12
  39              	.LCFI1:
  40              		.cfi_def_cfa_offset 16
  37:../Core/Src/telemetry.c ****     Message message = {
  41              		.loc 1 37 5 is_stmt 1 view .LVU2
  42              		.loc 1 37 13 is_stmt 0 view .LVU3
  43 0004 8DF80020 		strb	r2, [sp]
  44 0008 8DF80110 		strb	r1, [sp, #1]
  45 000c 0190     		str	r0, [sp, #4]
  38:../Core/Src/telemetry.c ****         .message_id = message_id,
  39:../Core/Src/telemetry.c ****         .payload_size = payload_size,
  40:../Core/Src/telemetry.c ****         .payload = payload
  41:../Core/Src/telemetry.c ****     };
  42:../Core/Src/telemetry.c **** 
  43:../Core/Src/telemetry.c ****     size_t bytes_sent = xMessageBufferSend(g_telemetry_tx_mb_handle, &message, sizeof(Message), por
  46              		.loc 1 43 5 is_stmt 1 view .LVU4
  47              		.loc 1 43 25 is_stmt 0 view .LVU5
  48 000e 4FF0FF33 		mov	r3, #-1
  49 0012 0822     		movs	r2, #8
  50              	.LVL1:
  51              		.loc 1 43 25 view .LVU6
  52 0014 6946     		mov	r1, sp
  53              	.LVL2:
  54              		.loc 1 43 25 view .LVU7
  55 0016 0648     		ldr	r0, .L5
  56              	.LVL3:
  57              		.loc 1 43 25 view .LVU8
  58 0018 0068     		ldr	r0, [r0]
  59 001a FFF7FEFF 		bl	xStreamBufferSend
  60              	.LVL4:
  44:../Core/Src/telemetry.c ****     
  45:../Core/Src/telemetry.c ****     if (bytes_sent != sizeof(Message)) {
  61              		.loc 1 45 5 is_stmt 1 view .LVU9
  62              		.loc 1 45 8 is_stmt 0 view .LVU10
  63 001e 0828     		cmp	r0, #8
  64 0020 03D1     		bne	.L3
  46:../Core/Src/telemetry.c ****         return 0;
  47:../Core/Src/telemetry.c ****     }
  48:../Core/Src/telemetry.c **** 
  49:../Core/Src/telemetry.c ****     return 1;
  65              		.loc 1 49 12 view .LVU11
  66 0022 0120     		movs	r0, #1
ARM GAS  /tmp/ccwc1oQV.s 			page 3


  67              	.LVL5:
  68              	.L1:
  50:../Core/Src/telemetry.c **** }
  69              		.loc 1 50 1 view .LVU12
  70 0024 03B0     		add	sp, sp, #12
  71              	.LCFI2:
  72              		.cfi_remember_state
  73              		.cfi_def_cfa_offset 4
  74              		@ sp needed
  75 0026 5DF804FB 		ldr	pc, [sp], #4
  76              	.LVL6:
  77              	.L3:
  78              	.LCFI3:
  79              		.cfi_restore_state
  46:../Core/Src/telemetry.c ****         return 0;
  80              		.loc 1 46 16 view .LVU13
  81 002a 0020     		movs	r0, #0
  82              	.LVL7:
  46:../Core/Src/telemetry.c ****         return 0;
  83              		.loc 1 46 16 view .LVU14
  84 002c FAE7     		b	.L1
  85              	.L6:
  86 002e 00BF     		.align	2
  87              	.L5:
  88 0030 00000000 		.word	g_telemetry_tx_mb_handle
  89              		.cfi_endproc
  90              	.LFE152:
  92              		.section	.rodata.uart_transmit_message.str1.4,"aMS",%progbits,1
  93              		.align	2
  94              	.LC0:
  95 0000 476F696E 		.ascii	"Going insane\015\012\000"
  95      6720696E 
  95      73616E65 
  95      0D0A00
  96 000f 00       		.align	2
  97              	.LC2:
  98 0010 6B6D730D 		.ascii	"kms\015\012\000"
  98      0A00
  99 0016 0000     		.align	2
 100              	.LC3:
 101 0018 62616400 		.ascii	"bad\000"
 102              		.align	2
 103              	.LC4:
 104 001c 676F6F64 		.ascii	"good\000"
 104      00
 105 0021 000000   		.align	2
 106              	.LC1:
 107 0024 61626364 		.ascii	"abcdefg\015\012\000"
 107      6566670D 
 107      0A00
 108              		.section	.text.uart_transmit_message,"ax",%progbits
 109              		.align	1
 110              		.global	uart_transmit_message
 111              		.syntax unified
 112              		.thumb
 113              		.thumb_func
 114              		.fpu fpv5-d16
ARM GAS  /tmp/ccwc1oQV.s 			page 4


 116              	uart_transmit_message:
 117              	.LVL8:
 118              	.LFB153:
  51:../Core/Src/telemetry.c **** 
  52:../Core/Src/telemetry.c **** /**
  53:../Core/Src/telemetry.c ****  * Actually transmit a telemetry packet over uart
  54:../Core/Src/telemetry.c ****  * @param header The header of the message containing the message id and payload size
  55:../Core/Src/telemetry.c ****  * @param payload The payload of the message
  56:../Core/Src/telemetry.c ****  * @param packet_buf The buffer to hold the packet
  57:../Core/Src/telemetry.c ****  * @return 1 if the message was sent successfully, 0 otherwise
  58:../Core/Src/telemetry.c ****  */
  59:../Core/Src/telemetry.c **** int uart_transmit_message(Message *message, uint8_t *packet_buf) {
 119              		.loc 1 59 66 is_stmt 1 view -0
 120              		.cfi_startproc
 121              		@ args = 0, pretend = 0, frame = 16
 122              		@ frame_needed = 0, uses_anonymous_args = 0
 123              		.loc 1 59 66 is_stmt 0 view .LVU16
 124 0000 00B5     		push	{lr}
 125              	.LCFI4:
 126              		.cfi_def_cfa_offset 4
 127              		.cfi_offset 14, -4
 128 0002 85B0     		sub	sp, sp, #20
 129              	.LCFI5:
 130              		.cfi_def_cfa_offset 24
 131 0004 0A46     		mov	r2, r1
  60:../Core/Src/telemetry.c ****     int packet_size = generate_packet(message->payload, message->payload_size, packet_buf, message-
 132              		.loc 1 60 5 is_stmt 1 view .LVU17
 133              		.loc 1 60 23 is_stmt 0 view .LVU18
 134 0006 0378     		ldrb	r3, [r0]	@ zero_extendqisi2
 135 0008 4178     		ldrb	r1, [r0, #1]	@ zero_extendqisi2
 136              	.LVL9:
 137              		.loc 1 60 23 view .LVU19
 138 000a 4068     		ldr	r0, [r0, #4]
 139              	.LVL10:
 140              		.loc 1 60 23 view .LVU20
 141 000c FFF7FEFF 		bl	generate_packet
 142              	.LVL11:
  61:../Core/Src/telemetry.c **** 
  62:../Core/Src/telemetry.c ****     HAL_UART_Transmit(&debug_uart, "Going insane\r\n", 14, HAL_MAX_DELAY);
 143              		.loc 1 62 5 is_stmt 1 view .LVU21
 144 0010 4FF0FF33 		mov	r3, #-1
 145 0014 0E22     		movs	r2, #14
 146 0016 1249     		ldr	r1, .L12
 147 0018 1248     		ldr	r0, .L12+4
 148 001a FFF7FEFF 		bl	HAL_UART_Transmit
 149              	.LVL12:
  63:../Core/Src/telemetry.c **** 
  64:../Core/Src/telemetry.c ****     /* 0x61 0x62 0x64 0x65 0x66 0x67 0x0D 0x0A */
  65:../Core/Src/telemetry.c **** 
  66:../Core/Src/telemetry.c ****     uint8_t foo_broken[] = {0x61U, 0x62U, 0x63U, 0x64U, 0x65U, 0x66U, 0x67U, 0x0DU, 0x0AU, 0x00U};
 150              		.loc 1 66 5 view .LVU22
 151              		.loc 1 66 13 is_stmt 0 view .LVU23
 152 001e 124A     		ldr	r2, .L12+8
 153 0020 01AB     		add	r3, sp, #4
 154 0022 07CA     		ldm	r2, {r0, r1, r2}
 155 0024 03C3     		stmia	r3!, {r0, r1}
 156 0026 1A80     		strh	r2, [r3]	@ movhi
ARM GAS  /tmp/ccwc1oQV.s 			page 5


  67:../Core/Src/telemetry.c **** 
  68:../Core/Src/telemetry.c ****     /*
  69:../Core/Src/telemetry.c ****     if (strcmp(foo_broken, foo_working) == 0) {
  70:../Core/Src/telemetry.c ****         HAL_UART_Transmit(&debug_uart, "Strings are equal\r\n", 19, HAL_MAX_DELAY);
  71:../Core/Src/telemetry.c ****     } else {
  72:../Core/Src/telemetry.c ****         HAL_UART_Transmit(&debug_uart, "Strings are not equal\r\n", 23, HAL_MAX_DELAY);
  73:../Core/Src/telemetry.c ****     }
  74:../Core/Src/telemetry.c **** 
  75:../Core/Src/telemetry.c ****     for (int i = 0; i < packet_size; i++) {
  76:../Core/Src/telemetry.c ****         char buf[100];
  77:../Core/Src/telemetry.c **** 
  78:../Core/Src/telemetry.c ****         sprintf(buf, "%02X ", foo_send[i]);
  79:../Core/Src/telemetry.c ****         HAL_UART_Transmit(&debug_uart, buf, strlen(buf), HAL_MAX_DELAY);
  80:../Core/Src/telemetry.c ****     }
  81:../Core/Src/telemetry.c ****     */
  82:../Core/Src/telemetry.c **** 
  83:../Core/Src/telemetry.c ****     if (HAL_UART_Transmit(&telemetry_uart, "kms\r\n", 5, HAL_MAX_DELAY) != HAL_OK) {
 157              		.loc 1 83 5 is_stmt 1 view .LVU24
 158              		.loc 1 83 9 is_stmt 0 view .LVU25
 159 0028 4FF0FF33 		mov	r3, #-1
 160 002c 0522     		movs	r2, #5
 161 002e 0F49     		ldr	r1, .L12+12
 162 0030 0F48     		ldr	r0, .L12+16
 163 0032 FFF7FEFF 		bl	HAL_UART_Transmit
 164              	.LVL13:
 165              		.loc 1 83 8 view .LVU26
 166 0036 50B9     		cbnz	r0, .L11
  84:../Core/Src/telemetry.c ****         HAL_UART_Transmit(&debug_uart, "bad", 3, HAL_MAX_DELAY);
  85:../Core/Src/telemetry.c ****         return 0;
  86:../Core/Src/telemetry.c ****     } else {
  87:../Core/Src/telemetry.c ****         HAL_UART_Transmit(&debug_uart, "good", 4, HAL_MAX_DELAY);
 167              		.loc 1 87 9 is_stmt 1 view .LVU27
 168 0038 4FF0FF33 		mov	r3, #-1
 169 003c 0422     		movs	r2, #4
 170 003e 0D49     		ldr	r1, .L12+20
 171 0040 0848     		ldr	r0, .L12+4
 172 0042 FFF7FEFF 		bl	HAL_UART_Transmit
 173              	.LVL14:
  88:../Core/Src/telemetry.c ****     }
  89:../Core/Src/telemetry.c **** 
  90:../Core/Src/telemetry.c ****     return 1;
 174              		.loc 1 90 5 view .LVU28
 175              		.loc 1 90 12 is_stmt 0 view .LVU29
 176 0046 0120     		movs	r0, #1
 177              	.L7:
  91:../Core/Src/telemetry.c **** }
 178              		.loc 1 91 1 view .LVU30
 179 0048 05B0     		add	sp, sp, #20
 180              	.LCFI6:
 181              		.cfi_remember_state
 182              		.cfi_def_cfa_offset 4
 183              		@ sp needed
 184 004a 5DF804FB 		ldr	pc, [sp], #4
 185              	.L11:
 186              	.LCFI7:
 187              		.cfi_restore_state
  84:../Core/Src/telemetry.c ****         HAL_UART_Transmit(&debug_uart, "bad", 3, HAL_MAX_DELAY);
ARM GAS  /tmp/ccwc1oQV.s 			page 6


 188              		.loc 1 84 9 is_stmt 1 view .LVU31
 189 004e 4FF0FF33 		mov	r3, #-1
 190 0052 0322     		movs	r2, #3
 191 0054 0849     		ldr	r1, .L12+24
 192 0056 0348     		ldr	r0, .L12+4
 193 0058 FFF7FEFF 		bl	HAL_UART_Transmit
 194              	.LVL15:
  85:../Core/Src/telemetry.c ****     } else {
 195              		.loc 1 85 9 view .LVU32
  85:../Core/Src/telemetry.c ****     } else {
 196              		.loc 1 85 16 is_stmt 0 view .LVU33
 197 005c 0020     		movs	r0, #0
 198 005e F3E7     		b	.L7
 199              	.L13:
 200              		.align	2
 201              	.L12:
 202 0060 00000000 		.word	.LC0
 203 0064 00000000 		.word	huart2
 204 0068 24000000 		.word	.LC1
 205 006c 10000000 		.word	.LC2
 206 0070 00000000 		.word	huart4
 207 0074 1C000000 		.word	.LC4
 208 0078 18000000 		.word	.LC3
 209              		.cfi_endproc
 210              	.LFE153:
 212              		.section	.text.telemetry_tx_task,"ax",%progbits
 213              		.align	1
 214              		.global	telemetry_tx_task
 215              		.syntax unified
 216              		.thumb
 217              		.thumb_func
 218              		.fpu fpv5-d16
 220              	telemetry_tx_task:
 221              	.LFB151:
  15:../Core/Src/telemetry.c ****     /* Buffer to store the generated packet */
 222              		.loc 1 15 36 is_stmt 1 view -0
 223              		.cfi_startproc
 224              		@ args = 0, pretend = 0, frame = 520
 225              		@ frame_needed = 0, uses_anonymous_args = 0
 226              	.LVL16:
  15:../Core/Src/telemetry.c ****     /* Buffer to store the generated packet */
 227              		.loc 1 15 36 is_stmt 0 view .LVU35
 228 0000 00B5     		push	{lr}
 229              	.LCFI8:
 230              		.cfi_def_cfa_offset 4
 231              		.cfi_offset 14, -4
 232 0002 ADF5037D 		sub	sp, sp, #524
 233              	.LCFI9:
 234              		.cfi_def_cfa_offset 528
 235              	.LVL17:
 236              	.L15:
  17:../Core/Src/telemetry.c ****     /* Temporary buffer to store what is received from the tx queue message buffer */
 237              		.loc 1 17 5 is_stmt 1 discriminator 1 view .LVU36
  19:../Core/Src/telemetry.c ****     
 238              		.loc 1 19 5 discriminator 1 view .LVU37
  21:../Core/Src/telemetry.c ****         xMessageBufferReceive(g_telemetry_tx_mb_handle, tx_temp_message_buffer, TX_PACKET_BUFFER_SI
 239              		.loc 1 21 5 discriminator 1 view .LVU38
ARM GAS  /tmp/ccwc1oQV.s 			page 7


 240              	.LBB2:
  22:../Core/Src/telemetry.c **** 
 241              		.loc 1 22 9 discriminator 1 view .LVU39
 242 0006 4FF0FF33 		mov	r3, #-1
 243 000a 4FF48172 		mov	r2, #258
 244 000e 6946     		mov	r1, sp
 245 0010 0448     		ldr	r0, .L17
 246 0012 0068     		ldr	r0, [r0]
 247 0014 FFF7FEFF 		bl	xStreamBufferReceive
 248              	.LVL18:
  24:../Core/Src/telemetry.c ****         uart_transmit_message(message, tx_packet_buffer);
 249              		.loc 1 24 9 discriminator 1 view .LVU40
  25:../Core/Src/telemetry.c ****     }
 250              		.loc 1 25 9 discriminator 1 view .LVU41
 251 0018 41A9     		add	r1, sp, #260
 252 001a 6846     		mov	r0, sp
 253 001c FFF7FEFF 		bl	uart_transmit_message
 254              	.LVL19:
 255              	.LBE2:
  21:../Core/Src/telemetry.c ****         xMessageBufferReceive(g_telemetry_tx_mb_handle, tx_temp_message_buffer, TX_PACKET_BUFFER_SI
 256              		.loc 1 21 11 discriminator 1 view .LVU42
 257 0020 F1E7     		b	.L15
 258              	.L18:
 259 0022 00BF     		.align	2
 260              	.L17:
 261 0024 00000000 		.word	g_telemetry_tx_mb_handle
 262              		.cfi_endproc
 263              	.LFE151:
 265              		.section	.text.rx_process_byte,"ax",%progbits
 266              		.align	1
 267              		.global	rx_process_byte
 268              		.syntax unified
 269              		.thumb
 270              		.thumb_func
 271              		.fpu fpv5-d16
 273              	rx_process_byte:
 274              	.LVL20:
 275              	.LFB155:
  92:../Core/Src/telemetry.c **** 
  93:../Core/Src/telemetry.c **** /**
  94:../Core/Src/telemetry.c ****  * Task to handle incoming telemetry data
  95:../Core/Src/telemetry.c ****  * @param args Unused
  96:../Core/Src/telemetry.c ****  */
  97:../Core/Src/telemetry.c **** void telemetry_rx_task(void *args) {
  98:../Core/Src/telemetry.c ****     /* Buffer to hold received bytes before they are processed */
  99:../Core/Src/telemetry.c ****     uint8_t bytes_to_process[16];
 100:../Core/Src/telemetry.c **** 
 101:../Core/Src/telemetry.c ****     /* Buffer to hold the extracted packet */
 102:../Core/Src/telemetry.c ****     uint8_t extracted_buffer[9];
 103:../Core/Src/telemetry.c **** 
 104:../Core/Src/telemetry.c ****     /* Buffer to hold the incoming packet before it is extracted */
 105:../Core/Src/telemetry.c ****     uint8_t packet_buffer[9];
 106:../Core/Src/telemetry.c **** 
 107:../Core/Src/telemetry.c ****     /* Current size of incoming packet buffer */
 108:../Core/Src/telemetry.c ****     uint8_t packet_buffer_size = 0;
 109:../Core/Src/telemetry.c **** 
 110:../Core/Src/telemetry.c ****     while (1) {
ARM GAS  /tmp/ccwc1oQV.s 			page 8


 111:../Core/Src/telemetry.c ****         /* Wait for new bytes to read */
 112:../Core/Src/telemetry.c ****         int bytes_read = xStreamBufferReceive(g_telemetry_rx_sb_handle, bytes_to_process, 128, port
 113:../Core/Src/telemetry.c ****         
 114:../Core/Src/telemetry.c ****         /* Process them */
 115:../Core/Src/telemetry.c ****         for (int i = 0; i < bytes_read; i ++) {
 116:../Core/Src/telemetry.c ****             rx_process_byte(bytes_to_process[i], packet_buffer, &packet_buffer_size, extracted_buff
 117:../Core/Src/telemetry.c ****         }
 118:../Core/Src/telemetry.c ****     }
 119:../Core/Src/telemetry.c **** }
 120:../Core/Src/telemetry.c **** 
 121:../Core/Src/telemetry.c **** /**
 122:../Core/Src/telemetry.c ****  * Process a single byte of incoming data
 123:../Core/Src/telemetry.c ****  * @param byte The byte to process
 124:../Core/Src/telemetry.c ****  * @param packet_buffer The buffer to hold the incoming packet
 125:../Core/Src/telemetry.c ****  * @param packet_buffer_size The current size of the incoming packet buffer
 126:../Core/Src/telemetry.c ****  * @param extracted_buffer The buffer to hold the extracted packet
 127:../Core/Src/telemetry.c ****  */
 128:../Core/Src/telemetry.c **** void rx_process_byte(uint8_t byte, uint8_t *packet_buffer, uint8_t *packet_buffer_size, uint8_t *ex
 276              		.loc 1 128 116 view -0
 277              		.cfi_startproc
 278              		@ args = 0, pretend = 0, frame = 0
 279              		@ frame_needed = 0, uses_anonymous_args = 0
 280              		.loc 1 128 116 is_stmt 0 view .LVU44
 281 0000 70B5     		push	{r4, r5, r6, lr}
 282              	.LCFI10:
 283              		.cfi_def_cfa_offset 16
 284              		.cfi_offset 4, -16
 285              		.cfi_offset 5, -12
 286              		.cfi_offset 6, -8
 287              		.cfi_offset 14, -4
 288 0002 0E46     		mov	r6, r1
 289 0004 1446     		mov	r4, r2
 290 0006 1D46     		mov	r5, r3
 129:../Core/Src/telemetry.c ****     int next_packet_buffer_size = process_incoming_byte(byte, packet_buffer, *packet_buffer_size);
 291              		.loc 1 129 5 is_stmt 1 view .LVU45
 292              		.loc 1 129 35 is_stmt 0 view .LVU46
 293 0008 1278     		ldrb	r2, [r2]	@ zero_extendqisi2
 294              	.LVL21:
 295              		.loc 1 129 35 view .LVU47
 296 000a FFF7FEFF 		bl	process_incoming_byte
 297              	.LVL22:
 130:../Core/Src/telemetry.c **** 
 131:../Core/Src/telemetry.c ****     if (next_packet_buffer_size < 0) {
 298              		.loc 1 131 5 is_stmt 1 view .LVU48
 299              		.loc 1 131 8 is_stmt 0 view .LVU49
 300 000e 0028     		cmp	r0, #0
 301              		.loc 1 131 8 view .LVU50
 302 0010 01DB     		blt	.L23
 132:../Core/Src/telemetry.c ****         next_packet_buffer_size = -next_packet_buffer_size;
 133:../Core/Src/telemetry.c **** 
 134:../Core/Src/telemetry.c ****         if (verify_packet(packet_buffer, next_packet_buffer_size)) {
 135:../Core/Src/telemetry.c ****             int extracted_buffer_size = next_packet_buffer_size - 5;
 136:../Core/Src/telemetry.c ****             int message_id = extract_packet(packet_buffer, next_packet_buffer_size, extracted_buffe
 137:../Core/Src/telemetry.c **** 
 138:../Core/Src/telemetry.c ****             if (message_id != 1) return;
 139:../Core/Src/telemetry.c ****         }
 140:../Core/Src/telemetry.c ****     } else {
ARM GAS  /tmp/ccwc1oQV.s 			page 9


 141:../Core/Src/telemetry.c ****         *packet_buffer_size = next_packet_buffer_size;
 303              		.loc 1 141 9 is_stmt 1 view .LVU51
 304              		.loc 1 141 29 is_stmt 0 view .LVU52
 305 0012 2070     		strb	r0, [r4]
 306              	.LVL23:
 307              	.L19:
 142:../Core/Src/telemetry.c ****     }
 143:../Core/Src/telemetry.c **** }...
 308              		.loc 1 143 1 view .LVU53
 309 0014 70BD     		pop	{r4, r5, r6, pc}
 310              	.LVL24:
 311              	.L23:
 132:../Core/Src/telemetry.c ****         next_packet_buffer_size = -next_packet_buffer_size;
 312              		.loc 1 132 9 is_stmt 1 view .LVU54
 132:../Core/Src/telemetry.c ****         next_packet_buffer_size = -next_packet_buffer_size;
 313              		.loc 1 132 33 is_stmt 0 view .LVU55
 314 0016 4442     		rsbs	r4, r0, #0
 315              	.LVL25:
 134:../Core/Src/telemetry.c ****         if (verify_packet(packet_buffer, next_packet_buffer_size)) {
 316              		.loc 1 134 9 is_stmt 1 view .LVU56
 134:../Core/Src/telemetry.c ****         if (verify_packet(packet_buffer, next_packet_buffer_size)) {
 317              		.loc 1 134 13 is_stmt 0 view .LVU57
 318 0018 2146     		mov	r1, r4
 319 001a 3046     		mov	r0, r6
 320 001c FFF7FEFF 		bl	verify_packet
 321              	.LVL26:
 134:../Core/Src/telemetry.c ****         if (verify_packet(packet_buffer, next_packet_buffer_size)) {
 322              		.loc 1 134 12 view .LVU58
 323 0020 0028     		cmp	r0, #0
 324 0022 F7D0     		beq	.L19
 325              	.LBB3:
 135:../Core/Src/telemetry.c ****             int extracted_buffer_size = next_packet_buffer_size - 5;
 326              		.loc 1 135 13 is_stmt 1 view .LVU59
 327              	.LVL27:
 136:../Core/Src/telemetry.c ****             int message_id = extract_packet(packet_buffer, next_packet_buffer_size, extracted_buffe
 328              		.loc 1 136 13 view .LVU60
 136:../Core/Src/telemetry.c ****             int message_id = extract_packet(packet_buffer, next_packet_buffer_size, extracted_buffe
 329              		.loc 1 136 30 is_stmt 0 view .LVU61
 330 0024 2A46     		mov	r2, r5
 331 0026 2146     		mov	r1, r4
 332 0028 3046     		mov	r0, r6
 333 002a FFF7FEFF 		bl	extract_packet
 334              	.LVL28:
 138:../Core/Src/telemetry.c ****             if (message_id != 1) return;
 335              		.loc 1 138 13 is_stmt 1 view .LVU62
 336 002e F1E7     		b	.L19
 337              	.LBE3:
 338              		.cfi_endproc
 339              	.LFE155:
 341              		.section	.text.telemetry_rx_task,"ax",%progbits
 342              		.align	1
 343              		.global	telemetry_rx_task
 344              		.syntax unified
 345              		.thumb
 346              		.thumb_func
 347              		.fpu fpv5-d16
 349              	telemetry_rx_task:
ARM GAS  /tmp/ccwc1oQV.s 			page 10


 350              	.LVL29:
 351              	.LFB154:
  97:../Core/Src/telemetry.c **** void telemetry_rx_task(void *args) {
 352              		.loc 1 97 36 view -0
 353              		.cfi_startproc
 354              		@ args = 0, pretend = 0, frame = 48
 355              		@ frame_needed = 0, uses_anonymous_args = 0
  97:../Core/Src/telemetry.c **** void telemetry_rx_task(void *args) {
 356              		.loc 1 97 36 is_stmt 0 view .LVU64
 357 0000 30B5     		push	{r4, r5, lr}
 358              	.LCFI11:
 359              		.cfi_def_cfa_offset 12
 360              		.cfi_offset 4, -12
 361              		.cfi_offset 5, -8
 362              		.cfi_offset 14, -4
 363 0002 8DB0     		sub	sp, sp, #52
 364              	.LCFI12:
 365              		.cfi_def_cfa_offset 64
  99:../Core/Src/telemetry.c ****     uint8_t bytes_to_process[16];
 366              		.loc 1 99 5 is_stmt 1 view .LVU65
 102:../Core/Src/telemetry.c ****     uint8_t extracted_buffer[9];
 367              		.loc 1 102 5 view .LVU66
 105:../Core/Src/telemetry.c ****     uint8_t packet_buffer[9];
 368              		.loc 1 105 5 view .LVU67
 108:../Core/Src/telemetry.c ****     uint8_t packet_buffer_size = 0;
 369              		.loc 1 108 5 view .LVU68
 108:../Core/Src/telemetry.c ****     uint8_t packet_buffer_size = 0;
 370              		.loc 1 108 13 is_stmt 0 view .LVU69
 371 0004 0023     		movs	r3, #0
 372 0006 8DF80730 		strb	r3, [sp, #7]
 373              	.LVL30:
 374              	.L27:
 110:../Core/Src/telemetry.c ****     while (1) {
 375              		.loc 1 110 5 is_stmt 1 view .LVU70
 376              	.LBB4:
 112:../Core/Src/telemetry.c ****         int bytes_read = xStreamBufferReceive(g_telemetry_rx_sb_handle, bytes_to_process, 128, port
 377              		.loc 1 112 9 view .LVU71
 112:../Core/Src/telemetry.c ****         int bytes_read = xStreamBufferReceive(g_telemetry_rx_sb_handle, bytes_to_process, 128, port
 378              		.loc 1 112 26 is_stmt 0 view .LVU72
 379 000a 4FF0FF33 		mov	r3, #-1
 380 000e 8022     		movs	r2, #128
 381 0010 08A9     		add	r1, sp, #32
 382 0012 0B48     		ldr	r0, .L29
 383 0014 0068     		ldr	r0, [r0]
 384 0016 FFF7FEFF 		bl	xStreamBufferReceive
 385              	.LVL31:
 386 001a 0446     		mov	r4, r0
 387              	.LVL32:
 115:../Core/Src/telemetry.c ****         for (int i = 0; i < bytes_read; i ++) {
 388              		.loc 1 115 9 is_stmt 1 view .LVU73
 389              	.LBB5:
 115:../Core/Src/telemetry.c ****         for (int i = 0; i < bytes_read; i ++) {
 390              		.loc 1 115 14 view .LVU74
 115:../Core/Src/telemetry.c ****         for (int i = 0; i < bytes_read; i ++) {
 391              		.loc 1 115 18 is_stmt 0 view .LVU75
 392 001c 0025     		movs	r5, #0
 393              	.LVL33:
ARM GAS  /tmp/ccwc1oQV.s 			page 11


 394              	.L25:
 115:../Core/Src/telemetry.c ****         for (int i = 0; i < bytes_read; i ++) {
 395              		.loc 1 115 25 is_stmt 1 discriminator 1 view .LVU76
 115:../Core/Src/telemetry.c ****         for (int i = 0; i < bytes_read; i ++) {
 396              		.loc 1 115 9 is_stmt 0 discriminator 1 view .LVU77
 397 001e A542     		cmp	r5, r4
 398 0020 F3DA     		bge	.L27
 116:../Core/Src/telemetry.c ****             rx_process_byte(bytes_to_process[i], packet_buffer, &packet_buffer_size, extracted_buff
 399              		.loc 1 116 13 is_stmt 1 discriminator 3 view .LVU78
 400 0022 05F13003 		add	r3, r5, #48
 401 0026 0DEB0300 		add	r0, sp, r3
 402 002a 05AB     		add	r3, sp, #20
 403 002c 0DF10702 		add	r2, sp, #7
 404 0030 02A9     		add	r1, sp, #8
 405 0032 10F8100C 		ldrb	r0, [r0, #-16]	@ zero_extendqisi2
 406 0036 FFF7FEFF 		bl	rx_process_byte
 407              	.LVL34:
 115:../Core/Src/telemetry.c ****         for (int i = 0; i < bytes_read; i ++) {
 408              		.loc 1 115 41 discriminator 3 view .LVU79
 115:../Core/Src/telemetry.c ****         for (int i = 0; i < bytes_read; i ++) {
 409              		.loc 1 115 43 is_stmt 0 discriminator 3 view .LVU80
 410 003a 0135     		adds	r5, r5, #1
 411              	.LVL35:
 115:../Core/Src/telemetry.c ****         for (int i = 0; i < bytes_read; i ++) {
 412              		.loc 1 115 43 discriminator 3 view .LVU81
 413 003c EFE7     		b	.L25
 414              	.L30:
 415 003e 00BF     		.align	2
 416              	.L29:
 417 0040 00000000 		.word	g_telemetry_rx_sb_handle
 418              	.LBE5:
 419              	.LBE4:
 420              		.cfi_endproc
 421              	.LFE154:
 423              		.text
 424              	.Letext0:
 425              		.file 2 "/usr/lib/gcc/arm-none-eabi/10.3.1/include/stdint.h"
 426              		.file 3 "../Core/Include/telemetry.h"
 427              		.file 4 "/usr/lib/gcc/arm-none-eabi/10.3.1/include/stddef.h"
 428              		.file 5 "Core/Inc/portmacro.h"
 429              		.file 6 "../Core/FreeRTOS-Kernel/include/stream_buffer.h"
 430              		.file 7 "../Core/FreeRTOS-Kernel/include/message_buffer.h"
 431              		.file 8 "Drivers/CMSIS/Device/ST/STM32H7xx/Include/stm32h725xx.h"
 432              		.file 9 "Drivers/STM32H7xx_HAL_Driver/Inc/stm32h7xx_hal_def.h"
 433              		.file 10 "Drivers/STM32H7xx_HAL_Driver/Inc/stm32h7xx_hal_dma.h"
 434              		.file 11 "Drivers/STM32H7xx_HAL_Driver/Inc/stm32h7xx_hal_uart.h"
 435              		.file 12 "../Core/Include/globals.h"
 436              		.file 13 "../Core/Include/packet_encode.h"
ARM GAS  /tmp/ccwc1oQV.s 			page 12


DEFINED SYMBOLS
                            *ABS*:0000000000000000 telemetry.c
     /tmp/ccwc1oQV.s:17     .text.send_message:0000000000000000 $t
     /tmp/ccwc1oQV.s:25     .text.send_message:0000000000000000 send_message
     /tmp/ccwc1oQV.s:88     .text.send_message:0000000000000030 $d
     /tmp/ccwc1oQV.s:93     .rodata.uart_transmit_message.str1.4:0000000000000000 $d
     /tmp/ccwc1oQV.s:109    .text.uart_transmit_message:0000000000000000 $t
     /tmp/ccwc1oQV.s:116    .text.uart_transmit_message:0000000000000000 uart_transmit_message
     /tmp/ccwc1oQV.s:202    .text.uart_transmit_message:0000000000000060 $d
     /tmp/ccwc1oQV.s:213    .text.telemetry_tx_task:0000000000000000 $t
     /tmp/ccwc1oQV.s:220    .text.telemetry_tx_task:0000000000000000 telemetry_tx_task
     /tmp/ccwc1oQV.s:261    .text.telemetry_tx_task:0000000000000024 $d
     /tmp/ccwc1oQV.s:266    .text.rx_process_byte:0000000000000000 $t
     /tmp/ccwc1oQV.s:273    .text.rx_process_byte:0000000000000000 rx_process_byte
     /tmp/ccwc1oQV.s:342    .text.telemetry_rx_task:0000000000000000 $t
     /tmp/ccwc1oQV.s:349    .text.telemetry_rx_task:0000000000000000 telemetry_rx_task
     /tmp/ccwc1oQV.s:417    .text.telemetry_rx_task:0000000000000040 $d

UNDEFINED SYMBOLS
xStreamBufferSend
g_telemetry_tx_mb_handle
generate_packet
HAL_UART_Transmit
huart2
huart4
xStreamBufferReceive
process_incoming_byte
verify_packet
extract_packet
g_telemetry_rx_sb_handle
