ARM GAS  /tmp/ccVd597R.s 			page 1


   1              		.cpu cortex-m7
   2              		.eabi_attribute 28, 1
   3              		.eabi_attribute 20, 1
   4              		.eabi_attribute 21, 1
   5              		.eabi_attribute 23, 3
   6              		.eabi_attribute 24, 1
   7              		.eabi_attribute 25, 1
   8              		.eabi_attribute 26, 1
   9              		.eabi_attribute 30, 1
  10              		.eabi_attribute 34, 1
  11              		.eabi_attribute 18, 4
  12              		.file	"transmission_manager.c"
  13              		.text
  14              	.Ltext0:
  15              		.cfi_sections	.debug_frame
  16              		.section	.text.sendBurstData,"ax",%progbits
  17              		.align	1
  18              		.global	sendBurstData
  19              		.arch armv7e-m
  20              		.syntax unified
  21              		.thumb
  22              		.thumb_func
  23              		.fpu fpv5-d16
  25              	sendBurstData:
  26              	.LVL0:
  27              	.LFB3:
  28              		.file 1 "../Core/Src/transmission_manager.c"
   1:../Core/Src/transmission_manager.c **** #include "transmission_manager.h"
   2:../Core/Src/transmission_manager.c **** 
   3:../Core/Src/transmission_manager.c **** // BROKEN
   4:../Core/Src/transmission_manager.c **** void sendBurstData(struct TransmissionState* state) {
  29              		.loc 1 4 53 view -0
  30              		.cfi_startproc
  31              		@ args = 0, pretend = 0, frame = 0
  32              		@ frame_needed = 0, uses_anonymous_args = 0
  33              		@ link register save eliminated.
   5:../Core/Src/transmission_manager.c ****     int sent_bytes = 0;
  34              		.loc 1 5 5 view .LVU1
   6:../Core/Src/transmission_manager.c **** 
   7:../Core/Src/transmission_manager.c ****     // Check array bounds for safety
   8:../Core/Src/transmission_manager.c ****     if (state->nextInQueue < 0 || state->nextInQueue >= NUMBER_TELEMETRY_PACKETS) {
  35              		.loc 1 8 5 view .LVU2
  36              		.loc 1 8 14 is_stmt 0 view .LVU3
  37 0000 0368     		ldr	r3, [r0]
  38              		.loc 1 8 8 view .LVU4
  39 0002 0BB1     		cbz	r3, .L2
   9:../Core/Src/transmission_manager.c ****         state->nextInQueue = 0;
  40              		.loc 1 9 9 is_stmt 1 view .LVU5
  41              		.loc 1 9 28 is_stmt 0 view .LVU6
  42 0004 0023     		movs	r3, #0
  43 0006 0360     		str	r3, [r0]
  44              	.L2:
   4:../Core/Src/transmission_manager.c ****     int sent_bytes = 0;
  45              		.loc 1 4 53 discriminator 1 view .LVU7
  46 0008 0023     		movs	r3, #0
  47 000a 07E0     		b	.L4
  48              	.LVL1:
ARM GAS  /tmp/ccVd597R.s 			page 2


  49              	.L5:
  50              	.LBB2:
  10:../Core/Src/transmission_manager.c ****     }
  11:../Core/Src/transmission_manager.c **** 
  12:../Core/Src/transmission_manager.c ****     for (int number_checked_packets = 0; number_checked_packets < NUMBER_TELEMETRY_PACKETS; number_
  13:../Core/Src/transmission_manager.c ****         //if (!shouldSend(state, state->nextInQueue)) {
  14:../Core/Src/transmission_manager.c ****         //    continue;
  15:../Core/Src/transmission_manager.c ****         //}
  16:../Core/Src/transmission_manager.c **** 
  17:../Core/Src/transmission_manager.c ****         // TODO: Send this message and increment sent_bytes
  18:../Core/Src/transmission_manager.c **** 
  19:../Core/Src/transmission_manager.c ****         state->nextInQueue++;
  51              		.loc 1 19 9 is_stmt 1 view .LVU8
  52              		.loc 1 19 14 is_stmt 0 view .LVU9
  53 000c 0268     		ldr	r2, [r0]
  54              		.loc 1 19 27 view .LVU10
  55 000e 0132     		adds	r2, r2, #1
  56 0010 0260     		str	r2, [r0]
  20:../Core/Src/transmission_manager.c ****         if (state->nextInQueue >= NUMBER_TELEMETRY_PACKETS) {
  57              		.loc 1 20 9 is_stmt 1 view .LVU11
  58              		.loc 1 20 12 is_stmt 0 view .LVU12
  59 0012 002A     		cmp	r2, #0
  60 0014 01DD     		ble	.L3
  21:../Core/Src/transmission_manager.c ****             state->nextInQueue = 0;
  61              		.loc 1 21 13 is_stmt 1 view .LVU13
  62              		.loc 1 21 32 is_stmt 0 view .LVU14
  63 0016 0022     		movs	r2, #0
  64 0018 0260     		str	r2, [r0]
  65              	.L3:
  22:../Core/Src/transmission_manager.c ****         }
  23:../Core/Src/transmission_manager.c **** 
  24:../Core/Src/transmission_manager.c ****         // Reached max burst send capacity
  25:../Core/Src/transmission_manager.c ****         if (sent_bytes >= MAX_BURST_SIZE_BYTES) {
  66              		.loc 1 25 9 is_stmt 1 view .LVU15
  12:../Core/Src/transmission_manager.c ****         //if (!shouldSend(state, state->nextInQueue)) {
  67              		.loc 1 12 93 view .LVU16
  12:../Core/Src/transmission_manager.c ****         //if (!shouldSend(state, state->nextInQueue)) {
  68              		.loc 1 12 115 is_stmt 0 view .LVU17
  69 001a 0133     		adds	r3, r3, #1
  70              	.LVL2:
  71              	.L4:
  12:../Core/Src/transmission_manager.c ****         //if (!shouldSend(state, state->nextInQueue)) {
  72              		.loc 1 12 42 is_stmt 1 discriminator 1 view .LVU18
  12:../Core/Src/transmission_manager.c ****         //if (!shouldSend(state, state->nextInQueue)) {
  73              		.loc 1 12 5 is_stmt 0 discriminator 1 view .LVU19
  74 001c 002B     		cmp	r3, #0
  75 001e F5DD     		ble	.L5
  76              	.LBE2:
  26:../Core/Src/transmission_manager.c ****             return;
  27:../Core/Src/transmission_manager.c ****         }
  28:../Core/Src/transmission_manager.c ****     }
  29:../Core/Src/transmission_manager.c **** }...
  77              		.loc 1 29 1 view .LVU20
  78 0020 7047     		bx	lr
  79              		.cfi_endproc
  80              	.LFE3:
  82              		.text
ARM GAS  /tmp/ccVd597R.s 			page 3


  83              	.Letext0:
  84              		.file 2 "../Core/Include/transmission_manager.h"
ARM GAS  /tmp/ccVd597R.s 			page 4


DEFINED SYMBOLS
                            *ABS*:0000000000000000 transmission_manager.c
     /tmp/ccVd597R.s:17     .text.sendBurstData:0000000000000000 $t
     /tmp/ccVd597R.s:25     .text.sendBurstData:0000000000000000 sendBurstData

NO UNDEFINED SYMBOLS
