ARM GAS  /tmp/ccbws89j.s 			page 1


   1              		.cpu cortex-m7
   2              		.eabi_attribute 28, 1
   3              		.eabi_attribute 20, 1
   4              		.eabi_attribute 21, 1
   5              		.eabi_attribute 23, 3
   6              		.eabi_attribute 24, 1
   7              		.eabi_attribute 25, 1
   8              		.eabi_attribute 26, 1
   9              		.eabi_attribute 30, 1
  10              		.eabi_attribute 34, 1
  11              		.eabi_attribute 18, 4
  12              		.file	"user_diskio.c"
  13              		.text
  14              	.Ltext0:
  15              		.cfi_sections	.debug_frame
  16              		.section	.text.USER_initialize,"ax",%progbits
  17              		.align	1
  18              		.global	USER_initialize
  19              		.arch armv7e-m
  20              		.syntax unified
  21              		.thumb
  22              		.thumb_func
  23              		.fpu fpv5-d16
  25              	USER_initialize:
  26              	.LVL0:
  27              	.LFB144:
  28              		.file 1 "FATFS/Target/user_diskio.c"
   1:FATFS/Target/user_diskio.c **** /* USER CODE BEGIN Header */
   2:FATFS/Target/user_diskio.c **** /**
   3:FATFS/Target/user_diskio.c ****  ******************************************************************************
   4:FATFS/Target/user_diskio.c ****   * @file    user_diskio.c
   5:FATFS/Target/user_diskio.c ****   * @brief   This file includes a diskio driver skeleton to be completed by the user.
   6:FATFS/Target/user_diskio.c ****   ******************************************************************************
   7:FATFS/Target/user_diskio.c ****   * @attention
   8:FATFS/Target/user_diskio.c ****   *
   9:FATFS/Target/user_diskio.c ****   * Copyright (c) 2024 STMicroelectronics.
  10:FATFS/Target/user_diskio.c ****   * All rights reserved.
  11:FATFS/Target/user_diskio.c ****   *
  12:FATFS/Target/user_diskio.c ****   * This software is licensed under terms that can be found in the LICENSE file
  13:FATFS/Target/user_diskio.c ****   * in the root directory of this software component.
  14:FATFS/Target/user_diskio.c ****   * If no LICENSE file comes with this software, it is provided AS-IS.
  15:FATFS/Target/user_diskio.c ****   *
  16:FATFS/Target/user_diskio.c ****   ******************************************************************************
  17:FATFS/Target/user_diskio.c ****   */
  18:FATFS/Target/user_diskio.c ****  /* USER CODE END Header */
  19:FATFS/Target/user_diskio.c **** 
  20:FATFS/Target/user_diskio.c **** #ifdef USE_OBSOLETE_USER_CODE_SECTION_0
  21:FATFS/Target/user_diskio.c **** /*
  22:FATFS/Target/user_diskio.c ****  * Warning: the user section 0 is no more in use (starting from CubeMx version 4.16.0)
  23:FATFS/Target/user_diskio.c ****  * To be suppressed in the future.
  24:FATFS/Target/user_diskio.c ****  * Kept to ensure backward compatibility with previous CubeMx versions when
  25:FATFS/Target/user_diskio.c ****  * migrating projects.
  26:FATFS/Target/user_diskio.c ****  * User code previously added there should be copied in the new user sections before
  27:FATFS/Target/user_diskio.c ****  * the section contents can be deleted.
  28:FATFS/Target/user_diskio.c ****  */
  29:FATFS/Target/user_diskio.c **** /* USER CODE BEGIN 0 */
  30:FATFS/Target/user_diskio.c **** /* USER CODE END 0 */
ARM GAS  /tmp/ccbws89j.s 			page 2


  31:FATFS/Target/user_diskio.c **** #endif
  32:FATFS/Target/user_diskio.c **** 
  33:FATFS/Target/user_diskio.c **** /* USER CODE BEGIN DECL */
  34:FATFS/Target/user_diskio.c **** 
  35:FATFS/Target/user_diskio.c **** /* Includes ------------------------------------------------------------------*/
  36:FATFS/Target/user_diskio.c **** #include <string.h>
  37:FATFS/Target/user_diskio.c **** #include "ff_gen_drv.h"
  38:FATFS/Target/user_diskio.c **** 
  39:FATFS/Target/user_diskio.c **** /* Private typedef -----------------------------------------------------------*/
  40:FATFS/Target/user_diskio.c **** /* Private define ------------------------------------------------------------*/
  41:FATFS/Target/user_diskio.c **** #include "fatfs_sd.h"
  42:FATFS/Target/user_diskio.c ****    
  43:FATFS/Target/user_diskio.c **** /* Private variables ---------------------------------------------------------*/
  44:FATFS/Target/user_diskio.c **** /* Disk status */
  45:FATFS/Target/user_diskio.c **** static volatile DSTATUS Stat = STA_NOINIT;
  46:FATFS/Target/user_diskio.c **** 
  47:FATFS/Target/user_diskio.c **** /* USER CODE END DECL */
  48:FATFS/Target/user_diskio.c **** 
  49:FATFS/Target/user_diskio.c **** /* Private function prototypes -----------------------------------------------*/
  50:FATFS/Target/user_diskio.c **** DSTATUS USER_initialize (BYTE pdrv);
  51:FATFS/Target/user_diskio.c **** DSTATUS USER_status (BYTE pdrv);
  52:FATFS/Target/user_diskio.c **** DRESULT USER_read (BYTE pdrv, BYTE *buff, DWORD sector, UINT count);
  53:FATFS/Target/user_diskio.c **** #if _USE_WRITE == 1
  54:FATFS/Target/user_diskio.c ****   DRESULT USER_write (BYTE pdrv, const BYTE *buff, DWORD sector, UINT count);
  55:FATFS/Target/user_diskio.c **** #endif /* _USE_WRITE == 1 */
  56:FATFS/Target/user_diskio.c **** #if _USE_IOCTL == 1
  57:FATFS/Target/user_diskio.c ****   DRESULT USER_ioctl (BYTE pdrv, BYTE cmd, void *buff);
  58:FATFS/Target/user_diskio.c **** #endif /* _USE_IOCTL == 1 */
  59:FATFS/Target/user_diskio.c **** 
  60:FATFS/Target/user_diskio.c **** Diskio_drvTypeDef  USER_Driver =
  61:FATFS/Target/user_diskio.c **** {
  62:FATFS/Target/user_diskio.c ****   USER_initialize,
  63:FATFS/Target/user_diskio.c ****   USER_status,
  64:FATFS/Target/user_diskio.c ****   USER_read,
  65:FATFS/Target/user_diskio.c **** #if  _USE_WRITE
  66:FATFS/Target/user_diskio.c ****   USER_write,
  67:FATFS/Target/user_diskio.c **** #endif  /* _USE_WRITE == 1 */
  68:FATFS/Target/user_diskio.c **** #if  _USE_IOCTL == 1
  69:FATFS/Target/user_diskio.c ****   USER_ioctl,
  70:FATFS/Target/user_diskio.c **** #endif /* _USE_IOCTL == 1 */
  71:FATFS/Target/user_diskio.c **** };
  72:FATFS/Target/user_diskio.c **** 
  73:FATFS/Target/user_diskio.c **** /* Private functions ---------------------------------------------------------*/
  74:FATFS/Target/user_diskio.c **** 
  75:FATFS/Target/user_diskio.c **** /**
  76:FATFS/Target/user_diskio.c ****   * @brief  Initializes a Drive
  77:FATFS/Target/user_diskio.c ****   * @param  pdrv: Physical drive number (0..)
  78:FATFS/Target/user_diskio.c ****   * @retval DSTATUS: Operation status
  79:FATFS/Target/user_diskio.c ****   */
  80:FATFS/Target/user_diskio.c **** DSTATUS USER_initialize (
  81:FATFS/Target/user_diskio.c **** 	BYTE pdrv           /* Physical drive nmuber to identify the drive */
  82:FATFS/Target/user_diskio.c **** )
  83:FATFS/Target/user_diskio.c **** {
  29              		.loc 1 83 1 view -0
  30              		.cfi_startproc
  31              		@ args = 0, pretend = 0, frame = 0
  32              		@ frame_needed = 0, uses_anonymous_args = 0
ARM GAS  /tmp/ccbws89j.s 			page 3


  33              		.loc 1 83 1 is_stmt 0 view .LVU1
  34 0000 08B5     		push	{r3, lr}
  35              	.LCFI0:
  36              		.cfi_def_cfa_offset 8
  37              		.cfi_offset 3, -8
  38              		.cfi_offset 14, -4
  84:FATFS/Target/user_diskio.c ****   /* USER CODE BEGIN INIT */
  85:FATFS/Target/user_diskio.c ****   return SD_disk_initialize(pdrv);
  39              		.loc 1 85 3 is_stmt 1 view .LVU2
  40              		.loc 1 85 10 is_stmt 0 view .LVU3
  41 0002 FFF7FEFF 		bl	SD_disk_initialize
  42              	.LVL1:
  86:FATFS/Target/user_diskio.c ****   /* USER CODE END INIT */
  87:FATFS/Target/user_diskio.c **** }
  43              		.loc 1 87 1 view .LVU4
  44 0006 08BD     		pop	{r3, pc}
  45              		.cfi_endproc
  46              	.LFE144:
  48              		.section	.text.USER_status,"ax",%progbits
  49              		.align	1
  50              		.global	USER_status
  51              		.syntax unified
  52              		.thumb
  53              		.thumb_func
  54              		.fpu fpv5-d16
  56              	USER_status:
  57              	.LVL2:
  58              	.LFB145:
  88:FATFS/Target/user_diskio.c **** 
  89:FATFS/Target/user_diskio.c **** /**
  90:FATFS/Target/user_diskio.c ****   * @brief  Gets Disk Status
  91:FATFS/Target/user_diskio.c ****   * @param  pdrv: Physical drive number (0..)
  92:FATFS/Target/user_diskio.c ****   * @retval DSTATUS: Operation status
  93:FATFS/Target/user_diskio.c ****   */
  94:FATFS/Target/user_diskio.c **** DSTATUS USER_status (
  95:FATFS/Target/user_diskio.c **** 	BYTE pdrv       /* Physical drive number to identify the drive */
  96:FATFS/Target/user_diskio.c **** )
  97:FATFS/Target/user_diskio.c **** {
  59              		.loc 1 97 1 is_stmt 1 view -0
  60              		.cfi_startproc
  61              		@ args = 0, pretend = 0, frame = 0
  62              		@ frame_needed = 0, uses_anonymous_args = 0
  63              		.loc 1 97 1 is_stmt 0 view .LVU6
  64 0000 08B5     		push	{r3, lr}
  65              	.LCFI1:
  66              		.cfi_def_cfa_offset 8
  67              		.cfi_offset 3, -8
  68              		.cfi_offset 14, -4
  98:FATFS/Target/user_diskio.c ****   /* USER CODE BEGIN STATUS */
  99:FATFS/Target/user_diskio.c ****     return SD_disk_status(pdrv);
  69              		.loc 1 99 5 is_stmt 1 view .LVU7
  70              		.loc 1 99 12 is_stmt 0 view .LVU8
  71 0002 FFF7FEFF 		bl	SD_disk_status
  72              	.LVL3:
 100:FATFS/Target/user_diskio.c ****   /* USER CODE END STATUS */
 101:FATFS/Target/user_diskio.c **** }
  73              		.loc 1 101 1 view .LVU9
ARM GAS  /tmp/ccbws89j.s 			page 4


  74 0006 08BD     		pop	{r3, pc}
  75              		.cfi_endproc
  76              	.LFE145:
  78              		.section	.text.USER_read,"ax",%progbits
  79              		.align	1
  80              		.global	USER_read
  81              		.syntax unified
  82              		.thumb
  83              		.thumb_func
  84              		.fpu fpv5-d16
  86              	USER_read:
  87              	.LVL4:
  88              	.LFB146:
 102:FATFS/Target/user_diskio.c **** 
 103:FATFS/Target/user_diskio.c **** /**
 104:FATFS/Target/user_diskio.c ****   * @brief  Reads Sector(s)
 105:FATFS/Target/user_diskio.c ****   * @param  pdrv: Physical drive number (0..)
 106:FATFS/Target/user_diskio.c ****   * @param  *buff: Data buffer to store read data
 107:FATFS/Target/user_diskio.c ****   * @param  sector: Sector address (LBA)
 108:FATFS/Target/user_diskio.c ****   * @param  count: Number of sectors to read (1..128)
 109:FATFS/Target/user_diskio.c ****   * @retval DRESULT: Operation result
 110:FATFS/Target/user_diskio.c ****   */
 111:FATFS/Target/user_diskio.c **** DRESULT USER_read (
 112:FATFS/Target/user_diskio.c **** 	BYTE pdrv,      /* Physical drive nmuber to identify the drive */
 113:FATFS/Target/user_diskio.c **** 	BYTE *buff,     /* Data buffer to store read data */
 114:FATFS/Target/user_diskio.c **** 	DWORD sector,   /* Sector address in LBA */
 115:FATFS/Target/user_diskio.c **** 	UINT count      /* Number of sectors to read */
 116:FATFS/Target/user_diskio.c **** )
 117:FATFS/Target/user_diskio.c **** {
  89              		.loc 1 117 1 is_stmt 1 view -0
  90              		.cfi_startproc
  91              		@ args = 0, pretend = 0, frame = 0
  92              		@ frame_needed = 0, uses_anonymous_args = 0
  93              		.loc 1 117 1 is_stmt 0 view .LVU11
  94 0000 08B5     		push	{r3, lr}
  95              	.LCFI2:
  96              		.cfi_def_cfa_offset 8
  97              		.cfi_offset 3, -8
  98              		.cfi_offset 14, -4
 118:FATFS/Target/user_diskio.c ****   /* USER CODE BEGIN READ */
 119:FATFS/Target/user_diskio.c ****     return SD_disk_read(pdrv, buff, sector, count);
  99              		.loc 1 119 5 is_stmt 1 view .LVU12
 100              		.loc 1 119 12 is_stmt 0 view .LVU13
 101 0002 FFF7FEFF 		bl	SD_disk_read
 102              	.LVL5:
 120:FATFS/Target/user_diskio.c ****   /* USER CODE END READ */
 121:FATFS/Target/user_diskio.c **** }
 103              		.loc 1 121 1 view .LVU14
 104 0006 08BD     		pop	{r3, pc}
 105              		.cfi_endproc
 106              	.LFE146:
 108              		.section	.text.USER_write,"ax",%progbits
 109              		.align	1
 110              		.global	USER_write
 111              		.syntax unified
 112              		.thumb
 113              		.thumb_func
ARM GAS  /tmp/ccbws89j.s 			page 5


 114              		.fpu fpv5-d16
 116              	USER_write:
 117              	.LVL6:
 118              	.LFB147:
 122:FATFS/Target/user_diskio.c **** 
 123:FATFS/Target/user_diskio.c **** /**
 124:FATFS/Target/user_diskio.c ****   * @brief  Writes Sector(s)
 125:FATFS/Target/user_diskio.c ****   * @param  pdrv: Physical drive number (0..)
 126:FATFS/Target/user_diskio.c ****   * @param  *buff: Data to be written
 127:FATFS/Target/user_diskio.c ****   * @param  sector: Sector address (LBA)
 128:FATFS/Target/user_diskio.c ****   * @param  count: Number of sectors to write (1..128)
 129:FATFS/Target/user_diskio.c ****   * @retval DRESULT: Operation result
 130:FATFS/Target/user_diskio.c ****   */
 131:FATFS/Target/user_diskio.c **** #if _USE_WRITE == 1
 132:FATFS/Target/user_diskio.c **** DRESULT USER_write (
 133:FATFS/Target/user_diskio.c **** 	BYTE pdrv,          /* Physical drive nmuber to identify the drive */
 134:FATFS/Target/user_diskio.c **** 	const BYTE *buff,   /* Data to be written */
 135:FATFS/Target/user_diskio.c **** 	DWORD sector,       /* Sector address in LBA */
 136:FATFS/Target/user_diskio.c **** 	UINT count          /* Number of sectors to write */
 137:FATFS/Target/user_diskio.c **** )
 138:FATFS/Target/user_diskio.c **** {
 119              		.loc 1 138 1 is_stmt 1 view -0
 120              		.cfi_startproc
 121              		@ args = 0, pretend = 0, frame = 0
 122              		@ frame_needed = 0, uses_anonymous_args = 0
 123              		.loc 1 138 1 is_stmt 0 view .LVU16
 124 0000 08B5     		push	{r3, lr}
 125              	.LCFI3:
 126              		.cfi_def_cfa_offset 8
 127              		.cfi_offset 3, -8
 128              		.cfi_offset 14, -4
 139:FATFS/Target/user_diskio.c ****   /* USER CODE BEGIN WRITE */
 140:FATFS/Target/user_diskio.c ****   /* USER CODE HERE */
 141:FATFS/Target/user_diskio.c ****     return SD_disk_write(pdrv, buff, sector, count);
 129              		.loc 1 141 5 is_stmt 1 view .LVU17
 130              		.loc 1 141 12 is_stmt 0 view .LVU18
 131 0002 FFF7FEFF 		bl	SD_disk_write
 132              	.LVL7:
 142:FATFS/Target/user_diskio.c ****   /* USER CODE END WRITE */
 143:FATFS/Target/user_diskio.c **** }
 133              		.loc 1 143 1 view .LVU19
 134 0006 08BD     		pop	{r3, pc}
 135              		.cfi_endproc
 136              	.LFE147:
 138              		.section	.text.USER_ioctl,"ax",%progbits
 139              		.align	1
 140              		.global	USER_ioctl
 141              		.syntax unified
 142              		.thumb
 143              		.thumb_func
 144              		.fpu fpv5-d16
 146              	USER_ioctl:
 147              	.LVL8:
 148              	.LFB148:
 144:FATFS/Target/user_diskio.c **** #endif /* _USE_WRITE == 1 */
 145:FATFS/Target/user_diskio.c **** 
 146:FATFS/Target/user_diskio.c **** /**
ARM GAS  /tmp/ccbws89j.s 			page 6


 147:FATFS/Target/user_diskio.c ****   * @brief  I/O control operation
 148:FATFS/Target/user_diskio.c ****   * @param  pdrv: Physical drive number (0..)
 149:FATFS/Target/user_diskio.c ****   * @param  cmd: Control code
 150:FATFS/Target/user_diskio.c ****   * @param  *buff: Buffer to send/receive control data
 151:FATFS/Target/user_diskio.c ****   * @retval DRESULT: Operation result
 152:FATFS/Target/user_diskio.c ****   */
 153:FATFS/Target/user_diskio.c **** #if _USE_IOCTL == 1
 154:FATFS/Target/user_diskio.c **** DRESULT USER_ioctl (
 155:FATFS/Target/user_diskio.c **** 	BYTE pdrv,      /* Physical drive nmuber (0..) */
 156:FATFS/Target/user_diskio.c **** 	BYTE cmd,       /* Control code */
 157:FATFS/Target/user_diskio.c **** 	void *buff      /* Buffer to send/receive control data */
 158:FATFS/Target/user_diskio.c **** )
 159:FATFS/Target/user_diskio.c **** {
 149              		.loc 1 159 1 is_stmt 1 view -0
 150              		.cfi_startproc
 151              		@ args = 0, pretend = 0, frame = 0
 152              		@ frame_needed = 0, uses_anonymous_args = 0
 153              		.loc 1 159 1 is_stmt 0 view .LVU21
 154 0000 08B5     		push	{r3, lr}
 155              	.LCFI4:
 156              		.cfi_def_cfa_offset 8
 157              		.cfi_offset 3, -8
 158              		.cfi_offset 14, -4
 160:FATFS/Target/user_diskio.c ****   /* USER CODE BEGIN IOCTL */
 161:FATFS/Target/user_diskio.c ****     return SD_disk_ioctl(pdrv, cmd, buff);
 159              		.loc 1 161 5 is_stmt 1 view .LVU22
 160              		.loc 1 161 12 is_stmt 0 view .LVU23
 161 0002 FFF7FEFF 		bl	SD_disk_ioctl
 162              	.LVL9:
 162:FATFS/Target/user_diskio.c ****   /* USER CODE END IOCTL */
 163:FATFS/Target/user_diskio.c **** }
 163              		.loc 1 163 1 view .LVU24
 164 0006 08BD     		pop	{r3, pc}
 165              		.cfi_endproc
 166              	.LFE148:
 168              		.global	USER_Driver
 169              		.section	.data.Stat,"aw"
 172              	Stat:
 173 0000 01       		.byte	1
 174              		.section	.data.USER_Driver,"aw"
 175              		.align	2
 178              	USER_Driver:
 179 0000 00000000 		.word	USER_initialize
 180 0004 00000000 		.word	USER_status
 181 0008 00000000 		.word	USER_read
 182 000c 00000000 		.word	USER_write
 183 0010 00000000 		.word	USER_ioctl
 184              		.text
 185              	.Letext0:
 186              		.file 2 "Middlewares/Third_Party/FatFs/src/integer.h"
 187              		.file 3 "Middlewares/Third_Party/FatFs/src/diskio.h"
 188              		.file 4 "Middlewares/Third_Party/FatFs/src/ff_gen_drv.h"
 189              		.file 5 "../Core/Include/fatfs_sd.h"
ARM GAS  /tmp/ccbws89j.s 			page 7


DEFINED SYMBOLS
                            *ABS*:0000000000000000 user_diskio.c
     /tmp/ccbws89j.s:17     .text.USER_initialize:0000000000000000 $t
     /tmp/ccbws89j.s:25     .text.USER_initialize:0000000000000000 USER_initialize
     /tmp/ccbws89j.s:49     .text.USER_status:0000000000000000 $t
     /tmp/ccbws89j.s:56     .text.USER_status:0000000000000000 USER_status
     /tmp/ccbws89j.s:79     .text.USER_read:0000000000000000 $t
     /tmp/ccbws89j.s:86     .text.USER_read:0000000000000000 USER_read
     /tmp/ccbws89j.s:109    .text.USER_write:0000000000000000 $t
     /tmp/ccbws89j.s:116    .text.USER_write:0000000000000000 USER_write
     /tmp/ccbws89j.s:139    .text.USER_ioctl:0000000000000000 $t
     /tmp/ccbws89j.s:146    .text.USER_ioctl:0000000000000000 USER_ioctl
     /tmp/ccbws89j.s:178    .data.USER_Driver:0000000000000000 USER_Driver
     /tmp/ccbws89j.s:172    .data.Stat:0000000000000000 Stat
     /tmp/ccbws89j.s:175    .data.USER_Driver:0000000000000000 $d

UNDEFINED SYMBOLS
SD_disk_initialize
SD_disk_status
SD_disk_read
SD_disk_write
SD_disk_ioctl
