ARM GAS  /tmp/cc8DXcBh.s 			page 1


   1              		.cpu cortex-m7
   2              		.eabi_attribute 28, 1
   3              		.eabi_attribute 20, 1
   4              		.eabi_attribute 21, 1
   5              		.eabi_attribute 23, 3
   6              		.eabi_attribute 24, 1
   7              		.eabi_attribute 25, 1
   8              		.eabi_attribute 26, 1
   9              		.eabi_attribute 30, 1
  10              		.eabi_attribute 34, 1
  11              		.eabi_attribute 18, 4
  12              		.file	"w25q.c"
  13              		.text
  14              	.Ltext0:
  15              		.cfi_sections	.debug_frame
  16              		.section	.text.w25q_delay,"ax",%progbits
  17              		.align	1
  18              		.weak	w25q_delay
  19              		.arch armv7e-m
  20              		.syntax unified
  21              		.thumb
  22              		.thumb_func
  23              		.fpu fpv5-d16
  25              	w25q_delay:
  26              	.LVL0:
  27              	.LFB152:
  28              		.file 1 "../Core/Src/w25q.c"
   1:../Core/Src/w25q.c **** #include "w25q.h"
   2:../Core/Src/w25q.c **** 
   3:../Core/Src/w25q.c **** #include <string.h>
   4:../Core/Src/w25q.c **** #include "globals.h"
   5:../Core/Src/w25q.c **** 
   6:../Core/Src/w25q.c **** enum w25q_err w25q_init(struct w25q_device *device) {
   7:../Core/Src/w25q.c ****   enum w25q_err err;
   8:../Core/Src/w25q.c **** 
   9:../Core/Src/w25q.c ****   uint8_t id;
  10:../Core/Src/w25q.c ****   err = w25q_read_id(device, &id);
  11:../Core/Src/w25q.c ****   if (err != W25Q_ERR_OK) {
  12:../Core/Src/w25q.c ****     return err;
  13:../Core/Src/w25q.c ****   }
  14:../Core/Src/w25q.c **** 
  15:../Core/Src/w25q.c ****   char buf[100];
  16:../Core/Src/w25q.c ****   sprintf(buf, "ID: %02X\r\n", id);
  17:../Core/Src/w25q.c ****   HAL_UART_Transmit(&huart2, (uint8_t *)buf, strlen(buf), HAL_MAX_DELAY);
  18:../Core/Src/w25q.c **** 
  19:../Core/Src/w25q.c ****   if (id != 0x15) {
  20:../Core/Src/w25q.c ****     return W25Q_ERR_INVALID_ID;
  21:../Core/Src/w25q.c ****   }
  22:../Core/Src/w25q.c **** 
  23:../Core/Src/w25q.c ****   err = w25q_update_status_struct(device);
  24:../Core/Src/w25q.c ****   if (err != W25Q_ERR_OK) {
  25:../Core/Src/w25q.c ****     return err;
  26:../Core/Src/w25q.c ****   }
  27:../Core/Src/w25q.c **** 
  28:../Core/Src/w25q.c ****   HAL_UART_Transmit(&huart2, "Updated status\r\n", 16, HAL_MAX_DELAY);
  29:../Core/Src/w25q.c **** 
  30:../Core/Src/w25q.c **** #if W25Q_MEM_FLASH_SIZE > 128
ARM GAS  /tmp/cc8DXcBh.s 			page 2


  31:../Core/Src/w25q.c **** 
  32:../Core/Src/w25q.c ****   if (!device->status.ADP) {
  33:../Core/Src/w25q.c ****     uint8_t reg;
  34:../Core/Src/w25q.c ****     err = w25q_read_status_reg(device, &reg, 3);
  35:../Core/Src/w25q.c ****     if (err != W25Q_ERR_OK) {
  36:../Core/Src/w25q.c ****       return err;
  37:../Core/Src/w25q.c ****     }
  38:../Core/Src/w25q.c ****     reg |= 0x02;
  39:../Core/Src/w25q.c ****     err = w25q_write_status_reg(device, reg, 3);
  40:../Core/Src/w25q.c ****     if (err != W25Q_ERR_OK) {
  41:../Core/Src/w25q.c ****       return err;
  42:../Core/Src/w25q.c ****     }
  43:../Core/Src/w25q.c ****   }
  44:../Core/Src/w25q.c **** 
  45:../Core/Src/w25q.c ****   if (!device->status.ADS) {
  46:../Core/Src/w25q.c ****     err = w25q_enter_4_byte_mode(device, 1);
  47:../Core/Src/w25q.c ****     if (err != W25Q_ERR_OK) {
  48:../Core/Src/w25q.c ****       return err;
  49:../Core/Src/w25q.c ****     }
  50:../Core/Src/w25q.c ****   }
  51:../Core/Src/w25q.c **** 
  52:../Core/Src/w25q.c **** #endif
  53:../Core/Src/w25q.c **** 
  54:../Core/Src/w25q.c ****   if (!device->status.QE) {
  55:../Core/Src/w25q.c ****     uint8_t reg;
  56:../Core/Src/w25q.c ****       HAL_UART_Transmit(&huart2, "Something1 \r\n", 15, HAL_MAX_DELAY);
  57:../Core/Src/w25q.c **** 
  58:../Core/Src/w25q.c ****     err = w25q_read_status_reg(device, &reg, 2);
  59:../Core/Src/w25q.c ****     if (err != W25Q_ERR_OK) {
  60:../Core/Src/w25q.c ****       return err;
  61:../Core/Src/w25q.c ****     }
  62:../Core/Src/w25q.c ****       HAL_UART_Transmit(&huart2, "Something2 \r\n", 15, HAL_MAX_DELAY);
  63:../Core/Src/w25q.c **** 
  64:../Core/Src/w25q.c ****     reg |= 0x02;
  65:../Core/Src/w25q.c ****     err = w25q_write_status_reg(device, reg, 2);
  66:../Core/Src/w25q.c ****     if (err != W25Q_ERR_OK) {
  67:../Core/Src/w25q.c ****       return err;
  68:../Core/Src/w25q.c ****     }
  69:../Core/Src/w25q.c **** 
  70:../Core/Src/w25q.c ****           HAL_UART_Transmit(&huart2, "Something3 \r\n", 15, HAL_MAX_DELAY);
  71:../Core/Src/w25q.c **** 
  72:../Core/Src/w25q.c ****   }
  73:../Core/Src/w25q.c **** 
  74:../Core/Src/w25q.c ****   HAL_UART_Transmit(&huart2, "Something \r\n", 14, HAL_MAX_DELAY);
  75:../Core/Src/w25q.c **** 
  76:../Core/Src/w25q.c ****   err = w25q_update_status_struct(device);
  77:../Core/Src/w25q.c **** 
  78:../Core/Src/w25q.c ****   return err;
  79:../Core/Src/w25q.c **** }
  80:../Core/Src/w25q.c **** 
  81:../Core/Src/w25q.c **** enum w25q_err w25q_update_status_struct(struct w25q_device *device) {
  82:../Core/Src/w25q.c ****   enum w25q_err err;
  83:../Core/Src/w25q.c **** 
  84:../Core/Src/w25q.c ****   uint8_t sr[3];
  85:../Core/Src/w25q.c **** 
  86:../Core/Src/w25q.c ****   err = w25q_read_status_reg(device, &sr[0], 1);
  87:../Core/Src/w25q.c ****   if (err != W25Q_ERR_OK) {
ARM GAS  /tmp/cc8DXcBh.s 			page 3


  88:../Core/Src/w25q.c ****     return err;
  89:../Core/Src/w25q.c ****   }
  90:../Core/Src/w25q.c **** 
  91:../Core/Src/w25q.c ****   err = w25q_read_status_reg(device, &sr[1], 2);
  92:../Core/Src/w25q.c ****   if (err != W25Q_ERR_OK) {
  93:../Core/Src/w25q.c ****     return err;
  94:../Core/Src/w25q.c ****   }
  95:../Core/Src/w25q.c **** 
  96:../Core/Src/w25q.c ****   err = w25q_read_status_reg(device, &sr[2], 3);
  97:../Core/Src/w25q.c ****   if (err != W25Q_ERR_OK) {
  98:../Core/Src/w25q.c ****     return err;
  99:../Core/Src/w25q.c ****   }
 100:../Core/Src/w25q.c **** 
 101:../Core/Src/w25q.c ****   memcpy(&(device->status), sr, 3);
 102:../Core/Src/w25q.c **** 
 103:../Core/Src/w25q.c ****   return err;
 104:../Core/Src/w25q.c **** }
 105:../Core/Src/w25q.c **** 
 106:../Core/Src/w25q.c **** enum w25q_err w25q_is_busy(struct w25q_device *device) {
 107:../Core/Src/w25q.c ****   enum w25q_err err;
 108:../Core/Src/w25q.c ****   uint8_t sr;
 109:../Core/Src/w25q.c **** 
 110:../Core/Src/w25q.c ****   err = w25q_read_status_reg(device, &sr, 1);
 111:../Core/Src/w25q.c ****   if (err != W25Q_ERR_OK) {
 112:../Core/Src/w25q.c ****     return err;
 113:../Core/Src/w25q.c ****   }
 114:../Core/Src/w25q.c **** 
 115:../Core/Src/w25q.c ****   device->status.BUSY = sr & 1;
 116:../Core/Src/w25q.c **** 
 117:../Core/Src/w25q.c ****   return device->status.BUSY ? W25Q_ERR_BUSY : W25Q_ERR_OK;
 118:../Core/Src/w25q.c **** }
 119:../Core/Src/w25q.c **** 
 120:../Core/Src/w25q.c **** enum w25q_err w25q_read_data(struct w25q_device *device, uint8_t *buf,
 121:../Core/Src/w25q.c ****                              uint32_t len, uint8_t page_offset,
 122:../Core/Src/w25q.c ****                              uint32_t page_num) {
 123:../Core/Src/w25q.c ****   if (page_num >= W25Q_PAGE_COUNT || len == 0 || len > 256 ||
 124:../Core/Src/w25q.c ****       page_offset > 256 - len) {
 125:../Core/Src/w25q.c ****     return W25Q_ERR_PARAM;
 126:../Core/Src/w25q.c ****   }
 127:../Core/Src/w25q.c **** 
 128:../Core/Src/w25q.c ****   uint32_t raw_addr = page_num * W25Q_MEM_PAGE_SIZE + page_offset;
 129:../Core/Src/w25q.c ****   return w25q_read_raw(device, buf, len, raw_addr);
 130:../Core/Src/w25q.c **** }
 131:../Core/Src/w25q.c **** 
 132:../Core/Src/w25q.c **** __attribute__((weak)) void w25q_delay(uint32_t ms) { return; }
  29              		.loc 1 132 52 view -0
  30              		.cfi_startproc
  31              		@ args = 0, pretend = 0, frame = 0
  32              		@ frame_needed = 0, uses_anonymous_args = 0
  33              		@ link register save eliminated.
  34              		.loc 1 132 54 view .LVU1
  35              		.loc 1 132 62 is_stmt 0 view .LVU2
  36 0000 7047     		bx	lr
  37              		.cfi_endproc
  38              	.LFE152:
  40              		.section	.text.w25q_read_id,"ax",%progbits
  41              		.align	1
ARM GAS  /tmp/cc8DXcBh.s 			page 4


  42              		.weak	w25q_read_id
  43              		.syntax unified
  44              		.thumb
  45              		.thumb_func
  46              		.fpu fpv5-d16
  48              	w25q_read_id:
  49              	.LVL1:
  50              	.LFB153:
 133:../Core/Src/w25q.c **** 
 134:../Core/Src/w25q.c **** __attribute__((weak)) enum w25q_err w25q_read_id(struct w25q_device *device,
 135:../Core/Src/w25q.c ****                                                  uint8_t *buf) {
  51              		.loc 1 135 64 is_stmt 1 view -0
  52              		.cfi_startproc
  53              		@ args = 0, pretend = 0, frame = 0
  54              		@ frame_needed = 0, uses_anonymous_args = 0
  55              		@ link register save eliminated.
 136:../Core/Src/w25q.c ****   return W25Q_ERR_OK;
  56              		.loc 1 136 3 view .LVU4
 137:../Core/Src/w25q.c **** }
  57              		.loc 1 137 1 is_stmt 0 view .LVU5
  58 0000 0020     		movs	r0, #0
  59              	.LVL2:
  60              		.loc 1 137 1 view .LVU6
  61 0002 7047     		bx	lr
  62              		.cfi_endproc
  63              	.LFE153:
  65              		.section	.text.w25q_write_enable,"ax",%progbits
  66              		.align	1
  67              		.weak	w25q_write_enable
  68              		.syntax unified
  69              		.thumb
  70              		.thumb_func
  71              		.fpu fpv5-d16
  73              	w25q_write_enable:
  74              	.LVL3:
  75              	.LFB154:
 138:../Core/Src/w25q.c **** 
 139:../Core/Src/w25q.c **** __attribute__((weak)) enum w25q_err
 140:../Core/Src/w25q.c **** w25q_write_enable(struct w25q_device *device, bool enable) {
  76              		.loc 1 140 60 is_stmt 1 view -0
  77              		.cfi_startproc
  78              		@ args = 0, pretend = 0, frame = 0
  79              		@ frame_needed = 0, uses_anonymous_args = 0
  80              		@ link register save eliminated.
 141:../Core/Src/w25q.c ****   return W25Q_ERR_OK;
  81              		.loc 1 141 3 view .LVU8
 142:../Core/Src/w25q.c **** }
  82              		.loc 1 142 1 is_stmt 0 view .LVU9
  83 0000 0020     		movs	r0, #0
  84              	.LVL4:
  85              		.loc 1 142 1 view .LVU10
  86 0002 7047     		bx	lr
  87              		.cfi_endproc
  88              	.LFE154:
  90              		.section	.text.w25q_enter_4_byte_mode,"ax",%progbits
  91              		.align	1
  92              		.weak	w25q_enter_4_byte_mode
ARM GAS  /tmp/cc8DXcBh.s 			page 5


  93              		.syntax unified
  94              		.thumb
  95              		.thumb_func
  96              		.fpu fpv5-d16
  98              	w25q_enter_4_byte_mode:
  99              	.LVL5:
 100              	.LFB155:
 143:../Core/Src/w25q.c **** 
 144:../Core/Src/w25q.c **** __attribute__((weak)) enum w25q_err
 145:../Core/Src/w25q.c **** w25q_enter_4_byte_mode(struct w25q_device *device, bool enable) {
 101              		.loc 1 145 65 is_stmt 1 view -0
 102              		.cfi_startproc
 103              		@ args = 0, pretend = 0, frame = 0
 104              		@ frame_needed = 0, uses_anonymous_args = 0
 105              		@ link register save eliminated.
 146:../Core/Src/w25q.c ****   return W25Q_ERR_OK;
 106              		.loc 1 146 3 view .LVU12
 147:../Core/Src/w25q.c **** }
 107              		.loc 1 147 1 is_stmt 0 view .LVU13
 108 0000 0020     		movs	r0, #0
 109              	.LVL6:
 110              		.loc 1 147 1 view .LVU14
 111 0002 7047     		bx	lr
 112              		.cfi_endproc
 113              	.LFE155:
 115              		.section	.text.w25q_read_status_reg,"ax",%progbits
 116              		.align	1
 117              		.weak	w25q_read_status_reg
 118              		.syntax unified
 119              		.thumb
 120              		.thumb_func
 121              		.fpu fpv5-d16
 123              	w25q_read_status_reg:
 124              	.LVL7:
 125              	.LFB156:
 148:../Core/Src/w25q.c **** 
 149:../Core/Src/w25q.c **** __attribute__((weak)) enum w25q_err
 150:../Core/Src/w25q.c **** w25q_read_status_reg(struct w25q_device *device, uint8_t *reg_data,
 151:../Core/Src/w25q.c ****                      uint8_t reg_num) {
 126              		.loc 1 151 39 is_stmt 1 view -0
 127              		.cfi_startproc
 128              		@ args = 0, pretend = 0, frame = 0
 129              		@ frame_needed = 0, uses_anonymous_args = 0
 130              		@ link register save eliminated.
 152:../Core/Src/w25q.c ****   return W25Q_ERR_OK;
 131              		.loc 1 152 3 view .LVU16
 153:../Core/Src/w25q.c **** }
 132              		.loc 1 153 1 is_stmt 0 view .LVU17
 133 0000 0020     		movs	r0, #0
 134              	.LVL8:
 135              		.loc 1 153 1 view .LVU18
 136 0002 7047     		bx	lr
 137              		.cfi_endproc
 138              	.LFE156:
 140              		.section	.text.w25q_update_status_struct,"ax",%progbits
 141              		.align	1
 142              		.global	w25q_update_status_struct
ARM GAS  /tmp/cc8DXcBh.s 			page 6


 143              		.syntax unified
 144              		.thumb
 145              		.thumb_func
 146              		.fpu fpv5-d16
 148              	w25q_update_status_struct:
 149              	.LVL9:
 150              	.LFB149:
  81:../Core/Src/w25q.c ****   enum w25q_err err;
 151              		.loc 1 81 69 is_stmt 1 view -0
 152              		.cfi_startproc
 153              		@ args = 0, pretend = 0, frame = 8
 154              		@ frame_needed = 0, uses_anonymous_args = 0
  81:../Core/Src/w25q.c ****   enum w25q_err err;
 155              		.loc 1 81 69 is_stmt 0 view .LVU20
 156 0000 10B5     		push	{r4, lr}
 157              	.LCFI0:
 158              		.cfi_def_cfa_offset 8
 159              		.cfi_offset 4, -8
 160              		.cfi_offset 14, -4
 161 0002 82B0     		sub	sp, sp, #8
 162              	.LCFI1:
 163              		.cfi_def_cfa_offset 16
 164 0004 0446     		mov	r4, r0
  82:../Core/Src/w25q.c **** 
 165              		.loc 1 82 3 is_stmt 1 view .LVU21
  84:../Core/Src/w25q.c **** 
 166              		.loc 1 84 3 view .LVU22
  86:../Core/Src/w25q.c ****   if (err != W25Q_ERR_OK) {
 167              		.loc 1 86 3 view .LVU23
  86:../Core/Src/w25q.c ****   if (err != W25Q_ERR_OK) {
 168              		.loc 1 86 9 is_stmt 0 view .LVU24
 169 0006 0122     		movs	r2, #1
 170 0008 01A9     		add	r1, sp, #4
 171 000a FFF7FEFF 		bl	w25q_read_status_reg
 172              	.LVL10:
  87:../Core/Src/w25q.c ****     return err;
 173              		.loc 1 87 3 is_stmt 1 view .LVU25
  87:../Core/Src/w25q.c ****     return err;
 174              		.loc 1 87 6 is_stmt 0 view .LVU26
 175 000e 08B1     		cbz	r0, .L9
 176              	.L7:
 104:../Core/Src/w25q.c **** 
 177              		.loc 1 104 1 view .LVU27
 178 0010 02B0     		add	sp, sp, #8
 179              	.LCFI2:
 180              		.cfi_remember_state
 181              		.cfi_def_cfa_offset 8
 182              		@ sp needed
 183 0012 10BD     		pop	{r4, pc}
 184              	.LVL11:
 185              	.L9:
 186              	.LCFI3:
 187              		.cfi_restore_state
  91:../Core/Src/w25q.c ****   if (err != W25Q_ERR_OK) {
 188              		.loc 1 91 3 is_stmt 1 view .LVU28
  91:../Core/Src/w25q.c ****   if (err != W25Q_ERR_OK) {
 189              		.loc 1 91 9 is_stmt 0 view .LVU29
ARM GAS  /tmp/cc8DXcBh.s 			page 7


 190 0014 0222     		movs	r2, #2
 191 0016 0DF10501 		add	r1, sp, #5
 192 001a 2046     		mov	r0, r4
 193 001c FFF7FEFF 		bl	w25q_read_status_reg
 194              	.LVL12:
  92:../Core/Src/w25q.c ****     return err;
 195              		.loc 1 92 3 is_stmt 1 view .LVU30
  92:../Core/Src/w25q.c ****     return err;
 196              		.loc 1 92 6 is_stmt 0 view .LVU31
 197 0020 0028     		cmp	r0, #0
 198 0022 F5D1     		bne	.L7
  96:../Core/Src/w25q.c ****   if (err != W25Q_ERR_OK) {
 199              		.loc 1 96 3 is_stmt 1 view .LVU32
  96:../Core/Src/w25q.c ****   if (err != W25Q_ERR_OK) {
 200              		.loc 1 96 9 is_stmt 0 view .LVU33
 201 0024 0322     		movs	r2, #3
 202 0026 0DF10601 		add	r1, sp, #6
 203 002a 2046     		mov	r0, r4
 204              	.LVL13:
  96:../Core/Src/w25q.c ****   if (err != W25Q_ERR_OK) {
 205              		.loc 1 96 9 view .LVU34
 206 002c FFF7FEFF 		bl	w25q_read_status_reg
 207              	.LVL14:
  97:../Core/Src/w25q.c ****     return err;
 208              		.loc 1 97 3 is_stmt 1 view .LVU35
  97:../Core/Src/w25q.c ****     return err;
 209              		.loc 1 97 6 is_stmt 0 view .LVU36
 210 0030 0028     		cmp	r0, #0
 211 0032 EDD1     		bne	.L7
 101:../Core/Src/w25q.c **** 
 212              		.loc 1 101 3 is_stmt 1 view .LVU37
 213 0034 BDF80420 		ldrh	r2, [sp, #4]	@ unaligned
 214 0038 9DF80630 		ldrb	r3, [sp, #6]	@ zero_extendqisi2
 215 003c A280     		strh	r2, [r4, #4]	@ unaligned
 216 003e A371     		strb	r3, [r4, #6]
 103:../Core/Src/w25q.c **** }
 217              		.loc 1 103 3 view .LVU38
 103:../Core/Src/w25q.c **** }
 218              		.loc 1 103 10 is_stmt 0 view .LVU39
 219 0040 E6E7     		b	.L7
 220              		.cfi_endproc
 221              	.LFE149:
 223              		.section	.text.w25q_is_busy,"ax",%progbits
 224              		.align	1
 225              		.global	w25q_is_busy
 226              		.syntax unified
 227              		.thumb
 228              		.thumb_func
 229              		.fpu fpv5-d16
 231              	w25q_is_busy:
 232              	.LVL15:
 233              	.LFB150:
 106:../Core/Src/w25q.c ****   enum w25q_err err;
 234              		.loc 1 106 56 is_stmt 1 view -0
 235              		.cfi_startproc
 236              		@ args = 0, pretend = 0, frame = 8
 237              		@ frame_needed = 0, uses_anonymous_args = 0
ARM GAS  /tmp/cc8DXcBh.s 			page 8


 106:../Core/Src/w25q.c ****   enum w25q_err err;
 238              		.loc 1 106 56 is_stmt 0 view .LVU41
 239 0000 10B5     		push	{r4, lr}
 240              	.LCFI4:
 241              		.cfi_def_cfa_offset 8
 242              		.cfi_offset 4, -8
 243              		.cfi_offset 14, -4
 244 0002 82B0     		sub	sp, sp, #8
 245              	.LCFI5:
 246              		.cfi_def_cfa_offset 16
 247 0004 0446     		mov	r4, r0
 107:../Core/Src/w25q.c ****   uint8_t sr;
 248              		.loc 1 107 3 is_stmt 1 view .LVU42
 108:../Core/Src/w25q.c **** 
 249              		.loc 1 108 3 view .LVU43
 110:../Core/Src/w25q.c ****   if (err != W25Q_ERR_OK) {
 250              		.loc 1 110 3 view .LVU44
 110:../Core/Src/w25q.c ****   if (err != W25Q_ERR_OK) {
 251              		.loc 1 110 9 is_stmt 0 view .LVU45
 252 0006 0122     		movs	r2, #1
 253 0008 0DF10701 		add	r1, sp, #7
 254 000c FFF7FEFF 		bl	w25q_read_status_reg
 255              	.LVL16:
 111:../Core/Src/w25q.c ****     return err;
 256              		.loc 1 111 3 is_stmt 1 view .LVU46
 111:../Core/Src/w25q.c ****     return err;
 257              		.loc 1 111 6 is_stmt 0 view .LVU47
 258 0010 0346     		mov	r3, r0
 259 0012 40B9     		cbnz	r0, .L11
 115:../Core/Src/w25q.c **** 
 260              		.loc 1 115 3 is_stmt 1 view .LVU48
 115:../Core/Src/w25q.c **** 
 261              		.loc 1 115 28 is_stmt 0 view .LVU49
 262 0014 9DF80720 		ldrb	r2, [sp, #7]	@ zero_extendqisi2
 115:../Core/Src/w25q.c **** 
 263              		.loc 1 115 23 view .LVU50
 264 0018 2379     		ldrb	r3, [r4, #4]	@ zero_extendqisi2
 265 001a 62F30003 		bfi	r3, r2, #0, #1
 266 001e 2371     		strb	r3, [r4, #4]
 117:../Core/Src/w25q.c **** }
 267              		.loc 1 117 3 is_stmt 1 view .LVU51
 117:../Core/Src/w25q.c **** }
 268              		.loc 1 117 30 is_stmt 0 view .LVU52
 269 0020 DBB2     		uxtb	r3, r3
 117:../Core/Src/w25q.c **** }
 270              		.loc 1 117 46 view .LVU53
 271 0022 03F00103 		and	r3, r3, #1
 272              	.L11:
 118:../Core/Src/w25q.c **** 
 273              		.loc 1 118 1 view .LVU54
 274 0026 1846     		mov	r0, r3
 275              	.LVL17:
 118:../Core/Src/w25q.c **** 
 276              		.loc 1 118 1 view .LVU55
 277 0028 02B0     		add	sp, sp, #8
 278              	.LCFI6:
 279              		.cfi_def_cfa_offset 8
ARM GAS  /tmp/cc8DXcBh.s 			page 9


 280              		@ sp needed
 281 002a 10BD     		pop	{r4, pc}
 118:../Core/Src/w25q.c **** 
 282              		.loc 1 118 1 view .LVU56
 283              		.cfi_endproc
 284              	.LFE150:
 286              		.section	.text.w25q_write_status_reg,"ax",%progbits
 287              		.align	1
 288              		.weak	w25q_write_status_reg
 289              		.syntax unified
 290              		.thumb
 291              		.thumb_func
 292              		.fpu fpv5-d16
 294              	w25q_write_status_reg:
 295              	.LVL18:
 296              	.LFB157:
 154:../Core/Src/w25q.c **** 
 155:../Core/Src/w25q.c **** __attribute__((weak)) enum w25q_err
 156:../Core/Src/w25q.c **** w25q_write_status_reg(struct w25q_device *device, uint8_t reg_data,
 157:../Core/Src/w25q.c ****                       uint8_t reg_num) {
 297              		.loc 1 157 40 is_stmt 1 view -0
 298              		.cfi_startproc
 299              		@ args = 0, pretend = 0, frame = 0
 300              		@ frame_needed = 0, uses_anonymous_args = 0
 301              		@ link register save eliminated.
 158:../Core/Src/w25q.c ****   return W25Q_ERR_OK;
 302              		.loc 1 158 3 view .LVU58
 159:../Core/Src/w25q.c **** }
 303              		.loc 1 159 1 is_stmt 0 view .LVU59
 304 0000 0020     		movs	r0, #0
 305              	.LVL19:
 306              		.loc 1 159 1 view .LVU60
 307 0002 7047     		bx	lr
 308              		.cfi_endproc
 309              	.LFE157:
 311              		.section	.rodata.w25q_init.str1.4,"aMS",%progbits,1
 312              		.align	2
 313              	.LC0:
 314 0000 49443A20 		.ascii	"ID: %02X\015\012\000"
 314      25303258 
 314      0D0A00
 315 000b 00       		.align	2
 316              	.LC1:
 317 000c 55706461 		.ascii	"Updated status\015\012\000"
 317      74656420 
 317      73746174 
 317      75730D0A 
 317      00
 318 001d 000000   		.align	2
 319              	.LC2:
 320 0020 536F6D65 		.ascii	"Something1 \015\012\000"
 320      7468696E 
 320      6731200D 
 320      0A00
 321 002e 0000     		.align	2
 322              	.LC3:
 323 0030 536F6D65 		.ascii	"Something2 \015\012\000"
ARM GAS  /tmp/cc8DXcBh.s 			page 10


 323      7468696E 
 323      6732200D 
 323      0A00
 324 003e 0000     		.align	2
 325              	.LC4:
 326 0040 536F6D65 		.ascii	"Something3 \015\012\000"
 326      7468696E 
 326      6733200D 
 326      0A00
 327 004e 0000     		.align	2
 328              	.LC5:
 329 0050 536F6D65 		.ascii	"Something \015\012\000"
 329      7468696E 
 329      67200D0A 
 329      00
 330              		.section	.text.w25q_init,"ax",%progbits
 331              		.align	1
 332              		.global	w25q_init
 333              		.syntax unified
 334              		.thumb
 335              		.thumb_func
 336              		.fpu fpv5-d16
 338              	w25q_init:
 339              	.LVL20:
 340              	.LFB148:
   6:../Core/Src/w25q.c ****   enum w25q_err err;
 341              		.loc 1 6 53 is_stmt 1 view -0
 342              		.cfi_startproc
 343              		@ args = 0, pretend = 0, frame = 112
 344              		@ frame_needed = 0, uses_anonymous_args = 0
   6:../Core/Src/w25q.c ****   enum w25q_err err;
 345              		.loc 1 6 53 is_stmt 0 view .LVU62
 346 0000 10B5     		push	{r4, lr}
 347              	.LCFI7:
 348              		.cfi_def_cfa_offset 8
 349              		.cfi_offset 4, -8
 350              		.cfi_offset 14, -4
 351 0002 9CB0     		sub	sp, sp, #112
 352              	.LCFI8:
 353              		.cfi_def_cfa_offset 120
 354 0004 0446     		mov	r4, r0
   7:../Core/Src/w25q.c **** 
 355              		.loc 1 7 3 is_stmt 1 view .LVU63
   9:../Core/Src/w25q.c ****   err = w25q_read_id(device, &id);
 356              		.loc 1 9 3 view .LVU64
  10:../Core/Src/w25q.c ****   if (err != W25Q_ERR_OK) {
 357              		.loc 1 10 3 view .LVU65
  10:../Core/Src/w25q.c ****   if (err != W25Q_ERR_OK) {
 358              		.loc 1 10 9 is_stmt 0 view .LVU66
 359 0006 0DF16F01 		add	r1, sp, #111
 360 000a FFF7FEFF 		bl	w25q_read_id
 361              	.LVL21:
  11:../Core/Src/w25q.c ****     return err;
 362              		.loc 1 11 3 is_stmt 1 view .LVU67
  11:../Core/Src/w25q.c ****     return err;
 363              		.loc 1 11 6 is_stmt 0 view .LVU68
 364 000e 08B1     		cbz	r0, .L20
ARM GAS  /tmp/cc8DXcBh.s 			page 11


 365              	.L15:
  79:../Core/Src/w25q.c **** 
 366              		.loc 1 79 1 view .LVU69
 367 0010 1CB0     		add	sp, sp, #112
 368              	.LCFI9:
 369              		.cfi_remember_state
 370              		.cfi_def_cfa_offset 8
 371              		@ sp needed
 372 0012 10BD     		pop	{r4, pc}
 373              	.LVL22:
 374              	.L20:
 375              	.LCFI10:
 376              		.cfi_restore_state
  15:../Core/Src/w25q.c ****   sprintf(buf, "ID: %02X\r\n", id);
 377              		.loc 1 15 3 is_stmt 1 view .LVU70
  16:../Core/Src/w25q.c ****   HAL_UART_Transmit(&huart2, (uint8_t *)buf, strlen(buf), HAL_MAX_DELAY);
 378              		.loc 1 16 3 view .LVU71
 379 0014 9DF86F20 		ldrb	r2, [sp, #111]	@ zero_extendqisi2
 380 0018 2B49     		ldr	r1, .L22
 381 001a 02A8     		add	r0, sp, #8
 382 001c FFF7FEFF 		bl	sprintf
 383              	.LVL23:
  17:../Core/Src/w25q.c **** 
 384              		.loc 1 17 3 view .LVU72
  17:../Core/Src/w25q.c **** 
 385              		.loc 1 17 46 is_stmt 0 view .LVU73
 386 0020 02A8     		add	r0, sp, #8
 387 0022 FFF7FEFF 		bl	strlen
 388              	.LVL24:
  17:../Core/Src/w25q.c **** 
 389              		.loc 1 17 3 view .LVU74
 390 0026 4FF0FF33 		mov	r3, #-1
 391 002a 82B2     		uxth	r2, r0
 392 002c 02A9     		add	r1, sp, #8
 393 002e 2748     		ldr	r0, .L22+4
 394 0030 FFF7FEFF 		bl	HAL_UART_Transmit
 395              	.LVL25:
  19:../Core/Src/w25q.c ****     return W25Q_ERR_INVALID_ID;
 396              		.loc 1 19 3 is_stmt 1 view .LVU75
  19:../Core/Src/w25q.c ****     return W25Q_ERR_INVALID_ID;
 397              		.loc 1 19 10 is_stmt 0 view .LVU76
 398 0034 9DF86F30 		ldrb	r3, [sp, #111]	@ zero_extendqisi2
  19:../Core/Src/w25q.c ****     return W25Q_ERR_INVALID_ID;
 399              		.loc 1 19 6 view .LVU77
 400 0038 152B     		cmp	r3, #21
 401 003a 01D0     		beq	.L21
  20:../Core/Src/w25q.c ****   }
 402              		.loc 1 20 12 view .LVU78
 403 003c 0620     		movs	r0, #6
 404 003e E7E7     		b	.L15
 405              	.L21:
  23:../Core/Src/w25q.c ****   if (err != W25Q_ERR_OK) {
 406              		.loc 1 23 3 is_stmt 1 view .LVU79
  23:../Core/Src/w25q.c ****   if (err != W25Q_ERR_OK) {
 407              		.loc 1 23 9 is_stmt 0 view .LVU80
 408 0040 2046     		mov	r0, r4
 409 0042 FFF7FEFF 		bl	w25q_update_status_struct
ARM GAS  /tmp/cc8DXcBh.s 			page 12


 410              	.LVL26:
  24:../Core/Src/w25q.c ****     return err;
 411              		.loc 1 24 3 is_stmt 1 view .LVU81
  24:../Core/Src/w25q.c ****     return err;
 412              		.loc 1 24 6 is_stmt 0 view .LVU82
 413 0046 0028     		cmp	r0, #0
 414 0048 E2D1     		bne	.L15
  28:../Core/Src/w25q.c **** 
 415              		.loc 1 28 3 is_stmt 1 view .LVU83
 416 004a 4FF0FF33 		mov	r3, #-1
 417 004e 1022     		movs	r2, #16
 418 0050 1F49     		ldr	r1, .L22+8
 419 0052 1E48     		ldr	r0, .L22+4
 420              	.LVL27:
  28:../Core/Src/w25q.c **** 
 421              		.loc 1 28 3 is_stmt 0 view .LVU84
 422 0054 FFF7FEFF 		bl	HAL_UART_Transmit
 423              	.LVL28:
  54:../Core/Src/w25q.c ****     uint8_t reg;
 424              		.loc 1 54 3 is_stmt 1 view .LVU85
  54:../Core/Src/w25q.c ****     uint8_t reg;
 425              		.loc 1 54 7 is_stmt 0 view .LVU86
 426 0058 6379     		ldrb	r3, [r4, #5]	@ zero_extendqisi2
  54:../Core/Src/w25q.c ****     uint8_t reg;
 427              		.loc 1 54 6 view .LVU87
 428 005a 13F0020F 		tst	r3, #2
 429 005e 28D1     		bne	.L16
 430              	.LBB2:
  55:../Core/Src/w25q.c ****       HAL_UART_Transmit(&huart2, "Something1 \r\n", 15, HAL_MAX_DELAY);
 431              		.loc 1 55 5 is_stmt 1 view .LVU88
  56:../Core/Src/w25q.c **** 
 432              		.loc 1 56 7 view .LVU89
 433 0060 4FF0FF33 		mov	r3, #-1
 434 0064 0F22     		movs	r2, #15
 435 0066 1B49     		ldr	r1, .L22+12
 436 0068 1848     		ldr	r0, .L22+4
 437 006a FFF7FEFF 		bl	HAL_UART_Transmit
 438              	.LVL29:
  58:../Core/Src/w25q.c ****     if (err != W25Q_ERR_OK) {
 439              		.loc 1 58 5 view .LVU90
  58:../Core/Src/w25q.c ****     if (err != W25Q_ERR_OK) {
 440              		.loc 1 58 11 is_stmt 0 view .LVU91
 441 006e 0222     		movs	r2, #2
 442 0070 0DF10701 		add	r1, sp, #7
 443 0074 2046     		mov	r0, r4
 444 0076 FFF7FEFF 		bl	w25q_read_status_reg
 445              	.LVL30:
  59:../Core/Src/w25q.c ****       return err;
 446              		.loc 1 59 5 is_stmt 1 view .LVU92
  59:../Core/Src/w25q.c ****       return err;
 447              		.loc 1 59 8 is_stmt 0 view .LVU93
 448 007a 0028     		cmp	r0, #0
 449 007c C8D1     		bne	.L15
  62:../Core/Src/w25q.c **** 
 450              		.loc 1 62 7 is_stmt 1 view .LVU94
 451 007e 4FF0FF33 		mov	r3, #-1
 452 0082 0F22     		movs	r2, #15
ARM GAS  /tmp/cc8DXcBh.s 			page 13


 453 0084 1449     		ldr	r1, .L22+16
 454 0086 1148     		ldr	r0, .L22+4
 455              	.LVL31:
  62:../Core/Src/w25q.c **** 
 456              		.loc 1 62 7 is_stmt 0 view .LVU95
 457 0088 FFF7FEFF 		bl	HAL_UART_Transmit
 458              	.LVL32:
  64:../Core/Src/w25q.c ****     err = w25q_write_status_reg(device, reg, 2);
 459              		.loc 1 64 5 is_stmt 1 view .LVU96
  64:../Core/Src/w25q.c ****     err = w25q_write_status_reg(device, reg, 2);
 460              		.loc 1 64 9 is_stmt 0 view .LVU97
 461 008c 9DF80710 		ldrb	r1, [sp, #7]	@ zero_extendqisi2
 462 0090 41F00201 		orr	r1, r1, #2
 463 0094 8DF80710 		strb	r1, [sp, #7]
  65:../Core/Src/w25q.c ****     if (err != W25Q_ERR_OK) {
 464              		.loc 1 65 5 is_stmt 1 view .LVU98
  65:../Core/Src/w25q.c ****     if (err != W25Q_ERR_OK) {
 465              		.loc 1 65 11 is_stmt 0 view .LVU99
 466 0098 0222     		movs	r2, #2
 467 009a 2046     		mov	r0, r4
 468 009c FFF7FEFF 		bl	w25q_write_status_reg
 469              	.LVL33:
  66:../Core/Src/w25q.c ****       return err;
 470              		.loc 1 66 5 is_stmt 1 view .LVU100
  66:../Core/Src/w25q.c ****       return err;
 471              		.loc 1 66 8 is_stmt 0 view .LVU101
 472 00a0 0028     		cmp	r0, #0
 473 00a2 B5D1     		bne	.L15
  70:../Core/Src/w25q.c **** 
 474              		.loc 1 70 11 is_stmt 1 view .LVU102
 475 00a4 4FF0FF33 		mov	r3, #-1
 476 00a8 0F22     		movs	r2, #15
 477 00aa 0C49     		ldr	r1, .L22+20
 478 00ac 0748     		ldr	r0, .L22+4
 479              	.LVL34:
  70:../Core/Src/w25q.c **** 
 480              		.loc 1 70 11 is_stmt 0 view .LVU103
 481 00ae FFF7FEFF 		bl	HAL_UART_Transmit
 482              	.LVL35:
 483              	.L16:
  70:../Core/Src/w25q.c **** 
 484              		.loc 1 70 11 view .LVU104
 485              	.LBE2:
  74:../Core/Src/w25q.c **** 
 486              		.loc 1 74 3 is_stmt 1 view .LVU105
 487 00b2 4FF0FF33 		mov	r3, #-1
 488 00b6 0E22     		movs	r2, #14
 489 00b8 0949     		ldr	r1, .L22+24
 490 00ba 0448     		ldr	r0, .L22+4
 491 00bc FFF7FEFF 		bl	HAL_UART_Transmit
 492              	.LVL36:
  76:../Core/Src/w25q.c **** 
 493              		.loc 1 76 3 view .LVU106
  76:../Core/Src/w25q.c **** 
 494              		.loc 1 76 9 is_stmt 0 view .LVU107
 495 00c0 2046     		mov	r0, r4
 496 00c2 FFF7FEFF 		bl	w25q_update_status_struct
ARM GAS  /tmp/cc8DXcBh.s 			page 14


 497              	.LVL37:
  78:../Core/Src/w25q.c **** }
 498              		.loc 1 78 3 is_stmt 1 view .LVU108
  78:../Core/Src/w25q.c **** }
 499              		.loc 1 78 10 is_stmt 0 view .LVU109
 500 00c6 A3E7     		b	.L15
 501              	.L23:
 502              		.align	2
 503              	.L22:
 504 00c8 00000000 		.word	.LC0
 505 00cc 00000000 		.word	huart2
 506 00d0 0C000000 		.word	.LC1
 507 00d4 20000000 		.word	.LC2
 508 00d8 30000000 		.word	.LC3
 509 00dc 40000000 		.word	.LC4
 510 00e0 50000000 		.word	.LC5
 511              		.cfi_endproc
 512              	.LFE148:
 514              		.section	.text.w25q_read_raw,"ax",%progbits
 515              		.align	1
 516              		.weak	w25q_read_raw
 517              		.syntax unified
 518              		.thumb
 519              		.thumb_func
 520              		.fpu fpv5-d16
 522              	w25q_read_raw:
 523              	.LVL38:
 524              	.LFB158:
 160:../Core/Src/w25q.c **** 
 161:../Core/Src/w25q.c **** __attribute__((weak)) enum w25q_err w25q_read_raw(struct w25q_device *device,
 162:../Core/Src/w25q.c ****                                                   uint8_t *buf, uint32_t len,
 163:../Core/Src/w25q.c ****                                                   uint32_t addr) {
 525              		.loc 1 163 66 is_stmt 1 view -0
 526              		.cfi_startproc
 527              		@ args = 0, pretend = 0, frame = 0
 528              		@ frame_needed = 0, uses_anonymous_args = 0
 529              		@ link register save eliminated.
 164:../Core/Src/w25q.c ****   return W25Q_ERR_OK;
 530              		.loc 1 164 3 view .LVU111
 165:../Core/Src/w25q.c **** }
 531              		.loc 1 165 1 is_stmt 0 view .LVU112
 532 0000 0020     		movs	r0, #0
 533              	.LVL39:
 534              		.loc 1 165 1 view .LVU113
 535 0002 7047     		bx	lr
 536              		.cfi_endproc
 537              	.LFE158:
 539              		.section	.text.w25q_read_data,"ax",%progbits
 540              		.align	1
 541              		.global	w25q_read_data
 542              		.syntax unified
 543              		.thumb
 544              		.thumb_func
 545              		.fpu fpv5-d16
 547              	w25q_read_data:
 548              	.LVL40:
 549              	.LFB151:
ARM GAS  /tmp/cc8DXcBh.s 			page 15


 122:../Core/Src/w25q.c ****   if (page_num >= W25Q_PAGE_COUNT || len == 0 || len > 256 ||
 550              		.loc 1 122 49 is_stmt 1 view -0
 551              		.cfi_startproc
 552              		@ args = 4, pretend = 0, frame = 0
 553              		@ frame_needed = 0, uses_anonymous_args = 0
 122:../Core/Src/w25q.c ****   if (page_num >= W25Q_PAGE_COUNT || len == 0 || len > 256 ||
 554              		.loc 1 122 49 is_stmt 0 view .LVU115
 555 0000 10B5     		push	{r4, lr}
 556              	.LCFI11:
 557              		.cfi_def_cfa_offset 8
 558              		.cfi_offset 4, -8
 559              		.cfi_offset 14, -4
 560 0002 029C     		ldr	r4, [sp, #8]
 123:../Core/Src/w25q.c ****       page_offset > 256 - len) {
 561              		.loc 1 123 3 is_stmt 1 view .LVU116
 123:../Core/Src/w25q.c ****       page_offset > 256 - len) {
 562              		.loc 1 123 6 is_stmt 0 view .LVU117
 563 0004 002A     		cmp	r2, #0
 564 0006 18BF     		it	ne
 565 0008 B4F5804F 		cmpne	r4, #16384
 566 000c 0DD2     		bcs	.L27
 567 000e 9446     		mov	ip, r2
 123:../Core/Src/w25q.c ****       page_offset > 256 - len) {
 568              		.loc 1 123 47 discriminator 1 view .LVU118
 569 0010 B2F5807F 		cmp	r2, #256
 570 0014 0BD8     		bhi	.L28
 124:../Core/Src/w25q.c ****     return W25Q_ERR_PARAM;
 571              		.loc 1 124 25 discriminator 2 view .LVU119
 572 0016 C2F58072 		rsb	r2, r2, #256
 573              	.LVL41:
 123:../Core/Src/w25q.c ****       page_offset > 256 - len) {
 574              		.loc 1 123 60 discriminator 2 view .LVU120
 575 001a 9342     		cmp	r3, r2
 576 001c 09D8     		bhi	.L29
 128:../Core/Src/w25q.c ****   return w25q_read_raw(device, buf, len, raw_addr);
 577              		.loc 1 128 3 is_stmt 1 view .LVU121
 578              	.LVL42:
 129:../Core/Src/w25q.c **** }
 579              		.loc 1 129 3 view .LVU122
 129:../Core/Src/w25q.c **** }
 580              		.loc 1 129 10 is_stmt 0 view .LVU123
 581 001e 03EB0423 		add	r3, r3, r4, lsl #8
 582              	.LVL43:
 129:../Core/Src/w25q.c **** }
 583              		.loc 1 129 10 view .LVU124
 584 0022 6246     		mov	r2, ip
 585 0024 FFF7FEFF 		bl	w25q_read_raw
 586              	.LVL44:
 587              	.L26:
 130:../Core/Src/w25q.c **** 
 588              		.loc 1 130 1 view .LVU125
 589 0028 10BD     		pop	{r4, pc}
 590              	.LVL45:
 591              	.L27:
 125:../Core/Src/w25q.c ****   }
 592              		.loc 1 125 12 view .LVU126
 593 002a 0220     		movs	r0, #2
ARM GAS  /tmp/cc8DXcBh.s 			page 16


 594              	.LVL46:
 125:../Core/Src/w25q.c ****   }
 595              		.loc 1 125 12 view .LVU127
 596 002c FCE7     		b	.L26
 597              	.LVL47:
 598              	.L28:
 125:../Core/Src/w25q.c ****   }
 599              		.loc 1 125 12 view .LVU128
 600 002e 0220     		movs	r0, #2
 601              	.LVL48:
 125:../Core/Src/w25q.c ****   }
 602              		.loc 1 125 12 view .LVU129
 603 0030 FAE7     		b	.L26
 604              	.LVL49:
 605              	.L29:
 125:../Core/Src/w25q.c ****   }
 606              		.loc 1 125 12 view .LVU130
 607 0032 0220     		movs	r0, #2
 608              	.LVL50:
 125:../Core/Src/w25q.c ****   }
 609              		.loc 1 125 12 view .LVU131
 610 0034 F8E7     		b	.L26
 611              		.cfi_endproc
 612              	.LFE151:
 614              		.section	.text.w25q_write_raw,"ax",%progbits
 615              		.align	1
 616              		.weak	w25q_write_raw
 617              		.syntax unified
 618              		.thumb
 619              		.thumb_func
 620              		.fpu fpv5-d16
 622              	w25q_write_raw:
 623              	.LVL51:
 624              	.LFB159:
 166:../Core/Src/w25q.c **** 
 167:../Core/Src/w25q.c **** __attribute__((weak)) enum w25q_err w25q_write_raw(struct w25q_device *device,
 168:../Core/Src/w25q.c ****                                                    uint8_t *buf, uint32_t len,
 169:../Core/Src/w25q.c ****                                                    uint32_t addr) {
 625              		.loc 1 169 67 is_stmt 1 view -0
 626              		.cfi_startproc
 627              		@ args = 0, pretend = 0, frame = 0
 628              		@ frame_needed = 0, uses_anonymous_args = 0
 629              		@ link register save eliminated.
 170:../Core/Src/w25q.c ****   return W25Q_ERR_OK;
 630              		.loc 1 170 3 view .LVU133
 171:../Core/Src/w25q.c **** }
 631              		.loc 1 171 1 is_stmt 0 view .LVU134
 632 0000 0020     		movs	r0, #0
 633              	.LVL52:
 634              		.loc 1 171 1 view .LVU135
 635 0002 7047     		bx	lr
 636              		.cfi_endproc
 637              	.LFE159:
 639              		.section	.text.w25q_erase_sector,"ax",%progbits
 640              		.align	1
 641              		.weak	w25q_erase_sector
 642              		.syntax unified
ARM GAS  /tmp/cc8DXcBh.s 			page 17


 643              		.thumb
 644              		.thumb_func
 645              		.fpu fpv5-d16
 647              	w25q_erase_sector:
 648              	.LVL53:
 649              	.LFB160:
 172:../Core/Src/w25q.c **** 
 173:../Core/Src/w25q.c **** __attribute__((weak)) enum w25q_err
 174:../Core/Src/w25q.c **** w25q_erase_sector(struct w25q_device *device, uint32_t sector_addr) {
 650              		.loc 1 174 69 is_stmt 1 view -0
 651              		.cfi_startproc
 652              		@ args = 0, pretend = 0, frame = 0
 653              		@ frame_needed = 0, uses_anonymous_args = 0
 654              		@ link register save eliminated.
 175:../Core/Src/w25q.c ****   return W25Q_ERR_OK;
 655              		.loc 1 175 3 view .LVU137
 176:../Core/Src/w25q.c **** }
 656              		.loc 1 176 1 is_stmt 0 view .LVU138
 657 0000 0020     		movs	r0, #0
 658              	.LVL54:
 659              		.loc 1 176 1 view .LVU139
 660 0002 7047     		bx	lr
 661              		.cfi_endproc
 662              	.LFE160:
 664              		.section	.text.w25q_erase_block,"ax",%progbits
 665              		.align	1
 666              		.weak	w25q_erase_block
 667              		.syntax unified
 668              		.thumb
 669              		.thumb_func
 670              		.fpu fpv5-d16
 672              	w25q_erase_block:
 673              	.LVL55:
 674              	.LFB161:
 177:../Core/Src/w25q.c **** 
 178:../Core/Src/w25q.c **** __attribute__((weak)) enum w25q_err w25q_erase_block(struct w25q_device *device,
 179:../Core/Src/w25q.c ****                                                      uint32_t block_addr,
 180:../Core/Src/w25q.c ****                                                      uint8_t size) {
 675              		.loc 1 180 68 is_stmt 1 view -0
 676              		.cfi_startproc
 677              		@ args = 0, pretend = 0, frame = 0
 678              		@ frame_needed = 0, uses_anonymous_args = 0
 679              		@ link register save eliminated.
 181:../Core/Src/w25q.c ****   return W25Q_ERR_OK;
 680              		.loc 1 181 3 view .LVU141
 182:../Core/Src/w25q.c **** }
 681              		.loc 1 182 1 is_stmt 0 view .LVU142
 682 0000 0020     		movs	r0, #0
 683              	.LVL56:
 684              		.loc 1 182 1 view .LVU143
 685 0002 7047     		bx	lr
 686              		.cfi_endproc
 687              	.LFE161:
 689              		.section	.text.w25q_erase_chip,"ax",%progbits
 690              		.align	1
 691              		.weak	w25q_erase_chip
 692              		.syntax unified
ARM GAS  /tmp/cc8DXcBh.s 			page 18


 693              		.thumb
 694              		.thumb_func
 695              		.fpu fpv5-d16
 697              	w25q_erase_chip:
 698              	.LVL57:
 699              	.LFB162:
 183:../Core/Src/w25q.c **** 
 184:../Core/Src/w25q.c **** __attribute__((weak)) enum w25q_err
 185:../Core/Src/w25q.c **** w25q_erase_chip(struct w25q_device *device) {
 700              		.loc 1 185 45 is_stmt 1 view -0
 701              		.cfi_startproc
 702              		@ args = 0, pretend = 0, frame = 0
 703              		@ frame_needed = 0, uses_anonymous_args = 0
 704              		@ link register save eliminated.
 186:../Core/Src/w25q.c ****   return W25Q_ERR_OK;
 705              		.loc 1 186 3 view .LVU145
 187:../Core/Src/w25q.c **** }
 706              		.loc 1 187 1 is_stmt 0 view .LVU146
 707 0000 0020     		movs	r0, #0
 708              	.LVL58:
 709              		.loc 1 187 1 view .LVU147
 710 0002 7047     		bx	lr
 711              		.cfi_endproc
 712              	.LFE162:
 714              		.section	.text.w25q_reset,"ax",%progbits
 715              		.align	1
 716              		.weak	w25q_reset
 717              		.syntax unified
 718              		.thumb
 719              		.thumb_func
 720              		.fpu fpv5-d16
 722              	w25q_reset:
 723              	.LVL59:
 724              	.LFB163:
 188:../Core/Src/w25q.c **** 
 189:../Core/Src/w25q.c **** __attribute__((weak)) enum w25q_err w25q_reset(struct w25q_device *device) {
 725              		.loc 1 189 76 is_stmt 1 view -0
 726              		.cfi_startproc
 727              		@ args = 0, pretend = 0, frame = 0
 728              		@ frame_needed = 0, uses_anonymous_args = 0
 729              		@ link register save eliminated.
 190:../Core/Src/w25q.c ****   return W25Q_ERR_OK;
 730              		.loc 1 190 3 view .LVU149
 191:../Core/Src/w25q.c **** }...
 731              		.loc 1 191 1 is_stmt 0 view .LVU150
 732 0000 0020     		movs	r0, #0
 733              	.LVL60:
 734              		.loc 1 191 1 view .LVU151
 735 0002 7047     		bx	lr
 736              		.cfi_endproc
 737              	.LFE163:
 739              		.text
 740              	.Letext0:
 741              		.file 2 "/usr/lib/gcc/arm-none-eabi/10.3.1/include/stdint.h"
 742              		.file 3 "Drivers/CMSIS/Device/ST/STM32H7xx/Include/stm32h725xx.h"
 743              		.file 4 "Drivers/STM32H7xx_HAL_Driver/Inc/stm32h7xx_hal_def.h"
 744              		.file 5 "Drivers/STM32H7xx_HAL_Driver/Inc/stm32h7xx_hal_dma.h"
ARM GAS  /tmp/cc8DXcBh.s 			page 19


 745              		.file 6 "Drivers/STM32H7xx_HAL_Driver/Inc/stm32h7xx_hal_uart.h"
 746              		.file 7 "../Core/Include/w25q.h"
 747              		.file 8 "../Core/Include/globals.h"
 748              		.file 9 "/usr/include/newlib/string.h"
 749              		.file 10 "<built-in>"
ARM GAS  /tmp/cc8DXcBh.s 			page 20


DEFINED SYMBOLS
                            *ABS*:0000000000000000 w25q.c
     /tmp/cc8DXcBh.s:17     .text.w25q_delay:0000000000000000 $t
     /tmp/cc8DXcBh.s:25     .text.w25q_delay:0000000000000000 w25q_delay
     /tmp/cc8DXcBh.s:41     .text.w25q_read_id:0000000000000000 $t
     /tmp/cc8DXcBh.s:48     .text.w25q_read_id:0000000000000000 w25q_read_id
     /tmp/cc8DXcBh.s:66     .text.w25q_write_enable:0000000000000000 $t
     /tmp/cc8DXcBh.s:73     .text.w25q_write_enable:0000000000000000 w25q_write_enable
     /tmp/cc8DXcBh.s:91     .text.w25q_enter_4_byte_mode:0000000000000000 $t
     /tmp/cc8DXcBh.s:98     .text.w25q_enter_4_byte_mode:0000000000000000 w25q_enter_4_byte_mode
     /tmp/cc8DXcBh.s:116    .text.w25q_read_status_reg:0000000000000000 $t
     /tmp/cc8DXcBh.s:123    .text.w25q_read_status_reg:0000000000000000 w25q_read_status_reg
     /tmp/cc8DXcBh.s:141    .text.w25q_update_status_struct:0000000000000000 $t
     /tmp/cc8DXcBh.s:148    .text.w25q_update_status_struct:0000000000000000 w25q_update_status_struct
     /tmp/cc8DXcBh.s:224    .text.w25q_is_busy:0000000000000000 $t
     /tmp/cc8DXcBh.s:231    .text.w25q_is_busy:0000000000000000 w25q_is_busy
     /tmp/cc8DXcBh.s:287    .text.w25q_write_status_reg:0000000000000000 $t
     /tmp/cc8DXcBh.s:294    .text.w25q_write_status_reg:0000000000000000 w25q_write_status_reg
     /tmp/cc8DXcBh.s:312    .rodata.w25q_init.str1.4:0000000000000000 $d
     /tmp/cc8DXcBh.s:331    .text.w25q_init:0000000000000000 $t
     /tmp/cc8DXcBh.s:338    .text.w25q_init:0000000000000000 w25q_init
     /tmp/cc8DXcBh.s:504    .text.w25q_init:00000000000000c8 $d
     /tmp/cc8DXcBh.s:515    .text.w25q_read_raw:0000000000000000 $t
     /tmp/cc8DXcBh.s:522    .text.w25q_read_raw:0000000000000000 w25q_read_raw
     /tmp/cc8DXcBh.s:540    .text.w25q_read_data:0000000000000000 $t
     /tmp/cc8DXcBh.s:547    .text.w25q_read_data:0000000000000000 w25q_read_data
     /tmp/cc8DXcBh.s:615    .text.w25q_write_raw:0000000000000000 $t
     /tmp/cc8DXcBh.s:622    .text.w25q_write_raw:0000000000000000 w25q_write_raw
     /tmp/cc8DXcBh.s:640    .text.w25q_erase_sector:0000000000000000 $t
     /tmp/cc8DXcBh.s:647    .text.w25q_erase_sector:0000000000000000 w25q_erase_sector
     /tmp/cc8DXcBh.s:665    .text.w25q_erase_block:0000000000000000 $t
     /tmp/cc8DXcBh.s:672    .text.w25q_erase_block:0000000000000000 w25q_erase_block
     /tmp/cc8DXcBh.s:690    .text.w25q_erase_chip:0000000000000000 $t
     /tmp/cc8DXcBh.s:697    .text.w25q_erase_chip:0000000000000000 w25q_erase_chip
     /tmp/cc8DXcBh.s:715    .text.w25q_reset:0000000000000000 $t
     /tmp/cc8DXcBh.s:722    .text.w25q_reset:0000000000000000 w25q_reset

UNDEFINED SYMBOLS
sprintf
strlen
HAL_UART_Transmit
huart2
